<?xml version="1.0" encoding="UTF-8" ?>
<testsuite errors="0" failures="5" name="com.bea.sipservlet.tck.agents.spec.ApplicationRouterTest" tests="5" time="194.0">
  <properties>
    <property name="java.vendor" value="Oracle Corporation" />
    <property name="env.SIPUNIT_LIB" value="/Users/andrew/Documents/reference/sip/sipservlet-1_1-tck/tck/../sipunit/lib" />
    <property name="env.SIGNATURE_FILE_NAME" value="/Users/andrew/Documents/reference/sip/sipservlet-1_1-tck/tck/bin/jsr289_api.sig" />
    <property name="sun.java.launcher" value="SUN_STANDARD" />
    <property name="env.TCK_LIB" value="/Users/andrew/Documents/reference/sip/sipservlet-1_1-tck/tck/../tck/lib" />
    <property name="sun.management.compiler" value="HotSpot 64-Bit Tiered Compilers" />
    <property name="spec.report" value="/Users/andrew/Documents/reference/sip/sipservlet-1_1-tck/tck/report/spec_report" />
    <property name="lib" value="/Users/andrew/Documents/reference/sip/sipservlet-1_1-tck/tck/lib" />
    <property name="env.TCK_DIRECTORY" value="/Users/andrew/Documents/reference/sip/sipservlet-1_1-tck/tck" />
    <property name="os.name" value="Mac OS X" />
    <property name="sun.boot.class.path" value="/Library/Java/JavaVirtualMachines/jdk1.7.0_10.jdk/Contents/Home/jre/lib/resources.jar:/Library/Java/JavaVirtualMachines/jdk1.7.0_10.jdk/Contents/Home/jre/lib/rt.jar:/Library/Java/JavaVirtualMachines/jdk1.7.0_10.jdk/Contents/Home/jre/lib/sunrsasign.jar:/Library/Java/JavaVirtualMachines/jdk1.7.0_10.jdk/Contents/Home/jre/lib/jsse.jar:/Library/Java/JavaVirtualMachines/jdk1.7.0_10.jdk/Contents/Home/jre/lib/jce.jar:/Library/Java/JavaVirtualMachines/jdk1.7.0_10.jdk/Contents/Home/jre/lib/charsets.jar:/Library/Java/JavaVirtualMachines/jdk1.7.0_10.jdk/Contents/Home/jre/lib/jfr.jar:/Library/Java/JavaVirtualMachines/jdk1.7.0_10.jdk/Contents/Home/jre/lib/JObjC.jar:/Library/Java/JavaVirtualMachines/jdk1.7.0_10.jdk/Contents/Home/jre/classes" />
    <property name="env.TMPDIR" value="/var/folders/qt/j9kz_nw12bqfytwz9kfyjvq00000gn/T/" />
    <property name="env.Apple_Ubiquity_Message" value="/tmp/launch-eKCEt5/Apple_Ubiquity_Message" />
    <property name="env.SIPUNIT_DIRECTORY" value="/Users/andrew/Documents/reference/sip/sipservlet-1_1-tck/sipunit" />
    <property name="env.PWD" value="/Users/andrew/Documents/reference/sip/sipservlet-1_1-tck/tck" />
    <property name="user.country.format" value="GB" />
    <property name="report" value="/Users/andrew/Documents/reference/sip/sipservlet-1_1-tck/tck/report" />
    <property name="env.LANG" value="en_GB.UTF-8" />
    <property name="signature.report" value="/Users/andrew/Documents/reference/sip/sipservlet-1_1-tck/tck/report/sig_report" />
    <property name="java.vm.specification.vendor" value="Oracle Corporation" />
    <property name="ant.home" value="/usr/share/ant" />
    <property name="java.runtime.version" value="1.7.0_10-ea-b09" />
    <property name="env.TCK_HOME" value="/Users/andrew/Documents/reference/sip/sipservlet-1_1-tck/tck/../tck" />
    <property name="env.Apple_PubSub_Socket_Render" value="/tmp/launch-koMd4z/Render" />
    <property name="approuter.src" value="com/bea/sipservlet/tck/ar" />
    <property name="user.name" value="andrew" />
    <property name="env.USER" value="andrew" />
    <property name="env.SHELL" value="/bin/bash" />
    <property name="env.__CF_USER_TEXT_ENCODING" value="0x1F5:0:0" />
    <property name="env.PATH" value="/Library/Java/JavaVirtualMachines/jdk1.7.0_10.jdk/Contents/Home/jre/bin:/usr/share/ant/bin:/usr/bin:/bin:/usr/sbin:/sbin:/usr/local/bin" />
    <property name="user.language" value="en" />
    <property name="build" value="/Users/andrew/Documents/reference/sip/sipservlet-1_1-tck/tck/build" />
    <property name="sun.boot.library.path" value="/Library/Java/JavaVirtualMachines/jdk1.7.0_10.jdk/Contents/Home/jre/lib" />
    <property name="ant.project.default-target" value="usage" />
    <property name="ant.project.name" value="SIP Servlet 1.1 API Technology Compatibility Kit (TCK)" />
    <property name="env.REPORT_HOME" value="/Users/andrew/Documents/reference/sip/sipservlet-1_1-tck/tck/../tck/report" />
    <property name="java.version" value="1.7.0_10-ea" />
    <property name="classes" value="/Users/andrew/Documents/reference/sip/sipservlet-1_1-tck/tck/build/classes" />
    <property name="user.timezone" value="" />
    <property name="apiapp.dir" value="/Users/andrew/Documents/reference/sip/sipservlet-1_1-tck/tck/applications/apitestapp" />
    <property name="tck.zip" value="../sipservlet-1_1-tck.zip" />
    <property name="sun.arch.data.model" value="64" />
    <property name="log4j" value="/Users/andrew/Documents/reference/sip/sipservlet-1_1-tck/tck/conf/log4j.properties" />
    <property name="http.nonProxyHosts" value="local|*.local|169.254/16|*.169.254/16" />
    <property name="java.endorsed.dirs" value="/Library/Java/JavaVirtualMachines/jdk1.7.0_10.jdk/Contents/Home/jre/lib/endorsed" />
    <property name="signaturefile" value="jsr289_api.sig" />
    <property name="sun.cpu.isalist" value="" />
    <property name="sun.jnu.encoding" value="UTF-8" />
    <property name="file.encoding.pkg" value="sun.io" />
    <property name="env.SHLVL" value="2" />
    <property name="file.separator" value="/" />
    <property name="java.specification.name" value="Java Platform API Specification" />
    <property name="java.class.version" value="51.0" />
    <property name="src" value="/Users/andrew/Documents/reference/sip/sipservlet-1_1-tck/tck/src" />
    <property name="sipunit.dir" value="../sipunit" />
    <property name="ar.build" value="/Users/andrew/Documents/reference/sip/sipservlet-1_1-tck/tck/build/ar-build" />
    <property name="user.country" value="US" />
    <property name="java.home" value="/Library/Java/JavaVirtualMachines/jdk1.7.0_10.jdk/Contents/Home/jre" />
    <property name="dist.dir" value="/Users/andrew/Documents/reference/sip/sipservlet-1_1-tck/tck/dist" />
    <property name="java.vm.info" value="mixed mode" />
    <property name="env.LOGNAME" value="andrew" />
    <property name="ant.file" value="/Users/andrew/Documents/reference/sip/sipservlet-1_1-tck/tck/build.xml" />
    <property name="os.version" value="10.8.2" />
    <property name="env.JAVA_MAIN_CLASS_35959" value="org.apache.tools.ant.launch.Launcher" />
    <property name="env.TERM_PROGRAM_VERSION" value="309" />
    <property name="path.separator" value=":" />
    <property name="java.vm.version" value="23.6-b03" />
    <property name="ant.library.dir" value="/usr/share/ant/lib" />
    <property name="env.SIPUNIT_HOME" value="/Users/andrew/Documents/reference/sip/sipservlet-1_1-tck/tck/../sipunit" />
    <property name="env.JAVA_HOME" value="/Library/Java/JavaVirtualMachines/jdk1.7.0_10.jdk/Contents/Home" />
    <property name="env.TERM" value="xterm-256color" />
    <property name="env.SIGTEST_LIB" value="/Users/andrew/Documents/reference/sip/sipservlet-1_1-tck/tck/../tck/lib/sigtest.jar" />
    <property name="java.awt.printerjob" value="sun.lwawt.macosx.CPrinterJob" />
    <property name="env.SIGCONFIG" value="/Users/andrew/Documents/reference/sip/sipservlet-1_1-tck/tck/conf/signature.properties" />
    <property name="sun.io.unicode.encoding" value="UnicodeBig" />
    <property name="ant.file.SIP Servlet 1.1 API Technology Compatibility Kit (TCK)" value="/Users/andrew/Documents/reference/sip/sipservlet-1_1-tck/tck/build.xml" />
    <property name="awt.toolkit" value="sun.lwawt.macosx.LWCToolkit" />
    <property name="socksNonProxyHosts" value="local|*.local|169.254/16|*.169.254/16" />
    <property name="ftp.nonProxyHosts" value="local|*.local|169.254/16|*.169.254/16" />
    <property name="env.APIJAR" value="/Users/andrew/Documents/reference/sip/sipservlet-1_1-tck/tck/../tck/lib/servlet-2_5-api.jar:/Users/andrew/Documents/reference/sip/sipservlet-1_1-tck/tck/../tck/lib/sipservlet-1_1-api.jar" />
    <property name="user.home" value="/Users/andrew" />
    <property name="java.specification.vendor" value="Oracle Corporation" />
    <property name="env.CLASSPATH" value="/Library/Java/JavaVirtualMachines/jdk1.7.0_10.jdk/Contents/Home/lib/tools.jar:/Users/andrew/Documents/reference/sip/sipservlet-1_1-tck/tck/../tck/lib/tck-junit.jar:/Users/andrew/Documents/reference/sip/sipservlet-1_1-tck/tck/../sipunit/lib/junit.jar:/Users/andrew/Documents/reference/sip/sipservlet-1_1-tck/tck/../tck/lib/sigtest.jar:/Users/andrew/Documents/reference/sip/sipservlet-1_1-tck/tck/../tck/conf" />
    <property name="env.TERM_PROGRAM" value="Apple_Terminal" />
    <property name="env.TCKJUNIT_LIB" value="/Users/andrew/Documents/reference/sip/sipservlet-1_1-tck/tck/../tck/lib/tck-junit.jar" />
    <property name="java.library.path" value="/Users/andrew/Library/Java/Extensions:/Library/Java/Extensions:/Network/Library/Java/Extensions:/System/Library/Java/Extensions:/usr/lib/java:." />
    <property name="java.vendor.url" value="http://java.oracle.com/" />
    <property name="java.vm.vendor" value="Oracle Corporation" />
    <property name="gopherProxySet" value="false" />
    <property name="java.runtime.name" value="Java(TM) SE Runtime Environment" />
    <property name="ant.version" value="Apache Ant(TM) version 1.8.2 compiled on June 20 2012" />
    <property name="java.class.path" value="/Users/andrew/Documents/reference/sip/sipservlet-1_1-tck/tck/lib/ant-contrib-1.0b3.jar:/Users/andrew/Documents/reference/sip/sipservlet-1_1-tck/tck/lib/javax.annotation_1.0.jar:/Users/andrew/Documents/reference/sip/sipservlet-1_1-tck/tck/lib/servlet-2_5-api.jar:/Users/andrew/Documents/reference/sip/sipservlet-1_1-tck/tck/lib/sigtest.jar:/Users/andrew/Documents/reference/sip/sipservlet-1_1-tck/tck/lib/sipservlet-1_1-api.jar:/Users/andrew/Documents/reference/sip/sipservlet-1_1-tck/tck/lib/sipunit.jar:/Users/andrew/Documents/reference/sip/sipservlet-1_1-tck/tck/lib/tck-junit.jar:/Users/andrew/Documents/reference/sip/sipservlet-1_1-tck/sipunit/lib/JainSipApi1.2.jar:/Users/andrew/Documents/reference/sip/sipservlet-1_1-tck/sipunit/lib/JainSipRi1.2.jar:/Users/andrew/Documents/reference/sip/sipservlet-1_1-tck/sipunit/lib/concurrent.jar:/Users/andrew/Documents/reference/sip/sipservlet-1_1-tck/sipunit/lib/dom.jar:/Users/andrew/Documents/reference/sip/sipservlet-1_1-tck/sipunit/lib/jax-qname.jar:/Users/andrew/Documents/reference/sip/sipservlet-1_1-tck/sipunit/lib/jaxb-api.jar:/Users/andrew/Documents/reference/sip/sipservlet-1_1-tck/sipunit/lib/jaxb-impl.jar:/Users/andrew/Documents/reference/sip/sipservlet-1_1-tck/sipunit/lib/jaxb-libs.jar:/Users/andrew/Documents/reference/sip/sipservlet-1_1-tck/sipunit/lib/junit.jar:/Users/andrew/Documents/reference/sip/sipservlet-1_1-tck/sipunit/lib/log4j-1.2.8.jar:/Users/andrew/Documents/reference/sip/sipservlet-1_1-tck/sipunit/lib/namespace.jar:/Users/andrew/Documents/reference/sip/sipservlet-1_1-tck/sipunit/lib/nist-sdp-1.0.jar:/Users/andrew/Documents/reference/sip/sipservlet-1_1-tck/sipunit/lib/relaxngDatatype.jar:/Users/andrew/Documents/reference/sip/sipservlet-1_1-tck/sipunit/lib/tracesviewer.jar:/Users/andrew/Documents/reference/sip/sipservlet-1_1-tck/sipunit/lib/xalan.jar:/Users/andrew/Documents/reference/sip/sipservlet-1_1-tck/sipunit/lib/xercesImpl.jar:/Users/andrew/Documents/reference/sip/sipservlet-1_1-tck/sipunit/lib/xsdlib.jar:/Users/andrew/Documents/reference/sip/sipservlet-1_1-tck/tck/build/classes:/Library/Java/JavaVirtualMachines/jdk1.7.0_10.jdk/Contents/Home/lib/tools.jar:/Users/andrew/Documents/reference/sip/sipservlet-1_1-tck/tck/conf:/usr/share/java/ant-1.8.2/lib/ant-launcher.jar:/usr/share/ant/lib/ant.jar:/usr/share/ant/lib/ant-junit.jar" />
    <property name="sun.java.command" value="com.bea.wcp.ant.ext.junit.TckJUnitTestRunner com.bea.sipservlet.tck.agents.spec.ApplicationRouterTest filtertrace=true haltOnError=false haltOnFailure=false formatter=org.apache.tools.ant.taskdefs.optional.junit.SummaryJUnitResultFormatter showoutput=false formatter=com.bea.wcp.ant.ext.junit.TckXMLFormatter,/Users/andrew/Documents/reference/sip/sipservlet-1_1-tck/tck/report/spec_report/TEST-com.bea.sipservlet.tck.agents.spec.ApplicationRouterTest.xml propsfile=/Users/andrew/Documents/reference/sip/sipservlet-1_1-tck/tck/junit597160614.properties" />
    <property name="env.TERM_SESSION_ID" value="4060C741-639F-4B29-A7CA-1E6852E6416F" />
    <property name="env.JSR289TCK_HOME" value="/Users/andrew/Documents/reference/sip/sipservlet-1_1-tck/tck/.." />
    <property name="env.JBOSS_HOME" value="/opt/jboss-as-7.1.1.Final" />
    <property name="signature.property" value="/Users/andrew/Documents/reference/sip/sipservlet-1_1-tck/tck/conf/signature.properties" />
    <property name="jsr289.dir" value=".." />
    <property name="api.report" value="/Users/andrew/Documents/reference/sip/sipservlet-1_1-tck/tck/report/api_report" />
    <property name="java.vm.specification.name" value="Java Virtual Machine Specification" />
    <property name="ant.file.type" value="file" />
    <property name="conf" value="/Users/andrew/Documents/reference/sip/sipservlet-1_1-tck/tck/conf" />
    <property name="java.vm.specification.version" value="1.7" />
    <property name="sun.os.patch.level" value="unknown" />
    <property name="sun.cpu.endian" value="little" />
    <property name="env.HOME" value="/Users/andrew" />
    <property name="env.ANT_HOME" value="/usr/share/ant" />
    <property name="java.io.tmpdir" value="/var/folders/qt/j9kz_nw12bqfytwz9kfyjvq00000gn/T/" />
    <property name="java.vendor.url.bug" value="http://bugreport.sun.com/bugreport/" />
    <property name="env.SSH_AUTH_SOCK" value="/tmp/launch-VEOujx/Listeners" />
    <property name="signature.report.filename" value="jsr289SignatureReport.txt" />
    <property name="env.COMMAND_MODE" value="unix2003" />
    <property name="applications.src.dir" value="/Users/andrew/Documents/reference/sip/sipservlet-1_1-tck/tck/applications/spectestapps/ar-continue,/Users/andrew/Documents/reference/sip/sipservlet-1_1-tck/tck/applications/spectestapps/ar-internalroutemodifier,/Users/andrew/Documents/reference/sip/sipservlet-1_1-tck/tck/applications/spectestapps/ar-reverse,/Users/andrew/Documents/reference/sip/sipservlet-1_1-tck/tck/applications/spectestapps/ar-suburiregion,/Users/andrew/Documents/reference/sip/sipservlet-1_1-tck/tck/applications/spectestapps/ar-success,/Users/andrew/Documents/reference/sip/sipservlet-1_1-tck/tck/applications/spectestapps/uas,/Users/andrew/Documents/reference/sip/sipservlet-1_1-tck/tck/applications/spectestapps/uac,/Users/andrew/Documents/reference/sip/sipservlet-1_1-tck/tck/applications/spectestapps/b2bua,/Users/andrew/Documents/reference/sip/sipservlet-1_1-tck/tck/applications/spectestapps/proxy" />
    <property name="java.awt.graphicsenv" value="sun.awt.CGraphicsEnvironment" />
    <property name="os.arch" value="x86_64" />
    <property name="java.ext.dirs" value="/Users/andrew/Library/Java/Extensions:/Library/Java/JavaVirtualMachines/jdk1.7.0_10.jdk/Contents/Home/jre/lib/ext:/Library/Java/Extensions:/Network/Library/Java/Extensions:/System/Library/Java/Extensions:/usr/lib/java" />
    <property name="ar.appname" value="/Users/andrew/Documents/reference/sip/sipservlet-1_1-tck/tck/dist/tck-approuter.jar" />
    <property name="applications.dir" value="/Users/andrew/Documents/reference/sip/sipservlet-1_1-tck/tck/applications" />
    <property name="user.dir" value="/Users/andrew/Documents/reference/sip/sipservlet-1_1-tck/tck" />
    <property name="line.separator" value="&#xa;" />
    <property name="java.vm.name" value="Java HotSpot(TM) 64-Bit Server VM" />
    <property name="ant.file.type.SIP Servlet 1.1 API Technology Compatibility Kit (TCK)" value="file" />
    <property name="basedir" value="/Users/andrew/Documents/reference/sip/sipservlet-1_1-tck/tck" />
    <property name="ant.java.version" value="1.7" />
    <property name="ant.core.lib" value="/usr/share/ant/lib/ant.jar" />
    <property name="env.SIGNATURE_REPORT_NAME" value="jsr289SignatureReport.txt" />
    <property name="file.encoding" value="UTF-8" />
    <property name="env.SIGREPORT_HOME" value="/Users/andrew/Documents/reference/sip/sipservlet-1_1-tck/tck/../tck/report/sig_report" />
    <property name="env.JUNIT_LIB" value="/Users/andrew/Documents/reference/sip/sipservlet-1_1-tck/tck/../sipunit/lib/junit.jar" />
    <property name="java.specification.version" value="1.7" />
    <property name="env.REFERENCE_JAR" value="/Users/andrew/Documents/reference/sip/sipservlet-1_1-tck/tck/lib/sigtest.jar" />
    <property name="tck.earname" value="/Users/andrew/Documents/reference/sip/sipservlet-1_1-tck/tck/dist/tck-apps.ear" />
    <property name="ant.project.invoked-targets" value="run-spec-tests" />
  </properties>
  <testcase assertions="[SipServlet:SPEC:AppRouter5] - Route Header: getRouteModifier() = ROUTE&#xa;* If the first returned route is internal then the container MUST make it available to the applications via the SipServletRequest.getPoppedRoute() method and ignore the remaining ones." classname="com.bea.sipservlet.tck.agents.spec.ApplicationRouterTest" name="testApplicationRouterCase5" time="53.534">
    <failure message="sipCall response/INVITE not received correctly - Timeout Occurred: The maximum amount of time to wait for a response message has elapsed." type="junit.framework.AssertionFailedError">junit.framework.AssertionFailedError: sipCall response/INVITE not received correctly - Timeout Occurred: The maximum amount of time to wait for a response message has elapsed.
	at org.cafesip.sipunit.SipTestCase.assertLastOperationSuccess(SipTestCase.java:241)
	at com.bea.sipservlet.tck.agents.spec.ApplicationRouterTest.applicationRouterCase(ApplicationRouterTest.java:165)
	at com.bea.sipservlet.tck.agents.spec.ApplicationRouterTest.testApplicationRouterCase5(ApplicationRouterTest.java:95)
	at com.bea.wcp.ant.ext.junit.TestHandler.runTest(TestHandler.java:73)
	at com.bea.wcp.ant.ext.junit.TestHandler.run(TestHandler.java:58)
	at com.bea.wcp.ant.ext.junit.TestHandler.invoke(TestHandler.java:34)
	at $Proxy0.run(Unknown Source)
	at com.bea.wcp.ant.ext.junit.TestProxy.run(TestProxy.java:24)
	at com.bea.wcp.ant.ext.junit.TckJUnitTestRunner.run(TckJUnitTestRunner.java:272)
	at com.bea.wcp.ant.ext.junit.TckJUnitTestRunner.launch(TckJUnitTestRunner.java:647)
	at com.bea.wcp.ant.ext.junit.TckJUnitTestRunner.main(TckJUnitTestRunner.java:542)
</failure>
  </testcase>
  <testcase assertions="[SipServlet:SPEC:AppRouter1] - Container shall keep route-info and region and then send back to router for each request, for directive is CONTINUE / REVERSE." classname="com.bea.sipservlet.tck.agents.spec.ApplicationRouterTest" name="testApplicationRouterCase1" time="35.055">
    <failure message="sipCall response/INVITE not received correctly - Timeout Occurred: A Timeout Event was received" type="junit.framework.AssertionFailedError">junit.framework.AssertionFailedError: sipCall response/INVITE not received correctly - Timeout Occurred: A Timeout Event was received
	at org.cafesip.sipunit.SipTestCase.assertLastOperationSuccess(SipTestCase.java:241)
	at com.bea.sipservlet.tck.agents.spec.ApplicationRouterTest.applicationRouterCase(ApplicationRouterTest.java:165)
	at com.bea.sipservlet.tck.agents.spec.ApplicationRouterTest.testApplicationRouterCase1(ApplicationRouterTest.java:36)
	at com.bea.wcp.ant.ext.junit.TestHandler.runTest(TestHandler.java:73)
	at com.bea.wcp.ant.ext.junit.TestHandler.run(TestHandler.java:58)
	at com.bea.wcp.ant.ext.junit.TestHandler.invoke(TestHandler.java:34)
	at $Proxy0.run(Unknown Source)
	at com.bea.wcp.ant.ext.junit.TestProxy.run(TestProxy.java:24)
	at com.bea.wcp.ant.ext.junit.TckJUnitTestRunner.run(TckJUnitTestRunner.java:272)
	at com.bea.wcp.ant.ext.junit.TckJUnitTestRunner.launch(TckJUnitTestRunner.java:647)
	at com.bea.wcp.ant.ext.junit.TckJUnitTestRunner.main(TckJUnitTestRunner.java:542)
</failure>
  </testcase>
  <testcase assertions="[SipServlet:SPEC:AppRouter4] - Subscriber Identity and Routing Region in application are accessiable and identical with application router returned value&#xa;SipSession.getSubscriberURI()&#xa;SipSesision.getRegion()" classname="com.bea.sipservlet.tck.agents.spec.ApplicationRouterTest" name="testApplicationRouterCase4" time="35.055">
    <failure message="sipCall response/INVITE not received correctly - Timeout Occurred: A Timeout Event was received" type="junit.framework.AssertionFailedError">junit.framework.AssertionFailedError: sipCall response/INVITE not received correctly - Timeout Occurred: A Timeout Event was received
	at org.cafesip.sipunit.SipTestCase.assertLastOperationSuccess(SipTestCase.java:241)
	at com.bea.sipservlet.tck.agents.spec.ApplicationRouterTest.applicationRouterCase(ApplicationRouterTest.java:165)
	at com.bea.sipservlet.tck.agents.spec.ApplicationRouterTest.testApplicationRouterCase4(ApplicationRouterTest.java:80)
	at com.bea.wcp.ant.ext.junit.TestHandler.runTest(TestHandler.java:73)
	at com.bea.wcp.ant.ext.junit.TestHandler.run(TestHandler.java:58)
	at com.bea.wcp.ant.ext.junit.TestHandler.invoke(TestHandler.java:34)
	at $Proxy0.run(Unknown Source)
	at com.bea.wcp.ant.ext.junit.TestProxy.run(TestProxy.java:24)
	at com.bea.wcp.ant.ext.junit.TckJUnitTestRunner.run(TckJUnitTestRunner.java:272)
	at com.bea.wcp.ant.ext.junit.TckJUnitTestRunner.launch(TckJUnitTestRunner.java:647)
	at com.bea.wcp.ant.ext.junit.TckJUnitTestRunner.main(TckJUnitTestRunner.java:542)
</failure>
  </testcase>
  <testcase assertions="[SipServlet:SPEC:AppRouter2] - AR shall be notified by a list of new deployed applications. &#xa;applicationDeployed() is called during AR initialize time. " classname="com.bea.sipservlet.tck.agents.spec.ApplicationRouterTest" name="testApplicationRouterCase2" time="35.061">
    <failure message="sipCall response/INVITE not received correctly - Timeout Occurred: A Timeout Event was received" type="junit.framework.AssertionFailedError">junit.framework.AssertionFailedError: sipCall response/INVITE not received correctly - Timeout Occurred: A Timeout Event was received
	at org.cafesip.sipunit.SipTestCase.assertLastOperationSuccess(SipTestCase.java:241)
	at com.bea.sipservlet.tck.agents.spec.ApplicationRouterTest.applicationRouterCase(ApplicationRouterTest.java:165)
	at com.bea.sipservlet.tck.agents.spec.ApplicationRouterTest.testApplicationRouterCase2(ApplicationRouterTest.java:50)
	at com.bea.wcp.ant.ext.junit.TestHandler.runTest(TestHandler.java:73)
	at com.bea.wcp.ant.ext.junit.TestHandler.run(TestHandler.java:58)
	at com.bea.wcp.ant.ext.junit.TestHandler.invoke(TestHandler.java:34)
	at $Proxy0.run(Unknown Source)
	at com.bea.wcp.ant.ext.junit.TestProxy.run(TestProxy.java:24)
	at com.bea.wcp.ant.ext.junit.TckJUnitTestRunner.run(TckJUnitTestRunner.java:272)
	at com.bea.wcp.ant.ext.junit.TckJUnitTestRunner.launch(TckJUnitTestRunner.java:647)
	at com.bea.wcp.ant.ext.junit.TckJUnitTestRunner.main(TckJUnitTestRunner.java:542)
</failure>
  </testcase>
  <testcase assertions="[SipServlet:SPEC:AppRouter3] - Application Selection process is aligned with JSR289 description&#xa;Directive: CONTINUE, REVERSE (Region shall be reversed), NEW." classname="com.bea.sipservlet.tck.agents.spec.ApplicationRouterTest" name="testApplicationRouterCase3" time="35.062">
    <failure message="sipCall response/INVITE not received correctly - Timeout Occurred: A Timeout Event was received" type="junit.framework.AssertionFailedError">junit.framework.AssertionFailedError: sipCall response/INVITE not received correctly - Timeout Occurred: A Timeout Event was received
	at org.cafesip.sipunit.SipTestCase.assertLastOperationSuccess(SipTestCase.java:241)
	at com.bea.sipservlet.tck.agents.spec.ApplicationRouterTest.applicationRouterCase(ApplicationRouterTest.java:165)
	at com.bea.sipservlet.tck.agents.spec.ApplicationRouterTest.testApplicationRouterCase3(ApplicationRouterTest.java:64)
	at com.bea.wcp.ant.ext.junit.TestHandler.runTest(TestHandler.java:73)
	at com.bea.wcp.ant.ext.junit.TestHandler.run(TestHandler.java:58)
	at com.bea.wcp.ant.ext.junit.TestHandler.invoke(TestHandler.java:34)
	at $Proxy0.run(Unknown Source)
	at com.bea.wcp.ant.ext.junit.TestProxy.run(TestProxy.java:24)
	at com.bea.wcp.ant.ext.junit.TckJUnitTestRunner.run(TckJUnitTestRunner.java:272)
	at com.bea.wcp.ant.ext.junit.TckJUnitTestRunner.launch(TckJUnitTestRunner.java:647)
	at com.bea.wcp.ant.ext.junit.TckJUnitTestRunner.main(TckJUnitTestRunner.java:542)
</failure>
  </testcase>
  <system-out><![CDATA[SIPUNIT TRACE:  1358103788895  INVITE after sending out through stack..........
SIPUNIT TRACE:  1358103788895  INVITE sip:sipservlet.spec.approuter.case05@localhost:5060 SIP/2.0
Call-ID: 0608760d1119769d4985e776aed1c1fc@192.168.1.65
CSeq: 1 INVITE
From: <sip:alice@192.168.1.65>;tag=1324514455
To: <sip:sipservlet.spec.approuter.case05@localhost:5060>
Via: SIP/2.0/UDP 192.168.1.65:5071;branch=z9hG4bKc75f5bba7e14b251b8db666012459645
Max-Forwards: 70
Contact: <sip:alice@192.168.1.65:5071;transport=udp;lr>
Route: <sip:localhost:5060;transport=udp;lr>,"JSR289-TCK" <sip:JSR289_TCK@localhost:5060;lr>
Content-Length: 0


SIPUNIT TRACE:  1358103788895  RouteHeader address: <sip:localhost:5060;transport=udp;lr>
SIPUNIT TRACE:  1358103788895  RouteHeader address: "JSR289-TCK" <sip:JSR289_TCK@localhost:5060;lr>
SIPUNIT TRACE:  1358103788922  Outgoing call response received: SIP/2.0 100 Trying
CSeq: 1 INVITE
To: <sip:sipservlet.spec.approuter.case05@localhost:5060>
Call-ID: 0608760d1119769d4985e776aed1c1fc@192.168.1.65
From: <sip:alice@192.168.1.65>;tag=1324514455
Via: SIP/2.0/UDP 192.168.1.65:5071;branch=z9hG4bKc75f5bba7e14b251b8db666012459645
Server: Elaina
Content-Length: 0


SIPUNIT TRACE:  1358103841941  INVITE after sending out through stack..........
SIPUNIT TRACE:  1358103841941  INVITE sip:sipservlet.spec.approuter.case01@localhost:5060 SIP/2.0
Call-ID: b7f0088b8b5100ce0b218c6361939677@192.168.1.65
CSeq: 1 INVITE
From: <sip:alice@192.168.1.65>;tag=132176115
To: <sip:sipservlet.spec.approuter.case01@localhost:5060>
Via: SIP/2.0/UDP 192.168.1.65:5071;branch=z9hG4bK4103997c7b02c4a2f8237afe3d9011a7
Max-Forwards: 70
Contact: <sip:alice@192.168.1.65:5071;transport=udp;lr>
Route: <sip:localhost:5060;transport=udp;lr>,"JSR289-TCK" <sip:JSR289_TCK@localhost:5060;lr>
Content-Length: 0


SIPUNIT TRACE:  1358103841941  RouteHeader address: <sip:localhost:5060;transport=udp;lr>
SIPUNIT TRACE:  1358103841941  RouteHeader address: "JSR289-TCK" <sip:JSR289_TCK@localhost:5060;lr>
SIPUNIT TRACE:  1358103876996  INVITE after sending out through stack..........
SIPUNIT TRACE:  1358103876996  INVITE sip:sipservlet.spec.approuter.case04@localhost:5060 SIP/2.0
Call-ID: b990e4f952942741497339ce1429a04b@192.168.1.65
CSeq: 1 INVITE
From: <sip:alice@192.168.1.65>;tag=836958301
To: <sip:sipservlet.spec.approuter.case04@localhost:5060>
Via: SIP/2.0/UDP 192.168.1.65:5071;branch=z9hG4bK1f1f5e23ac82204c2a91b43ee78bb465
Max-Forwards: 70
Contact: <sip:alice@192.168.1.65:5071;transport=udp;lr>
Route: <sip:localhost:5060;transport=udp;lr>,"JSR289-TCK" <sip:JSR289_TCK@localhost:5060;lr>
Content-Length: 0


SIPUNIT TRACE:  1358103876996  RouteHeader address: <sip:localhost:5060;transport=udp;lr>
SIPUNIT TRACE:  1358103876996  RouteHeader address: "JSR289-TCK" <sip:JSR289_TCK@localhost:5060;lr>
SIPUNIT TRACE:  1358103912050  INVITE after sending out through stack..........
SIPUNIT TRACE:  1358103912050  INVITE sip:sipservlet.spec.approuter.case02@localhost:5060 SIP/2.0
Call-ID: 9103c5845ac608e2e7d3123a7596cadc@192.168.1.65
CSeq: 1 INVITE
From: <sip:alice@192.168.1.65>;tag=1886081256
To: <sip:sipservlet.spec.approuter.case02@localhost:5060>
Via: SIP/2.0/UDP 192.168.1.65:5071;branch=z9hG4bK019e3c8e0e1505dad9d4344b6fe662e2
Max-Forwards: 70
Contact: <sip:alice@192.168.1.65:5071;transport=udp;lr>
Route: <sip:localhost:5060;transport=udp;lr>,"JSR289-TCK" <sip:JSR289_TCK@localhost:5060;lr>
Content-Length: 0


SIPUNIT TRACE:  1358103912050  RouteHeader address: <sip:localhost:5060;transport=udp;lr>
SIPUNIT TRACE:  1358103912050  RouteHeader address: "JSR289-TCK" <sip:JSR289_TCK@localhost:5060;lr>
SIPUNIT TRACE:  1358103947115  INVITE after sending out through stack..........
SIPUNIT TRACE:  1358103947115  INVITE sip:sipservlet.spec.approuter.case03@localhost:5060 SIP/2.0
Call-ID: 7885e58cf25637ef395fc5257137c32d@192.168.1.65
CSeq: 1 INVITE
From: <sip:alice@192.168.1.65>;tag=152019174
To: <sip:sipservlet.spec.approuter.case03@localhost:5060>
Via: SIP/2.0/UDP 192.168.1.65:5071;branch=z9hG4bKfc98df06ed5ad2967ddec4300c2cd259
Max-Forwards: 70
Contact: <sip:alice@192.168.1.65:5071;transport=udp;lr>
Route: <sip:localhost:5060;transport=udp;lr>,"JSR289-TCK" <sip:JSR289_TCK@localhost:5060;lr>
Content-Length: 0


SIPUNIT TRACE:  1358103947115  RouteHeader address: <sip:localhost:5060;transport=udp;lr>
SIPUNIT TRACE:  1358103947115  RouteHeader address: "JSR289-TCK" <sip:JSR289_TCK@localhost:5060;lr>
]]></system-out>
  <system-err><![CDATA[]]></system-err>
</testsuite>
