<?xml version="1.0" encoding="UTF-8" ?>
<testsuite errors="0" failures="13" name="com.bea.sipservlet.tck.agents.api.javax_servlet_sip.SipSessionTest" tests="38" time="147.633">
  <properties>
    <property name="java.vendor" value="Oracle Corporation" />
    <property name="env.SIPUNIT_LIB" value="/Users/andrew/Documents/reference/sip/sipservlet-1_1-tck/tck/../sipunit/lib" />
    <property name="env.SIGNATURE_FILE_NAME" value="/Users/andrew/Documents/reference/sip/sipservlet-1_1-tck/tck/bin/jsr289_api.sig" />
    <property name="sun.java.launcher" value="SUN_STANDARD" />
    <property name="env.TCK_LIB" value="/Users/andrew/Documents/reference/sip/sipservlet-1_1-tck/tck/../tck/lib" />
    <property name="sun.management.compiler" value="HotSpot 64-Bit Tiered Compilers" />
    <property name="spec.report" value="/Users/andrew/Documents/reference/sip/sipservlet-1_1-tck/tck/report/spec_report" />
    <property name="lib" value="/Users/andrew/Documents/reference/sip/sipservlet-1_1-tck/tck/lib" />
    <property name="env.TCK_DIRECTORY" value="/Users/andrew/Documents/reference/sip/sipservlet-1_1-tck/tck" />
    <property name="os.name" value="Mac OS X" />
    <property name="sun.boot.class.path" value="/Library/Java/JavaVirtualMachines/jdk1.7.0_10.jdk/Contents/Home/jre/lib/resources.jar:/Library/Java/JavaVirtualMachines/jdk1.7.0_10.jdk/Contents/Home/jre/lib/rt.jar:/Library/Java/JavaVirtualMachines/jdk1.7.0_10.jdk/Contents/Home/jre/lib/sunrsasign.jar:/Library/Java/JavaVirtualMachines/jdk1.7.0_10.jdk/Contents/Home/jre/lib/jsse.jar:/Library/Java/JavaVirtualMachines/jdk1.7.0_10.jdk/Contents/Home/jre/lib/jce.jar:/Library/Java/JavaVirtualMachines/jdk1.7.0_10.jdk/Contents/Home/jre/lib/charsets.jar:/Library/Java/JavaVirtualMachines/jdk1.7.0_10.jdk/Contents/Home/jre/lib/jfr.jar:/Library/Java/JavaVirtualMachines/jdk1.7.0_10.jdk/Contents/Home/jre/lib/JObjC.jar:/Library/Java/JavaVirtualMachines/jdk1.7.0_10.jdk/Contents/Home/jre/classes" />
    <property name="env.TMPDIR" value="/var/folders/qt/j9kz_nw12bqfytwz9kfyjvq00000gn/T/" />
    <property name="env.Apple_Ubiquity_Message" value="/tmp/launch-s2GBEw/Apple_Ubiquity_Message" />
    <property name="env.SIPUNIT_DIRECTORY" value="/Users/andrew/Documents/reference/sip/sipservlet-1_1-tck/sipunit" />
    <property name="env.PWD" value="/Users/andrew/Documents/reference/sip/sipservlet-1_1-tck/tck" />
    <property name="user.country.format" value="GB" />
    <property name="report" value="/Users/andrew/Documents/reference/sip/sipservlet-1_1-tck/tck/report" />
    <property name="env.LANG" value="en_GB.UTF-8" />
    <property name="signature.report" value="/Users/andrew/Documents/reference/sip/sipservlet-1_1-tck/tck/report/sig_report" />
    <property name="java.vm.specification.vendor" value="Oracle Corporation" />
    <property name="ant.home" value="/usr/share/ant" />
    <property name="java.runtime.version" value="1.7.0_10-ea-b09" />
    <property name="env.TCK_HOME" value="/Users/andrew/Documents/reference/sip/sipservlet-1_1-tck/tck/../tck" />
    <property name="env.Apple_PubSub_Socket_Render" value="/tmp/launch-w5MTVj/Render" />
    <property name="approuter.src" value="com/bea/sipservlet/tck/ar" />
    <property name="user.name" value="andrew" />
    <property name="env.USER" value="andrew" />
    <property name="env.SHELL" value="/bin/bash" />
    <property name="env.__CF_USER_TEXT_ENCODING" value="0x1F5:0:0" />
    <property name="env.XMLLINT_INDENT" value="    " />
    <property name="env.PATH" value="/Library/Java/JavaVirtualMachines/jdk1.7.0_10.jdk/Contents/Home/jre/bin:/usr/share/ant/bin:/usr/bin:/bin:/usr/sbin:/sbin:/usr/local/bin" />
    <property name="user.language" value="en" />
    <property name="build" value="/Users/andrew/Documents/reference/sip/sipservlet-1_1-tck/tck/build" />
    <property name="sun.boot.library.path" value="/Library/Java/JavaVirtualMachines/jdk1.7.0_10.jdk/Contents/Home/jre/lib" />
    <property name="ant.project.default-target" value="usage" />
    <property name="ant.project.name" value="SIP Servlet 1.1 API Technology Compatibility Kit (TCK)" />
    <property name="env.REPORT_HOME" value="/Users/andrew/Documents/reference/sip/sipservlet-1_1-tck/tck/../tck/report" />
    <property name="java.version" value="1.7.0_10-ea" />
    <property name="classes" value="/Users/andrew/Documents/reference/sip/sipservlet-1_1-tck/tck/build/classes" />
    <property name="user.timezone" value="" />
    <property name="apiapp.dir" value="/Users/andrew/Documents/reference/sip/sipservlet-1_1-tck/tck/applications/apitestapp" />
    <property name="tck.zip" value="../sipservlet-1_1-tck.zip" />
    <property name="sun.arch.data.model" value="64" />
    <property name="log4j" value="/Users/andrew/Documents/reference/sip/sipservlet-1_1-tck/tck/conf/log4j.properties" />
    <property name="http.nonProxyHosts" value="local|*.local|169.254/16|*.169.254/16" />
    <property name="java.endorsed.dirs" value="/Library/Java/JavaVirtualMachines/jdk1.7.0_10.jdk/Contents/Home/jre/lib/endorsed" />
    <property name="signaturefile" value="jsr289_api.sig" />
    <property name="sun.cpu.isalist" value="" />
    <property name="sun.jnu.encoding" value="UTF-8" />
    <property name="file.encoding.pkg" value="sun.io" />
    <property name="env.SHLVL" value="2" />
    <property name="file.separator" value="/" />
    <property name="java.specification.name" value="Java Platform API Specification" />
    <property name="java.class.version" value="51.0" />
    <property name="src" value="/Users/andrew/Documents/reference/sip/sipservlet-1_1-tck/tck/src" />
    <property name="sipunit.dir" value="../sipunit" />
    <property name="ar.build" value="/Users/andrew/Documents/reference/sip/sipservlet-1_1-tck/tck/build/ar-build" />
    <property name="user.country" value="US" />
    <property name="java.home" value="/Library/Java/JavaVirtualMachines/jdk1.7.0_10.jdk/Contents/Home/jre" />
    <property name="dist.dir" value="/Users/andrew/Documents/reference/sip/sipservlet-1_1-tck/tck/dist" />
    <property name="java.vm.info" value="mixed mode" />
    <property name="env.LOGNAME" value="andrew" />
    <property name="ant.file" value="/Users/andrew/Documents/reference/sip/sipservlet-1_1-tck/tck/build.xml" />
    <property name="os.version" value="10.8.3" />
    <property name="env.TERM_PROGRAM_VERSION" value="309" />
    <property name="path.separator" value=":" />
    <property name="java.vm.version" value="23.6-b03" />
    <property name="ant.library.dir" value="/usr/share/ant/lib" />
    <property name="env.SIPUNIT_HOME" value="/Users/andrew/Documents/reference/sip/sipservlet-1_1-tck/tck/../sipunit" />
    <property name="env.JAVA_HOME" value="/Library/Java/JavaVirtualMachines/jdk1.7.0_10.jdk/Contents/Home" />
    <property name="env.SIGCONFIG" value="/Users/andrew/Documents/reference/sip/sipservlet-1_1-tck/tck/conf/signature.properties" />
    <property name="env.TERM" value="xterm-256color" />
    <property name="java.awt.printerjob" value="sun.lwawt.macosx.CPrinterJob" />
    <property name="env.SIGTEST_LIB" value="/Users/andrew/Documents/reference/sip/sipservlet-1_1-tck/tck/../tck/lib/sigtest.jar" />
    <property name="sun.io.unicode.encoding" value="UnicodeBig" />
    <property name="ant.file.SIP Servlet 1.1 API Technology Compatibility Kit (TCK)" value="/Users/andrew/Documents/reference/sip/sipservlet-1_1-tck/tck/build.xml" />
    <property name="awt.toolkit" value="sun.lwawt.macosx.LWCToolkit" />
    <property name="socksNonProxyHosts" value="local|*.local|169.254/16|*.169.254/16" />
    <property name="ftp.nonProxyHosts" value="local|*.local|169.254/16|*.169.254/16" />
    <property name="env.APIJAR" value="/Users/andrew/Documents/reference/sip/sipservlet-1_1-tck/tck/../tck/lib/servlet-2_5-api.jar:/Users/andrew/Documents/reference/sip/sipservlet-1_1-tck/tck/../tck/lib/sipservlet-1_1-api.jar" />
    <property name="user.home" value="/Users/andrew" />
    <property name="env.CLASSPATH" value="/Library/Java/JavaVirtualMachines/jdk1.7.0_10.jdk/Contents/Home/lib/tools.jar:/Users/andrew/Documents/reference/sip/sipservlet-1_1-tck/tck/../tck/lib/tck-junit.jar:/Users/andrew/Documents/reference/sip/sipservlet-1_1-tck/tck/../sipunit/lib/junit.jar:/Users/andrew/Documents/reference/sip/sipservlet-1_1-tck/tck/../tck/lib/sigtest.jar:/Users/andrew/Documents/reference/sip/sipservlet-1_1-tck/tck/../tck/conf" />
    <property name="java.specification.vendor" value="Oracle Corporation" />
    <property name="env.TERM_PROGRAM" value="Apple_Terminal" />
    <property name="env.TCKJUNIT_LIB" value="/Users/andrew/Documents/reference/sip/sipservlet-1_1-tck/tck/../tck/lib/tck-junit.jar" />
    <property name="java.library.path" value="/Users/andrew/Library/Java/Extensions:/Library/Java/Extensions:/Network/Library/Java/Extensions:/System/Library/Java/Extensions:/usr/lib/java:." />
    <property name="java.vendor.url" value="http://java.oracle.com/" />
    <property name="gopherProxySet" value="false" />
    <property name="java.vm.vendor" value="Oracle Corporation" />
    <property name="java.runtime.name" value="Java(TM) SE Runtime Environment" />
    <property name="java.class.path" value="/Users/andrew/Documents/reference/sip/sipservlet-1_1-tck/tck/lib/ant-contrib-1.0b3.jar:/Users/andrew/Documents/reference/sip/sipservlet-1_1-tck/tck/lib/javax.annotation_1.0.jar:/Users/andrew/Documents/reference/sip/sipservlet-1_1-tck/tck/lib/servlet-2_5-api.jar:/Users/andrew/Documents/reference/sip/sipservlet-1_1-tck/tck/lib/sigtest.jar:/Users/andrew/Documents/reference/sip/sipservlet-1_1-tck/tck/lib/sipservlet-1_1-api.jar:/Users/andrew/Documents/reference/sip/sipservlet-1_1-tck/tck/lib/sipunit.jar:/Users/andrew/Documents/reference/sip/sipservlet-1_1-tck/tck/lib/tck-junit.jar:/Users/andrew/Documents/reference/sip/sipservlet-1_1-tck/sipunit/lib/JainSipApi1.2.jar:/Users/andrew/Documents/reference/sip/sipservlet-1_1-tck/sipunit/lib/JainSipRi1.2.jar:/Users/andrew/Documents/reference/sip/sipservlet-1_1-tck/sipunit/lib/concurrent.jar:/Users/andrew/Documents/reference/sip/sipservlet-1_1-tck/sipunit/lib/dom.jar:/Users/andrew/Documents/reference/sip/sipservlet-1_1-tck/sipunit/lib/jax-qname.jar:/Users/andrew/Documents/reference/sip/sipservlet-1_1-tck/sipunit/lib/jaxb-api.jar:/Users/andrew/Documents/reference/sip/sipservlet-1_1-tck/sipunit/lib/jaxb-impl.jar:/Users/andrew/Documents/reference/sip/sipservlet-1_1-tck/sipunit/lib/jaxb-libs.jar:/Users/andrew/Documents/reference/sip/sipservlet-1_1-tck/sipunit/lib/junit.jar:/Users/andrew/Documents/reference/sip/sipservlet-1_1-tck/sipunit/lib/log4j-1.2.8.jar:/Users/andrew/Documents/reference/sip/sipservlet-1_1-tck/sipunit/lib/namespace.jar:/Users/andrew/Documents/reference/sip/sipservlet-1_1-tck/sipunit/lib/nist-sdp-1.0.jar:/Users/andrew/Documents/reference/sip/sipservlet-1_1-tck/sipunit/lib/relaxngDatatype.jar:/Users/andrew/Documents/reference/sip/sipservlet-1_1-tck/sipunit/lib/tracesviewer.jar:/Users/andrew/Documents/reference/sip/sipservlet-1_1-tck/sipunit/lib/xalan.jar:/Users/andrew/Documents/reference/sip/sipservlet-1_1-tck/sipunit/lib/xercesImpl.jar:/Users/andrew/Documents/reference/sip/sipservlet-1_1-tck/sipunit/lib/xsdlib.jar:/Users/andrew/Documents/reference/sip/sipservlet-1_1-tck/tck/build/classes:/Library/Java/JavaVirtualMachines/jdk1.7.0_10.jdk/Contents/Home/lib/tools.jar:/Users/andrew/Documents/reference/sip/sipservlet-1_1-tck/tck/conf:/usr/share/java/ant-1.8.2/lib/ant-launcher.jar:/usr/share/ant/lib/ant.jar:/usr/share/ant/lib/ant-junit.jar" />
    <property name="sun.java.command" value="com.bea.wcp.ant.ext.junit.TckJUnitTestRunner com.bea.sipservlet.tck.agents.api.javax_servlet_sip.SipSessionTest filtertrace=true haltOnError=false haltOnFailure=false formatter=org.apache.tools.ant.taskdefs.optional.junit.SummaryJUnitResultFormatter showoutput=false formatter=com.bea.wcp.ant.ext.junit.TckXMLFormatter,/Users/andrew/Documents/reference/sip/sipservlet-1_1-tck/tck/report/api_report/TEST-com.bea.sipservlet.tck.agents.api.javax_servlet_sip.SipSessionTest.xml propsfile=/Users/andrew/Documents/reference/sip/sipservlet-1_1-tck/tck/junit1428992846.properties" />
    <property name="ant.version" value="Apache Ant(TM) version 1.8.2 compiled on June 20 2012" />
    <property name="env.TERM_SESSION_ID" value="992028FA-2937-460F-90A8-E989AB5B64C8" />
    <property name="env.JSR289TCK_HOME" value="/Users/andrew/Documents/reference/sip/sipservlet-1_1-tck/tck/.." />
    <property name="env.JBOSS_HOME" value="/opt/jboss-eap-6.1" />
    <property name="signature.property" value="/Users/andrew/Documents/reference/sip/sipservlet-1_1-tck/tck/conf/signature.properties" />
    <property name="jsr289.dir" value=".." />
    <property name="api.report" value="/Users/andrew/Documents/reference/sip/sipservlet-1_1-tck/tck/report/api_report" />
    <property name="java.vm.specification.name" value="Java Virtual Machine Specification" />
    <property name="env.JAVA_MAIN_CLASS_54325" value="org.apache.tools.ant.launch.Launcher" />
    <property name="ant.file.type" value="file" />
    <property name="java.vm.specification.version" value="1.7" />
    <property name="conf" value="/Users/andrew/Documents/reference/sip/sipservlet-1_1-tck/tck/conf" />
    <property name="sun.cpu.endian" value="little" />
    <property name="sun.os.patch.level" value="unknown" />
    <property name="env.HOME" value="/Users/andrew" />
    <property name="env.ANT_HOME" value="/usr/share/ant" />
    <property name="java.io.tmpdir" value="/var/folders/qt/j9kz_nw12bqfytwz9kfyjvq00000gn/T/" />
    <property name="java.vendor.url.bug" value="http://bugreport.sun.com/bugreport/" />
    <property name="env.SSH_AUTH_SOCK" value="/tmp/launch-JxY2DM/Listeners" />
    <property name="env.MAVEN_OPTS" value="-Xmx512M -XX:MaxPermSize=512M" />
    <property name="signature.report.filename" value="jsr289SignatureReport.txt" />
    <property name="env.COMMAND_MODE" value="unix2003" />
    <property name="applications.src.dir" value="/Users/andrew/Documents/reference/sip/sipservlet-1_1-tck/tck/applications/spectestapps/ar-continue,/Users/andrew/Documents/reference/sip/sipservlet-1_1-tck/tck/applications/spectestapps/ar-internalroutemodifier,/Users/andrew/Documents/reference/sip/sipservlet-1_1-tck/tck/applications/spectestapps/ar-reverse,/Users/andrew/Documents/reference/sip/sipservlet-1_1-tck/tck/applications/spectestapps/ar-suburiregion,/Users/andrew/Documents/reference/sip/sipservlet-1_1-tck/tck/applications/spectestapps/ar-success,/Users/andrew/Documents/reference/sip/sipservlet-1_1-tck/tck/applications/spectestapps/uas,/Users/andrew/Documents/reference/sip/sipservlet-1_1-tck/tck/applications/spectestapps/uac,/Users/andrew/Documents/reference/sip/sipservlet-1_1-tck/tck/applications/spectestapps/b2bua,/Users/andrew/Documents/reference/sip/sipservlet-1_1-tck/tck/applications/spectestapps/proxy" />
    <property name="os.arch" value="x86_64" />
    <property name="java.awt.graphicsenv" value="sun.awt.CGraphicsEnvironment" />
    <property name="java.ext.dirs" value="/Users/andrew/Library/Java/Extensions:/Library/Java/JavaVirtualMachines/jdk1.7.0_10.jdk/Contents/Home/jre/lib/ext:/Library/Java/Extensions:/Network/Library/Java/Extensions:/System/Library/Java/Extensions:/usr/lib/java" />
    <property name="ar.appname" value="/Users/andrew/Documents/reference/sip/sipservlet-1_1-tck/tck/dist/tck-approuter.jar" />
    <property name="user.dir" value="/Users/andrew/Documents/reference/sip/sipservlet-1_1-tck/tck" />
    <property name="applications.dir" value="/Users/andrew/Documents/reference/sip/sipservlet-1_1-tck/tck/applications" />
    <property name="line.separator" value="&#xa;" />
    <property name="java.vm.name" value="Java HotSpot(TM) 64-Bit Server VM" />
    <property name="ant.file.type.SIP Servlet 1.1 API Technology Compatibility Kit (TCK)" value="file" />
    <property name="env.RJAR_HOME" value="/Users/andrew/Dev/rjar/" />
    <property name="basedir" value="/Users/andrew/Documents/reference/sip/sipservlet-1_1-tck/tck" />
    <property name="ant.java.version" value="1.7" />
    <property name="ant.core.lib" value="/usr/share/ant/lib/ant.jar" />
    <property name="env.SIGNATURE_REPORT_NAME" value="jsr289SignatureReport.txt" />
    <property name="file.encoding" value="UTF-8" />
    <property name="env.SIGREPORT_HOME" value="/Users/andrew/Documents/reference/sip/sipservlet-1_1-tck/tck/../tck/report/sig_report" />
    <property name="env.JUNIT_LIB" value="/Users/andrew/Documents/reference/sip/sipservlet-1_1-tck/tck/../sipunit/lib/junit.jar" />
    <property name="java.specification.version" value="1.7" />
    <property name="env.REFERENCE_JAR" value="/Users/andrew/Documents/reference/sip/sipservlet-1_1-tck/tck/lib/sigtest.jar" />
    <property name="ant.project.invoked-targets" value="run-api-tests" />
    <property name="tck.earname" value="/Users/andrew/Documents/reference/sip/sipservlet-1_1-tck/tck/dist/tck-apps.ear" />
  </properties>
  <testcase assertions="[SipServlet:JAVADOC:SipSession18] - Throw NullPointerException if the name is null." classname="com.bea.sipservlet.tck.agents.api.javax_servlet_sip.SipSessionTest" name="testSetAttribute102" time="3.416" />
  <testcase assertions="[SipServlet:JAVADOC:SipSession19] - Throw IllegalStateException if this method is called on an invalidated session ." classname="com.bea.sipservlet.tck.agents.api.javax_servlet_sip.SipSessionTest" name="testRemoveAttribute101" time="3.028" />
  <testcase assertions="[SipServlet:JAVADOC:SipSession4] - User agents can get an Enumeration over the String  objects containing the names of all the objects bound to this session." classname="com.bea.sipservlet.tck.agents.api.javax_servlet_sip.SipSessionTest" name="testGetAttributeNames001" time="3.021" />
  <testcase assertions="[SipServlet:JAVADOC:SipSession4] - Throw IllegalStateException if this method is called on an invalidated session." classname="com.bea.sipservlet.tck.agents.api.javax_servlet_sip.SipSessionTest" name="testGetAttributeNames101" time="3.021" />
  <testcase assertions="[SipServlet:JAVADOC:SipSession5] - User agents can get the Call-ID for this SipSession." classname="com.bea.sipservlet.tck.agents.api.javax_servlet_sip.SipSessionTest" name="testGetCallId001" time="3.023" />
  <testcase assertions="[SipServlet:JAVADOC:SipSession6] - User agents can get the time when this session was created, measured in milliseconds since midnight January 1, 1970 GMT." classname="com.bea.sipservlet.tck.agents.api.javax_servlet_sip.SipSessionTest" name="testGetCreationTime001" time="3.022" />
  <testcase assertions="[SipServlet:JAVADOC:SipSession7] - User agents can get a string containing the unique identifier assigned to this session." classname="com.bea.sipservlet.tck.agents.api.javax_servlet_sip.SipSessionTest" name="testGetId001" time="3.021" />
  <testcase assertions="[SipServlet:JAVADOC:SipSession8][SipServlet:JAVADOC:SipSession21] - Returns true if the container will notify the application when this SipSession is in the ready-to-invalidate state." classname="com.bea.sipservlet.tck.agents.api.javax_servlet_sip.SipSessionTest" name="testGetSetInvalidateWhenReady001" time="13.68">
    <failure type="junit.framework.AssertionFailedError">junit.framework.AssertionFailedError
	at com.bea.sipservlet.tck.agents.api.javax_servlet_sip.SipSessionTest.assertCommonCallBiWay(SipSessionTest.java:459)
	at com.bea.sipservlet.tck.agents.api.javax_servlet_sip.SipSessionTest.testGetSetInvalidateWhenReady001(SipSessionTest.java:173)
	at com.bea.wcp.ant.ext.junit.TestHandler.runTest(TestHandler.java:73)
	at com.bea.wcp.ant.ext.junit.TestHandler.run(TestHandler.java:58)
	at com.bea.wcp.ant.ext.junit.TestHandler.invoke(TestHandler.java:34)
	at $Proxy0.run(Unknown Source)
	at com.bea.wcp.ant.ext.junit.TestProxy.run(TestProxy.java:24)
	at com.bea.wcp.ant.ext.junit.TckJUnitTestRunner.run(TckJUnitTestRunner.java:272)
	at com.bea.wcp.ant.ext.junit.TckJUnitTestRunner.launch(TckJUnitTestRunner.java:647)
	at com.bea.wcp.ant.ext.junit.TckJUnitTestRunner.main(TckJUnitTestRunner.java:542)
</failure>
  </testcase>
  <testcase assertions="[SipServlet:JAVADOC:SipSession8] - Throw IllegalStateException if this method is called on an invalidated session." classname="com.bea.sipservlet.tck.agents.api.javax_servlet_sip.SipSessionTest" name="testGetInvalidateWhenReady101" time="3.022" />
  <testcase assertions="[SipServlet:JAVADOC:SipSession21] - Throw IllegalStateException if this method is called on an invalidated session." classname="com.bea.sipservlet.tck.agents.api.javax_servlet_sip.SipSessionTest" name="testSetInvalidateWhenReady101" time="3.021" />
  <testcase assertions="[SipServlet:JAVADOC:SipSession9] - User agents can get the last time the client sent a request associated with this session, as the number of milliseconds since midnight January 1, 1970 GMT." classname="com.bea.sipservlet.tck.agents.api.javax_servlet_sip.SipSessionTest" name="testGetLastAccessedTime001" time="3.022">
    <failure message="the reason gotten from Server:Fail to get correct LastAccessedTime from SipSession.  expected:&lt;200&gt; but was:&lt;500&gt;" type="junit.framework.AssertionFailedError">junit.framework.AssertionFailedError: the reason gotten from Server:Fail to get correct LastAccessedTime from SipSession.  expected:&lt;200&gt; but was:&lt;500&gt;
	at com.bea.sipservlet.tck.agents.TestBase.assertSipMessage(TestBase.java:675)
	at com.bea.sipservlet.tck.agents.TestBase.assertSipMessage(TestBase.java:627)
	at com.bea.sipservlet.tck.agents.api.javax_servlet_sip.SipSessionTest.testGetLastAccessedTime001(SipSessionTest.java:199)
	at com.bea.wcp.ant.ext.junit.TestHandler.runTest(TestHandler.java:73)
	at com.bea.wcp.ant.ext.junit.TestHandler.run(TestHandler.java:58)
	at com.bea.wcp.ant.ext.junit.TestHandler.invoke(TestHandler.java:34)
	at $Proxy0.run(Unknown Source)
	at com.bea.wcp.ant.ext.junit.TestProxy.run(TestProxy.java:24)
	at com.bea.wcp.ant.ext.junit.TckJUnitTestRunner.run(TckJUnitTestRunner.java:272)
	at com.bea.wcp.ant.ext.junit.TckJUnitTestRunner.launch(TckJUnitTestRunner.java:647)
	at com.bea.wcp.ant.ext.junit.TckJUnitTestRunner.main(TckJUnitTestRunner.java:542)
</failure>
  </testcase>
  <testcase assertions="[SipServlet:JAVADOC:SipSession10] - User agents can get the Address identifying the local party." classname="com.bea.sipservlet.tck.agents.api.javax_servlet_sip.SipSessionTest" name="testGetLocalParty001" time="3.028">
    <failure message="the reason gotten from Server:Server Internal Error.  expected:&lt;200&gt; but was:&lt;500&gt;" type="junit.framework.AssertionFailedError">junit.framework.AssertionFailedError: the reason gotten from Server:Server Internal Error.  expected:&lt;200&gt; but was:&lt;500&gt;
	at com.bea.sipservlet.tck.agents.TestBase.assertSipMessage(TestBase.java:675)
	at com.bea.sipservlet.tck.agents.TestBase.assertSipMessage(TestBase.java:627)
	at com.bea.sipservlet.tck.agents.api.javax_servlet_sip.SipSessionTest.testGetLocalParty001(SipSessionTest.java:206)
	at com.bea.wcp.ant.ext.junit.TestHandler.runTest(TestHandler.java:73)
	at com.bea.wcp.ant.ext.junit.TestHandler.run(TestHandler.java:58)
	at com.bea.wcp.ant.ext.junit.TestHandler.invoke(TestHandler.java:34)
	at $Proxy0.run(Unknown Source)
	at com.bea.wcp.ant.ext.junit.TestProxy.run(TestProxy.java:24)
	at com.bea.wcp.ant.ext.junit.TckJUnitTestRunner.run(TckJUnitTestRunner.java:272)
	at com.bea.wcp.ant.ext.junit.TckJUnitTestRunner.launch(TckJUnitTestRunner.java:647)
	at com.bea.wcp.ant.ext.junit.TckJUnitTestRunner.main(TckJUnitTestRunner.java:542)
</failure>
  </testcase>
  <testcase assertions="[SipServlet:JAVADOC:SipSession12] - User agents can get the Address identifying the remote party." classname="com.bea.sipservlet.tck.agents.api.javax_servlet_sip.SipSessionTest" name="testGetRemoteParty001" time="3.03">
    <failure message="the reason gotten from Server:Server Internal Error.  expected:&lt;200&gt; but was:&lt;500&gt;" type="junit.framework.AssertionFailedError">junit.framework.AssertionFailedError: the reason gotten from Server:Server Internal Error.  expected:&lt;200&gt; but was:&lt;500&gt;
	at com.bea.sipservlet.tck.agents.TestBase.assertSipMessage(TestBase.java:675)
	at com.bea.sipservlet.tck.agents.TestBase.assertSipMessage(TestBase.java:627)
	at com.bea.sipservlet.tck.agents.api.javax_servlet_sip.SipSessionTest.testGetRemoteParty001(SipSessionTest.java:213)
	at com.bea.wcp.ant.ext.junit.TestHandler.runTest(TestHandler.java:73)
	at com.bea.wcp.ant.ext.junit.TestHandler.run(TestHandler.java:58)
	at com.bea.wcp.ant.ext.junit.TestHandler.invoke(TestHandler.java:34)
	at $Proxy0.run(Unknown Source)
	at com.bea.wcp.ant.ext.junit.TestProxy.run(TestProxy.java:24)
	at com.bea.wcp.ant.ext.junit.TckJUnitTestRunner.run(TckJUnitTestRunner.java:272)
	at com.bea.wcp.ant.ext.junit.TckJUnitTestRunner.launch(TckJUnitTestRunner.java:647)
	at com.bea.wcp.ant.ext.junit.TckJUnitTestRunner.main(TckJUnitTestRunner.java:542)
</failure>
  </testcase>
  <testcase assertions="[SipServlet:JAVADOC:SipSession13] - User agents can get the current SIP dialog state, which is one of INITIAL, EARLY, CONFIRMED, or TERMINATED." classname="com.bea.sipservlet.tck.agents.api.javax_servlet_sip.SipSessionTest" name="testGetState001" time="13.661">
    <failure type="junit.framework.AssertionFailedError">junit.framework.AssertionFailedError
	at com.bea.sipservlet.tck.agents.api.javax_servlet_sip.SipSessionTest.assertCommonCallBiWay(SipSessionTest.java:459)
	at com.bea.sipservlet.tck.agents.api.javax_servlet_sip.SipSessionTest.testGetState001(SipSessionTest.java:221)
	at com.bea.wcp.ant.ext.junit.TestHandler.runTest(TestHandler.java:73)
	at com.bea.wcp.ant.ext.junit.TestHandler.run(TestHandler.java:58)
	at com.bea.wcp.ant.ext.junit.TestHandler.invoke(TestHandler.java:34)
	at $Proxy0.run(Unknown Source)
	at com.bea.wcp.ant.ext.junit.TestProxy.run(TestProxy.java:24)
	at com.bea.wcp.ant.ext.junit.TckJUnitTestRunner.run(TckJUnitTestRunner.java:272)
	at com.bea.wcp.ant.ext.junit.TckJUnitTestRunner.launch(TckJUnitTestRunner.java:647)
	at com.bea.wcp.ant.ext.junit.TckJUnitTestRunner.main(TckJUnitTestRunner.java:542)
</failure>
  </testcase>
  <testcase assertions="[SipServlet:JAVADOC:SipSession3][SipServlet:JAVADOC:SipSession18][SipServlet:JAVADOC:SipSession19] - User agents can get/set/remove the object bound with the specified name in this session, or null if no object is bound under the name." classname="com.bea.sipservlet.tck.agents.api.javax_servlet_sip.SipSessionTest" name="testGetSetRemoveAttribute001" time="3.019" />
  <testcase assertions="[SipServlet:JAVADOC:SipSession3] - Throw IllegalStateException if this method is called on an invalidated session ." classname="com.bea.sipservlet.tck.agents.api.javax_servlet_sip.SipSessionTest" name="testGetAttribute101" time="3.023" />
  <testcase assertions="[SipServlet:JAVADOC:SipSession3] - Throw NullPointerException if the name is null." classname="com.bea.sipservlet.tck.agents.api.javax_servlet_sip.SipSessionTest" name="testGetAttribute102" time="3.02" />
  <testcase assertions="[SipServlet:JAVADOC:SipSession18] - Throw IllegalStateException if this method is called on an invalidated session ." classname="com.bea.sipservlet.tck.agents.api.javax_servlet_sip.SipSessionTest" name="testSetAttribute101" time="3.02" />
  <testcase assertions="[SipServlet:JAVADOC:SipSession1] - User agents can create a request." classname="com.bea.sipservlet.tck.agents.api.javax_servlet_sip.SipSessionTest" name="testCreateRequest001" time="3.028">
    <failure message="the reason gotten from Server:Server Internal Error.  expected:&lt;200&gt; but was:&lt;500&gt;" type="junit.framework.AssertionFailedError">junit.framework.AssertionFailedError: the reason gotten from Server:Server Internal Error.  expected:&lt;200&gt; but was:&lt;500&gt;
	at com.bea.sipservlet.tck.agents.TestBase.assertSipMessage(TestBase.java:675)
	at com.bea.sipservlet.tck.agents.TestBase.assertSipMessage(TestBase.java:627)
	at com.bea.sipservlet.tck.agents.api.javax_servlet_sip.SipSessionTest.testCreateRequest001(SipSessionTest.java:48)
	at com.bea.wcp.ant.ext.junit.TestHandler.runTest(TestHandler.java:73)
	at com.bea.wcp.ant.ext.junit.TestHandler.run(TestHandler.java:58)
	at com.bea.wcp.ant.ext.junit.TestHandler.invoke(TestHandler.java:34)
	at $Proxy0.run(Unknown Source)
	at com.bea.wcp.ant.ext.junit.TestProxy.run(TestProxy.java:24)
	at com.bea.wcp.ant.ext.junit.TckJUnitTestRunner.run(TckJUnitTestRunner.java:272)
	at com.bea.wcp.ant.ext.junit.TckJUnitTestRunner.launch(TckJUnitTestRunner.java:647)
	at com.bea.wcp.ant.ext.junit.TckJUnitTestRunner.main(TckJUnitTestRunner.java:542)
</failure>
  </testcase>
  <testcase assertions="[SipServlet:JAVADOC:SipSession1] - Throw IllegalArgumentException if method is ACK." classname="com.bea.sipservlet.tck.agents.api.javax_servlet_sip.SipSessionTest" name="testCreateRequest101" time="3.138" />
  <testcase assertions="[SipServlet:JAVADOC:SipSession1] - Throw IllegalStateException if this SipSession has been invalidated." classname="com.bea.sipservlet.tck.agents.api.javax_servlet_sip.SipSessionTest" name="testCreateRequest102" time="3.029" />
  <testcase assertions="[SipServlet:JAVADOC:SipSession2] - User agents can get the application session with which this SipSession is associated." classname="com.bea.sipservlet.tck.agents.api.javax_servlet_sip.SipSessionTest" name="testGetApplicationSession001" time="3.017" />
  <testcase assertions="[SipServlet:JAVADOC:SipSession13] - Throw IllegalStateException if this method is called on an invalidated session." classname="com.bea.sipservlet.tck.agents.api.javax_servlet_sip.SipSessionTest" name="testGetState101" time="3.021" />
  <testcase assertions="[SipServlet:JAVADOC:SipSession15] - User agents can invalidate this session and unbinds any objects bound to it." classname="com.bea.sipservlet.tck.agents.api.javax_servlet_sip.SipSessionTest" name="testInvalidate001" time="3.029" />
  <testcase assertions="[SipServlet:JAVADOC:SipSession15] - Throw IllegalStateException if this method is called on an invalidated session." classname="com.bea.sipservlet.tck.agents.api.javax_servlet_sip.SipSessionTest" name="testInvalidate101" time="3.022" />
  <testcase assertions="[SipServlet:JAVADOC:SipSession16] - User agents can determine if this session is in a ready-to-invalidate state." classname="com.bea.sipservlet.tck.agents.api.javax_servlet_sip.SipSessionTest" name="testIsReadyToInvalidate001" time="3.049">
    <failure message="Unexpected default reason expected:&lt;200&gt; but was:&lt;500&gt;" type="junit.framework.AssertionFailedError">junit.framework.AssertionFailedError: Unexpected default reason expected:&lt;200&gt; but was:&lt;500&gt;
	at com.bea.sipservlet.tck.agents.api.javax_servlet_sip.SipSessionTest.assertCommonCall(SipSessionTest.java:514)
	at com.bea.sipservlet.tck.agents.api.javax_servlet_sip.SipSessionTest.assertCommonCallBiWay(SipSessionTest.java:455)
	at com.bea.sipservlet.tck.agents.api.javax_servlet_sip.SipSessionTest.testIsReadyToInvalidate001(SipSessionTest.java:287)
	at com.bea.wcp.ant.ext.junit.TestHandler.runTest(TestHandler.java:73)
	at com.bea.wcp.ant.ext.junit.TestHandler.run(TestHandler.java:58)
	at com.bea.wcp.ant.ext.junit.TestHandler.invoke(TestHandler.java:34)
	at $Proxy0.run(Unknown Source)
	at com.bea.wcp.ant.ext.junit.TestProxy.run(TestProxy.java:24)
	at com.bea.wcp.ant.ext.junit.TckJUnitTestRunner.run(TckJUnitTestRunner.java:272)
	at com.bea.wcp.ant.ext.junit.TckJUnitTestRunner.launch(TckJUnitTestRunner.java:647)
	at com.bea.wcp.ant.ext.junit.TckJUnitTestRunner.main(TckJUnitTestRunner.java:542)
</failure>
  </testcase>
  <testcase assertions="[SipServlet:JAVADOC:SipSession16] - Throw IllegalStateException if this method is called on an invalidated session." classname="com.bea.sipservlet.tck.agents.api.javax_servlet_sip.SipSessionTest" name="testIsReadyToInvalidate101" time="3.029" />
  <testcase assertions="[SipServlet:JAVADOC:SipSession17] - User agents can determine if this SipSession if valid." classname="com.bea.sipservlet.tck.agents.api.javax_servlet_sip.SipSessionTest" name="testIsValid001" time="13.649">
    <failure type="junit.framework.AssertionFailedError">junit.framework.AssertionFailedError
	at com.bea.sipservlet.tck.agents.api.javax_servlet_sip.SipSessionTest.assertCommonCallBiWay(SipSessionTest.java:459)
	at com.bea.sipservlet.tck.agents.api.javax_servlet_sip.SipSessionTest.testIsValid001(SipSessionTest.java:302)
	at com.bea.wcp.ant.ext.junit.TestHandler.runTest(TestHandler.java:73)
	at com.bea.wcp.ant.ext.junit.TestHandler.run(TestHandler.java:58)
	at com.bea.wcp.ant.ext.junit.TestHandler.invoke(TestHandler.java:34)
	at $Proxy0.run(Unknown Source)
	at com.bea.wcp.ant.ext.junit.TestProxy.run(TestProxy.java:24)
	at com.bea.wcp.ant.ext.junit.TckJUnitTestRunner.run(TckJUnitTestRunner.java:272)
	at com.bea.wcp.ant.ext.junit.TckJUnitTestRunner.launch(TckJUnitTestRunner.java:647)
	at com.bea.wcp.ant.ext.junit.TckJUnitTestRunner.main(TckJUnitTestRunner.java:542)
</failure>
  </testcase>
  <testcase assertions="[SipServlet:JAVADOC:SipSession20] - User agents can set the handler for this SipSession." classname="com.bea.sipservlet.tck.agents.api.javax_servlet_sip.SipSessionTest" name="testSetHandler001" time="3.02" />
  <testcase assertions="[SipServlet:JAVADOC:SipSession20] - Throw ServletException if no servlet with the specified name exists in this application ." classname="com.bea.sipservlet.tck.agents.api.javax_servlet_sip.SipSessionTest" name="testSetHandler101" time="3.018">
    <failure message="the reason gotten from Server:Should throw ServletException,since no servlet with the specified name exists in this application..  expected:&lt;200&gt; but was:&lt;500&gt;" type="junit.framework.AssertionFailedError">junit.framework.AssertionFailedError: the reason gotten from Server:Should throw ServletException,since no servlet with the specified name exists in this application..  expected:&lt;200&gt; but was:&lt;500&gt;
	at com.bea.sipservlet.tck.agents.TestBase.assertSipMessage(TestBase.java:675)
	at com.bea.sipservlet.tck.agents.TestBase.assertSipMessage(TestBase.java:627)
	at com.bea.sipservlet.tck.agents.api.javax_servlet_sip.SipSessionTest.testSetHandler101(SipSessionTest.java:318)
	at com.bea.wcp.ant.ext.junit.TestHandler.runTest(TestHandler.java:73)
	at com.bea.wcp.ant.ext.junit.TestHandler.run(TestHandler.java:58)
	at com.bea.wcp.ant.ext.junit.TestHandler.invoke(TestHandler.java:34)
	at $Proxy0.run(Unknown Source)
	at com.bea.wcp.ant.ext.junit.TestProxy.run(TestProxy.java:24)
	at com.bea.wcp.ant.ext.junit.TckJUnitTestRunner.run(TckJUnitTestRunner.java:272)
	at com.bea.wcp.ant.ext.junit.TckJUnitTestRunner.launch(TckJUnitTestRunner.java:647)
	at com.bea.wcp.ant.ext.junit.TckJUnitTestRunner.main(TckJUnitTestRunner.java:542)
</failure>
  </testcase>
  <testcase assertions="[SipServlet:JAVADOC:SipSession20] - Throw IllegalStateException if this method is called on an invalidated session." classname="com.bea.sipservlet.tck.agents.api.javax_servlet_sip.SipSessionTest" name="testSetHandler102" time="3.02" />
  <testcase assertions="[SipServlet:JAVADOC:SipSession22] - If multihoming is supported, user agents can select the outbound interface to use when sending requests for this SipSession." classname="com.bea.sipservlet.tck.agents.api.javax_servlet_sip.SipSessionTest" name="testSetOutboundInterface001" time="3.029">
    <failure message="the reason gotten from Server:Server Internal Error.  expected:&lt;200&gt; but was:&lt;500&gt;" type="junit.framework.AssertionFailedError">junit.framework.AssertionFailedError: the reason gotten from Server:Server Internal Error.  expected:&lt;200&gt; but was:&lt;500&gt;
	at com.bea.sipservlet.tck.agents.TestBase.assertSipMessage(TestBase.java:675)
	at com.bea.sipservlet.tck.agents.TestBase.assertSipMessage(TestBase.java:627)
	at com.bea.sipservlet.tck.agents.api.javax_servlet_sip.SipSessionTest.testSetOutboundInterface001(SipSessionTest.java:335)
	at com.bea.wcp.ant.ext.junit.TestHandler.runTest(TestHandler.java:73)
	at com.bea.wcp.ant.ext.junit.TestHandler.run(TestHandler.java:58)
	at com.bea.wcp.ant.ext.junit.TestHandler.invoke(TestHandler.java:34)
	at $Proxy0.run(Unknown Source)
	at com.bea.wcp.ant.ext.junit.TestProxy.run(TestProxy.java:24)
	at com.bea.wcp.ant.ext.junit.TckJUnitTestRunner.run(TckJUnitTestRunner.java:272)
	at com.bea.wcp.ant.ext.junit.TckJUnitTestRunner.launch(TckJUnitTestRunner.java:647)
	at com.bea.wcp.ant.ext.junit.TckJUnitTestRunner.main(TckJUnitTestRunner.java:542)
</failure>
  </testcase>
  <testcase assertions="[SipServlet:JAVADOC:SipSession22] - Throw IllegalStateException if this method is called on an invalidated session ." classname="com.bea.sipservlet.tck.agents.api.javax_servlet_sip.SipSessionTest" name="testSetOutboundInterface101" time="3.029">
    <failure message="the reason gotten from Server:Server Internal Error.  expected:&lt;200&gt; but was:&lt;500&gt;" type="junit.framework.AssertionFailedError">junit.framework.AssertionFailedError: the reason gotten from Server:Server Internal Error.  expected:&lt;200&gt; but was:&lt;500&gt;
	at com.bea.sipservlet.tck.agents.TestBase.assertSipMessage(TestBase.java:675)
	at com.bea.sipservlet.tck.agents.TestBase.assertSipMessage(TestBase.java:627)
	at com.bea.sipservlet.tck.agents.api.javax_servlet_sip.SipSessionTest.testSetOutboundInterface101(SipSessionTest.java:344)
	at com.bea.wcp.ant.ext.junit.TestHandler.runTest(TestHandler.java:73)
	at com.bea.wcp.ant.ext.junit.TestHandler.run(TestHandler.java:58)
	at com.bea.wcp.ant.ext.junit.TestHandler.invoke(TestHandler.java:34)
	at $Proxy0.run(Unknown Source)
	at com.bea.wcp.ant.ext.junit.TestProxy.run(TestProxy.java:24)
	at com.bea.wcp.ant.ext.junit.TckJUnitTestRunner.run(TckJUnitTestRunner.java:272)
	at com.bea.wcp.ant.ext.junit.TckJUnitTestRunner.launch(TckJUnitTestRunner.java:647)
	at com.bea.wcp.ant.ext.junit.TckJUnitTestRunner.main(TckJUnitTestRunner.java:542)
</failure>
  </testcase>
  <testcase assertions="[SipServlet:JAVADOC:SipSession22] - Throw NullPointerException  if the address is null." classname="com.bea.sipservlet.tck.agents.api.javax_servlet_sip.SipSessionTest" name="testSetOutboundInterface102" time="3.018" />
  <testcase assertions="[SipServlet:JAVADOC:SipSession23] - If multihoming is supported, user agents can select the outbound interface and source port number to use when sending requests for this SipSession." classname="com.bea.sipservlet.tck.agents.api.javax_servlet_sip.SipSessionTest" name="testSetOutboundInterface002" time="3.029">
    <failure message="the reason gotten from Server:Server Internal Error.  expected:&lt;200&gt; but was:&lt;500&gt;" type="junit.framework.AssertionFailedError">junit.framework.AssertionFailedError: the reason gotten from Server:Server Internal Error.  expected:&lt;200&gt; but was:&lt;500&gt;
	at com.bea.sipservlet.tck.agents.TestBase.assertSipMessage(TestBase.java:675)
	at com.bea.sipservlet.tck.agents.TestBase.assertSipMessage(TestBase.java:627)
	at com.bea.sipservlet.tck.agents.api.javax_servlet_sip.SipSessionTest.testSetOutboundInterface002(SipSessionTest.java:360)
	at com.bea.wcp.ant.ext.junit.TestHandler.runTest(TestHandler.java:73)
	at com.bea.wcp.ant.ext.junit.TestHandler.run(TestHandler.java:58)
	at com.bea.wcp.ant.ext.junit.TestHandler.invoke(TestHandler.java:34)
	at $Proxy0.run(Unknown Source)
	at com.bea.wcp.ant.ext.junit.TestProxy.run(TestProxy.java:24)
	at com.bea.wcp.ant.ext.junit.TckJUnitTestRunner.run(TckJUnitTestRunner.java:272)
	at com.bea.wcp.ant.ext.junit.TckJUnitTestRunner.launch(TckJUnitTestRunner.java:647)
	at com.bea.wcp.ant.ext.junit.TckJUnitTestRunner.main(TckJUnitTestRunner.java:542)
</failure>
  </testcase>
  <testcase assertions="[SipServlet:JAVADOC:SipSession23] - Throw IllegalStateException if this method is called on an invalidated session ." classname="com.bea.sipservlet.tck.agents.api.javax_servlet_sip.SipSessionTest" name="testSetOutboundInterface103" time="3.028">
    <failure message="the reason gotten from Server:Server Internal Error.  expected:&lt;200&gt; but was:&lt;500&gt;" type="junit.framework.AssertionFailedError">junit.framework.AssertionFailedError: the reason gotten from Server:Server Internal Error.  expected:&lt;200&gt; but was:&lt;500&gt;
	at com.bea.sipservlet.tck.agents.TestBase.assertSipMessage(TestBase.java:675)
	at com.bea.sipservlet.tck.agents.TestBase.assertSipMessage(TestBase.java:627)
	at com.bea.sipservlet.tck.agents.api.javax_servlet_sip.SipSessionTest.testSetOutboundInterface103(SipSessionTest.java:369)
	at com.bea.wcp.ant.ext.junit.TestHandler.runTest(TestHandler.java:73)
	at com.bea.wcp.ant.ext.junit.TestHandler.run(TestHandler.java:58)
	at com.bea.wcp.ant.ext.junit.TestHandler.invoke(TestHandler.java:34)
	at $Proxy0.run(Unknown Source)
	at com.bea.wcp.ant.ext.junit.TestProxy.run(TestProxy.java:24)
	at com.bea.wcp.ant.ext.junit.TckJUnitTestRunner.run(TckJUnitTestRunner.java:272)
	at com.bea.wcp.ant.ext.junit.TckJUnitTestRunner.launch(TckJUnitTestRunner.java:647)
	at com.bea.wcp.ant.ext.junit.TckJUnitTestRunner.main(TckJUnitTestRunner.java:542)
</failure>
  </testcase>
  <testcase assertions="[SipServlet:JAVADOC:SipSession23] - Throw NullPointerException  if the address is null." classname="com.bea.sipservlet.tck.agents.api.javax_servlet_sip.SipSessionTest" name="testSetOutboundInterface104" time="3.018" />
  <testcase assertions="[SipServlet:JAVADOC:SipSession24] - Returns the ServletContext to which this session belongs" classname="com.bea.sipservlet.tck.agents.api.javax_servlet_sip.SipSessionTest" name="testGetServletContext001" time="3.137" />
  <system-out><![CDATA[[2013-04-15 20:28:47,377] SipSessionTest:1008 INFO  - === testSetAttribute102() ===
[2013-04-15 20:28:47,505] TestBase:351 DEBUG - === created message:MESSAGE sip:JSR289_TCK@localhost:5060 SIP/2.0
Call-ID: 0946574b7527a3dffdff291c76084756@192.168.1.65
CSeq: 1 MESSAGE
From: "Alice" <sip:alice@192.168.1.65:5071>;tag=662919915
To: "JSR289_TCK" <sip:JSR289_TCK@localhost:5060>
Via: SIP/2.0/UDP 192.168.1.65:5071;branch=somebranchvalue
Max-Forwards: 5
Content-Length: 0

 ===
[2013-04-15 20:28:47,548] TestBase:979 DEBUG - ---The Sip request is:MESSAGE sip:JSR289_TCK@localhost:5060 SIP/2.0
Call-ID: 0946574b7527a3dffdff291c76084756@192.168.1.65
CSeq: 1 MESSAGE
From: "Alice" <sip:alice@192.168.1.65:5071>;tag=662919915
To: "JSR289_TCK" <sip:JSR289_TCK@localhost:5060>
Via: SIP/2.0/UDP 192.168.1.65:5071;branch=z9hG4bKcd6d33e8b3583f50df1b0cab224f4997
Max-Forwards: 5
Route: "JSR289_TCK" <sip:JSR289_TCK@localhost:5060;lr>,<sip:localhost:5060;transport=udp;lr>
Application-Name: com.bea.sipservlet.tck.apps.apitestapp
Servlet-Name: SipSession
Method-Name: testSetAttribute102
Content-Length: 0

 ---
[2013-04-15 20:28:50,583] SipSessionTest:1008 INFO  - === testRemoveAttribute101() ===
[2013-04-15 20:28:50,584] TestBase:351 DEBUG - === created message:MESSAGE sip:JSR289_TCK@localhost:5060 SIP/2.0
Call-ID: f2a2ba5c0c2bc2c99986e924717c14f0@192.168.1.65
CSeq: 1 MESSAGE
From: "Alice" <sip:alice@192.168.1.65:5071>;tag=990452788
To: "JSR289_TCK" <sip:JSR289_TCK@localhost:5060>
Via: SIP/2.0/UDP 192.168.1.65:5071;branch=somebranchvalue
Max-Forwards: 5
Content-Length: 0

 ===
[2013-04-15 20:28:50,589] TestBase:979 DEBUG - ---The Sip request is:MESSAGE sip:JSR289_TCK@localhost:5060 SIP/2.0
Call-ID: f2a2ba5c0c2bc2c99986e924717c14f0@192.168.1.65
CSeq: 1 MESSAGE
From: "Alice" <sip:alice@192.168.1.65:5071>;tag=990452788
To: "JSR289_TCK" <sip:JSR289_TCK@localhost:5060>
Via: SIP/2.0/UDP 192.168.1.65:5071;branch=z9hG4bK7f0ec434887da117b8eac2575b6d4216
Max-Forwards: 5
Route: "JSR289_TCK" <sip:JSR289_TCK@localhost:5060;lr>,<sip:localhost:5060;transport=udp;lr>
Application-Name: com.bea.sipservlet.tck.apps.apitestapp
Servlet-Name: SipSession
Method-Name: testRemoveAttribute101
Content-Length: 0

 ---
[2013-04-15 20:28:53,613] SipSessionTest:1008 INFO  - === testGetAttributeNames001() ===
[2013-04-15 20:28:53,614] TestBase:351 DEBUG - === created message:MESSAGE sip:JSR289_TCK@localhost:5060 SIP/2.0
Call-ID: 57dc0a6ca2f0a6b16bc03f6e9a886df6@192.168.1.65
CSeq: 1 MESSAGE
From: "Alice" <sip:alice@192.168.1.65:5071>;tag=60221181
To: "JSR289_TCK" <sip:JSR289_TCK@localhost:5060>
Via: SIP/2.0/UDP 192.168.1.65:5071;branch=somebranchvalue
Max-Forwards: 5
Content-Length: 0

 ===
[2013-04-15 20:28:53,619] TestBase:979 DEBUG - ---The Sip request is:MESSAGE sip:JSR289_TCK@localhost:5060 SIP/2.0
Call-ID: 57dc0a6ca2f0a6b16bc03f6e9a886df6@192.168.1.65
CSeq: 1 MESSAGE
From: "Alice" <sip:alice@192.168.1.65:5071>;tag=60221181
To: "JSR289_TCK" <sip:JSR289_TCK@localhost:5060>
Via: SIP/2.0/UDP 192.168.1.65:5071;branch=z9hG4bK9557de86c689419468f7c0bdc9d4f70c
Max-Forwards: 5
Route: "JSR289_TCK" <sip:JSR289_TCK@localhost:5060;lr>,<sip:localhost:5060;transport=udp;lr>
Application-Name: com.bea.sipservlet.tck.apps.apitestapp
Servlet-Name: SipSession
Method-Name: testGetAttributeNames001
Content-Length: 0

 ---
[2013-04-15 20:28:56,633] SipSessionTest:1008 INFO  - === testGetAttributeNames101() ===
[2013-04-15 20:28:56,633] TestBase:351 DEBUG - === created message:MESSAGE sip:JSR289_TCK@localhost:5060 SIP/2.0
Call-ID: 47eeadf443b452d1eccf4a14cdc275b0@192.168.1.65
CSeq: 1 MESSAGE
From: "Alice" <sip:alice@192.168.1.65:5071>;tag=1452242510
To: "JSR289_TCK" <sip:JSR289_TCK@localhost:5060>
Via: SIP/2.0/UDP 192.168.1.65:5071;branch=somebranchvalue
Max-Forwards: 5
Content-Length: 0

 ===
[2013-04-15 20:28:56,638] TestBase:979 DEBUG - ---The Sip request is:MESSAGE sip:JSR289_TCK@localhost:5060 SIP/2.0
Call-ID: 47eeadf443b452d1eccf4a14cdc275b0@192.168.1.65
CSeq: 1 MESSAGE
From: "Alice" <sip:alice@192.168.1.65:5071>;tag=1452242510
To: "JSR289_TCK" <sip:JSR289_TCK@localhost:5060>
Via: SIP/2.0/UDP 192.168.1.65:5071;branch=z9hG4bK09314297aca5dea4854480197d51d34d
Max-Forwards: 5
Route: "JSR289_TCK" <sip:JSR289_TCK@localhost:5060;lr>,<sip:localhost:5060;transport=udp;lr>
Application-Name: com.bea.sipservlet.tck.apps.apitestapp
Servlet-Name: SipSession
Method-Name: testGetAttributeNames101
Content-Length: 0

 ---
[2013-04-15 20:28:59,655] SipSessionTest:1008 INFO  - === testGetCallId001() ===
[2013-04-15 20:28:59,655] TestBase:351 DEBUG - === created message:MESSAGE sip:JSR289_TCK@localhost:5060 SIP/2.0
Call-ID: 91729174b90bee51da4cb819e9bd2842@192.168.1.65
CSeq: 1 MESSAGE
From: "Alice" <sip:alice@192.168.1.65:5071>;tag=639479996
To: "JSR289_TCK" <sip:JSR289_TCK@localhost:5060>
Via: SIP/2.0/UDP 192.168.1.65:5071;branch=somebranchvalue
Max-Forwards: 5
Content-Length: 0

 ===
[2013-04-15 20:28:59,660] TestBase:979 DEBUG - ---The Sip request is:MESSAGE sip:JSR289_TCK@localhost:5060 SIP/2.0
Call-ID: 91729174b90bee51da4cb819e9bd2842@192.168.1.65
CSeq: 1 MESSAGE
From: "Alice" <sip:alice@192.168.1.65:5071>;tag=639479996
To: "JSR289_TCK" <sip:JSR289_TCK@localhost:5060>
Via: SIP/2.0/UDP 192.168.1.65:5071;branch=z9hG4bK04856f61eb5b7884d42fa8d5f8e13042
Max-Forwards: 5
Route: "JSR289_TCK" <sip:JSR289_TCK@localhost:5060;lr>,<sip:localhost:5060;transport=udp;lr>
Application-Name: com.bea.sipservlet.tck.apps.apitestapp
Servlet-Name: SipSession
Method-Name: testGetCallId001
Content-Length: 0

 ---
[2013-04-15 20:29:02,678] SipSessionTest:1008 INFO  - === testGetCreationTime001() ===
[2013-04-15 20:29:02,679] TestBase:351 DEBUG - === created message:MESSAGE sip:JSR289_TCK@localhost:5060 SIP/2.0
Call-ID: b37e552734508e6f3e948a23c41ccf57@192.168.1.65
CSeq: 1 MESSAGE
From: "Alice" <sip:alice@192.168.1.65:5071>;tag=795669464
To: "JSR289_TCK" <sip:JSR289_TCK@localhost:5060>
Via: SIP/2.0/UDP 192.168.1.65:5071;branch=somebranchvalue
Max-Forwards: 5
Content-Length: 0

 ===
[2013-04-15 20:29:02,684] TestBase:979 DEBUG - ---The Sip request is:MESSAGE sip:JSR289_TCK@localhost:5060 SIP/2.0
Call-ID: b37e552734508e6f3e948a23c41ccf57@192.168.1.65
CSeq: 1 MESSAGE
From: "Alice" <sip:alice@192.168.1.65:5071>;tag=795669464
To: "JSR289_TCK" <sip:JSR289_TCK@localhost:5060>
Via: SIP/2.0/UDP 192.168.1.65:5071;branch=z9hG4bK75ffd2a90488c44b3e2fd812f4394f85
Max-Forwards: 5
Route: "JSR289_TCK" <sip:JSR289_TCK@localhost:5060;lr>,<sip:localhost:5060;transport=udp;lr>
Application-Name: com.bea.sipservlet.tck.apps.apitestapp
Servlet-Name: SipSession
Method-Name: testGetCreationTime001
Content-Length: 0

 ---
[2013-04-15 20:29:05,700] SipSessionTest:1008 INFO  - === testGetId001() ===
[2013-04-15 20:29:05,701] TestBase:351 DEBUG - === created message:MESSAGE sip:JSR289_TCK@localhost:5060 SIP/2.0
Call-ID: 7a913f72f9d16634c81908a2828a1ba8@192.168.1.65
CSeq: 1 MESSAGE
From: "Alice" <sip:alice@192.168.1.65:5071>;tag=197072768
To: "JSR289_TCK" <sip:JSR289_TCK@localhost:5060>
Via: SIP/2.0/UDP 192.168.1.65:5071;branch=somebranchvalue
Max-Forwards: 5
Content-Length: 0

 ===
[2013-04-15 20:29:05,705] TestBase:979 DEBUG - ---The Sip request is:MESSAGE sip:JSR289_TCK@localhost:5060 SIP/2.0
Call-ID: 7a913f72f9d16634c81908a2828a1ba8@192.168.1.65
CSeq: 1 MESSAGE
From: "Alice" <sip:alice@192.168.1.65:5071>;tag=197072768
To: "JSR289_TCK" <sip:JSR289_TCK@localhost:5060>
Via: SIP/2.0/UDP 192.168.1.65:5071;branch=z9hG4bK831b720e4ce4c68c8231a14c5cf32d25
Max-Forwards: 5
Route: "JSR289_TCK" <sip:JSR289_TCK@localhost:5060;lr>,<sip:localhost:5060;transport=udp;lr>
Application-Name: com.bea.sipservlet.tck.apps.apitestapp
Servlet-Name: SipSession
Method-Name: testGetId001
Content-Length: 0

 ---
[2013-04-15 20:29:08,721] SipSessionTest:1008 INFO  - === testGetSetInvalidateWhenReady001() ===
SIPUNIT TRACE:  1366054148750  INVITE after sending out through stack..........
SIPUNIT TRACE:  1366054148750  INVITE sip:JSR289_TCK@localhost:5060 SIP/2.0
Call-ID: 4ab76a14792bd67347462987f66a6204@192.168.1.65
CSeq: 1 INVITE
From: <sip:alice@192.168.1.65>;tag=35732144
To: <sip:JSR289_TCK@localhost:5060>
Via: SIP/2.0/UDP 192.168.1.65:5071;branch=z9hG4bKfadde6afc1fc8fc5508b2ed14057bac5
Max-Forwards: 70
Contact: <sip:alice@192.168.1.65:5071;transport=udp;lr>
Route: <sip:localhost:5060;transport=udp;lr>
Application-Name: com.bea.sipservlet.tck.apps.apitestapp
Servlet-Name: SipSession
Method-Name: testGetSetInvalidateWhenReady001
private-uri: sip:alice@192.168.1.65:5071
Content-Length: 0


SIPUNIT TRACE:  1366054148750  RouteHeader address: <sip:localhost:5060;transport=udp;lr>
SIPUNIT TRACE:  1366054148767  Outgoing call response received: SIP/2.0 100 Trying
To: <sip:JSR289_TCK@localhost:5060>
From: <sip:alice@192.168.1.65>;tag=35732144
Via: SIP/2.0/UDP 192.168.1.65:5071;branch=z9hG4bKfadde6afc1fc8fc5508b2ed14057bac5
Call-ID: 4ab76a14792bd67347462987f66a6204@192.168.1.65
Server: Elaina
CSeq: 1 INVITE
Content-Length: 0


SIPUNIT TRACE:  1366054148770  Outgoing call response received: SIP/2.0 200 OK
To: <sip:JSR289_TCK@localhost:5060>;tag=gsfgobfz9k
From: <sip:alice@192.168.1.65>;tag=35732144
Via: SIP/2.0/UDP 192.168.1.65:5071;branch=z9hG4bKfadde6afc1fc8fc5508b2ed14057bac5
Call-ID: 4ab76a14792bd67347462987f66a6204@192.168.1.65
Server: Elaina
CSeq: 1 INVITE
Content-Length: 0


SIPUNIT TRACE:  1366054148886  Asynchronous response received: SIP/2.0 200 OK
To: <sip:JSR289_TCK@localhost:5060>;tag=gsfgobfz9k
From: <sip:alice@192.168.1.65>;tag=35732144
Via: SIP/2.0/UDP 192.168.1.65:5071;branch=z9hG4bKaf03841c9b41db62bcd4abbb2c11daa9
Call-ID: 4ab76a14792bd67347462987f66a6204@192.168.1.65
Server: Elaina
CSeq: 2 BYE
Content-Length: 0


SIPUNIT TRACE:  1366054149382  SS.waitRequest() - about to block, waiting
SIPUNIT TRACE:  1366054159383  SS.waitRequest() - we've come out of the block
SIPUNIT TRACE:  1366054159383  SS.waitRequest() - either we got the request, or timed out
[2013-04-15 20:29:22,401] SipSessionTest:1008 INFO  - === testGetInvalidateWhenReady101() ===
[2013-04-15 20:29:22,402] TestBase:351 DEBUG - === created message:MESSAGE sip:JSR289_TCK@localhost:5060 SIP/2.0
Call-ID: 0db3589ea5e4bf59931b92d1be120b9b@192.168.1.65
CSeq: 1 MESSAGE
From: "Alice" <sip:alice@192.168.1.65:5071>;tag=1512524719
To: "JSR289_TCK" <sip:JSR289_TCK@localhost:5060>
Via: SIP/2.0/UDP 192.168.1.65:5071;branch=somebranchvalue
Max-Forwards: 5
Content-Length: 0

 ===
[2013-04-15 20:29:22,407] TestBase:979 DEBUG - ---The Sip request is:MESSAGE sip:JSR289_TCK@localhost:5060 SIP/2.0
Call-ID: 0db3589ea5e4bf59931b92d1be120b9b@192.168.1.65
CSeq: 1 MESSAGE
From: "Alice" <sip:alice@192.168.1.65:5071>;tag=1512524719
To: "JSR289_TCK" <sip:JSR289_TCK@localhost:5060>
Via: SIP/2.0/UDP 192.168.1.65:5071;branch=z9hG4bK3fc248bfc46a1a509e181e7da14326c7
Max-Forwards: 5
Route: "JSR289_TCK" <sip:JSR289_TCK@localhost:5060;lr>,<sip:localhost:5060;transport=udp;lr>
Application-Name: com.bea.sipservlet.tck.apps.apitestapp
Servlet-Name: SipSession
Method-Name: testGetInvalidateWhenReady101
Content-Length: 0

 ---
[2013-04-15 20:29:25,423] SipSessionTest:1008 INFO  - === testSetInvalidateWhenReady101() ===
[2013-04-15 20:29:25,424] TestBase:351 DEBUG - === created message:MESSAGE sip:JSR289_TCK@localhost:5060 SIP/2.0
Call-ID: be9f953bd2c07787dd6fa721c218cd5e@192.168.1.65
CSeq: 1 MESSAGE
From: "Alice" <sip:alice@192.168.1.65:5071>;tag=641873252
To: "JSR289_TCK" <sip:JSR289_TCK@localhost:5060>
Via: SIP/2.0/UDP 192.168.1.65:5071;branch=somebranchvalue
Max-Forwards: 5
Content-Length: 0

 ===
[2013-04-15 20:29:25,428] TestBase:979 DEBUG - ---The Sip request is:MESSAGE sip:JSR289_TCK@localhost:5060 SIP/2.0
Call-ID: be9f953bd2c07787dd6fa721c218cd5e@192.168.1.65
CSeq: 1 MESSAGE
From: "Alice" <sip:alice@192.168.1.65:5071>;tag=641873252
To: "JSR289_TCK" <sip:JSR289_TCK@localhost:5060>
Via: SIP/2.0/UDP 192.168.1.65:5071;branch=z9hG4bK35c15455ec30ee43c0767faf361bd4d1
Max-Forwards: 5
Route: "JSR289_TCK" <sip:JSR289_TCK@localhost:5060;lr>,<sip:localhost:5060;transport=udp;lr>
Application-Name: com.bea.sipservlet.tck.apps.apitestapp
Servlet-Name: SipSession
Method-Name: testSetInvalidateWhenReady101
Content-Length: 0

 ---
[2013-04-15 20:29:28,445] SipSessionTest:1008 INFO  - === testGetLastAccessedTime001() ===
[2013-04-15 20:29:28,446] TestBase:351 DEBUG - === created message:MESSAGE sip:JSR289_TCK@localhost:5060 SIP/2.0
Call-ID: 48dc02c08e848d84f970005e05d7b98b@192.168.1.65
CSeq: 1 MESSAGE
From: "Alice" <sip:alice@192.168.1.65:5071>;tag=265588751
To: "JSR289_TCK" <sip:JSR289_TCK@localhost:5060>
Via: SIP/2.0/UDP 192.168.1.65:5071;branch=somebranchvalue
Max-Forwards: 5
Content-Length: 0

 ===
[2013-04-15 20:29:28,449] TestBase:979 DEBUG - ---The Sip request is:MESSAGE sip:JSR289_TCK@localhost:5060 SIP/2.0
Call-ID: 48dc02c08e848d84f970005e05d7b98b@192.168.1.65
CSeq: 1 MESSAGE
From: "Alice" <sip:alice@192.168.1.65:5071>;tag=265588751
To: "JSR289_TCK" <sip:JSR289_TCK@localhost:5060>
Via: SIP/2.0/UDP 192.168.1.65:5071;branch=z9hG4bK8d59a05f0e64699cc004ec3cfc480727
Max-Forwards: 5
Route: "JSR289_TCK" <sip:JSR289_TCK@localhost:5060;lr>,<sip:localhost:5060;transport=udp;lr>
Application-Name: com.bea.sipservlet.tck.apps.apitestapp
Servlet-Name: SipSession
Method-Name: testGetLastAccessedTime001
Content-Length: 0

 ---
[2013-04-15 20:29:31,465] SipSessionTest:1008 INFO  - === testGetLocalParty001() ===
[2013-04-15 20:29:31,466] TestBase:351 DEBUG - === created message:MESSAGE sip:JSR289_TCK@localhost:5060 SIP/2.0
Call-ID: 8c277d5826a4e0d5f1ada2e1297a55e7@192.168.1.65
CSeq: 1 MESSAGE
From: "Alice" <sip:alice@192.168.1.65:5071>;tag=1136240218
To: "JSR289_TCK" <sip:JSR289_TCK@localhost:5060>
Via: SIP/2.0/UDP 192.168.1.65:5071;branch=somebranchvalue
Max-Forwards: 5
Content-Length: 0

 ===
[2013-04-15 20:29:31,470] TestBase:979 DEBUG - ---The Sip request is:MESSAGE sip:JSR289_TCK@localhost:5060 SIP/2.0
Call-ID: 8c277d5826a4e0d5f1ada2e1297a55e7@192.168.1.65
CSeq: 1 MESSAGE
From: "Alice" <sip:alice@192.168.1.65:5071>;tag=1136240218
To: "JSR289_TCK" <sip:JSR289_TCK@localhost:5060>
Via: SIP/2.0/UDP 192.168.1.65:5071;branch=z9hG4bK5101261b7c7515e39b7748d2dd3156bd
Max-Forwards: 5
Route: "JSR289_TCK" <sip:JSR289_TCK@localhost:5060;lr>,<sip:localhost:5060;transport=udp;lr>
Application-Name: com.bea.sipservlet.tck.apps.apitestapp
Servlet-Name: SipSession
Method-Name: testGetLocalParty001
Content-Length: 0

 ---
[2013-04-15 20:29:34,494] SipSessionTest:1008 INFO  - === testGetRemoteParty001() ===
[2013-04-15 20:29:34,495] TestBase:351 DEBUG - === created message:MESSAGE sip:JSR289_TCK@localhost:5060 SIP/2.0
Call-ID: b4b19e0c066395f8f023f2ec12cfadc3@192.168.1.65
CSeq: 1 MESSAGE
From: "Alice" <sip:alice@192.168.1.65:5071>;tag=1006243681
To: "JSR289_TCK" <sip:JSR289_TCK@localhost:5060>
Via: SIP/2.0/UDP 192.168.1.65:5071;branch=somebranchvalue
Max-Forwards: 5
Content-Length: 0

 ===
[2013-04-15 20:29:34,499] TestBase:979 DEBUG - ---The Sip request is:MESSAGE sip:JSR289_TCK@localhost:5060 SIP/2.0
Call-ID: b4b19e0c066395f8f023f2ec12cfadc3@192.168.1.65
CSeq: 1 MESSAGE
From: "Alice" <sip:alice@192.168.1.65:5071>;tag=1006243681
To: "JSR289_TCK" <sip:JSR289_TCK@localhost:5060>
Via: SIP/2.0/UDP 192.168.1.65:5071;branch=z9hG4bKf863c1761602e3a9be11818f21dd58fd
Max-Forwards: 5
Route: "JSR289_TCK" <sip:JSR289_TCK@localhost:5060;lr>,<sip:localhost:5060;transport=udp;lr>
Application-Name: com.bea.sipservlet.tck.apps.apitestapp
Servlet-Name: SipSession
Method-Name: testGetRemoteParty001
Content-Length: 0

 ---
[2013-04-15 20:29:37,525] SipSessionTest:1008 INFO  - === testGetState001() ===
SIPUNIT TRACE:  1366054177542  INVITE after sending out through stack..........
SIPUNIT TRACE:  1366054177542  INVITE sip:JSR289_TCK@localhost:5060 SIP/2.0
Call-ID: a40dff86ae58822cafab37e1489604f6@192.168.1.65
CSeq: 1 INVITE
From: <sip:alice@192.168.1.65>;tag=2037848997
To: <sip:JSR289_TCK@localhost:5060>
Via: SIP/2.0/UDP 192.168.1.65:5071;branch=z9hG4bK192f630ffd594a01b2114c1eee401877
Max-Forwards: 70
Contact: <sip:alice@192.168.1.65:5071;transport=udp;lr>
Route: <sip:localhost:5060;transport=udp;lr>
Application-Name: com.bea.sipservlet.tck.apps.apitestapp
Servlet-Name: SipSession
Method-Name: testGetState001
private-uri: sip:alice@192.168.1.65:5071
Content-Length: 0


SIPUNIT TRACE:  1366054177542  RouteHeader address: <sip:localhost:5060;transport=udp;lr>
SIPUNIT TRACE:  1366054177557  Outgoing call response received: SIP/2.0 100 Trying
To: <sip:JSR289_TCK@localhost:5060>
From: <sip:alice@192.168.1.65>;tag=2037848997
Via: SIP/2.0/UDP 192.168.1.65:5071;branch=z9hG4bK192f630ffd594a01b2114c1eee401877
Call-ID: a40dff86ae58822cafab37e1489604f6@192.168.1.65
Server: Elaina
CSeq: 1 INVITE
Content-Length: 0


SIPUNIT TRACE:  1366054177562  Outgoing call response received: SIP/2.0 200 OK
To: <sip:JSR289_TCK@localhost:5060>;tag=3mhdqjjtyy
From: <sip:alice@192.168.1.65>;tag=2037848997
Via: SIP/2.0/UDP 192.168.1.65:5071;branch=z9hG4bK192f630ffd594a01b2114c1eee401877
Call-ID: a40dff86ae58822cafab37e1489604f6@192.168.1.65
Server: Elaina
CSeq: 1 INVITE
Content-Length: 0


SIPUNIT TRACE:  1366054177679  Asynchronous response received: SIP/2.0 200 OK
To: <sip:JSR289_TCK@localhost:5060>;tag=3mhdqjjtyy
From: <sip:alice@192.168.1.65>;tag=2037848997
Via: SIP/2.0/UDP 192.168.1.65:5071;branch=z9hG4bK4354e250eb2b95a8636a2ac4cd7e1c3e
Call-ID: a40dff86ae58822cafab37e1489604f6@192.168.1.65
Server: Elaina
CSeq: 2 BYE
Content-Length: 0


SIPUNIT TRACE:  1366054178173  SS.waitRequest() - about to block, waiting
SIPUNIT TRACE:  1366054188174  SS.waitRequest() - we've come out of the block
SIPUNIT TRACE:  1366054188174  SS.waitRequest() - either we got the request, or timed out
[2013-04-15 20:29:51,187] SipSessionTest:1008 INFO  - === testGetSetRemoveAttribute001() ===
[2013-04-15 20:29:51,187] TestBase:351 DEBUG - === created message:MESSAGE sip:JSR289_TCK@localhost:5060 SIP/2.0
Call-ID: 22567ac71513032a31abb9de0fabc2a8@192.168.1.65
CSeq: 1 MESSAGE
From: "Alice" <sip:alice@192.168.1.65:5071>;tag=1694241466
To: "JSR289_TCK" <sip:JSR289_TCK@localhost:5060>
Via: SIP/2.0/UDP 192.168.1.65:5071;branch=somebranchvalue
Max-Forwards: 5
Content-Length: 0

 ===
[2013-04-15 20:29:51,192] TestBase:979 DEBUG - ---The Sip request is:MESSAGE sip:JSR289_TCK@localhost:5060 SIP/2.0
Call-ID: 22567ac71513032a31abb9de0fabc2a8@192.168.1.65
CSeq: 1 MESSAGE
From: "Alice" <sip:alice@192.168.1.65:5071>;tag=1694241466
To: "JSR289_TCK" <sip:JSR289_TCK@localhost:5060>
Via: SIP/2.0/UDP 192.168.1.65:5071;branch=z9hG4bKf295c287bb0a4f66c49ddd75b791397d
Max-Forwards: 5
Route: "JSR289_TCK" <sip:JSR289_TCK@localhost:5060;lr>,<sip:localhost:5060;transport=udp;lr>
Application-Name: com.bea.sipservlet.tck.apps.apitestapp
Servlet-Name: SipSession
Method-Name: testGetSetRemoveAttribute001
Content-Length: 0

 ---
[2013-04-15 20:29:54,206] SipSessionTest:1008 INFO  - === testGetAttribute101() ===
[2013-04-15 20:29:54,207] TestBase:351 DEBUG - === created message:MESSAGE sip:JSR289_TCK@localhost:5060 SIP/2.0
Call-ID: 1053722d3a97dc2bcaf95256fcbbb95e@192.168.1.65
CSeq: 1 MESSAGE
From: "Alice" <sip:alice@192.168.1.65:5071>;tag=205786677
To: "JSR289_TCK" <sip:JSR289_TCK@localhost:5060>
Via: SIP/2.0/UDP 192.168.1.65:5071;branch=somebranchvalue
Max-Forwards: 5
Content-Length: 0

 ===
[2013-04-15 20:29:54,212] TestBase:979 DEBUG - ---The Sip request is:MESSAGE sip:JSR289_TCK@localhost:5060 SIP/2.0
Call-ID: 1053722d3a97dc2bcaf95256fcbbb95e@192.168.1.65
CSeq: 1 MESSAGE
From: "Alice" <sip:alice@192.168.1.65:5071>;tag=205786677
To: "JSR289_TCK" <sip:JSR289_TCK@localhost:5060>
Via: SIP/2.0/UDP 192.168.1.65:5071;branch=z9hG4bK297a2144f67039247bcc87dfce251ce4
Max-Forwards: 5
Route: "JSR289_TCK" <sip:JSR289_TCK@localhost:5060;lr>,<sip:localhost:5060;transport=udp;lr>
Application-Name: com.bea.sipservlet.tck.apps.apitestapp
Servlet-Name: SipSession
Method-Name: testGetAttribute101
Content-Length: 0

 ---
[2013-04-15 20:29:57,229] SipSessionTest:1008 INFO  - === testGetAttribute102() ===
[2013-04-15 20:29:57,229] TestBase:351 DEBUG - === created message:MESSAGE sip:JSR289_TCK@localhost:5060 SIP/2.0
Call-ID: 320d20d21459d748d2cd388dd2b4e73a@192.168.1.65
CSeq: 1 MESSAGE
From: "Alice" <sip:alice@192.168.1.65:5071>;tag=1469310797
To: "JSR289_TCK" <sip:JSR289_TCK@localhost:5060>
Via: SIP/2.0/UDP 192.168.1.65:5071;branch=somebranchvalue
Max-Forwards: 5
Content-Length: 0

 ===
[2013-04-15 20:29:57,234] TestBase:979 DEBUG - ---The Sip request is:MESSAGE sip:JSR289_TCK@localhost:5060 SIP/2.0
Call-ID: 320d20d21459d748d2cd388dd2b4e73a@192.168.1.65
CSeq: 1 MESSAGE
From: "Alice" <sip:alice@192.168.1.65:5071>;tag=1469310797
To: "JSR289_TCK" <sip:JSR289_TCK@localhost:5060>
Via: SIP/2.0/UDP 192.168.1.65:5071;branch=z9hG4bK4a1d4a604bdb430ebd4ac18edd8e027d
Max-Forwards: 5
Route: "JSR289_TCK" <sip:JSR289_TCK@localhost:5060;lr>,<sip:localhost:5060;transport=udp;lr>
Application-Name: com.bea.sipservlet.tck.apps.apitestapp
Servlet-Name: SipSession
Method-Name: testGetAttribute102
Content-Length: 0

 ---
[2013-04-15 20:30:00,249] SipSessionTest:1008 INFO  - === testSetAttribute101() ===
[2013-04-15 20:30:00,249] TestBase:351 DEBUG - === created message:MESSAGE sip:JSR289_TCK@localhost:5060 SIP/2.0
Call-ID: b34a3aad2a34aafa0abb0d5ae03a0ee1@192.168.1.65
CSeq: 1 MESSAGE
From: "Alice" <sip:alice@192.168.1.65:5071>;tag=650898170
To: "JSR289_TCK" <sip:JSR289_TCK@localhost:5060>
Via: SIP/2.0/UDP 192.168.1.65:5071;branch=somebranchvalue
Max-Forwards: 5
Content-Length: 0

 ===
[2013-04-15 20:30:00,254] TestBase:979 DEBUG - ---The Sip request is:MESSAGE sip:JSR289_TCK@localhost:5060 SIP/2.0
Call-ID: b34a3aad2a34aafa0abb0d5ae03a0ee1@192.168.1.65
CSeq: 1 MESSAGE
From: "Alice" <sip:alice@192.168.1.65:5071>;tag=650898170
To: "JSR289_TCK" <sip:JSR289_TCK@localhost:5060>
Via: SIP/2.0/UDP 192.168.1.65:5071;branch=z9hG4bKa169ff43b05abe31bd1efae58a345750
Max-Forwards: 5
Route: "JSR289_TCK" <sip:JSR289_TCK@localhost:5060;lr>,<sip:localhost:5060;transport=udp;lr>
Application-Name: com.bea.sipservlet.tck.apps.apitestapp
Servlet-Name: SipSession
Method-Name: testSetAttribute101
Content-Length: 0

 ---
[2013-04-15 20:30:03,269] SipSessionTest:1008 INFO  - === testCreateRequest001() ===
[2013-04-15 20:30:03,270] TestBase:351 DEBUG - === created message:MESSAGE sip:JSR289_TCK@localhost:5060 SIP/2.0
Call-ID: 64a0bdb6792d6f149982d1e85ddbe961@192.168.1.65
CSeq: 1 MESSAGE
From: "Alice" <sip:alice@192.168.1.65:5071>;tag=58607590
To: "JSR289_TCK" <sip:JSR289_TCK@localhost:5060>
Via: SIP/2.0/UDP 192.168.1.65:5071;branch=somebranchvalue
Max-Forwards: 5
Content-Length: 0

 ===
[2013-04-15 20:30:03,274] TestBase:979 DEBUG - ---The Sip request is:MESSAGE sip:JSR289_TCK@localhost:5060 SIP/2.0
Call-ID: 64a0bdb6792d6f149982d1e85ddbe961@192.168.1.65
CSeq: 1 MESSAGE
From: "Alice" <sip:alice@192.168.1.65:5071>;tag=58607590
To: "JSR289_TCK" <sip:JSR289_TCK@localhost:5060>
Via: SIP/2.0/UDP 192.168.1.65:5071;branch=z9hG4bK8811bf07224e4e51fb50773ab7244b0d
Max-Forwards: 5
Route: "JSR289_TCK" <sip:JSR289_TCK@localhost:5060;lr>,<sip:localhost:5060;transport=udp;lr>
Application-Name: com.bea.sipservlet.tck.apps.apitestapp
Servlet-Name: SipSession
Method-Name: testCreateRequest001
Content-Length: 0

 ---
[2013-04-15 20:30:06,297] SipSessionTest:1008 INFO  - === testCreateRequest101() ===
SIPUNIT TRACE:  1366054206302  INVITE after sending out through stack..........
SIPUNIT TRACE:  1366054206303  INVITE sip:JSR289_TCK@localhost:5060 SIP/2.0
Call-ID: 73731f2b7a69d56d6d58d08458a8d34e@192.168.1.65
CSeq: 1 INVITE
From: <sip:alice@192.168.1.65>;tag=1994273713
To: <sip:JSR289_TCK@localhost:5060>
Via: SIP/2.0/UDP 192.168.1.65:5071;branch=z9hG4bK009a8b0222f2724145571b9657e7db8e
Max-Forwards: 70
Contact: <sip:alice@192.168.1.65:5071;transport=udp;lr>
Route: <sip:localhost:5060;transport=udp;lr>
Servlet-Name: SipSession
Method-Name: testCreateRequest101
Application-Name: com.bea.sipservlet.tck.apps.apitestapp
Content-Length: 0


SIPUNIT TRACE:  1366054206303  RouteHeader address: <sip:localhost:5060;transport=udp;lr>
SIPUNIT TRACE:  1366054206309  Outgoing call response received: SIP/2.0 100 Trying
To: <sip:JSR289_TCK@localhost:5060>
From: <sip:alice@192.168.1.65>;tag=1994273713
Via: SIP/2.0/UDP 192.168.1.65:5071;branch=z9hG4bK009a8b0222f2724145571b9657e7db8e
Call-ID: 73731f2b7a69d56d6d58d08458a8d34e@192.168.1.65
Server: Elaina
CSeq: 1 INVITE
Content-Length: 0


SIPUNIT TRACE:  1366054206313  Outgoing call response received: SIP/2.0 200 200OK for INVITE.
To: <sip:JSR289_TCK@localhost:5060>;tag=5sfwajt.j+
From: <sip:alice@192.168.1.65>;tag=1994273713
Via: SIP/2.0/UDP 192.168.1.65:5071;branch=z9hG4bK009a8b0222f2724145571b9657e7db8e
Call-ID: 73731f2b7a69d56d6d58d08458a8d34e@192.168.1.65
Server: Elaina
CSeq: 1 INVITE
Content-Length: 0


[2013-04-15 20:30:09,435] SipSessionTest:1008 INFO  - === testCreateRequest102() ===
[2013-04-15 20:30:09,435] TestBase:351 DEBUG - === created message:MESSAGE sip:JSR289_TCK@localhost:5060 SIP/2.0
Call-ID: f1f771b18874c331e9a2f5bb59f09cef@192.168.1.65
CSeq: 1 MESSAGE
From: "Alice" <sip:alice@192.168.1.65:5071>;tag=1080326442
To: "JSR289_TCK" <sip:JSR289_TCK@localhost:5060>
Via: SIP/2.0/UDP 192.168.1.65:5071;branch=somebranchvalue
Max-Forwards: 5
Content-Length: 0

 ===
[2013-04-15 20:30:09,440] TestBase:979 DEBUG - ---The Sip request is:MESSAGE sip:JSR289_TCK@localhost:5060 SIP/2.0
Call-ID: f1f771b18874c331e9a2f5bb59f09cef@192.168.1.65
CSeq: 1 MESSAGE
From: "Alice" <sip:alice@192.168.1.65:5071>;tag=1080326442
To: "JSR289_TCK" <sip:JSR289_TCK@localhost:5060>
Via: SIP/2.0/UDP 192.168.1.65:5071;branch=z9hG4bK0d478deb6406684ed46b13fa36c045c6
Max-Forwards: 5
Route: "JSR289_TCK" <sip:JSR289_TCK@localhost:5060;lr>,<sip:localhost:5060;transport=udp;lr>
Application-Name: com.bea.sipservlet.tck.apps.apitestapp
Servlet-Name: SipSession
Method-Name: testCreateRequest102
Content-Length: 0

 ---
[2013-04-15 20:30:12,463] SipSessionTest:1008 INFO  - === testGetApplicationSession001() ===
[2013-04-15 20:30:12,464] TestBase:351 DEBUG - === created message:MESSAGE sip:JSR289_TCK@localhost:5060 SIP/2.0
Call-ID: 1548c6297ae7df49c33c719eeb4002e7@192.168.1.65
CSeq: 1 MESSAGE
From: "Alice" <sip:alice@192.168.1.65:5071>;tag=1721331983
To: "JSR289_TCK" <sip:JSR289_TCK@localhost:5060>
Via: SIP/2.0/UDP 192.168.1.65:5071;branch=somebranchvalue
Max-Forwards: 5
Content-Length: 0

 ===
[2013-04-15 20:30:12,467] TestBase:979 DEBUG - ---The Sip request is:MESSAGE sip:JSR289_TCK@localhost:5060 SIP/2.0
Call-ID: 1548c6297ae7df49c33c719eeb4002e7@192.168.1.65
CSeq: 1 MESSAGE
From: "Alice" <sip:alice@192.168.1.65:5071>;tag=1721331983
To: "JSR289_TCK" <sip:JSR289_TCK@localhost:5060>
Via: SIP/2.0/UDP 192.168.1.65:5071;branch=z9hG4bK9b41815ef5b1fcadbe5c47775fc4e4f7
Max-Forwards: 5
Route: "JSR289_TCK" <sip:JSR289_TCK@localhost:5060;lr>,<sip:localhost:5060;transport=udp;lr>
Application-Name: com.bea.sipservlet.tck.apps.apitestapp
Servlet-Name: SipSession
Method-Name: testGetApplicationSession001
Content-Length: 0

 ---
[2013-04-15 20:30:15,482] SipSessionTest:1008 INFO  - === testGetState101() ===
[2013-04-15 20:30:15,483] TestBase:351 DEBUG - === created message:MESSAGE sip:JSR289_TCK@localhost:5060 SIP/2.0
Call-ID: 2107abbd88a26df68bca30da816711a2@192.168.1.65
CSeq: 1 MESSAGE
From: "Alice" <sip:alice@192.168.1.65:5071>;tag=2025844245
To: "JSR289_TCK" <sip:JSR289_TCK@localhost:5060>
Via: SIP/2.0/UDP 192.168.1.65:5071;branch=somebranchvalue
Max-Forwards: 5
Content-Length: 0

 ===
[2013-04-15 20:30:15,487] TestBase:979 DEBUG - ---The Sip request is:MESSAGE sip:JSR289_TCK@localhost:5060 SIP/2.0
Call-ID: 2107abbd88a26df68bca30da816711a2@192.168.1.65
CSeq: 1 MESSAGE
From: "Alice" <sip:alice@192.168.1.65:5071>;tag=2025844245
To: "JSR289_TCK" <sip:JSR289_TCK@localhost:5060>
Via: SIP/2.0/UDP 192.168.1.65:5071;branch=z9hG4bK9261b305c178e99706b711455e538948
Max-Forwards: 5
Route: "JSR289_TCK" <sip:JSR289_TCK@localhost:5060;lr>,<sip:localhost:5060;transport=udp;lr>
Application-Name: com.bea.sipservlet.tck.apps.apitestapp
Servlet-Name: SipSession
Method-Name: testGetState101
Content-Length: 0

 ---
[2013-04-15 20:30:18,504] SipSessionTest:1008 INFO  - === testInvalidate001() ===
[2013-04-15 20:30:18,505] TestBase:351 DEBUG - === created message:MESSAGE sip:JSR289_TCK@localhost:5060 SIP/2.0
Call-ID: ba6436fa59f1c931d341731711b2fc50@192.168.1.65
CSeq: 1 MESSAGE
From: "Alice" <sip:alice@192.168.1.65:5071>;tag=236470248
To: "JSR289_TCK" <sip:JSR289_TCK@localhost:5060>
Via: SIP/2.0/UDP 192.168.1.65:5071;branch=somebranchvalue
Max-Forwards: 5
Content-Length: 0

 ===
[2013-04-15 20:30:18,508] TestBase:979 DEBUG - ---The Sip request is:MESSAGE sip:JSR289_TCK@localhost:5060 SIP/2.0
Call-ID: ba6436fa59f1c931d341731711b2fc50@192.168.1.65
CSeq: 1 MESSAGE
From: "Alice" <sip:alice@192.168.1.65:5071>;tag=236470248
To: "JSR289_TCK" <sip:JSR289_TCK@localhost:5060>
Via: SIP/2.0/UDP 192.168.1.65:5071;branch=z9hG4bK99cd9fff38e6f259780ba5b4807369f6
Max-Forwards: 5
Route: "JSR289_TCK" <sip:JSR289_TCK@localhost:5060;lr>,<sip:localhost:5060;transport=udp;lr>
Application-Name: com.bea.sipservlet.tck.apps.apitestapp
Servlet-Name: SipSession
Method-Name: testInvalidate001
private-uri: sip:alice@192.168.1.65:5071
Content-Length: 0

 ---
SIPUNIT TRACE:  1366054218509  SS.waitRequest() - about to block, waiting
SIPUNIT TRACE:  1366054218519  SipStack: request received !
SIPUNIT TRACE:  1366054218519  SipStack: calling listener
SIPUNIT TRACE:  1366054218519  SipSession: request received !
SIPUNIT TRACE:  1366054218519       me ('To' check) = sip:alice@192.168.1.65
SIPUNIT TRACE:  1366054218519       my local contact info ('Request URI' check) = sip:alice@192.168.1.65:5071;transport=udp;lr
SIPUNIT TRACE:  1366054218519       MESSAGE sip:alice@192.168.1.65:5071 SIP/2.0
To: <sip:alice@192.168.1.65:5071>
From: "JSR289_TCK" <sip:JSR289_TCK@localhost:5060>;tag=knnz9a0j1j
Via: SIP/2.0/UDP 192.168.1.65:5060;branch=z9hG4bK7evwm7ac7p5zefa.e2b7hn798.._qx;maddr=192.168.1.65
Call-ID: kkdai7a5f-4ummcal0uv
Max-Forwards: 70
CSeq: 11023 MESSAGE
Content-Length: 0


SIPUNIT TRACE:  1366054218520  SipSession: notifying block object
SIPUNIT TRACE:  1366054218520  SS.waitRequest() - we've come out of the block
SIPUNIT TRACE:  1366054218520  SS.waitRequest() - either we got the request, or timed out
[2013-04-15 20:30:21,534] SipSessionTest:1008 INFO  - === testInvalidate101() ===
[2013-04-15 20:30:21,534] TestBase:351 DEBUG - === created message:MESSAGE sip:JSR289_TCK@localhost:5060 SIP/2.0
Call-ID: 19858b8164c4a606ba7abc05a62ce57c@192.168.1.65
CSeq: 1 MESSAGE
From: "Alice" <sip:alice@192.168.1.65:5071>;tag=827601357
To: "JSR289_TCK" <sip:JSR289_TCK@localhost:5060>
Via: SIP/2.0/UDP 192.168.1.65:5071;branch=somebranchvalue
Max-Forwards: 5
Content-Length: 0

 ===
[2013-04-15 20:30:21,539] TestBase:979 DEBUG - ---The Sip request is:MESSAGE sip:JSR289_TCK@localhost:5060 SIP/2.0
Call-ID: 19858b8164c4a606ba7abc05a62ce57c@192.168.1.65
CSeq: 1 MESSAGE
From: "Alice" <sip:alice@192.168.1.65:5071>;tag=827601357
To: "JSR289_TCK" <sip:JSR289_TCK@localhost:5060>
Via: SIP/2.0/UDP 192.168.1.65:5071;branch=z9hG4bKde9b49cf764213a07fe3f6949afedde4
Max-Forwards: 5
Route: "JSR289_TCK" <sip:JSR289_TCK@localhost:5060;lr>,<sip:localhost:5060;transport=udp;lr>
Application-Name: com.bea.sipservlet.tck.apps.apitestapp
Servlet-Name: SipSession
Method-Name: testInvalidate101
Content-Length: 0

 ---
[2013-04-15 20:30:24,555] SipSessionTest:1008 INFO  - === testIsReadyToInvalidate001() ===
SIPUNIT TRACE:  1366054224572  INVITE after sending out through stack..........
SIPUNIT TRACE:  1366054224572  INVITE sip:JSR289_TCK@localhost:5060 SIP/2.0
Call-ID: 7c79e8e6787690480164e0bdc50464d7@192.168.1.65
CSeq: 1 INVITE
From: <sip:alice@192.168.1.65>;tag=749849775
To: <sip:JSR289_TCK@localhost:5060>
Via: SIP/2.0/UDP 192.168.1.65:5071;branch=z9hG4bK5351a2f419dec81acb10fbcd963eb280
Max-Forwards: 70
Contact: <sip:alice@192.168.1.65:5071;transport=udp;lr>
Route: <sip:localhost:5060;transport=udp;lr>
Application-Name: com.bea.sipservlet.tck.apps.apitestapp
Servlet-Name: SipSession
Method-Name: testIsReadyToInvalidate001
private-uri: sip:alice@192.168.1.65:5071
Content-Length: 0


SIPUNIT TRACE:  1366054224572  RouteHeader address: <sip:localhost:5060;transport=udp;lr>
SIPUNIT TRACE:  1366054224578  Outgoing call response received: SIP/2.0 100 Trying
To: <sip:JSR289_TCK@localhost:5060>
From: <sip:alice@192.168.1.65>;tag=749849775
Via: SIP/2.0/UDP 192.168.1.65:5071;branch=z9hG4bK5351a2f419dec81acb10fbcd963eb280
Call-ID: 7c79e8e6787690480164e0bdc50464d7@192.168.1.65
Server: Elaina
CSeq: 1 INVITE
Content-Length: 0


SIPUNIT TRACE:  1366054224593  Outgoing call response received: SIP/2.0 500 Server Internal Error
To: <sip:JSR289_TCK@localhost:5060>;tag=+60o95d.zp
From: <sip:alice@192.168.1.65>;tag=749849775
Via: SIP/2.0/UDP 192.168.1.65:5071;branch=z9hG4bK5351a2f419dec81acb10fbcd963eb280
Call-ID: 7c79e8e6787690480164e0bdc50464d7@192.168.1.65
Server: Elaina
CSeq: 1 INVITE
Content-Length: 0


[2013-04-15 20:30:27,602] SipSessionTest:1008 INFO  - === testIsReadyToInvalidate101() ===
[2013-04-15 20:30:27,603] TestBase:351 DEBUG - === created message:MESSAGE sip:JSR289_TCK@localhost:5060 SIP/2.0
Call-ID: b3f6818d1d7eb64e9e92b2527ab0baff@192.168.1.65
CSeq: 1 MESSAGE
From: "Alice" <sip:alice@192.168.1.65:5071>;tag=1341872731
To: "JSR289_TCK" <sip:JSR289_TCK@localhost:5060>
Via: SIP/2.0/UDP 192.168.1.65:5071;branch=somebranchvalue
Max-Forwards: 5
Content-Length: 0

 ===
[2013-04-15 20:30:27,607] TestBase:979 DEBUG - ---The Sip request is:MESSAGE sip:JSR289_TCK@localhost:5060 SIP/2.0
Call-ID: b3f6818d1d7eb64e9e92b2527ab0baff@192.168.1.65
CSeq: 1 MESSAGE
From: "Alice" <sip:alice@192.168.1.65:5071>;tag=1341872731
To: "JSR289_TCK" <sip:JSR289_TCK@localhost:5060>
Via: SIP/2.0/UDP 192.168.1.65:5071;branch=z9hG4bKd410fe0e35e6e233f9ac070d8f78e6bc
Max-Forwards: 5
Route: "JSR289_TCK" <sip:JSR289_TCK@localhost:5060;lr>,<sip:localhost:5060;transport=udp;lr>
Application-Name: com.bea.sipservlet.tck.apps.apitestapp
Servlet-Name: SipSession
Method-Name: testIsReadyToInvalidate101
Content-Length: 0

 ---
[2013-04-15 20:30:30,632] SipSessionTest:1008 INFO  - === testIsValid001() ===
SIPUNIT TRACE:  1366054230648  INVITE after sending out through stack..........
SIPUNIT TRACE:  1366054230648  INVITE sip:JSR289_TCK@localhost:5060 SIP/2.0
Call-ID: ece1f53b281b00831cd5ca90a7977e7c@192.168.1.65
CSeq: 1 INVITE
From: <sip:alice@192.168.1.65>;tag=155710361
To: <sip:JSR289_TCK@localhost:5060>
Via: SIP/2.0/UDP 192.168.1.65:5071;branch=z9hG4bKfda12be31461c3cd70043a3ec0820788
Max-Forwards: 70
Contact: <sip:alice@192.168.1.65:5071;transport=udp;lr>
Route: <sip:localhost:5060;transport=udp;lr>
Application-Name: com.bea.sipservlet.tck.apps.apitestapp
Servlet-Name: SipSession
Method-Name: testIsValid001
private-uri: sip:alice@192.168.1.65:5071
Content-Length: 0


SIPUNIT TRACE:  1366054230648  RouteHeader address: <sip:localhost:5060;transport=udp;lr>
SIPUNIT TRACE:  1366054230654  Outgoing call response received: SIP/2.0 100 Trying
To: <sip:JSR289_TCK@localhost:5060>
From: <sip:alice@192.168.1.65>;tag=155710361
Via: SIP/2.0/UDP 192.168.1.65:5071;branch=z9hG4bKfda12be31461c3cd70043a3ec0820788
Call-ID: ece1f53b281b00831cd5ca90a7977e7c@192.168.1.65
Server: Elaina
CSeq: 1 INVITE
Content-Length: 0


SIPUNIT TRACE:  1366054230658  Outgoing call response received: SIP/2.0 200 OK
To: <sip:JSR289_TCK@localhost:5060>;tag=kf4e3ogen!
From: <sip:alice@192.168.1.65>;tag=155710361
Via: SIP/2.0/UDP 192.168.1.65:5071;branch=z9hG4bKfda12be31461c3cd70043a3ec0820788
Call-ID: ece1f53b281b00831cd5ca90a7977e7c@192.168.1.65
Server: Elaina
CSeq: 1 INVITE
Content-Length: 0


SIPUNIT TRACE:  1366054230774  Asynchronous response received: SIP/2.0 200 OK
To: <sip:JSR289_TCK@localhost:5060>;tag=kf4e3ogen!
From: <sip:alice@192.168.1.65>;tag=155710361
Via: SIP/2.0/UDP 192.168.1.65:5071;branch=z9hG4bK0f2faf5600d62020c721afac0f435411
Call-ID: ece1f53b281b00831cd5ca90a7977e7c@192.168.1.65
Server: Elaina
CSeq: 2 BYE
Content-Length: 0


SIPUNIT TRACE:  1366054231268  SS.waitRequest() - about to block, waiting
SIPUNIT TRACE:  1366054241269  SS.waitRequest() - we've come out of the block
SIPUNIT TRACE:  1366054241269  SS.waitRequest() - either we got the request, or timed out
[2013-04-15 20:30:44,281] SipSessionTest:1008 INFO  - === testSetHandler001() ===
[2013-04-15 20:30:44,282] TestBase:351 DEBUG - === created message:MESSAGE sip:JSR289_TCK@localhost:5060 SIP/2.0
Call-ID: af62747841fdb63487c6f5745d3ebe79@192.168.1.65
CSeq: 1 MESSAGE
From: "Alice" <sip:alice@192.168.1.65:5071>;tag=1803440519
To: "JSR289_TCK" <sip:JSR289_TCK@localhost:5060>
Via: SIP/2.0/UDP 192.168.1.65:5071;branch=somebranchvalue
Max-Forwards: 5
Content-Length: 0

 ===
[2013-04-15 20:30:44,286] TestBase:979 DEBUG - ---The Sip request is:MESSAGE sip:JSR289_TCK@localhost:5060 SIP/2.0
Call-ID: af62747841fdb63487c6f5745d3ebe79@192.168.1.65
CSeq: 1 MESSAGE
From: "Alice" <sip:alice@192.168.1.65:5071>;tag=1803440519
To: "JSR289_TCK" <sip:JSR289_TCK@localhost:5060>
Via: SIP/2.0/UDP 192.168.1.65:5071;branch=z9hG4bK89fe85d10c28418735464b6a05953427
Max-Forwards: 5
Route: "JSR289_TCK" <sip:JSR289_TCK@localhost:5060;lr>,<sip:localhost:5060;transport=udp;lr>
Application-Name: com.bea.sipservlet.tck.apps.apitestapp
Servlet-Name: SipSession
Method-Name: testSetHandler001
Content-Length: 0

 ---
[2013-04-15 20:30:47,300] SipSessionTest:1008 INFO  - === testSetHandler101() ===
[2013-04-15 20:30:47,300] TestBase:351 DEBUG - === created message:MESSAGE sip:JSR289_TCK@localhost:5060 SIP/2.0
Call-ID: 407b550da4c0bcc4f3735b15592ca5c6@192.168.1.65
CSeq: 1 MESSAGE
From: "Alice" <sip:alice@192.168.1.65:5071>;tag=164500035
To: "JSR289_TCK" <sip:JSR289_TCK@localhost:5060>
Via: SIP/2.0/UDP 192.168.1.65:5071;branch=somebranchvalue
Max-Forwards: 5
Content-Length: 0

 ===
[2013-04-15 20:30:47,305] TestBase:979 DEBUG - ---The Sip request is:MESSAGE sip:JSR289_TCK@localhost:5060 SIP/2.0
Call-ID: 407b550da4c0bcc4f3735b15592ca5c6@192.168.1.65
CSeq: 1 MESSAGE
From: "Alice" <sip:alice@192.168.1.65:5071>;tag=164500035
To: "JSR289_TCK" <sip:JSR289_TCK@localhost:5060>
Via: SIP/2.0/UDP 192.168.1.65:5071;branch=z9hG4bK5e892ea10dc88f2019455ee97f5c52cd
Max-Forwards: 5
Route: "JSR289_TCK" <sip:JSR289_TCK@localhost:5060;lr>,<sip:localhost:5060;transport=udp;lr>
Application-Name: com.bea.sipservlet.tck.apps.apitestapp
Servlet-Name: SipSession
Method-Name: testSetHandler101
Content-Length: 0

 ---
[2013-04-15 20:30:50,320] SipSessionTest:1008 INFO  - === testSetHandler102() ===
[2013-04-15 20:30:50,321] TestBase:351 DEBUG - === created message:MESSAGE sip:JSR289_TCK@localhost:5060 SIP/2.0
Call-ID: 5a61915bf79bdae42df930de11852dff@192.168.1.65
CSeq: 1 MESSAGE
From: "Alice" <sip:alice@192.168.1.65:5071>;tag=1144966834
To: "JSR289_TCK" <sip:JSR289_TCK@localhost:5060>
Via: SIP/2.0/UDP 192.168.1.65:5071;branch=somebranchvalue
Max-Forwards: 5
Content-Length: 0

 ===
[2013-04-15 20:30:50,325] TestBase:979 DEBUG - ---The Sip request is:MESSAGE sip:JSR289_TCK@localhost:5060 SIP/2.0
Call-ID: 5a61915bf79bdae42df930de11852dff@192.168.1.65
CSeq: 1 MESSAGE
From: "Alice" <sip:alice@192.168.1.65:5071>;tag=1144966834
To: "JSR289_TCK" <sip:JSR289_TCK@localhost:5060>
Via: SIP/2.0/UDP 192.168.1.65:5071;branch=z9hG4bKc8ed396f5def268d71f0d999b9089c6e
Max-Forwards: 5
Route: "JSR289_TCK" <sip:JSR289_TCK@localhost:5060;lr>,<sip:localhost:5060;transport=udp;lr>
Application-Name: com.bea.sipservlet.tck.apps.apitestapp
Servlet-Name: SipSession
Method-Name: testSetHandler102
Content-Length: 0

 ---
[2013-04-15 20:30:53,340] SipSessionTest:1008 INFO  - === testSetOutboundInterface001() ===
[2013-04-15 20:30:53,341] TestBase:351 DEBUG - === created message:MESSAGE sip:JSR289_TCK@localhost:5060 SIP/2.0
Call-ID: 4baedb9600217c0281958d364baeea24@192.168.1.65
CSeq: 1 MESSAGE
From: "Alice" <sip:alice@192.168.1.65:5071>;tag=1822691381
To: "JSR289_TCK" <sip:JSR289_TCK@localhost:5060>
Via: SIP/2.0/UDP 192.168.1.65:5071;branch=somebranchvalue
Max-Forwards: 5
Content-Length: 0

 ===
[2013-04-15 20:30:53,344] TestBase:979 DEBUG - ---The Sip request is:MESSAGE sip:JSR289_TCK@localhost:5060 SIP/2.0
Call-ID: 4baedb9600217c0281958d364baeea24@192.168.1.65
CSeq: 1 MESSAGE
From: "Alice" <sip:alice@192.168.1.65:5071>;tag=1822691381
To: "JSR289_TCK" <sip:JSR289_TCK@localhost:5060>
Via: SIP/2.0/UDP 192.168.1.65:5071;branch=z9hG4bKa758b4d37863c1b455afcc07148ce918
Max-Forwards: 5
Route: "JSR289_TCK" <sip:JSR289_TCK@localhost:5060;lr>,<sip:localhost:5060;transport=udp;lr>
Application-Name: com.bea.sipservlet.tck.apps.apitestapp
Servlet-Name: SipSession
Method-Name: testSetOutboundInterface001
Content-Length: 0

 ---
[2013-04-15 20:30:56,367] SipSessionTest:1008 INFO  - === testSetOutboundInterface101() ===
[2013-04-15 20:30:56,368] TestBase:351 DEBUG - === created message:MESSAGE sip:JSR289_TCK@localhost:5060 SIP/2.0
Call-ID: 12e34c96b26ae9bb4e501ce79f507701@192.168.1.65
CSeq: 1 MESSAGE
From: "Alice" <sip:alice@192.168.1.65:5071>;tag=117988302
To: "JSR289_TCK" <sip:JSR289_TCK@localhost:5060>
Via: SIP/2.0/UDP 192.168.1.65:5071;branch=somebranchvalue
Max-Forwards: 5
Content-Length: 0

 ===
[2013-04-15 20:30:56,373] TestBase:979 DEBUG - ---The Sip request is:MESSAGE sip:JSR289_TCK@localhost:5060 SIP/2.0
Call-ID: 12e34c96b26ae9bb4e501ce79f507701@192.168.1.65
CSeq: 1 MESSAGE
From: "Alice" <sip:alice@192.168.1.65:5071>;tag=117988302
To: "JSR289_TCK" <sip:JSR289_TCK@localhost:5060>
Via: SIP/2.0/UDP 192.168.1.65:5071;branch=z9hG4bKbdde50dfafc13f3cfe703722bee08cd8
Max-Forwards: 5
Route: "JSR289_TCK" <sip:JSR289_TCK@localhost:5060;lr>,<sip:localhost:5060;transport=udp;lr>
Application-Name: com.bea.sipservlet.tck.apps.apitestapp
Servlet-Name: SipSession
Method-Name: testSetOutboundInterface101
Content-Length: 0

 ---
[2013-04-15 20:30:59,397] SipSessionTest:1008 INFO  - === testSetOutboundInterface102() ===
[2013-04-15 20:30:59,397] TestBase:351 DEBUG - === created message:MESSAGE sip:JSR289_TCK@localhost:5060 SIP/2.0
Call-ID: e5afa25142b4cd815fe47278d9a72a8c@192.168.1.65
CSeq: 1 MESSAGE
From: "Alice" <sip:alice@192.168.1.65:5071>;tag=2083668686
To: "JSR289_TCK" <sip:JSR289_TCK@localhost:5060>
Via: SIP/2.0/UDP 192.168.1.65:5071;branch=somebranchvalue
Max-Forwards: 5
Content-Length: 0

 ===
[2013-04-15 20:30:59,401] TestBase:979 DEBUG - ---The Sip request is:MESSAGE sip:JSR289_TCK@localhost:5060 SIP/2.0
Call-ID: e5afa25142b4cd815fe47278d9a72a8c@192.168.1.65
CSeq: 1 MESSAGE
From: "Alice" <sip:alice@192.168.1.65:5071>;tag=2083668686
To: "JSR289_TCK" <sip:JSR289_TCK@localhost:5060>
Via: SIP/2.0/UDP 192.168.1.65:5071;branch=z9hG4bKbf192b2f82ecc4aec1fb24b5484f295f
Max-Forwards: 5
Route: "JSR289_TCK" <sip:JSR289_TCK@localhost:5060;lr>,<sip:localhost:5060;transport=udp;lr>
Application-Name: com.bea.sipservlet.tck.apps.apitestapp
Servlet-Name: SipSession
Method-Name: testSetOutboundInterface102
Content-Length: 0

 ---
[2013-04-15 20:31:02,416] SipSessionTest:1008 INFO  - === testSetOutboundInterface002() ===
[2013-04-15 20:31:02,417] TestBase:351 DEBUG - === created message:MESSAGE sip:JSR289_TCK@localhost:5060 SIP/2.0
Call-ID: 40e84a08c5a9e02968582ffe46b325b6@192.168.1.65
CSeq: 1 MESSAGE
From: "Alice" <sip:alice@192.168.1.65:5071>;tag=163660370
To: "JSR289_TCK" <sip:JSR289_TCK@localhost:5060>
Via: SIP/2.0/UDP 192.168.1.65:5071;branch=somebranchvalue
Max-Forwards: 5
Content-Length: 0

 ===
[2013-04-15 20:31:02,421] TestBase:979 DEBUG - ---The Sip request is:MESSAGE sip:JSR289_TCK@localhost:5060 SIP/2.0
Call-ID: 40e84a08c5a9e02968582ffe46b325b6@192.168.1.65
CSeq: 1 MESSAGE
From: "Alice" <sip:alice@192.168.1.65:5071>;tag=163660370
To: "JSR289_TCK" <sip:JSR289_TCK@localhost:5060>
Via: SIP/2.0/UDP 192.168.1.65:5071;branch=z9hG4bKf0b5bb2395ac8b5b638f52779a251151
Max-Forwards: 5
Route: "JSR289_TCK" <sip:JSR289_TCK@localhost:5060;lr>,<sip:localhost:5060;transport=udp;lr>
Application-Name: com.bea.sipservlet.tck.apps.apitestapp
Servlet-Name: SipSession
Method-Name: testSetOutboundInterface002
Content-Length: 0

 ---
[2013-04-15 20:31:05,444] SipSessionTest:1008 INFO  - === testSetOutboundInterface103() ===
[2013-04-15 20:31:05,444] TestBase:351 DEBUG - === created message:MESSAGE sip:JSR289_TCK@localhost:5060 SIP/2.0
Call-ID: 39af89a4a3a1db03ecd60ee1cff279d2@192.168.1.65
CSeq: 1 MESSAGE
From: "Alice" <sip:alice@192.168.1.65:5071>;tag=1815401886
To: "JSR289_TCK" <sip:JSR289_TCK@localhost:5060>
Via: SIP/2.0/UDP 192.168.1.65:5071;branch=somebranchvalue
Max-Forwards: 5
Content-Length: 0

 ===
[2013-04-15 20:31:05,448] TestBase:979 DEBUG - ---The Sip request is:MESSAGE sip:JSR289_TCK@localhost:5060 SIP/2.0
Call-ID: 39af89a4a3a1db03ecd60ee1cff279d2@192.168.1.65
CSeq: 1 MESSAGE
From: "Alice" <sip:alice@192.168.1.65:5071>;tag=1815401886
To: "JSR289_TCK" <sip:JSR289_TCK@localhost:5060>
Via: SIP/2.0/UDP 192.168.1.65:5071;branch=z9hG4bKf91c4fbf31ce0daff2d2ac7662929c13
Max-Forwards: 5
Route: "JSR289_TCK" <sip:JSR289_TCK@localhost:5060;lr>,<sip:localhost:5060;transport=udp;lr>
Application-Name: com.bea.sipservlet.tck.apps.apitestapp
Servlet-Name: SipSession
Method-Name: testSetOutboundInterface103
Content-Length: 0

 ---
[2013-04-15 20:31:08,473] SipSessionTest:1008 INFO  - === testSetOutboundInterface104() ===
[2013-04-15 20:31:08,473] TestBase:351 DEBUG - === created message:MESSAGE sip:JSR289_TCK@localhost:5060 SIP/2.0
Call-ID: b2577f0588701c78871437e14d84c40a@192.168.1.65
CSeq: 1 MESSAGE
From: "Alice" <sip:alice@192.168.1.65:5071>;tag=1065269148
To: "JSR289_TCK" <sip:JSR289_TCK@localhost:5060>
Via: SIP/2.0/UDP 192.168.1.65:5071;branch=somebranchvalue
Max-Forwards: 5
Content-Length: 0

 ===
[2013-04-15 20:31:08,478] TestBase:979 DEBUG - ---The Sip request is:MESSAGE sip:JSR289_TCK@localhost:5060 SIP/2.0
Call-ID: b2577f0588701c78871437e14d84c40a@192.168.1.65
CSeq: 1 MESSAGE
From: "Alice" <sip:alice@192.168.1.65:5071>;tag=1065269148
To: "JSR289_TCK" <sip:JSR289_TCK@localhost:5060>
Via: SIP/2.0/UDP 192.168.1.65:5071;branch=z9hG4bKe19cccabf6619103f0bc49631cbdc5a4
Max-Forwards: 5
Route: "JSR289_TCK" <sip:JSR289_TCK@localhost:5060;lr>,<sip:localhost:5060;transport=udp;lr>
Application-Name: com.bea.sipservlet.tck.apps.apitestapp
Servlet-Name: SipSession
Method-Name: testSetOutboundInterface104
Content-Length: 0

 ---
[2013-04-15 20:31:11,491] SipSessionTest:1008 INFO  - === testGetServletContext001() ===
SIPUNIT TRACE:  1366054271496  INVITE after sending out through stack..........
SIPUNIT TRACE:  1366054271496  INVITE sip:JSR289_TCK@localhost:5060 SIP/2.0
Call-ID: 1f9a858a8b68c814b769fc197d778302@192.168.1.65
CSeq: 1 INVITE
From: <sip:alice@192.168.1.65>;tag=588612537
To: <sip:JSR289_TCK@localhost:5060>
Via: SIP/2.0/UDP 192.168.1.65:5071;branch=z9hG4bK97e72e49a12329c0ac39fae609e76051
Max-Forwards: 70
Contact: <sip:alice@192.168.1.65:5071;transport=udp;lr>
Route: <sip:localhost:5060;transport=udp;lr>
Servlet-Name: SipSession
Method-Name: testGetServletContext001
Application-Name: com.bea.sipservlet.tck.apps.apitestapp
Content-Length: 0


SIPUNIT TRACE:  1366054271496  RouteHeader address: <sip:localhost:5060;transport=udp;lr>
SIPUNIT TRACE:  1366054271502  Outgoing call response received: SIP/2.0 100 Trying
To: <sip:JSR289_TCK@localhost:5060>
From: <sip:alice@192.168.1.65>;tag=588612537
Via: SIP/2.0/UDP 192.168.1.65:5071;branch=z9hG4bK97e72e49a12329c0ac39fae609e76051
Call-ID: 1f9a858a8b68c814b769fc197d778302@192.168.1.65
Server: Elaina
CSeq: 1 INVITE
Content-Length: 0


SIPUNIT TRACE:  1366054271505  Outgoing call response received: SIP/2.0 200 OK
To: <sip:JSR289_TCK@localhost:5060>;tag=fvmy+18gn7
From: <sip:alice@192.168.1.65>;tag=588612537
Via: SIP/2.0/UDP 192.168.1.65:5071;branch=z9hG4bK97e72e49a12329c0ac39fae609e76051
Call-ID: 1f9a858a8b68c814b769fc197d778302@192.168.1.65
Server: Elaina
CSeq: 1 INVITE
Content-Length: 0


]]></system-out>
  <system-err><![CDATA[]]></system-err>
</testsuite>
