<?xml version="1.0" encoding="UTF-8" ?>
<testsuite errors="0" failures="0" name="com.bea.sipservlet.tck.agents.api.javax_servlet_sip.URITest" tests="9" time="27.764">
  <properties>
    <property name="java.vendor" value="Oracle Corporation" />
    <property name="env.SIPUNIT_LIB" value="/Users/andrew/Documents/reference/sip/sipservlet-1_1-tck/tck/../sipunit/lib" />
    <property name="env.SIGNATURE_FILE_NAME" value="/Users/andrew/Documents/reference/sip/sipservlet-1_1-tck/tck/bin/jsr289_api.sig" />
    <property name="sun.java.launcher" value="SUN_STANDARD" />
    <property name="env.TCK_LIB" value="/Users/andrew/Documents/reference/sip/sipservlet-1_1-tck/tck/../tck/lib" />
    <property name="sun.management.compiler" value="HotSpot 64-Bit Tiered Compilers" />
    <property name="spec.report" value="/Users/andrew/Documents/reference/sip/sipservlet-1_1-tck/tck/report/spec_report" />
    <property name="lib" value="/Users/andrew/Documents/reference/sip/sipservlet-1_1-tck/tck/lib" />
    <property name="env.TCK_DIRECTORY" value="/Users/andrew/Documents/reference/sip/sipservlet-1_1-tck/tck" />
    <property name="os.name" value="Mac OS X" />
    <property name="sun.boot.class.path" value="/Library/Java/JavaVirtualMachines/jdk1.7.0_10.jdk/Contents/Home/jre/lib/resources.jar:/Library/Java/JavaVirtualMachines/jdk1.7.0_10.jdk/Contents/Home/jre/lib/rt.jar:/Library/Java/JavaVirtualMachines/jdk1.7.0_10.jdk/Contents/Home/jre/lib/sunrsasign.jar:/Library/Java/JavaVirtualMachines/jdk1.7.0_10.jdk/Contents/Home/jre/lib/jsse.jar:/Library/Java/JavaVirtualMachines/jdk1.7.0_10.jdk/Contents/Home/jre/lib/jce.jar:/Library/Java/JavaVirtualMachines/jdk1.7.0_10.jdk/Contents/Home/jre/lib/charsets.jar:/Library/Java/JavaVirtualMachines/jdk1.7.0_10.jdk/Contents/Home/jre/lib/jfr.jar:/Library/Java/JavaVirtualMachines/jdk1.7.0_10.jdk/Contents/Home/jre/lib/JObjC.jar:/Library/Java/JavaVirtualMachines/jdk1.7.0_10.jdk/Contents/Home/jre/classes" />
    <property name="env.TMPDIR" value="/var/folders/qt/j9kz_nw12bqfytwz9kfyjvq00000gn/T/" />
    <property name="env.Apple_Ubiquity_Message" value="/tmp/launch-s2GBEw/Apple_Ubiquity_Message" />
    <property name="env.SIPUNIT_DIRECTORY" value="/Users/andrew/Documents/reference/sip/sipservlet-1_1-tck/sipunit" />
    <property name="env.PWD" value="/Users/andrew/Documents/reference/sip/sipservlet-1_1-tck/tck" />
    <property name="user.country.format" value="GB" />
    <property name="report" value="/Users/andrew/Documents/reference/sip/sipservlet-1_1-tck/tck/report" />
    <property name="env.LANG" value="en_GB.UTF-8" />
    <property name="signature.report" value="/Users/andrew/Documents/reference/sip/sipservlet-1_1-tck/tck/report/sig_report" />
    <property name="java.vm.specification.vendor" value="Oracle Corporation" />
    <property name="ant.home" value="/usr/share/ant" />
    <property name="java.runtime.version" value="1.7.0_10-ea-b09" />
    <property name="env.TCK_HOME" value="/Users/andrew/Documents/reference/sip/sipservlet-1_1-tck/tck/../tck" />
    <property name="env.Apple_PubSub_Socket_Render" value="/tmp/launch-w5MTVj/Render" />
    <property name="approuter.src" value="com/bea/sipservlet/tck/ar" />
    <property name="user.name" value="andrew" />
    <property name="env.USER" value="andrew" />
    <property name="env.SHELL" value="/bin/bash" />
    <property name="env.__CF_USER_TEXT_ENCODING" value="0x1F5:0:0" />
    <property name="env.XMLLINT_INDENT" value="    " />
    <property name="env.PATH" value="/Library/Java/JavaVirtualMachines/jdk1.7.0_10.jdk/Contents/Home/jre/bin:/usr/share/ant/bin:/usr/bin:/bin:/usr/sbin:/sbin:/usr/local/bin" />
    <property name="user.language" value="en" />
    <property name="build" value="/Users/andrew/Documents/reference/sip/sipservlet-1_1-tck/tck/build" />
    <property name="sun.boot.library.path" value="/Library/Java/JavaVirtualMachines/jdk1.7.0_10.jdk/Contents/Home/jre/lib" />
    <property name="ant.project.default-target" value="usage" />
    <property name="ant.project.name" value="SIP Servlet 1.1 API Technology Compatibility Kit (TCK)" />
    <property name="env.REPORT_HOME" value="/Users/andrew/Documents/reference/sip/sipservlet-1_1-tck/tck/../tck/report" />
    <property name="java.version" value="1.7.0_10-ea" />
    <property name="classes" value="/Users/andrew/Documents/reference/sip/sipservlet-1_1-tck/tck/build/classes" />
    <property name="user.timezone" value="" />
    <property name="apiapp.dir" value="/Users/andrew/Documents/reference/sip/sipservlet-1_1-tck/tck/applications/apitestapp" />
    <property name="tck.zip" value="../sipservlet-1_1-tck.zip" />
    <property name="sun.arch.data.model" value="64" />
    <property name="log4j" value="/Users/andrew/Documents/reference/sip/sipservlet-1_1-tck/tck/conf/log4j.properties" />
    <property name="http.nonProxyHosts" value="local|*.local|169.254/16|*.169.254/16" />
    <property name="java.endorsed.dirs" value="/Library/Java/JavaVirtualMachines/jdk1.7.0_10.jdk/Contents/Home/jre/lib/endorsed" />
    <property name="signaturefile" value="jsr289_api.sig" />
    <property name="sun.cpu.isalist" value="" />
    <property name="sun.jnu.encoding" value="UTF-8" />
    <property name="file.encoding.pkg" value="sun.io" />
    <property name="env.SHLVL" value="2" />
    <property name="file.separator" value="/" />
    <property name="java.specification.name" value="Java Platform API Specification" />
    <property name="java.class.version" value="51.0" />
    <property name="src" value="/Users/andrew/Documents/reference/sip/sipservlet-1_1-tck/tck/src" />
    <property name="sipunit.dir" value="../sipunit" />
    <property name="ar.build" value="/Users/andrew/Documents/reference/sip/sipservlet-1_1-tck/tck/build/ar-build" />
    <property name="user.country" value="US" />
    <property name="java.home" value="/Library/Java/JavaVirtualMachines/jdk1.7.0_10.jdk/Contents/Home/jre" />
    <property name="dist.dir" value="/Users/andrew/Documents/reference/sip/sipservlet-1_1-tck/tck/dist" />
    <property name="java.vm.info" value="mixed mode" />
    <property name="env.LOGNAME" value="andrew" />
    <property name="ant.file" value="/Users/andrew/Documents/reference/sip/sipservlet-1_1-tck/tck/build.xml" />
    <property name="os.version" value="10.8.3" />
    <property name="env.TERM_PROGRAM_VERSION" value="309" />
    <property name="path.separator" value=":" />
    <property name="java.vm.version" value="23.6-b03" />
    <property name="ant.library.dir" value="/usr/share/ant/lib" />
    <property name="env.SIPUNIT_HOME" value="/Users/andrew/Documents/reference/sip/sipservlet-1_1-tck/tck/../sipunit" />
    <property name="env.JAVA_HOME" value="/Library/Java/JavaVirtualMachines/jdk1.7.0_10.jdk/Contents/Home" />
    <property name="env.SIGCONFIG" value="/Users/andrew/Documents/reference/sip/sipservlet-1_1-tck/tck/conf/signature.properties" />
    <property name="env.TERM" value="xterm-256color" />
    <property name="java.awt.printerjob" value="sun.lwawt.macosx.CPrinterJob" />
    <property name="env.SIGTEST_LIB" value="/Users/andrew/Documents/reference/sip/sipservlet-1_1-tck/tck/../tck/lib/sigtest.jar" />
    <property name="sun.io.unicode.encoding" value="UnicodeBig" />
    <property name="ant.file.SIP Servlet 1.1 API Technology Compatibility Kit (TCK)" value="/Users/andrew/Documents/reference/sip/sipservlet-1_1-tck/tck/build.xml" />
    <property name="awt.toolkit" value="sun.lwawt.macosx.LWCToolkit" />
    <property name="socksNonProxyHosts" value="local|*.local|169.254/16|*.169.254/16" />
    <property name="ftp.nonProxyHosts" value="local|*.local|169.254/16|*.169.254/16" />
    <property name="env.APIJAR" value="/Users/andrew/Documents/reference/sip/sipservlet-1_1-tck/tck/../tck/lib/servlet-2_5-api.jar:/Users/andrew/Documents/reference/sip/sipservlet-1_1-tck/tck/../tck/lib/sipservlet-1_1-api.jar" />
    <property name="user.home" value="/Users/andrew" />
    <property name="env.CLASSPATH" value="/Library/Java/JavaVirtualMachines/jdk1.7.0_10.jdk/Contents/Home/lib/tools.jar:/Users/andrew/Documents/reference/sip/sipservlet-1_1-tck/tck/../tck/lib/tck-junit.jar:/Users/andrew/Documents/reference/sip/sipservlet-1_1-tck/tck/../sipunit/lib/junit.jar:/Users/andrew/Documents/reference/sip/sipservlet-1_1-tck/tck/../tck/lib/sigtest.jar:/Users/andrew/Documents/reference/sip/sipservlet-1_1-tck/tck/../tck/conf" />
    <property name="java.specification.vendor" value="Oracle Corporation" />
    <property name="env.TERM_PROGRAM" value="Apple_Terminal" />
    <property name="env.TCKJUNIT_LIB" value="/Users/andrew/Documents/reference/sip/sipservlet-1_1-tck/tck/../tck/lib/tck-junit.jar" />
    <property name="java.library.path" value="/Users/andrew/Library/Java/Extensions:/Library/Java/Extensions:/Network/Library/Java/Extensions:/System/Library/Java/Extensions:/usr/lib/java:." />
    <property name="java.vendor.url" value="http://java.oracle.com/" />
    <property name="gopherProxySet" value="false" />
    <property name="java.vm.vendor" value="Oracle Corporation" />
    <property name="java.runtime.name" value="Java(TM) SE Runtime Environment" />
    <property name="java.class.path" value="/Users/andrew/Documents/reference/sip/sipservlet-1_1-tck/tck/lib/ant-contrib-1.0b3.jar:/Users/andrew/Documents/reference/sip/sipservlet-1_1-tck/tck/lib/javax.annotation_1.0.jar:/Users/andrew/Documents/reference/sip/sipservlet-1_1-tck/tck/lib/servlet-2_5-api.jar:/Users/andrew/Documents/reference/sip/sipservlet-1_1-tck/tck/lib/sigtest.jar:/Users/andrew/Documents/reference/sip/sipservlet-1_1-tck/tck/lib/sipservlet-1_1-api.jar:/Users/andrew/Documents/reference/sip/sipservlet-1_1-tck/tck/lib/sipunit.jar:/Users/andrew/Documents/reference/sip/sipservlet-1_1-tck/tck/lib/tck-junit.jar:/Users/andrew/Documents/reference/sip/sipservlet-1_1-tck/sipunit/lib/JainSipApi1.2.jar:/Users/andrew/Documents/reference/sip/sipservlet-1_1-tck/sipunit/lib/JainSipRi1.2.jar:/Users/andrew/Documents/reference/sip/sipservlet-1_1-tck/sipunit/lib/concurrent.jar:/Users/andrew/Documents/reference/sip/sipservlet-1_1-tck/sipunit/lib/dom.jar:/Users/andrew/Documents/reference/sip/sipservlet-1_1-tck/sipunit/lib/jax-qname.jar:/Users/andrew/Documents/reference/sip/sipservlet-1_1-tck/sipunit/lib/jaxb-api.jar:/Users/andrew/Documents/reference/sip/sipservlet-1_1-tck/sipunit/lib/jaxb-impl.jar:/Users/andrew/Documents/reference/sip/sipservlet-1_1-tck/sipunit/lib/jaxb-libs.jar:/Users/andrew/Documents/reference/sip/sipservlet-1_1-tck/sipunit/lib/junit.jar:/Users/andrew/Documents/reference/sip/sipservlet-1_1-tck/sipunit/lib/log4j-1.2.8.jar:/Users/andrew/Documents/reference/sip/sipservlet-1_1-tck/sipunit/lib/namespace.jar:/Users/andrew/Documents/reference/sip/sipservlet-1_1-tck/sipunit/lib/nist-sdp-1.0.jar:/Users/andrew/Documents/reference/sip/sipservlet-1_1-tck/sipunit/lib/relaxngDatatype.jar:/Users/andrew/Documents/reference/sip/sipservlet-1_1-tck/sipunit/lib/tracesviewer.jar:/Users/andrew/Documents/reference/sip/sipservlet-1_1-tck/sipunit/lib/xalan.jar:/Users/andrew/Documents/reference/sip/sipservlet-1_1-tck/sipunit/lib/xercesImpl.jar:/Users/andrew/Documents/reference/sip/sipservlet-1_1-tck/sipunit/lib/xsdlib.jar:/Users/andrew/Documents/reference/sip/sipservlet-1_1-tck/tck/build/classes:/Library/Java/JavaVirtualMachines/jdk1.7.0_10.jdk/Contents/Home/lib/tools.jar:/Users/andrew/Documents/reference/sip/sipservlet-1_1-tck/tck/conf:/usr/share/java/ant-1.8.2/lib/ant-launcher.jar:/usr/share/ant/lib/ant.jar:/usr/share/ant/lib/ant-junit.jar" />
    <property name="sun.java.command" value="com.bea.wcp.ant.ext.junit.TckJUnitTestRunner com.bea.sipservlet.tck.agents.api.javax_servlet_sip.URITest filtertrace=true haltOnError=false haltOnFailure=false formatter=org.apache.tools.ant.taskdefs.optional.junit.SummaryJUnitResultFormatter showoutput=false formatter=com.bea.wcp.ant.ext.junit.TckXMLFormatter,/Users/andrew/Documents/reference/sip/sipservlet-1_1-tck/tck/report/api_report/TEST-com.bea.sipservlet.tck.agents.api.javax_servlet_sip.URITest.xml propsfile=/Users/andrew/Documents/reference/sip/sipservlet-1_1-tck/tck/junit180082398.properties" />
    <property name="ant.version" value="Apache Ant(TM) version 1.8.2 compiled on June 20 2012" />
    <property name="env.TERM_SESSION_ID" value="992028FA-2937-460F-90A8-E989AB5B64C8" />
    <property name="env.JSR289TCK_HOME" value="/Users/andrew/Documents/reference/sip/sipservlet-1_1-tck/tck/.." />
    <property name="env.JBOSS_HOME" value="/opt/jboss-eap-6.1" />
    <property name="signature.property" value="/Users/andrew/Documents/reference/sip/sipservlet-1_1-tck/tck/conf/signature.properties" />
    <property name="jsr289.dir" value=".." />
    <property name="api.report" value="/Users/andrew/Documents/reference/sip/sipservlet-1_1-tck/tck/report/api_report" />
    <property name="java.vm.specification.name" value="Java Virtual Machine Specification" />
    <property name="env.JAVA_MAIN_CLASS_54325" value="org.apache.tools.ant.launch.Launcher" />
    <property name="ant.file.type" value="file" />
    <property name="java.vm.specification.version" value="1.7" />
    <property name="conf" value="/Users/andrew/Documents/reference/sip/sipservlet-1_1-tck/tck/conf" />
    <property name="sun.cpu.endian" value="little" />
    <property name="sun.os.patch.level" value="unknown" />
    <property name="env.HOME" value="/Users/andrew" />
    <property name="env.ANT_HOME" value="/usr/share/ant" />
    <property name="java.io.tmpdir" value="/var/folders/qt/j9kz_nw12bqfytwz9kfyjvq00000gn/T/" />
    <property name="java.vendor.url.bug" value="http://bugreport.sun.com/bugreport/" />
    <property name="env.SSH_AUTH_SOCK" value="/tmp/launch-JxY2DM/Listeners" />
    <property name="env.MAVEN_OPTS" value="-Xmx512M -XX:MaxPermSize=512M" />
    <property name="signature.report.filename" value="jsr289SignatureReport.txt" />
    <property name="env.COMMAND_MODE" value="unix2003" />
    <property name="applications.src.dir" value="/Users/andrew/Documents/reference/sip/sipservlet-1_1-tck/tck/applications/spectestapps/ar-continue,/Users/andrew/Documents/reference/sip/sipservlet-1_1-tck/tck/applications/spectestapps/ar-internalroutemodifier,/Users/andrew/Documents/reference/sip/sipservlet-1_1-tck/tck/applications/spectestapps/ar-reverse,/Users/andrew/Documents/reference/sip/sipservlet-1_1-tck/tck/applications/spectestapps/ar-suburiregion,/Users/andrew/Documents/reference/sip/sipservlet-1_1-tck/tck/applications/spectestapps/ar-success,/Users/andrew/Documents/reference/sip/sipservlet-1_1-tck/tck/applications/spectestapps/uas,/Users/andrew/Documents/reference/sip/sipservlet-1_1-tck/tck/applications/spectestapps/uac,/Users/andrew/Documents/reference/sip/sipservlet-1_1-tck/tck/applications/spectestapps/b2bua,/Users/andrew/Documents/reference/sip/sipservlet-1_1-tck/tck/applications/spectestapps/proxy" />
    <property name="os.arch" value="x86_64" />
    <property name="java.awt.graphicsenv" value="sun.awt.CGraphicsEnvironment" />
    <property name="java.ext.dirs" value="/Users/andrew/Library/Java/Extensions:/Library/Java/JavaVirtualMachines/jdk1.7.0_10.jdk/Contents/Home/jre/lib/ext:/Library/Java/Extensions:/Network/Library/Java/Extensions:/System/Library/Java/Extensions:/usr/lib/java" />
    <property name="ar.appname" value="/Users/andrew/Documents/reference/sip/sipservlet-1_1-tck/tck/dist/tck-approuter.jar" />
    <property name="user.dir" value="/Users/andrew/Documents/reference/sip/sipservlet-1_1-tck/tck" />
    <property name="applications.dir" value="/Users/andrew/Documents/reference/sip/sipservlet-1_1-tck/tck/applications" />
    <property name="line.separator" value="&#xa;" />
    <property name="java.vm.name" value="Java HotSpot(TM) 64-Bit Server VM" />
    <property name="ant.file.type.SIP Servlet 1.1 API Technology Compatibility Kit (TCK)" value="file" />
    <property name="env.RJAR_HOME" value="/Users/andrew/Dev/rjar/" />
    <property name="basedir" value="/Users/andrew/Documents/reference/sip/sipservlet-1_1-tck/tck" />
    <property name="ant.java.version" value="1.7" />
    <property name="ant.core.lib" value="/usr/share/ant/lib/ant.jar" />
    <property name="env.SIGNATURE_REPORT_NAME" value="jsr289SignatureReport.txt" />
    <property name="file.encoding" value="UTF-8" />
    <property name="env.SIGREPORT_HOME" value="/Users/andrew/Documents/reference/sip/sipservlet-1_1-tck/tck/../tck/report/sig_report" />
    <property name="env.JUNIT_LIB" value="/Users/andrew/Documents/reference/sip/sipservlet-1_1-tck/tck/../sipunit/lib/junit.jar" />
    <property name="java.specification.version" value="1.7" />
    <property name="env.REFERENCE_JAR" value="/Users/andrew/Documents/reference/sip/sipservlet-1_1-tck/tck/lib/sigtest.jar" />
    <property name="ant.project.invoked-targets" value="run-api-tests" />
    <property name="tck.earname" value="/Users/andrew/Documents/reference/sip/sipservlet-1_1-tck/tck/dist/tck-apps.ear" />
  </properties>
  <testcase assertions="[SipServlet:JAVADOC:URI1] - User agents can get a clone of this URI." classname="com.bea.sipservlet.tck.agents.api.javax_servlet_sip.URITest" name="testClone001" time="3.404" />
  <testcase assertions="[SipServlet:JAVADOC:URI3] - NullPointerException should be thrown if the key is null." classname="com.bea.sipservlet.tck.agents.api.javax_servlet_sip.URITest" name="testGetParameter101" time="3.028" />
  <testcase assertions="[SipServlet:JAVADOC:URI7] - NullPointerException should be thrown on eithet name or value being null." classname="com.bea.sipservlet.tck.agents.api.javax_servlet_sip.URITest" name="testSetParameter101" time="3.021" />
  <testcase assertions="[SipServlet:JAVADOC:URI3][SipServlet:JAVADOC:URI7][SipServlet:JAVADOC:URI8] - User agents can get, set and remove a parameter of this URI." classname="com.bea.sipservlet.tck.agents.api.javax_servlet_sip.URITest" name="testGetSetRemoveParameter001" time="3.022" />
  <testcase assertions="[SipServlet:JAVADOC:URI4] - User agents can get an Iterator over the names of all parameterspresent in this URI." classname="com.bea.sipservlet.tck.agents.api.javax_servlet_sip.URITest" name="testGetParameterNames001" time="3.024" />
  <testcase assertions="[SipServlet:JAVADOC:URI9] - User agents can get the String representation of this URI." classname="com.bea.sipservlet.tck.agents.api.javax_servlet_sip.URITest" name="testToString001" time="3.023" />
  <testcase assertions="[SipServlet:JAVADOC:URI6] - User agents can determine if this URI is a SipURI." classname="com.bea.sipservlet.tck.agents.api.javax_servlet_sip.URITest" name="testIsSipURI001" time="3.02" />
  <testcase assertions="[SipServlet:JAVADOC:URI5] - User agents can get the scheme of this URI, for example &quot;sip&quot;, &quot;sips&quot; or &quot;tel&quot;." classname="com.bea.sipservlet.tck.agents.api.javax_servlet_sip.URITest" name="testGetScheme001" time="3.021" />
  <testcase assertions="[SipServlet:JAVADOC:URI2] - User agents can compare the given URI with this URI." classname="com.bea.sipservlet.tck.agents.api.javax_servlet_sip.URITest" name="testEquals001" time="3.029" />
  <system-out><![CDATA[[2013-04-15 20:33:26,095] URITest:1008 INFO  - === testClone001() ===
[2013-04-15 20:33:26,205] TestBase:351 DEBUG - === created message:MESSAGE sip:JSR289_TCK@localhost:5060 SIP/2.0
Call-ID: 19e46d66060dcf6c2cc2e2709ef36c08@192.168.1.65
CSeq: 1 MESSAGE
From: "Alice" <sip:alice@192.168.1.65:5071>;tag=561821325
To: "JSR289_TCK" <sip:JSR289_TCK@localhost:5060>
Via: SIP/2.0/UDP 192.168.1.65:5071;branch=somebranchvalue
Max-Forwards: 5
Content-Length: 0

 ===
[2013-04-15 20:33:26,250] TestBase:979 DEBUG - ---The Sip request is:MESSAGE sip:JSR289_TCK@localhost:5060 SIP/2.0
Call-ID: 19e46d66060dcf6c2cc2e2709ef36c08@192.168.1.65
CSeq: 1 MESSAGE
From: "Alice" <sip:alice@192.168.1.65:5071>;tag=561821325
To: "JSR289_TCK" <sip:JSR289_TCK@localhost:5060>
Via: SIP/2.0/UDP 192.168.1.65:5071;branch=z9hG4bKa5494f00b354b9be609253c6f8827708
Max-Forwards: 5
Route: "JSR289_TCK" <sip:JSR289_TCK@localhost:5060;lr>,<sip:localhost:5060;transport=udp;lr>
Application-Name: com.bea.sipservlet.tck.apps.apitestapp
Servlet-Name: URI
Method-Name: testClone001
Content-Length: 0

 ---
[2013-04-15 20:33:29,286] URITest:1008 INFO  - === testGetParameter101() ===
[2013-04-15 20:33:29,287] TestBase:351 DEBUG - === created message:MESSAGE sip:JSR289_TCK@localhost:5060 SIP/2.0
Call-ID: b3d07ee193f1db20fe73087b98ed80f5@192.168.1.65
CSeq: 1 MESSAGE
From: "Alice" <sip:alice@192.168.1.65:5071>;tag=1074329657
To: "JSR289_TCK" <sip:JSR289_TCK@localhost:5060>
Via: SIP/2.0/UDP 192.168.1.65:5071;branch=somebranchvalue
Max-Forwards: 5
Content-Length: 0

 ===
[2013-04-15 20:33:29,294] TestBase:979 DEBUG - ---The Sip request is:MESSAGE sip:JSR289_TCK@localhost:5060 SIP/2.0
Call-ID: b3d07ee193f1db20fe73087b98ed80f5@192.168.1.65
CSeq: 1 MESSAGE
From: "Alice" <sip:alice@192.168.1.65:5071>;tag=1074329657
To: "JSR289_TCK" <sip:JSR289_TCK@localhost:5060>
Via: SIP/2.0/UDP 192.168.1.65:5071;branch=z9hG4bK0519882e75a81e0227b4c421b9618a44
Max-Forwards: 5
Route: "JSR289_TCK" <sip:JSR289_TCK@localhost:5060;lr>,<sip:localhost:5060;transport=udp;lr>
Application-Name: com.bea.sipservlet.tck.apps.apitestapp
Servlet-Name: URI
Method-Name: testGetParameter101
Content-Length: 0

 ---
[2013-04-15 20:33:32,314] URITest:1008 INFO  - === testSetParameter101() ===
[2013-04-15 20:33:32,315] TestBase:351 DEBUG - === created message:MESSAGE sip:JSR289_TCK@localhost:5060 SIP/2.0
Call-ID: 9d033467a837f9594d74a471a4669bb9@192.168.1.65
CSeq: 1 MESSAGE
From: "Alice" <sip:alice@192.168.1.65:5071>;tag=1664004822
To: "JSR289_TCK" <sip:JSR289_TCK@localhost:5060>
Via: SIP/2.0/UDP 192.168.1.65:5071;branch=somebranchvalue
Max-Forwards: 5
Content-Length: 0

 ===
[2013-04-15 20:33:32,319] TestBase:979 DEBUG - ---The Sip request is:MESSAGE sip:JSR289_TCK@localhost:5060 SIP/2.0
Call-ID: 9d033467a837f9594d74a471a4669bb9@192.168.1.65
CSeq: 1 MESSAGE
From: "Alice" <sip:alice@192.168.1.65:5071>;tag=1664004822
To: "JSR289_TCK" <sip:JSR289_TCK@localhost:5060>
Via: SIP/2.0/UDP 192.168.1.65:5071;branch=z9hG4bKb9f00b62122875eac87664e546c0ee27
Max-Forwards: 5
Route: "JSR289_TCK" <sip:JSR289_TCK@localhost:5060;lr>,<sip:localhost:5060;transport=udp;lr>
Application-Name: com.bea.sipservlet.tck.apps.apitestapp
Servlet-Name: URI
Method-Name: testSetParameter101
Content-Length: 0

 ---
[2013-04-15 20:33:35,334] URITest:1008 INFO  - === testGetSetRemoveParameter001() ===
[2013-04-15 20:33:35,335] TestBase:351 DEBUG - === created message:MESSAGE sip:JSR289_TCK@localhost:5060 SIP/2.0
Call-ID: 4f5357419e71938242a477d8bb50939c@192.168.1.65
CSeq: 1 MESSAGE
From: "Alice" <sip:alice@192.168.1.65:5071>;tag=1856855976
To: "JSR289_TCK" <sip:JSR289_TCK@localhost:5060>
Via: SIP/2.0/UDP 192.168.1.65:5071;branch=somebranchvalue
Max-Forwards: 5
Content-Length: 0

 ===
[2013-04-15 20:33:35,340] TestBase:979 DEBUG - ---The Sip request is:MESSAGE sip:JSR289_TCK@localhost:5060 SIP/2.0
Call-ID: 4f5357419e71938242a477d8bb50939c@192.168.1.65
CSeq: 1 MESSAGE
From: "Alice" <sip:alice@192.168.1.65:5071>;tag=1856855976
To: "JSR289_TCK" <sip:JSR289_TCK@localhost:5060>
Via: SIP/2.0/UDP 192.168.1.65:5071;branch=z9hG4bK788e643fa5037726d3b9ba97901b8ee5
Max-Forwards: 5
Route: "JSR289_TCK" <sip:JSR289_TCK@localhost:5060;lr>,<sip:localhost:5060;transport=udp;lr>
Application-Name: com.bea.sipservlet.tck.apps.apitestapp
Servlet-Name: URI
Method-Name: testGetSetRemoveParameter001
Content-Length: 0

 ---
[2013-04-15 20:33:38,358] URITest:1008 INFO  - === testGetParameterNames001() ===
[2013-04-15 20:33:38,359] TestBase:351 DEBUG - === created message:MESSAGE sip:JSR289_TCK@localhost:5060 SIP/2.0
Call-ID: 4180c73e1c0e8cf2f3ea51c6c939feb0@192.168.1.65
CSeq: 1 MESSAGE
From: "Alice" <sip:alice@192.168.1.65:5071>;tag=1160747853
To: "JSR289_TCK" <sip:JSR289_TCK@localhost:5060>
Via: SIP/2.0/UDP 192.168.1.65:5071;branch=somebranchvalue
Max-Forwards: 5
Content-Length: 0

 ===
[2013-04-15 20:33:38,365] TestBase:979 DEBUG - ---The Sip request is:MESSAGE sip:JSR289_TCK@localhost:5060 SIP/2.0
Call-ID: 4180c73e1c0e8cf2f3ea51c6c939feb0@192.168.1.65
CSeq: 1 MESSAGE
From: "Alice" <sip:alice@192.168.1.65:5071>;tag=1160747853
To: "JSR289_TCK" <sip:JSR289_TCK@localhost:5060>
Via: SIP/2.0/UDP 192.168.1.65:5071;branch=z9hG4bK6352eb7d04dfa5663d63b0af29626cc1
Max-Forwards: 5
Route: "JSR289_TCK" <sip:JSR289_TCK@localhost:5060;lr>,<sip:localhost:5060;transport=udp;lr>
Application-Name: com.bea.sipservlet.tck.apps.apitestapp
Servlet-Name: URI
Method-Name: testGetParameterNames001
Content-Length: 0

 ---
[2013-04-15 20:33:41,383] URITest:1008 INFO  - === testToString001() ===
[2013-04-15 20:33:41,383] TestBase:351 DEBUG - === created message:MESSAGE sip:JSR289_TCK@localhost:5060 SIP/2.0
Call-ID: a9209259fe69a4ab4e083d26c67516e1@192.168.1.65
CSeq: 1 MESSAGE
From: "Alice" <sip:alice@192.168.1.65:5071>;tag=1008837744
To: "JSR289_TCK" <sip:JSR289_TCK@localhost:5060>
Via: SIP/2.0/UDP 192.168.1.65:5071;branch=somebranchvalue
Max-Forwards: 5
Content-Length: 0

 ===
[2013-04-15 20:33:41,388] TestBase:979 DEBUG - ---The Sip request is:MESSAGE sip:JSR289_TCK@localhost:5060 SIP/2.0
Call-ID: a9209259fe69a4ab4e083d26c67516e1@192.168.1.65
CSeq: 1 MESSAGE
From: "Alice" <sip:alice@192.168.1.65:5071>;tag=1008837744
To: "JSR289_TCK" <sip:JSR289_TCK@localhost:5060>
Via: SIP/2.0/UDP 192.168.1.65:5071;branch=z9hG4bK662fb9f5f0b9747e3689f4c3f88b03fa
Max-Forwards: 5
Route: "JSR289_TCK" <sip:JSR289_TCK@localhost:5060;lr>,<sip:localhost:5060;transport=udp;lr>
Application-Name: com.bea.sipservlet.tck.apps.apitestapp
Servlet-Name: URI
Method-Name: testToString001
Content-Length: 0

 ---
[2013-04-15 20:33:44,405] URITest:1008 INFO  - === testIsSipURI001() ===
[2013-04-15 20:33:44,405] TestBase:351 DEBUG - === created message:MESSAGE sip:JSR289_TCK@localhost:5060 SIP/2.0
Call-ID: 8366f9b3c61ca8996058d5d1b7760343@192.168.1.65
CSeq: 1 MESSAGE
From: "Alice" <sip:alice@192.168.1.65:5071>;tag=764851130
To: "JSR289_TCK" <sip:JSR289_TCK@localhost:5060>
Via: SIP/2.0/UDP 192.168.1.65:5071;branch=somebranchvalue
Max-Forwards: 5
Content-Length: 0

 ===
[2013-04-15 20:33:44,410] TestBase:979 DEBUG - ---The Sip request is:MESSAGE sip:JSR289_TCK@localhost:5060 SIP/2.0
Call-ID: 8366f9b3c61ca8996058d5d1b7760343@192.168.1.65
CSeq: 1 MESSAGE
From: "Alice" <sip:alice@192.168.1.65:5071>;tag=764851130
To: "JSR289_TCK" <sip:JSR289_TCK@localhost:5060>
Via: SIP/2.0/UDP 192.168.1.65:5071;branch=z9hG4bKa7585e421998478bdbbfe455ed991eac
Max-Forwards: 5
Route: "JSR289_TCK" <sip:JSR289_TCK@localhost:5060;lr>,<sip:localhost:5060;transport=udp;lr>
Application-Name: com.bea.sipservlet.tck.apps.apitestapp
Servlet-Name: URI
Method-Name: testIsSipURI001
Content-Length: 0

 ---
[2013-04-15 20:33:47,424] URITest:1008 INFO  - === testGetScheme001() ===
[2013-04-15 20:33:47,425] TestBase:351 DEBUG - === created message:MESSAGE sip:JSR289_TCK@localhost:5060 SIP/2.0
Call-ID: dad3368828fa47d62ecdec5d47c24828@192.168.1.65
CSeq: 1 MESSAGE
From: "Alice" <sip:alice@192.168.1.65:5071>;tag=463195338
To: "JSR289_TCK" <sip:JSR289_TCK@localhost:5060>
Via: SIP/2.0/UDP 192.168.1.65:5071;branch=somebranchvalue
Max-Forwards: 5
Content-Length: 0

 ===
[2013-04-15 20:33:47,430] TestBase:979 DEBUG - ---The Sip request is:MESSAGE sip:JSR289_TCK@localhost:5060 SIP/2.0
Call-ID: dad3368828fa47d62ecdec5d47c24828@192.168.1.65
CSeq: 1 MESSAGE
From: "Alice" <sip:alice@192.168.1.65:5071>;tag=463195338
To: "JSR289_TCK" <sip:JSR289_TCK@localhost:5060>
Via: SIP/2.0/UDP 192.168.1.65:5071;branch=z9hG4bK134f457c3cc574c458aac4bac92cd78c
Max-Forwards: 5
Route: "JSR289_TCK" <sip:JSR289_TCK@localhost:5060;lr>,<sip:localhost:5060;transport=udp;lr>
Application-Name: com.bea.sipservlet.tck.apps.apitestapp
Servlet-Name: URI
Method-Name: testGetScheme001
Content-Length: 0

 ---
[2013-04-15 20:33:50,454] URITest:1008 INFO  - === testEquals001() ===
[2013-04-15 20:33:50,455] TestBase:351 DEBUG - === created message:MESSAGE sip:JSR289_TCK@localhost:5060 SIP/2.0
Call-ID: 90a16abc0211f006c0d0943e90fb1e8f@192.168.1.65
CSeq: 1 MESSAGE
From: "Alice" <sip:alice@192.168.1.65:5071>;tag=800507934
To: "JSR289_TCK" <sip:JSR289_TCK@localhost:5060>
Via: SIP/2.0/UDP 192.168.1.65:5071;branch=somebranchvalue
Max-Forwards: 5
Content-Length: 0

 ===
[2013-04-15 20:33:50,459] TestBase:979 DEBUG - ---The Sip request is:MESSAGE sip:JSR289_TCK@localhost:5060 SIP/2.0
Call-ID: 90a16abc0211f006c0d0943e90fb1e8f@192.168.1.65
CSeq: 1 MESSAGE
From: "Alice" <sip:alice@192.168.1.65:5071>;tag=800507934
To: "JSR289_TCK" <sip:JSR289_TCK@localhost:5060>
Via: SIP/2.0/UDP 192.168.1.65:5071;branch=z9hG4bK719b9d4d375209f0427d0ee815b2a7c1
Max-Forwards: 5
Route: "JSR289_TCK" <sip:JSR289_TCK@localhost:5060;lr>,<sip:localhost:5060;transport=udp;lr>
Application-Name: com.bea.sipservlet.tck.apps.apitestapp
Servlet-Name: URI
Method-Name: testEquals001
Content-Length: 0

 ---
]]></system-out>
  <system-err><![CDATA[]]></system-err>
</testsuite>
