<?xml version="1.0" encoding="UTF-8" ?>
<testsuite errors="0" failures="3" name="com.bea.sipservlet.tck.agents.api.javax_servlet_sip.SipServletResponseTest" tests="15" time="76.024">
  <properties>
    <property name="java.vendor" value="Oracle Corporation" />
    <property name="env.SIPUNIT_LIB" value="/Users/andrew/Documents/reference/sip/sipservlet-1_1-tck/tck/../sipunit/lib" />
    <property name="env.SIGNATURE_FILE_NAME" value="/Users/andrew/Documents/reference/sip/sipservlet-1_1-tck/tck/bin/jsr289_api.sig" />
    <property name="sun.java.launcher" value="SUN_STANDARD" />
    <property name="env.TCK_LIB" value="/Users/andrew/Documents/reference/sip/sipservlet-1_1-tck/tck/../tck/lib" />
    <property name="sun.management.compiler" value="HotSpot 64-Bit Tiered Compilers" />
    <property name="spec.report" value="/Users/andrew/Documents/reference/sip/sipservlet-1_1-tck/tck/report/spec_report" />
    <property name="lib" value="/Users/andrew/Documents/reference/sip/sipservlet-1_1-tck/tck/lib" />
    <property name="env.TCK_DIRECTORY" value="/Users/andrew/Documents/reference/sip/sipservlet-1_1-tck/tck" />
    <property name="os.name" value="Mac OS X" />
    <property name="sun.boot.class.path" value="/Library/Java/JavaVirtualMachines/jdk1.7.0_10.jdk/Contents/Home/jre/lib/resources.jar:/Library/Java/JavaVirtualMachines/jdk1.7.0_10.jdk/Contents/Home/jre/lib/rt.jar:/Library/Java/JavaVirtualMachines/jdk1.7.0_10.jdk/Contents/Home/jre/lib/sunrsasign.jar:/Library/Java/JavaVirtualMachines/jdk1.7.0_10.jdk/Contents/Home/jre/lib/jsse.jar:/Library/Java/JavaVirtualMachines/jdk1.7.0_10.jdk/Contents/Home/jre/lib/jce.jar:/Library/Java/JavaVirtualMachines/jdk1.7.0_10.jdk/Contents/Home/jre/lib/charsets.jar:/Library/Java/JavaVirtualMachines/jdk1.7.0_10.jdk/Contents/Home/jre/lib/jfr.jar:/Library/Java/JavaVirtualMachines/jdk1.7.0_10.jdk/Contents/Home/jre/lib/JObjC.jar:/Library/Java/JavaVirtualMachines/jdk1.7.0_10.jdk/Contents/Home/jre/classes" />
    <property name="env.TMPDIR" value="/var/folders/qt/j9kz_nw12bqfytwz9kfyjvq00000gn/T/" />
    <property name="env.Apple_Ubiquity_Message" value="/tmp/launch-s2GBEw/Apple_Ubiquity_Message" />
    <property name="env.SIPUNIT_DIRECTORY" value="/Users/andrew/Documents/reference/sip/sipservlet-1_1-tck/sipunit" />
    <property name="env.PWD" value="/Users/andrew/Documents/reference/sip/sipservlet-1_1-tck/tck" />
    <property name="user.country.format" value="GB" />
    <property name="report" value="/Users/andrew/Documents/reference/sip/sipservlet-1_1-tck/tck/report" />
    <property name="env.LANG" value="en_GB.UTF-8" />
    <property name="signature.report" value="/Users/andrew/Documents/reference/sip/sipservlet-1_1-tck/tck/report/sig_report" />
    <property name="java.vm.specification.vendor" value="Oracle Corporation" />
    <property name="ant.home" value="/usr/share/ant" />
    <property name="java.runtime.version" value="1.7.0_10-ea-b09" />
    <property name="env.TCK_HOME" value="/Users/andrew/Documents/reference/sip/sipservlet-1_1-tck/tck/../tck" />
    <property name="env.Apple_PubSub_Socket_Render" value="/tmp/launch-w5MTVj/Render" />
    <property name="approuter.src" value="com/bea/sipservlet/tck/ar" />
    <property name="user.name" value="andrew" />
    <property name="env.USER" value="andrew" />
    <property name="env.SHELL" value="/bin/bash" />
    <property name="env.__CF_USER_TEXT_ENCODING" value="0x1F5:0:0" />
    <property name="env.XMLLINT_INDENT" value="    " />
    <property name="env.PATH" value="/Library/Java/JavaVirtualMachines/jdk1.7.0_10.jdk/Contents/Home/jre/bin:/usr/share/ant/bin:/usr/bin:/bin:/usr/sbin:/sbin:/usr/local/bin" />
    <property name="user.language" value="en" />
    <property name="build" value="/Users/andrew/Documents/reference/sip/sipservlet-1_1-tck/tck/build" />
    <property name="sun.boot.library.path" value="/Library/Java/JavaVirtualMachines/jdk1.7.0_10.jdk/Contents/Home/jre/lib" />
    <property name="ant.project.default-target" value="usage" />
    <property name="ant.project.name" value="SIP Servlet 1.1 API Technology Compatibility Kit (TCK)" />
    <property name="env.REPORT_HOME" value="/Users/andrew/Documents/reference/sip/sipservlet-1_1-tck/tck/../tck/report" />
    <property name="java.version" value="1.7.0_10-ea" />
    <property name="classes" value="/Users/andrew/Documents/reference/sip/sipservlet-1_1-tck/tck/build/classes" />
    <property name="user.timezone" value="" />
    <property name="apiapp.dir" value="/Users/andrew/Documents/reference/sip/sipservlet-1_1-tck/tck/applications/apitestapp" />
    <property name="tck.zip" value="../sipservlet-1_1-tck.zip" />
    <property name="sun.arch.data.model" value="64" />
    <property name="log4j" value="/Users/andrew/Documents/reference/sip/sipservlet-1_1-tck/tck/conf/log4j.properties" />
    <property name="http.nonProxyHosts" value="local|*.local|169.254/16|*.169.254/16" />
    <property name="java.endorsed.dirs" value="/Library/Java/JavaVirtualMachines/jdk1.7.0_10.jdk/Contents/Home/jre/lib/endorsed" />
    <property name="signaturefile" value="jsr289_api.sig" />
    <property name="sun.cpu.isalist" value="" />
    <property name="sun.jnu.encoding" value="UTF-8" />
    <property name="file.encoding.pkg" value="sun.io" />
    <property name="env.SHLVL" value="2" />
    <property name="file.separator" value="/" />
    <property name="java.specification.name" value="Java Platform API Specification" />
    <property name="java.class.version" value="51.0" />
    <property name="src" value="/Users/andrew/Documents/reference/sip/sipservlet-1_1-tck/tck/src" />
    <property name="sipunit.dir" value="../sipunit" />
    <property name="ar.build" value="/Users/andrew/Documents/reference/sip/sipservlet-1_1-tck/tck/build/ar-build" />
    <property name="user.country" value="US" />
    <property name="java.home" value="/Library/Java/JavaVirtualMachines/jdk1.7.0_10.jdk/Contents/Home/jre" />
    <property name="dist.dir" value="/Users/andrew/Documents/reference/sip/sipservlet-1_1-tck/tck/dist" />
    <property name="java.vm.info" value="mixed mode" />
    <property name="env.LOGNAME" value="andrew" />
    <property name="ant.file" value="/Users/andrew/Documents/reference/sip/sipservlet-1_1-tck/tck/build.xml" />
    <property name="os.version" value="10.8.3" />
    <property name="env.TERM_PROGRAM_VERSION" value="309" />
    <property name="path.separator" value=":" />
    <property name="java.vm.version" value="23.6-b03" />
    <property name="ant.library.dir" value="/usr/share/ant/lib" />
    <property name="env.SIPUNIT_HOME" value="/Users/andrew/Documents/reference/sip/sipservlet-1_1-tck/tck/../sipunit" />
    <property name="env.JAVA_HOME" value="/Library/Java/JavaVirtualMachines/jdk1.7.0_10.jdk/Contents/Home" />
    <property name="env.SIGCONFIG" value="/Users/andrew/Documents/reference/sip/sipservlet-1_1-tck/tck/conf/signature.properties" />
    <property name="env.TERM" value="xterm-256color" />
    <property name="java.awt.printerjob" value="sun.lwawt.macosx.CPrinterJob" />
    <property name="env.SIGTEST_LIB" value="/Users/andrew/Documents/reference/sip/sipservlet-1_1-tck/tck/../tck/lib/sigtest.jar" />
    <property name="sun.io.unicode.encoding" value="UnicodeBig" />
    <property name="ant.file.SIP Servlet 1.1 API Technology Compatibility Kit (TCK)" value="/Users/andrew/Documents/reference/sip/sipservlet-1_1-tck/tck/build.xml" />
    <property name="awt.toolkit" value="sun.lwawt.macosx.LWCToolkit" />
    <property name="socksNonProxyHosts" value="local|*.local|169.254/16|*.169.254/16" />
    <property name="ftp.nonProxyHosts" value="local|*.local|169.254/16|*.169.254/16" />
    <property name="env.APIJAR" value="/Users/andrew/Documents/reference/sip/sipservlet-1_1-tck/tck/../tck/lib/servlet-2_5-api.jar:/Users/andrew/Documents/reference/sip/sipservlet-1_1-tck/tck/../tck/lib/sipservlet-1_1-api.jar" />
    <property name="user.home" value="/Users/andrew" />
    <property name="env.CLASSPATH" value="/Library/Java/JavaVirtualMachines/jdk1.7.0_10.jdk/Contents/Home/lib/tools.jar:/Users/andrew/Documents/reference/sip/sipservlet-1_1-tck/tck/../tck/lib/tck-junit.jar:/Users/andrew/Documents/reference/sip/sipservlet-1_1-tck/tck/../sipunit/lib/junit.jar:/Users/andrew/Documents/reference/sip/sipservlet-1_1-tck/tck/../tck/lib/sigtest.jar:/Users/andrew/Documents/reference/sip/sipservlet-1_1-tck/tck/../tck/conf" />
    <property name="java.specification.vendor" value="Oracle Corporation" />
    <property name="env.TERM_PROGRAM" value="Apple_Terminal" />
    <property name="env.TCKJUNIT_LIB" value="/Users/andrew/Documents/reference/sip/sipservlet-1_1-tck/tck/../tck/lib/tck-junit.jar" />
    <property name="java.library.path" value="/Users/andrew/Library/Java/Extensions:/Library/Java/Extensions:/Network/Library/Java/Extensions:/System/Library/Java/Extensions:/usr/lib/java:." />
    <property name="java.vendor.url" value="http://java.oracle.com/" />
    <property name="gopherProxySet" value="false" />
    <property name="java.vm.vendor" value="Oracle Corporation" />
    <property name="java.runtime.name" value="Java(TM) SE Runtime Environment" />
    <property name="java.class.path" value="/Users/andrew/Documents/reference/sip/sipservlet-1_1-tck/tck/lib/ant-contrib-1.0b3.jar:/Users/andrew/Documents/reference/sip/sipservlet-1_1-tck/tck/lib/javax.annotation_1.0.jar:/Users/andrew/Documents/reference/sip/sipservlet-1_1-tck/tck/lib/servlet-2_5-api.jar:/Users/andrew/Documents/reference/sip/sipservlet-1_1-tck/tck/lib/sigtest.jar:/Users/andrew/Documents/reference/sip/sipservlet-1_1-tck/tck/lib/sipservlet-1_1-api.jar:/Users/andrew/Documents/reference/sip/sipservlet-1_1-tck/tck/lib/sipunit.jar:/Users/andrew/Documents/reference/sip/sipservlet-1_1-tck/tck/lib/tck-junit.jar:/Users/andrew/Documents/reference/sip/sipservlet-1_1-tck/sipunit/lib/JainSipApi1.2.jar:/Users/andrew/Documents/reference/sip/sipservlet-1_1-tck/sipunit/lib/JainSipRi1.2.jar:/Users/andrew/Documents/reference/sip/sipservlet-1_1-tck/sipunit/lib/concurrent.jar:/Users/andrew/Documents/reference/sip/sipservlet-1_1-tck/sipunit/lib/dom.jar:/Users/andrew/Documents/reference/sip/sipservlet-1_1-tck/sipunit/lib/jax-qname.jar:/Users/andrew/Documents/reference/sip/sipservlet-1_1-tck/sipunit/lib/jaxb-api.jar:/Users/andrew/Documents/reference/sip/sipservlet-1_1-tck/sipunit/lib/jaxb-impl.jar:/Users/andrew/Documents/reference/sip/sipservlet-1_1-tck/sipunit/lib/jaxb-libs.jar:/Users/andrew/Documents/reference/sip/sipservlet-1_1-tck/sipunit/lib/junit.jar:/Users/andrew/Documents/reference/sip/sipservlet-1_1-tck/sipunit/lib/log4j-1.2.8.jar:/Users/andrew/Documents/reference/sip/sipservlet-1_1-tck/sipunit/lib/namespace.jar:/Users/andrew/Documents/reference/sip/sipservlet-1_1-tck/sipunit/lib/nist-sdp-1.0.jar:/Users/andrew/Documents/reference/sip/sipservlet-1_1-tck/sipunit/lib/relaxngDatatype.jar:/Users/andrew/Documents/reference/sip/sipservlet-1_1-tck/sipunit/lib/tracesviewer.jar:/Users/andrew/Documents/reference/sip/sipservlet-1_1-tck/sipunit/lib/xalan.jar:/Users/andrew/Documents/reference/sip/sipservlet-1_1-tck/sipunit/lib/xercesImpl.jar:/Users/andrew/Documents/reference/sip/sipservlet-1_1-tck/sipunit/lib/xsdlib.jar:/Users/andrew/Documents/reference/sip/sipservlet-1_1-tck/tck/build/classes:/Library/Java/JavaVirtualMachines/jdk1.7.0_10.jdk/Contents/Home/lib/tools.jar:/Users/andrew/Documents/reference/sip/sipservlet-1_1-tck/tck/conf:/usr/share/java/ant-1.8.2/lib/ant-launcher.jar:/usr/share/ant/lib/ant.jar:/usr/share/ant/lib/ant-junit.jar" />
    <property name="sun.java.command" value="com.bea.wcp.ant.ext.junit.TckJUnitTestRunner com.bea.sipservlet.tck.agents.api.javax_servlet_sip.SipServletResponseTest filtertrace=true haltOnError=false haltOnFailure=false formatter=org.apache.tools.ant.taskdefs.optional.junit.SummaryJUnitResultFormatter showoutput=false formatter=com.bea.wcp.ant.ext.junit.TckXMLFormatter,/Users/andrew/Documents/reference/sip/sipservlet-1_1-tck/tck/report/api_report/TEST-com.bea.sipservlet.tck.agents.api.javax_servlet_sip.SipServletResponseTest.xml propsfile=/Users/andrew/Documents/reference/sip/sipservlet-1_1-tck/tck/junit941650594.properties" />
    <property name="ant.version" value="Apache Ant(TM) version 1.8.2 compiled on June 20 2012" />
    <property name="env.TERM_SESSION_ID" value="7818A790-16A8-47B8-9DFE-BD2903CA9C1F" />
    <property name="env.JSR289TCK_HOME" value="/Users/andrew/Documents/reference/sip/sipservlet-1_1-tck/tck/.." />
    <property name="env.JBOSS_HOME" value="/opt/jboss-eap-6.1" />
    <property name="signature.property" value="/Users/andrew/Documents/reference/sip/sipservlet-1_1-tck/tck/conf/signature.properties" />
    <property name="jsr289.dir" value=".." />
    <property name="api.report" value="/Users/andrew/Documents/reference/sip/sipservlet-1_1-tck/tck/report/api_report" />
    <property name="java.vm.specification.name" value="Java Virtual Machine Specification" />
    <property name="ant.file.type" value="file" />
    <property name="java.vm.specification.version" value="1.7" />
    <property name="conf" value="/Users/andrew/Documents/reference/sip/sipservlet-1_1-tck/tck/conf" />
    <property name="sun.cpu.endian" value="little" />
    <property name="sun.os.patch.level" value="unknown" />
    <property name="env.HOME" value="/Users/andrew" />
    <property name="env.ANT_HOME" value="/usr/share/ant" />
    <property name="java.io.tmpdir" value="/var/folders/qt/j9kz_nw12bqfytwz9kfyjvq00000gn/T/" />
    <property name="java.vendor.url.bug" value="http://bugreport.sun.com/bugreport/" />
    <property name="env.SSH_AUTH_SOCK" value="/tmp/launch-JxY2DM/Listeners" />
    <property name="env.MAVEN_OPTS" value="-Xmx512M -XX:MaxPermSize=512M" />
    <property name="signature.report.filename" value="jsr289SignatureReport.txt" />
    <property name="env.COMMAND_MODE" value="unix2003" />
    <property name="applications.src.dir" value="/Users/andrew/Documents/reference/sip/sipservlet-1_1-tck/tck/applications/spectestapps/ar-continue,/Users/andrew/Documents/reference/sip/sipservlet-1_1-tck/tck/applications/spectestapps/ar-internalroutemodifier,/Users/andrew/Documents/reference/sip/sipservlet-1_1-tck/tck/applications/spectestapps/ar-reverse,/Users/andrew/Documents/reference/sip/sipservlet-1_1-tck/tck/applications/spectestapps/ar-suburiregion,/Users/andrew/Documents/reference/sip/sipservlet-1_1-tck/tck/applications/spectestapps/ar-success,/Users/andrew/Documents/reference/sip/sipservlet-1_1-tck/tck/applications/spectestapps/uas,/Users/andrew/Documents/reference/sip/sipservlet-1_1-tck/tck/applications/spectestapps/uac,/Users/andrew/Documents/reference/sip/sipservlet-1_1-tck/tck/applications/spectestapps/b2bua,/Users/andrew/Documents/reference/sip/sipservlet-1_1-tck/tck/applications/spectestapps/proxy" />
    <property name="os.arch" value="x86_64" />
    <property name="java.awt.graphicsenv" value="sun.awt.CGraphicsEnvironment" />
    <property name="java.ext.dirs" value="/Users/andrew/Library/Java/Extensions:/Library/Java/JavaVirtualMachines/jdk1.7.0_10.jdk/Contents/Home/jre/lib/ext:/Library/Java/Extensions:/Network/Library/Java/Extensions:/System/Library/Java/Extensions:/usr/lib/java" />
    <property name="ar.appname" value="/Users/andrew/Documents/reference/sip/sipservlet-1_1-tck/tck/dist/tck-approuter.jar" />
    <property name="env.JAVA_MAIN_CLASS_46883" value="org.apache.tools.ant.launch.Launcher" />
    <property name="user.dir" value="/Users/andrew/Documents/reference/sip/sipservlet-1_1-tck/tck" />
    <property name="applications.dir" value="/Users/andrew/Documents/reference/sip/sipservlet-1_1-tck/tck/applications" />
    <property name="line.separator" value="&#xa;" />
    <property name="java.vm.name" value="Java HotSpot(TM) 64-Bit Server VM" />
    <property name="ant.file.type.SIP Servlet 1.1 API Technology Compatibility Kit (TCK)" value="file" />
    <property name="env.RJAR_HOME" value="/Users/andrew/Dev/rjar/" />
    <property name="basedir" value="/Users/andrew/Documents/reference/sip/sipservlet-1_1-tck/tck" />
    <property name="ant.java.version" value="1.7" />
    <property name="ant.core.lib" value="/usr/share/ant/lib/ant.jar" />
    <property name="env.SIGNATURE_REPORT_NAME" value="jsr289SignatureReport.txt" />
    <property name="file.encoding" value="UTF-8" />
    <property name="env.SIGREPORT_HOME" value="/Users/andrew/Documents/reference/sip/sipservlet-1_1-tck/tck/../tck/report/sig_report" />
    <property name="env.JUNIT_LIB" value="/Users/andrew/Documents/reference/sip/sipservlet-1_1-tck/tck/../sipunit/lib/junit.jar" />
    <property name="java.specification.version" value="1.7" />
    <property name="env.REFERENCE_JAR" value="/Users/andrew/Documents/reference/sip/sipservlet-1_1-tck/tck/lib/sigtest.jar" />
    <property name="ant.project.invoked-targets" value="run-api-tests" />
    <property name="tck.earname" value="/Users/andrew/Documents/reference/sip/sipservlet-1_1-tck/tck/dist/tck-apps.ear" />
  </properties>
  <testcase assertions="[SipServlet:JAVADOC:SipServletResponse4] - Get OutputStream,return null" classname="com.bea.sipservlet.tck.agents.api.javax_servlet_sip.SipServletResponseTest" name="testGetOutputStream001" time="3.429" />
  <testcase assertions="[SipServlet:JAVADOC:SipServletResponse5] - Get Proxy" classname="com.bea.sipservlet.tck.agents.api.javax_servlet_sip.SipServletResponseTest" name="testGetProxy001" time="13.05">
    <failure type="junit.framework.AssertionFailedError">junit.framework.AssertionFailedError
	at com.bea.sipservlet.tck.agents.TestBase.assertSipInviteProxyCancel(TestBase.java:1086)
	at com.bea.sipservlet.tck.agents.api.javax_servlet_sip.SipServletResponseTest.testGetProxy001(SipServletResponseTest.java:262)
	at com.bea.wcp.ant.ext.junit.TestHandler.runTest(TestHandler.java:73)
	at com.bea.wcp.ant.ext.junit.TestHandler.run(TestHandler.java:58)
	at com.bea.wcp.ant.ext.junit.TestHandler.invoke(TestHandler.java:34)
	at $Proxy0.run(Unknown Source)
	at com.bea.wcp.ant.ext.junit.TestProxy.run(TestProxy.java:24)
	at com.bea.wcp.ant.ext.junit.TckJUnitTestRunner.run(TckJUnitTestRunner.java:272)
	at com.bea.wcp.ant.ext.junit.TckJUnitTestRunner.launch(TckJUnitTestRunner.java:647)
	at com.bea.wcp.ant.ext.junit.TckJUnitTestRunner.main(TckJUnitTestRunner.java:542)
</failure>
  </testcase>
  <testcase assertions="[SipServlet:JAVADOC:SipServletResponse6] - Get response reason" classname="com.bea.sipservlet.tck.agents.api.javax_servlet_sip.SipServletResponseTest" name="testGetReasonPhrase001" time="3.028" />
  <testcase assertions="[SipServlet:JAVADOC:SipServletResponse7] - Get Request" classname="com.bea.sipservlet.tck.agents.api.javax_servlet_sip.SipServletResponseTest" name="testGetRequest001" time="3.023" />
  <testcase assertions="[SipServlet:JAVADOC:SipServletResponse8] - Get response status" classname="com.bea.sipservlet.tck.agents.api.javax_servlet_sip.SipServletResponseTest" name="testGetStatus001" time="3.024" />
  <testcase assertions="[SipServlet:JAVADOC:SipServletResponse9] - Get response Writer,return null" classname="com.bea.sipservlet.tck.agents.api.javax_servlet_sip.SipServletResponseTest" name="testGetWriter001" time="3.022" />
  <testcase assertions="[SipServlet:JAVADOC:SipServletResponse10][SipServlet:JAVADOC:SipServletResponse15] - judge response is or not  Branch Response and get proxyBranch Object" classname="com.bea.sipservlet.tck.agents.api.javax_servlet_sip.SipServletResponseTest" name="testIsBranchResponse001" time="13.041">
    <failure type="junit.framework.AssertionFailedError">junit.framework.AssertionFailedError
	at com.bea.sipservlet.tck.agents.api.javax_servlet_sip.SipServletResponseTest.testIsBranchResponse001(SipServletResponseTest.java:359)
	at com.bea.wcp.ant.ext.junit.TestHandler.runTest(TestHandler.java:73)
	at com.bea.wcp.ant.ext.junit.TestHandler.run(TestHandler.java:58)
	at com.bea.wcp.ant.ext.junit.TestHandler.invoke(TestHandler.java:34)
	at $Proxy0.run(Unknown Source)
	at com.bea.wcp.ant.ext.junit.TestProxy.run(TestProxy.java:24)
	at com.bea.wcp.ant.ext.junit.TckJUnitTestRunner.run(TckJUnitTestRunner.java:272)
	at com.bea.wcp.ant.ext.junit.TckJUnitTestRunner.launch(TckJUnitTestRunner.java:647)
	at com.bea.wcp.ant.ext.junit.TckJUnitTestRunner.main(TckJUnitTestRunner.java:542)
</failure>
  </testcase>
  <testcase assertions="[SipServlet:JAVADOC:SipServletResponse11] - send response" classname="com.bea.sipservlet.tck.agents.api.javax_servlet_sip.SipServletResponseTest" name="testSend001" time="3.023" />
  <testcase assertions="[SipServlet:JAVADOC:SipServletResponse11] - test send response throw IllegalStateException" classname="com.bea.sipservlet.tck.agents.api.javax_servlet_sip.SipServletResponseTest" name="testSend101" time="13.019">
    <failure type="junit.framework.AssertionFailedError">junit.framework.AssertionFailedError
	at com.bea.sipservlet.tck.agents.api.javax_servlet_sip.SipServletResponseTest.sendResponseByMessage(SipServletResponseTest.java:549)
	at com.bea.sipservlet.tck.agents.api.javax_servlet_sip.SipServletResponseTest.testSend101(SipServletResponseTest.java:393)
	at com.bea.wcp.ant.ext.junit.TestHandler.runTest(TestHandler.java:73)
	at com.bea.wcp.ant.ext.junit.TestHandler.run(TestHandler.java:58)
	at com.bea.wcp.ant.ext.junit.TestHandler.invoke(TestHandler.java:34)
	at $Proxy0.run(Unknown Source)
	at com.bea.wcp.ant.ext.junit.TestProxy.run(TestProxy.java:24)
	at com.bea.wcp.ant.ext.junit.TckJUnitTestRunner.run(TckJUnitTestRunner.java:272)
	at com.bea.wcp.ant.ext.junit.TckJUnitTestRunner.launch(TckJUnitTestRunner.java:647)
	at com.bea.wcp.ant.ext.junit.TckJUnitTestRunner.main(TckJUnitTestRunner.java:542)
</failure>
  </testcase>
  <testcase assertions="[SipServlet:JAVADOC:SipServletResponse1] - test Create Ack throw IllegalStateException" classname="com.bea.sipservlet.tck.agents.api.javax_servlet_sip.SipServletResponseTest" name="testCreateAck101" time="3.022" />
  <testcase assertions="[SipServlet:JAVADOC:SipServletResponse3] - Returns an Iterator over all the realms associated in challenge response" classname="com.bea.sipservlet.tck.agents.api.javax_servlet_sip.SipServletResponseTest" name="testGetChallengeRealms001" time="3.022" />
  <testcase assertions="[SipServlet:JAVADOC:SipServletResponse1] - Create Ack" classname="com.bea.sipservlet.tck.agents.api.javax_servlet_sip.SipServletResponseTest" name="testCreateAck001" time="3.075" />
  <testcase assertions="[SipServlet:JAVADOC:SipServletResponse13] - set response status" classname="com.bea.sipservlet.tck.agents.api.javax_servlet_sip.SipServletResponseTest" name="testSetStatus001" time="3.022" />
  <testcase assertions="[SipServlet:JAVADOC:SipServletResponse14] - set response status and reason" classname="com.bea.sipservlet.tck.agents.api.javax_servlet_sip.SipServletResponseTest" name="testSetStatus002" time="3.021" />
  <testcase assertions="[SipServlet:JAVADOC:SipServletResponse14] - test set response status throw IllegalArgumentException" classname="com.bea.sipservlet.tck.agents.api.javax_servlet_sip.SipServletResponseTest" name="testSetStatus101" time="3.023" />
  <system-out><![CDATA[[2013-04-04 21:10:08,302] SipServletResponseTest:1008 INFO  - === testGetOutputStream001() ===
[2013-04-04 21:10:08,425] TestBase:351 DEBUG - === created message:MESSAGE sip:JSR289_TCK@localhost:5060 SIP/2.0
Call-ID: 3198a6caed8e1b17d55a6b98c8e98707@192.168.1.65
CSeq: 1 MESSAGE
From: "Alice" <sip:alice@192.168.1.65:5071>;tag=809453478
To: "JSR289_TCK" <sip:JSR289_TCK@localhost:5060>
Via: SIP/2.0/UDP 192.168.1.65:5071;branch=somebranchvalue
Max-Forwards: 5
Content-Length: 0

 ===
[2013-04-04 21:10:08,469] TestBase:979 DEBUG - ---The Sip request is:MESSAGE sip:JSR289_TCK@localhost:5060 SIP/2.0
Call-ID: 3198a6caed8e1b17d55a6b98c8e98707@192.168.1.65
CSeq: 1 MESSAGE
From: "Alice" <sip:alice@192.168.1.65:5071>;tag=809453478
To: "JSR289_TCK" <sip:JSR289_TCK@localhost:5060>
Via: SIP/2.0/UDP 192.168.1.65:5071;branch=z9hG4bK4b0635f491da511d2a1b7e1527214bfb
Max-Forwards: 5
Route: "JSR289_TCK" <sip:JSR289_TCK@localhost:5060;lr>,<sip:localhost:5060;transport=udp;lr>
Application-Name: com.bea.sipservlet.tck.apps.apitestapp
Servlet-Name: SipServletResponse
Method-Name: testGetOutputStream001
Content-Length: 0

 ---
[2013-04-04 21:10:11,503] SipServletResponseTest:1008 INFO  - === testGetProxy001() ===
[2013-04-04 21:10:11,504] SipServletResponseTest:1008 INFO  - === testGetProxy001() ===
[2013-04-04 21:10:11,505] TestBase:351 DEBUG - === created message:INVITE sip:bob@192.168.1.65:5072 SIP/2.0
Call-ID: 8c1d7bf2065a1257ad7d1476079dd0c5@192.168.1.65
CSeq: 1 INVITE
From: "Alice" <sip:alice@192.168.1.65:5071>;tag=1233588656
To: "Bob" <sip:bob@192.168.1.65:5072>
Via: SIP/2.0/UDP 192.168.1.65:5071;branch=somebranchvalue
Max-Forwards: 5
Content-Length: 0

 ===
SIPUNIT TRACE:  1365106211517  SS.waitRequest() - about to block, waiting
SIPUNIT TRACE:  1365106211534  SipStack: request received !
SIPUNIT TRACE:  1365106211534  SipStack: calling listener
SIPUNIT TRACE:  1365106211534  SipSession: request received !
SIPUNIT TRACE:  1365106211534       me ('To' check) = sip:bob@192.168.1.65
SIPUNIT TRACE:  1365106211534       my local contact info ('Request URI' check) = sip:bob@192.168.1.65:5072;transport=udp;lr
SIPUNIT TRACE:  1365106211534       INVITE sip:bob@192.168.1.65:5072 SIP/2.0
Servlet-Name: SipServletResponse
To: "Bob" <sip:bob@192.168.1.65:5072>
Contact: <sip:alice@192.168.1.65:5071;transport=udp;lr>
Method-Name: testGetProxy001
From: "Alice" <sip:alice@192.168.1.65:5071>;tag=1233588656
Call-ID: 8c1d7bf2065a1257ad7d1476079dd0c5@192.168.1.65
Via: SIP/2.0/UDP 192.168.1.65:5060;branch=z9hG4bK27jyafu0+empv03w+e5ghtzfstsajd;maddr=192.168.1.65,SIP/2.0/UDP 192.168.1.65:5071;branch=z9hG4bK98495bc7063add0ccc6b34bb11aae523
Route: "JSR289_TCK" <sip:JSR289_TCK@localhost:5060;lr>,"Bob" <sip:bob@192.168.1.65:5072;lr>
Max-Forwards: 4
CSeq: 1 INVITE
Content-Length: 0


SIPUNIT TRACE:  1365106211534  SipSession: notifying block object
SIPUNIT TRACE:  1365106211535  SS.waitRequest() - we've come out of the block
SIPUNIT TRACE:  1365106211535  SS.waitRequest() - either we got the request, or timed out
SIPUNIT TRACE:  1365106211540  SS.waitRequest() - about to block, waiting
SIPUNIT TRACE:  1365106221537  SS.waitRequest() - we've come out of the block
SIPUNIT TRACE:  1365106221537  SS.waitRequest() - either we got the request, or timed out
[2013-04-04 21:10:24,556] SipServletResponseTest:1008 INFO  - === testGetReasonPhrase001() ===
[2013-04-04 21:10:24,557] TestBase:351 DEBUG - === created message:MESSAGE sip:JSR289_TCK@localhost:5060 SIP/2.0
Call-ID: 98684df3bb8f951a1a139f4e7006f499@192.168.1.65
CSeq: 1 MESSAGE
From: "Alice" <sip:alice@192.168.1.65:5071>;tag=1331697537
To: "JSR289_TCK" <sip:JSR289_TCK@localhost:5060>
Via: SIP/2.0/UDP 192.168.1.65:5071;branch=somebranchvalue
Max-Forwards: 5
Content-Length: 0

 ===
[2013-04-04 21:10:24,563] TestBase:979 DEBUG - ---The Sip request is:MESSAGE sip:JSR289_TCK@localhost:5060 SIP/2.0
Call-ID: 98684df3bb8f951a1a139f4e7006f499@192.168.1.65
CSeq: 1 MESSAGE
From: "Alice" <sip:alice@192.168.1.65:5071>;tag=1331697537
To: "JSR289_TCK" <sip:JSR289_TCK@localhost:5060>
Via: SIP/2.0/UDP 192.168.1.65:5071;branch=z9hG4bK32d5b6a65b58a167af50a581fcd20913
Max-Forwards: 5
Route: "JSR289_TCK" <sip:JSR289_TCK@localhost:5060;lr>,<sip:localhost:5060;transport=udp;lr>
Application-Name: com.bea.sipservlet.tck.apps.apitestapp
Servlet-Name: SipServletResponse
Method-Name: testGetReasonPhrase001
Content-Length: 0

 ---
[2013-04-04 21:10:27,582] SipServletResponseTest:1008 INFO  - === testGetRequest001() ===
[2013-04-04 21:10:27,582] TestBase:351 DEBUG - === created message:MESSAGE sip:JSR289_TCK@localhost:5060 SIP/2.0
Call-ID: 997951ec8b77c896df8e471f1bfeb0cd@192.168.1.65
CSeq: 1 MESSAGE
From: "Alice" <sip:alice@192.168.1.65:5071>;tag=603968586
To: "JSR289_TCK" <sip:JSR289_TCK@localhost:5060>
Via: SIP/2.0/UDP 192.168.1.65:5071;branch=somebranchvalue
Max-Forwards: 5
Content-Length: 0

 ===
[2013-04-04 21:10:27,589] TestBase:979 DEBUG - ---The Sip request is:MESSAGE sip:JSR289_TCK@localhost:5060 SIP/2.0
Call-ID: 997951ec8b77c896df8e471f1bfeb0cd@192.168.1.65
CSeq: 1 MESSAGE
From: "Alice" <sip:alice@192.168.1.65:5071>;tag=603968586
To: "JSR289_TCK" <sip:JSR289_TCK@localhost:5060>
Via: SIP/2.0/UDP 192.168.1.65:5071;branch=z9hG4bK56617b21108ec929a307e2d5c910c5ad
Max-Forwards: 5
Route: "JSR289_TCK" <sip:JSR289_TCK@localhost:5060;lr>,<sip:localhost:5060;transport=udp;lr>
Application-Name: com.bea.sipservlet.tck.apps.apitestapp
Servlet-Name: SipServletResponse
Method-Name: testGetRequest001
Content-Length: 0

 ---
[2013-04-04 21:10:30,605] SipServletResponseTest:1008 INFO  - === testGetStatus001() ===
[2013-04-04 21:10:30,606] TestBase:351 DEBUG - === created message:MESSAGE sip:JSR289_TCK@localhost:5060 SIP/2.0
Call-ID: ca3eaf44102f2b4a3638530f529070d6@192.168.1.65
CSeq: 1 MESSAGE
From: "Alice" <sip:alice@192.168.1.65:5071>;tag=1254995074
To: "JSR289_TCK" <sip:JSR289_TCK@localhost:5060>
Via: SIP/2.0/UDP 192.168.1.65:5071;branch=somebranchvalue
Max-Forwards: 5
Content-Length: 0

 ===
[2013-04-04 21:10:30,612] TestBase:979 DEBUG - ---The Sip request is:MESSAGE sip:JSR289_TCK@localhost:5060 SIP/2.0
Call-ID: ca3eaf44102f2b4a3638530f529070d6@192.168.1.65
CSeq: 1 MESSAGE
From: "Alice" <sip:alice@192.168.1.65:5071>;tag=1254995074
To: "JSR289_TCK" <sip:JSR289_TCK@localhost:5060>
Via: SIP/2.0/UDP 192.168.1.65:5071;branch=z9hG4bK4460594273e3e30b3e8b1c154a8eac78
Max-Forwards: 5
Route: "JSR289_TCK" <sip:JSR289_TCK@localhost:5060;lr>,<sip:localhost:5060;transport=udp;lr>
Application-Name: com.bea.sipservlet.tck.apps.apitestapp
Servlet-Name: SipServletResponse
Method-Name: testGetStatus001
Content-Length: 0

 ---
[2013-04-04 21:10:33,629] SipServletResponseTest:1008 INFO  - === testGetWriter001() ===
[2013-04-04 21:10:33,630] TestBase:351 DEBUG - === created message:MESSAGE sip:JSR289_TCK@localhost:5060 SIP/2.0
Call-ID: a10d4cd54d350589d392c59bca3f2eed@192.168.1.65
CSeq: 1 MESSAGE
From: "Alice" <sip:alice@192.168.1.65:5071>;tag=330446394
To: "JSR289_TCK" <sip:JSR289_TCK@localhost:5060>
Via: SIP/2.0/UDP 192.168.1.65:5071;branch=somebranchvalue
Max-Forwards: 5
Content-Length: 0

 ===
[2013-04-04 21:10:33,634] TestBase:979 DEBUG - ---The Sip request is:MESSAGE sip:JSR289_TCK@localhost:5060 SIP/2.0
Call-ID: a10d4cd54d350589d392c59bca3f2eed@192.168.1.65
CSeq: 1 MESSAGE
From: "Alice" <sip:alice@192.168.1.65:5071>;tag=330446394
To: "JSR289_TCK" <sip:JSR289_TCK@localhost:5060>
Via: SIP/2.0/UDP 192.168.1.65:5071;branch=z9hG4bK4ba0c5143ef73043cdb1ff7a8d21b05e
Max-Forwards: 5
Route: "JSR289_TCK" <sip:JSR289_TCK@localhost:5060;lr>,<sip:localhost:5060;transport=udp;lr>
Application-Name: com.bea.sipservlet.tck.apps.apitestapp
Servlet-Name: SipServletResponse
Method-Name: testGetWriter001
Content-Length: 0

 ---
[2013-04-04 21:10:36,652] SipServletResponseTest:1008 INFO  - === testIsBranchResponse001() ===
[2013-04-04 21:10:36,652] TestBase:351 DEBUG - === created message:MESSAGE sip:bob@192.168.1.65:5072 SIP/2.0
Call-ID: 5edd8a0a18f42944b3ff44cafca06fad@192.168.1.65
CSeq: 1 MESSAGE
From: "Alice" <sip:alice@192.168.1.65:5071>;tag=587830645
To: "Bob" <sip:bob@192.168.1.65:5072>
Via: SIP/2.0/UDP 192.168.1.65:5071;branch=somebranchvalue
Max-Forwards: 5
Content-Length: 0

 ===
SIPUNIT TRACE:  1365106236657  SS.waitRequest() - about to block, waiting
SIPUNIT TRACE:  1365106236679  SipStack: request received !
SIPUNIT TRACE:  1365106236679  SipStack: calling listener
SIPUNIT TRACE:  1365106236679  SipStack: request received !
SIPUNIT TRACE:  1365106236679  SipStack: calling listener
SIPUNIT TRACE:  1365106236679  SipSession: request received !
SIPUNIT TRACE:  1365106236680       me ('To' check) = sip:bob@192.168.1.65
SIPUNIT TRACE:  1365106236680  SipSession: request received !
SIPUNIT TRACE:  1365106236680       my local contact info ('Request URI' check) = sip:bob@192.168.1.65:5072;transport=udp;lr
SIPUNIT TRACE:  1365106236680       me ('To' check) = sip:jim@192.168.1.65
SIPUNIT TRACE:  1365106236680       my local contact info ('Request URI' check) = sip:jim@192.168.1.65:5073;transport=udp;lr
SIPUNIT TRACE:  1365106236680       MESSAGE sip:bob@192.168.1.65:5072 SIP/2.0
Servlet-Name: SipServletResponse
To: "Bob" <sip:bob@192.168.1.65:5072>
Method-Name: testIsBranchResponse001
From: "Alice" <sip:alice@192.168.1.65:5071>;tag=587830645
Call-ID: 5edd8a0a18f42944b3ff44cafca06fad@192.168.1.65
Via: SIP/2.0/UDP 192.168.1.65:5060;branch=z9hG4bKf614y0nphxctxubal0qwwoz2d0h.aa;maddr=192.168.1.65,SIP/2.0/UDP 192.168.1.65:5071;branch=z9hG4bK3d38f7ec1f0c490b316e8972d0d15f2a
ua3-uri: sip:jim@192.168.1.65:5073
Route: "JSR289_TCK" <sip:JSR289_TCK@localhost:5060;lr>
Max-Forwards: 4
ua2-uri: sip:bob@192.168.1.65:5072
CSeq: 1 MESSAGE
Content-Length: 0


SIPUNIT TRACE:  1365106236680       MESSAGE sip:jim@192.168.1.65:5073 SIP/2.0
Servlet-Name: SipServletResponse
To: "Bob" <sip:bob@192.168.1.65:5072>
Method-Name: testIsBranchResponse001
From: "Alice" <sip:alice@192.168.1.65:5071>;tag=587830645
Call-ID: 5edd8a0a18f42944b3ff44cafca06fad@192.168.1.65
Via: SIP/2.0/UDP 192.168.1.65:5060;branch=z9hG4bKkjey.06db+ueicc!6pb09!85qtcgio;maddr=192.168.1.65,SIP/2.0/UDP 192.168.1.65:5071;branch=z9hG4bK3d38f7ec1f0c490b316e8972d0d15f2a
ua3-uri: sip:jim@192.168.1.65:5073
Route: "JSR289_TCK" <sip:JSR289_TCK@localhost:5060;lr>
Max-Forwards: 4
ua2-uri: sip:bob@192.168.1.65:5072
CSeq: 1 MESSAGE
Content-Length: 0


SIPUNIT TRACE:  1365106236680  SipSession: notifying block object
SIPUNIT TRACE:  1365106236680  SS.waitRequest() - we've come out of the block
SIPUNIT TRACE:  1365106236680  SipSession: notifying block object
SIPUNIT TRACE:  1365106236680  SS.waitRequest() - either we got the request, or timed out
SIPUNIT TRACE:  1365106236684  SS.waitRequest() - either we got the request, or timed out
[2013-04-04 21:10:49,692] SipServletResponseTest:1008 INFO  - === testSend001() ===
[2013-04-04 21:10:49,693] TestBase:351 DEBUG - === created message:MESSAGE sip:JSR289_TCK@localhost:5060 SIP/2.0
Call-ID: 67b760c8e03b7d2429669f625b824a8d@192.168.1.65
CSeq: 1 MESSAGE
From: "Alice" <sip:alice@192.168.1.65:5071>;tag=2065633786
To: "JSR289_TCK" <sip:JSR289_TCK@localhost:5060>
Via: SIP/2.0/UDP 192.168.1.65:5071;branch=somebranchvalue
Max-Forwards: 5
Content-Length: 0

 ===
[2013-04-04 21:10:49,698] TestBase:979 DEBUG - ---The Sip request is:MESSAGE sip:JSR289_TCK@localhost:5060 SIP/2.0
Call-ID: 67b760c8e03b7d2429669f625b824a8d@192.168.1.65
CSeq: 1 MESSAGE
From: "Alice" <sip:alice@192.168.1.65:5071>;tag=2065633786
To: "JSR289_TCK" <sip:JSR289_TCK@localhost:5060>
Via: SIP/2.0/UDP 192.168.1.65:5071;branch=z9hG4bK6be2915c2456bf272a765005979179dc
Max-Forwards: 5
Route: "JSR289_TCK" <sip:JSR289_TCK@localhost:5060;lr>,<sip:localhost:5060;transport=udp;lr>
Application-Name: com.bea.sipservlet.tck.apps.apitestapp
Servlet-Name: SipServletResponse
Method-Name: testSend001
Content-Length: 0

 ---
[2013-04-04 21:10:52,715] SipServletResponseTest:1008 INFO  - === testSend101() ===
[2013-04-04 21:10:52,716] TestBase:351 DEBUG - === created message:MESSAGE sip:JSR289_TCK@localhost:5060 SIP/2.0
Call-ID: 786327c7805f80d842a3e06074abe4ab@192.168.1.65
CSeq: 1 MESSAGE
From: "Alice" <sip:alice@192.168.1.65:5071>;tag=466794681
To: "JSR289_TCK" <sip:JSR289_TCK@localhost:5060>
Via: SIP/2.0/UDP 192.168.1.65:5071;branch=somebranchvalue
Max-Forwards: 5
Content-Length: 0

 ===
[2013-04-04 21:10:52,720] TestBase:979 DEBUG - ---The Sip request is:MESSAGE sip:JSR289_TCK@localhost:5060 SIP/2.0
Call-ID: 786327c7805f80d842a3e06074abe4ab@192.168.1.65
CSeq: 1 MESSAGE
From: "Alice" <sip:alice@192.168.1.65:5071>;tag=466794681
To: "JSR289_TCK" <sip:JSR289_TCK@localhost:5060>
Via: SIP/2.0/UDP 192.168.1.65:5071;branch=z9hG4bKec8281cd5784fc99a05e09437555960d
Max-Forwards: 5
Route: "JSR289_TCK" <sip:JSR289_TCK@localhost:5060;lr>,<sip:localhost:5060;transport=udp;lr>
Application-Name: com.bea.sipservlet.tck.apps.apitestapp
Servlet-Name: SipServletResponse
Method-Name: testSend101
Content-Length: 0

 ---
SIPUNIT TRACE:  1365106252728  SS.waitRequest() - about to block, waiting
SIPUNIT TRACE:  1365106262725  SS.waitRequest() - we've come out of the block
SIPUNIT TRACE:  1365106262725  SS.waitRequest() - either we got the request, or timed out
[2013-04-04 21:11:05,734] SipServletResponseTest:1008 INFO  - === testCreateAck101() ===
[2013-04-04 21:11:05,734] TestBase:351 DEBUG - === created message:MESSAGE sip:JSR289_TCK@localhost:5060 SIP/2.0
Call-ID: 7e66665896de830d377a53d3dca4a4b3@192.168.1.65
CSeq: 1 MESSAGE
From: "Alice" <sip:alice@192.168.1.65:5071>;tag=411302267
To: "JSR289_TCK" <sip:JSR289_TCK@localhost:5060>
Via: SIP/2.0/UDP 192.168.1.65:5071;branch=somebranchvalue
Max-Forwards: 5
Content-Length: 0

 ===
[2013-04-04 21:11:05,739] TestBase:979 DEBUG - ---The Sip request is:MESSAGE sip:JSR289_TCK@localhost:5060 SIP/2.0
Call-ID: 7e66665896de830d377a53d3dca4a4b3@192.168.1.65
CSeq: 1 MESSAGE
From: "Alice" <sip:alice@192.168.1.65:5071>;tag=411302267
To: "JSR289_TCK" <sip:JSR289_TCK@localhost:5060>
Via: SIP/2.0/UDP 192.168.1.65:5071;branch=z9hG4bK674da36c2724a15f22bf26f074257b75
Max-Forwards: 5
Route: "JSR289_TCK" <sip:JSR289_TCK@localhost:5060;lr>,<sip:localhost:5060;transport=udp;lr>
Application-Name: com.bea.sipservlet.tck.apps.apitestapp
Servlet-Name: SipServletResponse
Method-Name: testCreateAck101
Content-Length: 0

 ---
[2013-04-04 21:11:08,755] SipServletResponseTest:1008 INFO  - === testGetChallengeRealms001() ===
[2013-04-04 21:11:08,756] TestBase:351 DEBUG - === created message:MESSAGE sip:JSR289_TCK@localhost:5060 SIP/2.0
Call-ID: 0c30baeb1820ed432f67fce820f40759@192.168.1.65
CSeq: 1 MESSAGE
From: "Alice" <sip:alice@192.168.1.65:5071>;tag=67988582
To: "JSR289_TCK" <sip:JSR289_TCK@localhost:5060>
Via: SIP/2.0/UDP 192.168.1.65:5071;branch=somebranchvalue
Max-Forwards: 5
Content-Length: 0

 ===
[2013-04-04 21:11:08,761] TestBase:979 DEBUG - ---The Sip request is:MESSAGE sip:JSR289_TCK@localhost:5060 SIP/2.0
Call-ID: 0c30baeb1820ed432f67fce820f40759@192.168.1.65
CSeq: 1 MESSAGE
From: "Alice" <sip:alice@192.168.1.65:5071>;tag=67988582
To: "JSR289_TCK" <sip:JSR289_TCK@localhost:5060>
Via: SIP/2.0/UDP 192.168.1.65:5071;branch=z9hG4bK4011d448c293911e6ea839f502a9808b
Max-Forwards: 5
Route: "JSR289_TCK" <sip:JSR289_TCK@localhost:5060;lr>,<sip:localhost:5060;transport=udp;lr>
Application-Name: com.bea.sipservlet.tck.apps.apitestapp
Servlet-Name: SipServletResponse
Method-Name: testGetChallengeRealms001
Content-Length: 0

 ---
[2013-04-04 21:11:11,779] SipServletResponseTest:1008 INFO  - === testCreateAck001() ===
[2013-04-04 21:11:11,780] TestBase:351 DEBUG - === created message:MESSAGE sip:JSR289_TCK@localhost:5060 SIP/2.0
Call-ID: f581e087df0bfba3a0529d12aece2282@192.168.1.65
CSeq: 1 MESSAGE
From: "Alice" <sip:alice@192.168.1.65:5071>;tag=267830929
To: "JSR289_TCK" <sip:JSR289_TCK@localhost:5060>
Via: SIP/2.0/UDP 192.168.1.65:5071;branch=somebranchvalue
Max-Forwards: 5
Content-Length: 0

 ===
[2013-04-04 21:11:11,786] TestBase:979 DEBUG - ---The Sip request is:MESSAGE sip:JSR289_TCK@localhost:5060 SIP/2.0
Call-ID: f581e087df0bfba3a0529d12aece2282@192.168.1.65
CSeq: 1 MESSAGE
From: "Alice" <sip:alice@192.168.1.65:5071>;tag=267830929
To: "JSR289_TCK" <sip:JSR289_TCK@localhost:5060>
Via: SIP/2.0/UDP 192.168.1.65:5071;branch=z9hG4bK617fee5a7053ef0a06f600cd07874e75
Max-Forwards: 5
Route: "JSR289_TCK" <sip:JSR289_TCK@localhost:5060;lr>,<sip:localhost:5060;transport=udp;lr>
Application-Name: com.bea.sipservlet.tck.apps.apitestapp
Servlet-Name: SipServletResponse
Method-Name: testCreateAck001
Content-Length: 0

 ---
SIPUNIT TRACE:  1365106271811  SS.waitRequest() - about to block, waiting
SIPUNIT TRACE:  1365106271816  SipStack: request received !
SIPUNIT TRACE:  1365106271816  SipStack: calling listener
SIPUNIT TRACE:  1365106271817  SipSession: request received !
SIPUNIT TRACE:  1365106271817       me ('To' check) = sip:alice@192.168.1.65
SIPUNIT TRACE:  1365106271817       my local contact info ('Request URI' check) = sip:alice@192.168.1.65:5071;transport=udp;lr
SIPUNIT TRACE:  1365106271817       INVITE sip:alice@192.168.1.65:5071 SIP/2.0
To: "Alice" <sip:alice@192.168.1.65:5071>;tag=267830929
Contact: <sip:192.168.1.65>
From: "JSR289_TCK" <sip:JSR289_TCK@localhost:5060>;tag=ax4eq0msc+
Via: SIP/2.0/UDP 192.168.1.65:5060;branch=z9hG4bKeu+s3_e_onuic6bi_vcgze0knd-z81;maddr=192.168.1.65
Call-ID: vvrfmc_1qiyf3e_r8b2a
Max-Forwards: 70
CSeq: 42557 INVITE
Content-Length: 0


SIPUNIT TRACE:  1365106271817  SipSession: notifying block object
SIPUNIT TRACE:  1365106271817  SS.waitRequest() - we've come out of the block
SIPUNIT TRACE:  1365106271817  SS.waitRequest() - either we got the request, or timed out
SIPUNIT TRACE:  1365106271818  INVITE after received by stack..........
SIPUNIT TRACE:  1365106271818  INVITE sip:alice@192.168.1.65:5071 SIP/2.0
To: "Alice" <sip:alice@192.168.1.65:5071>;tag=267830929
Contact: <sip:192.168.1.65>
From: "JSR289_TCK" <sip:JSR289_TCK@localhost:5060>;tag=ax4eq0msc+
Via: SIP/2.0/UDP 192.168.1.65:5060;branch=z9hG4bKeu+s3_e_onuic6bi_vcgze0knd-z81;maddr=192.168.1.65
Call-ID: vvrfmc_1qiyf3e_r8b2a
Max-Forwards: 70
CSeq: 42557 INVITE
Content-Length: 0


SIPUNIT TRACE:  1365106271820  Response before sending out through stack..........
SIPUNIT TRACE:  1365106271820  SIP/2.0 200 OK
To: "Alice" <sip:alice@192.168.1.65:5071>;tag=174956361
From: "JSR289_TCK" <sip:JSR289_TCK@localhost:5060>;tag=ax4eq0msc+
Via: SIP/2.0/UDP 192.168.1.65:5060;branch=z9hG4bKeu+s3_e_onuic6bi_vcgze0knd-z81;maddr=192.168.1.65
Call-ID: vvrfmc_1qiyf3e_r8b2a
CSeq: 42557 INVITE
Contact: <sip:alice@192.168.1.65:5071;transport=udp;lr>
Expires: 3600
Content-Length: 0


SIPUNIT TRACE:  1365106271823  SS.waitRequest() - about to block, waiting
SIPUNIT TRACE:  1365106271832  SipStack: request received !
SIPUNIT TRACE:  1365106271832  SipStack: calling listener
SIPUNIT TRACE:  1365106271832  SipSession: request received !
SIPUNIT TRACE:  1365106271832       me ('To' check) = sip:alice@192.168.1.65
SIPUNIT TRACE:  1365106271832       my local contact info ('Request URI' check) = sip:alice@192.168.1.65:5071;transport=udp;lr
SIPUNIT TRACE:  1365106271832       ACK sip:alice@192.168.1.65:5071 SIP/2.0
To: <sip:alice@192.168.1.65:5071>;tag=174956361
From: <sip:JSR289_TCK@localhost:5060>;tag=ax4eq0msc+
Via: SIP/2.0/UDP 192.168.1.65:5060;branch=z9hG4bKeu+s3_e_onuic6bi_vcgze0knd-z81;maddr=192.168.1.65
Call-ID: vvrfmc_1qiyf3e_r8b2a
CSeq: 42557 ACK
Content-Length: 0


SIPUNIT TRACE:  1365106271832  SipSession: notifying block object
SIPUNIT TRACE:  1365106271832  SS.waitRequest() - we've come out of the block
SIPUNIT TRACE:  1365106271833  SS.waitRequest() - either we got the request, or timed out
[2013-04-04 21:11:14,854] SipServletResponseTest:1008 INFO  - === testSetStatus001() ===
[2013-04-04 21:11:14,855] TestBase:351 DEBUG - === created message:MESSAGE sip:JSR289_TCK@localhost:5060 SIP/2.0
Call-ID: a686b115ed78323c70d78cbbb810ac2a@192.168.1.65
CSeq: 1 MESSAGE
From: "Alice" <sip:alice@192.168.1.65:5071>;tag=1686711988
To: "JSR289_TCK" <sip:JSR289_TCK@localhost:5060>
Via: SIP/2.0/UDP 192.168.1.65:5071;branch=somebranchvalue
Max-Forwards: 5
Content-Length: 0

 ===
[2013-04-04 21:11:14,859] TestBase:979 DEBUG - ---The Sip request is:MESSAGE sip:JSR289_TCK@localhost:5060 SIP/2.0
Call-ID: a686b115ed78323c70d78cbbb810ac2a@192.168.1.65
CSeq: 1 MESSAGE
From: "Alice" <sip:alice@192.168.1.65:5071>;tag=1686711988
To: "JSR289_TCK" <sip:JSR289_TCK@localhost:5060>
Via: SIP/2.0/UDP 192.168.1.65:5071;branch=z9hG4bKeacd7938533d462cd2a03c1955b7110b
Max-Forwards: 5
Route: "JSR289_TCK" <sip:JSR289_TCK@localhost:5060;lr>,<sip:localhost:5060;transport=udp;lr>
Application-Name: com.bea.sipservlet.tck.apps.apitestapp
Servlet-Name: SipServletResponse
Method-Name: testSetStatus001
Content-Length: 0

 ---
[2013-04-04 21:11:17,875] SipServletResponseTest:1008 INFO  - === testSetStatus002() ===
[2013-04-04 21:11:17,876] TestBase:351 DEBUG - === created message:MESSAGE sip:JSR289_TCK@localhost:5060 SIP/2.0
Call-ID: 990f44ef7331017625cd754a8987f5a6@192.168.1.65
CSeq: 1 MESSAGE
From: "Alice" <sip:alice@192.168.1.65:5071>;tag=217443605
To: "JSR289_TCK" <sip:JSR289_TCK@localhost:5060>
Via: SIP/2.0/UDP 192.168.1.65:5071;branch=somebranchvalue
Max-Forwards: 5
Content-Length: 0

 ===
[2013-04-04 21:11:17,881] TestBase:979 DEBUG - ---The Sip request is:MESSAGE sip:JSR289_TCK@localhost:5060 SIP/2.0
Call-ID: 990f44ef7331017625cd754a8987f5a6@192.168.1.65
CSeq: 1 MESSAGE
From: "Alice" <sip:alice@192.168.1.65:5071>;tag=217443605
To: "JSR289_TCK" <sip:JSR289_TCK@localhost:5060>
Via: SIP/2.0/UDP 192.168.1.65:5071;branch=z9hG4bKa00ae36edb4720d996d8be7627f815fb
Max-Forwards: 5
Route: "JSR289_TCK" <sip:JSR289_TCK@localhost:5060;lr>,<sip:localhost:5060;transport=udp;lr>
Application-Name: com.bea.sipservlet.tck.apps.apitestapp
Servlet-Name: SipServletResponse
Method-Name: testSetStatus002
Content-Length: 0

 ---
[2013-04-04 21:11:20,897] SipServletResponseTest:1008 INFO  - === testSetStatus101() ===
[2013-04-04 21:11:20,898] TestBase:351 DEBUG - === created message:MESSAGE sip:JSR289_TCK@localhost:5060 SIP/2.0
Call-ID: fe7cf691edae8da4316c170534f5f4e8@192.168.1.65
CSeq: 1 MESSAGE
From: "Alice" <sip:alice@192.168.1.65:5071>;tag=75597450
To: "JSR289_TCK" <sip:JSR289_TCK@localhost:5060>
Via: SIP/2.0/UDP 192.168.1.65:5071;branch=somebranchvalue
Max-Forwards: 5
Content-Length: 0

 ===
[2013-04-04 21:11:20,903] TestBase:979 DEBUG - ---The Sip request is:MESSAGE sip:JSR289_TCK@localhost:5060 SIP/2.0
Call-ID: fe7cf691edae8da4316c170534f5f4e8@192.168.1.65
CSeq: 1 MESSAGE
From: "Alice" <sip:alice@192.168.1.65:5071>;tag=75597450
To: "JSR289_TCK" <sip:JSR289_TCK@localhost:5060>
Via: SIP/2.0/UDP 192.168.1.65:5071;branch=z9hG4bKd45aa9307d65bbfa708ec610dc419e7a
Max-Forwards: 5
Route: "JSR289_TCK" <sip:JSR289_TCK@localhost:5060;lr>,<sip:localhost:5060;transport=udp;lr>
Application-Name: com.bea.sipservlet.tck.apps.apitestapp
Servlet-Name: SipServletResponse
Method-Name: testSetStatus101
Content-Length: 0

 ---
]]></system-out>
  <system-err><![CDATA[]]></system-err>
</testsuite>
