<?xml version="1.0" encoding="UTF-8" ?>
<testsuite errors="2" failures="5" name="com.bea.sipservlet.tck.agents.api.javax_servlet_sip.SipServletRequestTest" tests="33" time="132.729">
  <properties>
    <property name="java.vendor" value="Oracle Corporation" />
    <property name="env.SIPUNIT_LIB" value="/Users/andrew/Documents/reference/sip/sipservlet-1_1-tck/tck/../sipunit/lib" />
    <property name="env.SIGNATURE_FILE_NAME" value="/Users/andrew/Documents/reference/sip/sipservlet-1_1-tck/tck/bin/jsr289_api.sig" />
    <property name="sun.java.launcher" value="SUN_STANDARD" />
    <property name="env.TCK_LIB" value="/Users/andrew/Documents/reference/sip/sipservlet-1_1-tck/tck/../tck/lib" />
    <property name="sun.management.compiler" value="HotSpot 64-Bit Tiered Compilers" />
    <property name="spec.report" value="/Users/andrew/Documents/reference/sip/sipservlet-1_1-tck/tck/report/spec_report" />
    <property name="lib" value="/Users/andrew/Documents/reference/sip/sipservlet-1_1-tck/tck/lib" />
    <property name="env.TCK_DIRECTORY" value="/Users/andrew/Documents/reference/sip/sipservlet-1_1-tck/tck" />
    <property name="os.name" value="Mac OS X" />
    <property name="sun.boot.class.path" value="/Library/Java/JavaVirtualMachines/jdk1.7.0_10.jdk/Contents/Home/jre/lib/resources.jar:/Library/Java/JavaVirtualMachines/jdk1.7.0_10.jdk/Contents/Home/jre/lib/rt.jar:/Library/Java/JavaVirtualMachines/jdk1.7.0_10.jdk/Contents/Home/jre/lib/sunrsasign.jar:/Library/Java/JavaVirtualMachines/jdk1.7.0_10.jdk/Contents/Home/jre/lib/jsse.jar:/Library/Java/JavaVirtualMachines/jdk1.7.0_10.jdk/Contents/Home/jre/lib/jce.jar:/Library/Java/JavaVirtualMachines/jdk1.7.0_10.jdk/Contents/Home/jre/lib/charsets.jar:/Library/Java/JavaVirtualMachines/jdk1.7.0_10.jdk/Contents/Home/jre/lib/jfr.jar:/Library/Java/JavaVirtualMachines/jdk1.7.0_10.jdk/Contents/Home/jre/lib/JObjC.jar:/Library/Java/JavaVirtualMachines/jdk1.7.0_10.jdk/Contents/Home/jre/classes" />
    <property name="env.TMPDIR" value="/var/folders/qt/j9kz_nw12bqfytwz9kfyjvq00000gn/T/" />
    <property name="env.Apple_Ubiquity_Message" value="/tmp/launch-s2GBEw/Apple_Ubiquity_Message" />
    <property name="env.SIPUNIT_DIRECTORY" value="/Users/andrew/Documents/reference/sip/sipservlet-1_1-tck/sipunit" />
    <property name="env.PWD" value="/Users/andrew/Documents/reference/sip/sipservlet-1_1-tck/tck" />
    <property name="user.country.format" value="GB" />
    <property name="report" value="/Users/andrew/Documents/reference/sip/sipservlet-1_1-tck/tck/report" />
    <property name="env.LANG" value="en_GB.UTF-8" />
    <property name="signature.report" value="/Users/andrew/Documents/reference/sip/sipservlet-1_1-tck/tck/report/sig_report" />
    <property name="java.vm.specification.vendor" value="Oracle Corporation" />
    <property name="ant.home" value="/usr/share/ant" />
    <property name="java.runtime.version" value="1.7.0_10-ea-b09" />
    <property name="env.TCK_HOME" value="/Users/andrew/Documents/reference/sip/sipservlet-1_1-tck/tck/../tck" />
    <property name="env.Apple_PubSub_Socket_Render" value="/tmp/launch-w5MTVj/Render" />
    <property name="approuter.src" value="com/bea/sipservlet/tck/ar" />
    <property name="user.name" value="andrew" />
    <property name="env.USER" value="andrew" />
    <property name="env.SHELL" value="/bin/bash" />
    <property name="env.__CF_USER_TEXT_ENCODING" value="0x1F5:0:0" />
    <property name="env.XMLLINT_INDENT" value="    " />
    <property name="env.PATH" value="/Library/Java/JavaVirtualMachines/jdk1.7.0_10.jdk/Contents/Home/jre/bin:/usr/share/ant/bin:/usr/bin:/bin:/usr/sbin:/sbin:/usr/local/bin" />
    <property name="user.language" value="en" />
    <property name="build" value="/Users/andrew/Documents/reference/sip/sipservlet-1_1-tck/tck/build" />
    <property name="sun.boot.library.path" value="/Library/Java/JavaVirtualMachines/jdk1.7.0_10.jdk/Contents/Home/jre/lib" />
    <property name="ant.project.default-target" value="usage" />
    <property name="ant.project.name" value="SIP Servlet 1.1 API Technology Compatibility Kit (TCK)" />
    <property name="env.REPORT_HOME" value="/Users/andrew/Documents/reference/sip/sipservlet-1_1-tck/tck/../tck/report" />
    <property name="java.version" value="1.7.0_10-ea" />
    <property name="classes" value="/Users/andrew/Documents/reference/sip/sipservlet-1_1-tck/tck/build/classes" />
    <property name="user.timezone" value="" />
    <property name="apiapp.dir" value="/Users/andrew/Documents/reference/sip/sipservlet-1_1-tck/tck/applications/apitestapp" />
    <property name="tck.zip" value="../sipservlet-1_1-tck.zip" />
    <property name="sun.arch.data.model" value="64" />
    <property name="log4j" value="/Users/andrew/Documents/reference/sip/sipservlet-1_1-tck/tck/conf/log4j.properties" />
    <property name="http.nonProxyHosts" value="local|*.local|169.254/16|*.169.254/16" />
    <property name="java.endorsed.dirs" value="/Library/Java/JavaVirtualMachines/jdk1.7.0_10.jdk/Contents/Home/jre/lib/endorsed" />
    <property name="signaturefile" value="jsr289_api.sig" />
    <property name="sun.cpu.isalist" value="" />
    <property name="sun.jnu.encoding" value="UTF-8" />
    <property name="file.encoding.pkg" value="sun.io" />
    <property name="env.SHLVL" value="2" />
    <property name="file.separator" value="/" />
    <property name="java.specification.name" value="Java Platform API Specification" />
    <property name="java.class.version" value="51.0" />
    <property name="src" value="/Users/andrew/Documents/reference/sip/sipservlet-1_1-tck/tck/src" />
    <property name="sipunit.dir" value="../sipunit" />
    <property name="ar.build" value="/Users/andrew/Documents/reference/sip/sipservlet-1_1-tck/tck/build/ar-build" />
    <property name="user.country" value="US" />
    <property name="java.home" value="/Library/Java/JavaVirtualMachines/jdk1.7.0_10.jdk/Contents/Home/jre" />
    <property name="dist.dir" value="/Users/andrew/Documents/reference/sip/sipservlet-1_1-tck/tck/dist" />
    <property name="java.vm.info" value="mixed mode" />
    <property name="env.LOGNAME" value="andrew" />
    <property name="ant.file" value="/Users/andrew/Documents/reference/sip/sipservlet-1_1-tck/tck/build.xml" />
    <property name="os.version" value="10.8.3" />
    <property name="env.TERM_PROGRAM_VERSION" value="309" />
    <property name="path.separator" value=":" />
    <property name="java.vm.version" value="23.6-b03" />
    <property name="ant.library.dir" value="/usr/share/ant/lib" />
    <property name="env.SIPUNIT_HOME" value="/Users/andrew/Documents/reference/sip/sipservlet-1_1-tck/tck/../sipunit" />
    <property name="env.JAVA_HOME" value="/Library/Java/JavaVirtualMachines/jdk1.7.0_10.jdk/Contents/Home" />
    <property name="env.SIGCONFIG" value="/Users/andrew/Documents/reference/sip/sipservlet-1_1-tck/tck/conf/signature.properties" />
    <property name="env.TERM" value="xterm-256color" />
    <property name="java.awt.printerjob" value="sun.lwawt.macosx.CPrinterJob" />
    <property name="env.SIGTEST_LIB" value="/Users/andrew/Documents/reference/sip/sipservlet-1_1-tck/tck/../tck/lib/sigtest.jar" />
    <property name="sun.io.unicode.encoding" value="UnicodeBig" />
    <property name="ant.file.SIP Servlet 1.1 API Technology Compatibility Kit (TCK)" value="/Users/andrew/Documents/reference/sip/sipservlet-1_1-tck/tck/build.xml" />
    <property name="awt.toolkit" value="sun.lwawt.macosx.LWCToolkit" />
    <property name="socksNonProxyHosts" value="local|*.local|169.254/16|*.169.254/16" />
    <property name="ftp.nonProxyHosts" value="local|*.local|169.254/16|*.169.254/16" />
    <property name="env.APIJAR" value="/Users/andrew/Documents/reference/sip/sipservlet-1_1-tck/tck/../tck/lib/servlet-2_5-api.jar:/Users/andrew/Documents/reference/sip/sipservlet-1_1-tck/tck/../tck/lib/sipservlet-1_1-api.jar" />
    <property name="user.home" value="/Users/andrew" />
    <property name="env.CLASSPATH" value="/Library/Java/JavaVirtualMachines/jdk1.7.0_10.jdk/Contents/Home/lib/tools.jar:/Users/andrew/Documents/reference/sip/sipservlet-1_1-tck/tck/../tck/lib/tck-junit.jar:/Users/andrew/Documents/reference/sip/sipservlet-1_1-tck/tck/../sipunit/lib/junit.jar:/Users/andrew/Documents/reference/sip/sipservlet-1_1-tck/tck/../tck/lib/sigtest.jar:/Users/andrew/Documents/reference/sip/sipservlet-1_1-tck/tck/../tck/conf" />
    <property name="java.specification.vendor" value="Oracle Corporation" />
    <property name="env.TERM_PROGRAM" value="Apple_Terminal" />
    <property name="env.TCKJUNIT_LIB" value="/Users/andrew/Documents/reference/sip/sipservlet-1_1-tck/tck/../tck/lib/tck-junit.jar" />
    <property name="java.library.path" value="/Users/andrew/Library/Java/Extensions:/Library/Java/Extensions:/Network/Library/Java/Extensions:/System/Library/Java/Extensions:/usr/lib/java:." />
    <property name="java.vendor.url" value="http://java.oracle.com/" />
    <property name="gopherProxySet" value="false" />
    <property name="java.vm.vendor" value="Oracle Corporation" />
    <property name="java.runtime.name" value="Java(TM) SE Runtime Environment" />
    <property name="java.class.path" value="/Users/andrew/Documents/reference/sip/sipservlet-1_1-tck/tck/lib/ant-contrib-1.0b3.jar:/Users/andrew/Documents/reference/sip/sipservlet-1_1-tck/tck/lib/javax.annotation_1.0.jar:/Users/andrew/Documents/reference/sip/sipservlet-1_1-tck/tck/lib/servlet-2_5-api.jar:/Users/andrew/Documents/reference/sip/sipservlet-1_1-tck/tck/lib/sigtest.jar:/Users/andrew/Documents/reference/sip/sipservlet-1_1-tck/tck/lib/sipservlet-1_1-api.jar:/Users/andrew/Documents/reference/sip/sipservlet-1_1-tck/tck/lib/sipunit.jar:/Users/andrew/Documents/reference/sip/sipservlet-1_1-tck/tck/lib/tck-junit.jar:/Users/andrew/Documents/reference/sip/sipservlet-1_1-tck/sipunit/lib/JainSipApi1.2.jar:/Users/andrew/Documents/reference/sip/sipservlet-1_1-tck/sipunit/lib/JainSipRi1.2.jar:/Users/andrew/Documents/reference/sip/sipservlet-1_1-tck/sipunit/lib/concurrent.jar:/Users/andrew/Documents/reference/sip/sipservlet-1_1-tck/sipunit/lib/dom.jar:/Users/andrew/Documents/reference/sip/sipservlet-1_1-tck/sipunit/lib/jax-qname.jar:/Users/andrew/Documents/reference/sip/sipservlet-1_1-tck/sipunit/lib/jaxb-api.jar:/Users/andrew/Documents/reference/sip/sipservlet-1_1-tck/sipunit/lib/jaxb-impl.jar:/Users/andrew/Documents/reference/sip/sipservlet-1_1-tck/sipunit/lib/jaxb-libs.jar:/Users/andrew/Documents/reference/sip/sipservlet-1_1-tck/sipunit/lib/junit.jar:/Users/andrew/Documents/reference/sip/sipservlet-1_1-tck/sipunit/lib/log4j-1.2.8.jar:/Users/andrew/Documents/reference/sip/sipservlet-1_1-tck/sipunit/lib/namespace.jar:/Users/andrew/Documents/reference/sip/sipservlet-1_1-tck/sipunit/lib/nist-sdp-1.0.jar:/Users/andrew/Documents/reference/sip/sipservlet-1_1-tck/sipunit/lib/relaxngDatatype.jar:/Users/andrew/Documents/reference/sip/sipservlet-1_1-tck/sipunit/lib/tracesviewer.jar:/Users/andrew/Documents/reference/sip/sipservlet-1_1-tck/sipunit/lib/xalan.jar:/Users/andrew/Documents/reference/sip/sipservlet-1_1-tck/sipunit/lib/xercesImpl.jar:/Users/andrew/Documents/reference/sip/sipservlet-1_1-tck/sipunit/lib/xsdlib.jar:/Users/andrew/Documents/reference/sip/sipservlet-1_1-tck/tck/build/classes:/Library/Java/JavaVirtualMachines/jdk1.7.0_10.jdk/Contents/Home/lib/tools.jar:/Users/andrew/Documents/reference/sip/sipservlet-1_1-tck/tck/conf:/usr/share/java/ant-1.8.2/lib/ant-launcher.jar:/usr/share/ant/lib/ant.jar:/usr/share/ant/lib/ant-junit.jar" />
    <property name="sun.java.command" value="com.bea.wcp.ant.ext.junit.TckJUnitTestRunner com.bea.sipservlet.tck.agents.api.javax_servlet_sip.SipServletRequestTest filtertrace=true haltOnError=false haltOnFailure=false formatter=org.apache.tools.ant.taskdefs.optional.junit.SummaryJUnitResultFormatter showoutput=false formatter=com.bea.wcp.ant.ext.junit.TckXMLFormatter,/Users/andrew/Documents/reference/sip/sipservlet-1_1-tck/tck/report/api_report/TEST-com.bea.sipservlet.tck.agents.api.javax_servlet_sip.SipServletRequestTest.xml propsfile=/Users/andrew/Documents/reference/sip/sipservlet-1_1-tck/tck/junit237630217.properties" />
    <property name="ant.version" value="Apache Ant(TM) version 1.8.2 compiled on June 20 2012" />
    <property name="env.TERM_SESSION_ID" value="7818A790-16A8-47B8-9DFE-BD2903CA9C1F" />
    <property name="env.JSR289TCK_HOME" value="/Users/andrew/Documents/reference/sip/sipservlet-1_1-tck/tck/.." />
    <property name="env.JBOSS_HOME" value="/opt/jboss-eap-6.1" />
    <property name="signature.property" value="/Users/andrew/Documents/reference/sip/sipservlet-1_1-tck/tck/conf/signature.properties" />
    <property name="jsr289.dir" value=".." />
    <property name="api.report" value="/Users/andrew/Documents/reference/sip/sipservlet-1_1-tck/tck/report/api_report" />
    <property name="java.vm.specification.name" value="Java Virtual Machine Specification" />
    <property name="ant.file.type" value="file" />
    <property name="java.vm.specification.version" value="1.7" />
    <property name="conf" value="/Users/andrew/Documents/reference/sip/sipservlet-1_1-tck/tck/conf" />
    <property name="sun.cpu.endian" value="little" />
    <property name="sun.os.patch.level" value="unknown" />
    <property name="env.HOME" value="/Users/andrew" />
    <property name="env.ANT_HOME" value="/usr/share/ant" />
    <property name="java.io.tmpdir" value="/var/folders/qt/j9kz_nw12bqfytwz9kfyjvq00000gn/T/" />
    <property name="java.vendor.url.bug" value="http://bugreport.sun.com/bugreport/" />
    <property name="env.SSH_AUTH_SOCK" value="/tmp/launch-JxY2DM/Listeners" />
    <property name="env.MAVEN_OPTS" value="-Xmx512M -XX:MaxPermSize=512M" />
    <property name="signature.report.filename" value="jsr289SignatureReport.txt" />
    <property name="env.COMMAND_MODE" value="unix2003" />
    <property name="applications.src.dir" value="/Users/andrew/Documents/reference/sip/sipservlet-1_1-tck/tck/applications/spectestapps/ar-continue,/Users/andrew/Documents/reference/sip/sipservlet-1_1-tck/tck/applications/spectestapps/ar-internalroutemodifier,/Users/andrew/Documents/reference/sip/sipservlet-1_1-tck/tck/applications/spectestapps/ar-reverse,/Users/andrew/Documents/reference/sip/sipservlet-1_1-tck/tck/applications/spectestapps/ar-suburiregion,/Users/andrew/Documents/reference/sip/sipservlet-1_1-tck/tck/applications/spectestapps/ar-success,/Users/andrew/Documents/reference/sip/sipservlet-1_1-tck/tck/applications/spectestapps/uas,/Users/andrew/Documents/reference/sip/sipservlet-1_1-tck/tck/applications/spectestapps/uac,/Users/andrew/Documents/reference/sip/sipservlet-1_1-tck/tck/applications/spectestapps/b2bua,/Users/andrew/Documents/reference/sip/sipservlet-1_1-tck/tck/applications/spectestapps/proxy" />
    <property name="os.arch" value="x86_64" />
    <property name="java.awt.graphicsenv" value="sun.awt.CGraphicsEnvironment" />
    <property name="java.ext.dirs" value="/Users/andrew/Library/Java/Extensions:/Library/Java/JavaVirtualMachines/jdk1.7.0_10.jdk/Contents/Home/jre/lib/ext:/Library/Java/Extensions:/Network/Library/Java/Extensions:/System/Library/Java/Extensions:/usr/lib/java" />
    <property name="ar.appname" value="/Users/andrew/Documents/reference/sip/sipservlet-1_1-tck/tck/dist/tck-approuter.jar" />
    <property name="env.JAVA_MAIN_CLASS_46883" value="org.apache.tools.ant.launch.Launcher" />
    <property name="user.dir" value="/Users/andrew/Documents/reference/sip/sipservlet-1_1-tck/tck" />
    <property name="applications.dir" value="/Users/andrew/Documents/reference/sip/sipservlet-1_1-tck/tck/applications" />
    <property name="line.separator" value="&#xa;" />
    <property name="java.vm.name" value="Java HotSpot(TM) 64-Bit Server VM" />
    <property name="ant.file.type.SIP Servlet 1.1 API Technology Compatibility Kit (TCK)" value="file" />
    <property name="env.RJAR_HOME" value="/Users/andrew/Dev/rjar/" />
    <property name="basedir" value="/Users/andrew/Documents/reference/sip/sipservlet-1_1-tck/tck" />
    <property name="ant.java.version" value="1.7" />
    <property name="ant.core.lib" value="/usr/share/ant/lib/ant.jar" />
    <property name="env.SIGNATURE_REPORT_NAME" value="jsr289SignatureReport.txt" />
    <property name="file.encoding" value="UTF-8" />
    <property name="env.SIGREPORT_HOME" value="/Users/andrew/Documents/reference/sip/sipservlet-1_1-tck/tck/../tck/report/sig_report" />
    <property name="env.JUNIT_LIB" value="/Users/andrew/Documents/reference/sip/sipservlet-1_1-tck/tck/../sipunit/lib/junit.jar" />
    <property name="java.specification.version" value="1.7" />
    <property name="env.REFERENCE_JAR" value="/Users/andrew/Documents/reference/sip/sipservlet-1_1-tck/tck/lib/sigtest.jar" />
    <property name="ant.project.invoked-targets" value="run-api-tests" />
    <property name="tck.earname" value="/Users/andrew/Documents/reference/sip/sipservlet-1_1-tck/tck/dist/tck-apps.ear" />
  </properties>
  <testcase assertions="[SipServlet:JAVADOC:SipServletRequest1]" classname="com.bea.sipservlet.tck.agents.api.javax_servlet_sip.SipServletRequestTest" name="testAddAuthHeader001" time="13.433">
    <error type="java.lang.NullPointerException">java.lang.NullPointerException
	at com.bea.sipservlet.tck.agents.api.javax_servlet_sip.SipServletRequestTest.send401ByUa1(SipServletRequestTest.java:605)
	at com.bea.sipservlet.tck.agents.api.javax_servlet_sip.SipServletRequestTest.testAddAuthHeader001(SipServletRequestTest.java:76)
	at com.bea.wcp.ant.ext.junit.TestHandler.runTest(TestHandler.java:73)
	at com.bea.wcp.ant.ext.junit.TestHandler.run(TestHandler.java:58)
	at com.bea.wcp.ant.ext.junit.TestHandler.invoke(TestHandler.java:34)
	at $Proxy0.run(Unknown Source)
	at com.bea.wcp.ant.ext.junit.TestProxy.run(TestProxy.java:24)
	at com.bea.wcp.ant.ext.junit.TckJUnitTestRunner.run(TckJUnitTestRunner.java:272)
	at com.bea.wcp.ant.ext.junit.TckJUnitTestRunner.launch(TckJUnitTestRunner.java:647)
	at com.bea.wcp.ant.ext.junit.TckJUnitTestRunner.main(TckJUnitTestRunner.java:542)
</error>
  </testcase>
  <testcase assertions="[SipServlet:JAVADOC:SipServletRequest2]" classname="com.bea.sipservlet.tck.agents.api.javax_servlet_sip.SipServletRequestTest" name="testAddAuthHeader002" time="13.037">
    <error type="java.lang.NullPointerException">java.lang.NullPointerException
	at com.bea.sipservlet.tck.agents.api.javax_servlet_sip.SipServletRequestTest.send401ByUa1(SipServletRequestTest.java:605)
	at com.bea.sipservlet.tck.agents.api.javax_servlet_sip.SipServletRequestTest.testAddAuthHeader002(SipServletRequestTest.java:85)
	at com.bea.wcp.ant.ext.junit.TestHandler.runTest(TestHandler.java:73)
	at com.bea.wcp.ant.ext.junit.TestHandler.run(TestHandler.java:58)
	at com.bea.wcp.ant.ext.junit.TestHandler.invoke(TestHandler.java:34)
	at $Proxy0.run(Unknown Source)
	at com.bea.wcp.ant.ext.junit.TestProxy.run(TestProxy.java:24)
	at com.bea.wcp.ant.ext.junit.TckJUnitTestRunner.run(TckJUnitTestRunner.java:272)
	at com.bea.wcp.ant.ext.junit.TckJUnitTestRunner.launch(TckJUnitTestRunner.java:647)
	at com.bea.wcp.ant.ext.junit.TckJUnitTestRunner.main(TckJUnitTestRunner.java:542)
</error>
  </testcase>
  <testcase assertions="[SipServlet:JAVADOC:SipServletRequest3]" classname="com.bea.sipservlet.tck.agents.api.javax_servlet_sip.SipServletRequestTest" name="testCreateCancel001" time="3.046" />
  <testcase assertions="[SipServlet:JAVADOC:SipServletRequest4]" classname="com.bea.sipservlet.tck.agents.api.javax_servlet_sip.SipServletRequestTest" name="testCreateResponse001" time="3.023" />
  <testcase assertions="[SipServlet:JAVADOC:SipServletRequest5]" classname="com.bea.sipservlet.tck.agents.api.javax_servlet_sip.SipServletRequestTest" name="testCreateResponse002" time="3.029" />
  <testcase assertions="[SipServlet:JAVADOC:SipServletRequest6]" classname="com.bea.sipservlet.tck.agents.api.javax_servlet_sip.SipServletRequestTest" name="testGetB2buaHelper001" time="3.02" />
  <testcase assertions="[SipServlet:JAVADOC:SipServletRequest7]" classname="com.bea.sipservlet.tck.agents.api.javax_servlet_sip.SipServletRequestTest" name="testGetInitialPoppedRoute001" time="3.025">
    <failure message="the reason gotten from Server:Server Internal Error.  expected:&lt;200&gt; but was:&lt;500&gt;" type="junit.framework.AssertionFailedError">junit.framework.AssertionFailedError: the reason gotten from Server:Server Internal Error.  expected:&lt;200&gt; but was:&lt;500&gt;
	at com.bea.sipservlet.tck.agents.TestBase.assertSipMessage(TestBase.java:675)
	at com.bea.sipservlet.tck.agents.TestBase.assertSipMessage(TestBase.java:627)
	at com.bea.sipservlet.tck.agents.api.javax_servlet_sip.SipServletRequestTest.testGetInitialPoppedRoute001(SipServletRequestTest.java:127)
	at com.bea.wcp.ant.ext.junit.TestHandler.runTest(TestHandler.java:73)
	at com.bea.wcp.ant.ext.junit.TestHandler.run(TestHandler.java:58)
	at com.bea.wcp.ant.ext.junit.TestHandler.invoke(TestHandler.java:34)
	at $Proxy0.run(Unknown Source)
	at com.bea.wcp.ant.ext.junit.TestProxy.run(TestProxy.java:24)
	at com.bea.wcp.ant.ext.junit.TckJUnitTestRunner.run(TckJUnitTestRunner.java:272)
	at com.bea.wcp.ant.ext.junit.TckJUnitTestRunner.launch(TckJUnitTestRunner.java:647)
	at com.bea.wcp.ant.ext.junit.TckJUnitTestRunner.main(TckJUnitTestRunner.java:542)
</failure>
  </testcase>
  <testcase assertions="[SipServlet:JAVADOC:SipServletRequest8]" classname="com.bea.sipservlet.tck.agents.api.javax_servlet_sip.SipServletRequestTest" name="testGetInputStream001" time="3.025" />
  <testcase assertions="[SipServlet:JAVADOC:SipServletRequest10]" classname="com.bea.sipservlet.tck.agents.api.javax_servlet_sip.SipServletRequestTest" name="testGetPoppedRoute001" time="3.025">
    <failure message="the reason gotten from Server:Server Internal Error.  expected:&lt;200&gt; but was:&lt;500&gt;" type="junit.framework.AssertionFailedError">junit.framework.AssertionFailedError: the reason gotten from Server:Server Internal Error.  expected:&lt;200&gt; but was:&lt;500&gt;
	at com.bea.sipservlet.tck.agents.TestBase.assertSipMessage(TestBase.java:675)
	at com.bea.sipservlet.tck.agents.TestBase.assertSipMessage(TestBase.java:627)
	at com.bea.sipservlet.tck.agents.api.javax_servlet_sip.SipServletRequestTest.testGetPoppedRoute001(SipServletRequestTest.java:139)
	at com.bea.wcp.ant.ext.junit.TestHandler.runTest(TestHandler.java:73)
	at com.bea.wcp.ant.ext.junit.TestHandler.run(TestHandler.java:58)
	at com.bea.wcp.ant.ext.junit.TestHandler.invoke(TestHandler.java:34)
	at $Proxy0.run(Unknown Source)
	at com.bea.wcp.ant.ext.junit.TestProxy.run(TestProxy.java:24)
	at com.bea.wcp.ant.ext.junit.TckJUnitTestRunner.run(TckJUnitTestRunner.java:272)
	at com.bea.wcp.ant.ext.junit.TckJUnitTestRunner.launch(TckJUnitTestRunner.java:647)
	at com.bea.wcp.ant.ext.junit.TckJUnitTestRunner.main(TckJUnitTestRunner.java:542)
</failure>
  </testcase>
  <testcase assertions="[SipServlet:JAVADOC:SipServletRequest11]" classname="com.bea.sipservlet.tck.agents.api.javax_servlet_sip.SipServletRequestTest" name="testGetProxy001" time="3.032" />
  <testcase assertions="[SipServlet:JAVADOC:SipServletRequest12]" classname="com.bea.sipservlet.tck.agents.api.javax_servlet_sip.SipServletRequestTest" name="testGetProxy002" time="13.012">
    <failure message="Wait MESSAGE failed - Timeout Occurred: The maximum amount of time to wait for a request message has elapsed." type="junit.framework.AssertionFailedError">junit.framework.AssertionFailedError: Wait MESSAGE failed - Timeout Occurred: The maximum amount of time to wait for a request message has elapsed.
	at org.cafesip.sipunit.SipTestCase.assertLastOperationSuccess(SipTestCase.java:241)
	at com.bea.sipservlet.tck.agents.api.javax_servlet_sip.SipServletRequestTest.sendMessageProxyByUa1(SipServletRequestTest.java:532)
	at com.bea.sipservlet.tck.agents.api.javax_servlet_sip.SipServletRequestTest.testGetProxy002(SipServletRequestTest.java:151)
	at com.bea.wcp.ant.ext.junit.TestHandler.runTest(TestHandler.java:73)
	at com.bea.wcp.ant.ext.junit.TestHandler.run(TestHandler.java:58)
	at com.bea.wcp.ant.ext.junit.TestHandler.invoke(TestHandler.java:34)
	at $Proxy0.run(Unknown Source)
	at com.bea.wcp.ant.ext.junit.TestProxy.run(TestProxy.java:24)
	at com.bea.wcp.ant.ext.junit.TckJUnitTestRunner.run(TckJUnitTestRunner.java:272)
	at com.bea.wcp.ant.ext.junit.TckJUnitTestRunner.launch(TckJUnitTestRunner.java:647)
	at com.bea.wcp.ant.ext.junit.TckJUnitTestRunner.main(TckJUnitTestRunner.java:542)
</failure>
  </testcase>
  <testcase assertions="[SipServlet:JAVADOC:SipServletRequest13]" classname="com.bea.sipservlet.tck.agents.api.javax_servlet_sip.SipServletRequestTest" name="testGetReader001" time="3.024" />
  <testcase assertions="[SipServlet:JAVADOC:SipServletRequest15][SipServlet:JAVADOC:SipServletRequest23] - test getRoutingDirective and setRoutingDirective" classname="com.bea.sipservlet.tck.agents.api.javax_servlet_sip.SipServletRequestTest" name="testGetSetRoutingDirective001" time="3.028">
    <failure message="the reason gotten from Server:Server Internal Error.  expected:&lt;200&gt; but was:&lt;500&gt;" type="junit.framework.AssertionFailedError">junit.framework.AssertionFailedError: the reason gotten from Server:Server Internal Error.  expected:&lt;200&gt; but was:&lt;500&gt;
	at com.bea.sipservlet.tck.agents.TestBase.assertSipMessage(TestBase.java:675)
	at com.bea.sipservlet.tck.agents.TestBase.assertSipMessage(TestBase.java:627)
	at com.bea.sipservlet.tck.agents.api.javax_servlet_sip.SipServletRequestTest.testGetSetRoutingDirective001(SipServletRequestTest.java:165)
	at com.bea.wcp.ant.ext.junit.TestHandler.runTest(TestHandler.java:73)
	at com.bea.wcp.ant.ext.junit.TestHandler.run(TestHandler.java:58)
	at com.bea.wcp.ant.ext.junit.TestHandler.invoke(TestHandler.java:34)
	at $Proxy0.run(Unknown Source)
	at com.bea.wcp.ant.ext.junit.TestProxy.run(TestProxy.java:24)
	at com.bea.wcp.ant.ext.junit.TckJUnitTestRunner.run(TckJUnitTestRunner.java:272)
	at com.bea.wcp.ant.ext.junit.TckJUnitTestRunner.launch(TckJUnitTestRunner.java:647)
	at com.bea.wcp.ant.ext.junit.TckJUnitTestRunner.main(TckJUnitTestRunner.java:542)
</failure>
  </testcase>
  <testcase assertions="[SipServlet:JAVADOC:SipServletRequest16]" classname="com.bea.sipservlet.tck.agents.api.javax_servlet_sip.SipServletRequestTest" name="testIsInitial001" time="3.02" />
  <testcase assertions="[SipServlet:JAVADOC:SipServletRequest18]" classname="com.bea.sipservlet.tck.agents.api.javax_servlet_sip.SipServletRequestTest" name="testPushRoute001" time="3.041" />
  <testcase assertions="[SipServlet:JAVADOC:SipServletRequest19]" classname="com.bea.sipservlet.tck.agents.api.javax_servlet_sip.SipServletRequestTest" name="testPushRoute002" time="3.03" />
  <testcase assertions="[SipServlet:JAVADOC:SipServletRequest20]" classname="com.bea.sipservlet.tck.agents.api.javax_servlet_sip.SipServletRequestTest" name="testSend001" time="3.032" />
  <testcase assertions="[SipServlet:JAVADOC:SipServletRequest9][SipServlet:JAVADOC:SipServletRequest21] - test getMaxForwards and setMaxForwards" classname="com.bea.sipservlet.tck.agents.api.javax_servlet_sip.SipServletRequestTest" name="testGetSetMaxForwards001" time="3.03" />
  <testcase assertions="[SipServlet:JAVADOC:SipServletRequest14][SipServlet:JAVADOC:SipServletRequest22] - test getRequestURI and setRequestURI" classname="com.bea.sipservlet.tck.agents.api.javax_servlet_sip.SipServletRequestTest" name="testGetSetRequestURI001" time="3.029" />
  <testcase assertions="[SipServlet:JAVADOC:SipServletRequest3] - IllegalStateException should be thrown if the transaction state is such that it doesn&apos;t allow a CANCEL request to be sent" classname="com.bea.sipservlet.tck.agents.api.javax_servlet_sip.SipServletRequestTest" name="testCreateCancel101" time="3.04" />
  <testcase assertions="[SipServlet:JAVADOC:SipServletRequest4] - IllegalArgumentException should be thrown if the statuscode is not a valid SIP status code" classname="com.bea.sipservlet.tck.agents.api.javax_servlet_sip.SipServletRequestTest" name="testCreateResponse101" time="3.02" />
  <testcase assertions="[SipServlet:JAVADOC:SipServletRequest4] - IllegalStateException should be thrown if this request has already been responded to with a final status code with statuscode parameter." classname="com.bea.sipservlet.tck.agents.api.javax_servlet_sip.SipServletRequestTest" name="testCreateResponse102" time="3.038" />
  <testcase assertions="[SipServlet:JAVADOC:SipServletRequest5] - IllegalArgumentException should be thrown if the statuscode is not a valid SIP status with statuscode and reasonPhrase parameters." classname="com.bea.sipservlet.tck.agents.api.javax_servlet_sip.SipServletRequestTest" name="testCreateResponse103" time="3.028" />
  <testcase assertions="[SipServlet:JAVADOC:SipServletRequest5] - IllegalStateException should be thrown if this request has already been responded to with a final status code with statuscode and reasonPhrase parameters." classname="com.bea.sipservlet.tck.agents.api.javax_servlet_sip.SipServletRequestTest" name="testCreateResponse104" time="3.028" />
  <testcase assertions="[SipServlet:JAVADOC:SipServletRequest6] - IllegalStateException should be thrown if getProxy() had already been called" classname="com.bea.sipservlet.tck.agents.api.javax_servlet_sip.SipServletRequestTest" name="testGetB2buaHelper101" time="3.021" />
  <testcase assertions="[SipServlet:JAVADOC:SipServletRequest21] - IllegalArgumentException should be thrown if the argument is not in the range 0 to 255" classname="com.bea.sipservlet.tck.agents.api.javax_servlet_sip.SipServletRequestTest" name="testSetMaxForwards101" time="3.024" />
  <testcase assertions="[SipServlet:JAVADOC:SipServletRequest22] - NullPointerException should be thrown on null uri." classname="com.bea.sipservlet.tck.agents.api.javax_servlet_sip.SipServletRequestTest" name="testSetRequestURI101" time="3.021" />
  <testcase assertions="[SipServlet:JAVADOC:SipServletRequest11] - TooManyHopsException should be thrown if the request has a Max-Forwards header field value of 0 " classname="com.bea.sipservlet.tck.agents.api.javax_servlet_sip.SipServletRequestTest" name="testGetProxy101" time="3.019" />
  <testcase assertions="[SipServlet:JAVADOC:SipServletRequest11] - IllegalStateException should be thrown if the transaction has already completed." classname="com.bea.sipservlet.tck.agents.api.javax_servlet_sip.SipServletRequestTest" name="testGetProxy102" time="3.032" />
  <testcase assertions="[SipServlet:JAVADOC:SipServletRequest12] - TooManyHopsException should be thrown if the request has a Max-Forwards header field value of 0." classname="com.bea.sipservlet.tck.agents.api.javax_servlet_sip.SipServletRequestTest" name="testGetProxy103" time="3.02" />
  <testcase assertions="[SipServlet:JAVADOC:SipServletRequest12] - IllegalStateException should be thrown if the transaction has already completed." classname="com.bea.sipservlet.tck.agents.api.javax_servlet_sip.SipServletRequestTest" name="testGetProxy104" time="3.029" />
  <testcase assertions="[SipServlet:JAVADOC:SipServletRequest15] - IllegalStateException should be thrown if called on a request that is not initial." classname="com.bea.sipservlet.tck.agents.api.javax_servlet_sip.SipServletRequestTest" name="testGetRoutingDirective101" time="4.148" />
  <testcase assertions="[SipServlet:JAVADOC:SipServletRequest23] - llegalStateException should be thrown if called on a request that is not initial." classname="com.bea.sipservlet.tck.agents.api.javax_servlet_sip.SipServletRequestTest" name="testSetRoutingDirective101" time="4.137">
    <failure message="Unexpected default reason expected:&lt;200&gt; but was:&lt;500&gt;" type="junit.framework.AssertionFailedError">junit.framework.AssertionFailedError: Unexpected default reason expected:&lt;200&gt; but was:&lt;500&gt;
	at com.bea.sipservlet.tck.agents.api.javax_servlet_sip.SipServletRequestTest.assertInviteBye(SipServletRequestTest.java:966)
	at com.bea.sipservlet.tck.agents.api.javax_servlet_sip.SipServletRequestTest.testSetRoutingDirective101(SipServletRequestTest.java:886)
	at com.bea.wcp.ant.ext.junit.TestHandler.runTest(TestHandler.java:73)
	at com.bea.wcp.ant.ext.junit.TestHandler.run(TestHandler.java:58)
	at com.bea.wcp.ant.ext.junit.TestHandler.invoke(TestHandler.java:34)
	at $Proxy0.run(Unknown Source)
	at com.bea.wcp.ant.ext.junit.TestProxy.run(TestProxy.java:24)
	at com.bea.wcp.ant.ext.junit.TckJUnitTestRunner.run(TckJUnitTestRunner.java:272)
	at com.bea.wcp.ant.ext.junit.TckJUnitTestRunner.launch(TckJUnitTestRunner.java:647)
	at com.bea.wcp.ant.ext.junit.TckJUnitTestRunner.main(TckJUnitTestRunner.java:542)
</failure>
  </testcase>
  <system-out><![CDATA[[2013-04-04 21:07:54,822] SipServletRequestTest:1008 INFO  - === testAddAuthHeader001() ===
[2013-04-04 21:07:54,934] TestBase:351 DEBUG - === created message:MESSAGE sip:JSR289_TCK@localhost:5060 SIP/2.0
Call-ID: e2326b12988f6c09f696c3f211adb9e5@192.168.1.65
CSeq: 1 MESSAGE
From: "Alice" <sip:alice@192.168.1.65:5071>;tag=1415644938
To: "JSR289_TCK" <sip:JSR289_TCK@localhost:5060>
Via: SIP/2.0/UDP 192.168.1.65:5071;branch=somebranchvalue
Max-Forwards: 5
Content-Length: 0

 ===
[2013-04-04 21:07:54,971] TestBase:979 DEBUG - ---The Sip request is:MESSAGE sip:JSR289_TCK@localhost:5060 SIP/2.0
Call-ID: e2326b12988f6c09f696c3f211adb9e5@192.168.1.65
CSeq: 1 MESSAGE
From: "Alice" <sip:alice@192.168.1.65:5071>;tag=1415644938
To: "JSR289_TCK" <sip:JSR289_TCK@localhost:5060>
Via: SIP/2.0/UDP 192.168.1.65:5071;branch=z9hG4bK430872e6c53ef0f0914ad6d73373d8f4
Max-Forwards: 5
Route: "JSR289_TCK" <sip:JSR289_TCK@localhost:5060;lr>,<sip:localhost:5060;transport=udp;lr>
Application-Name: com.bea.sipservlet.tck.apps.apitestapp
Servlet-Name: SipServletRequest
Method-Name: testAddAuthHeader001
Content-Length: 0

 ---
SIPUNIT TRACE:  1365106074989  SS.waitRequest() - about to block, waiting
SIPUNIT TRACE:  1365106075001  SipStack: request received !
SIPUNIT TRACE:  1365106075001  SipStack: calling listener
SIPUNIT TRACE:  1365106075001  SipSession: request received !
SIPUNIT TRACE:  1365106075001       me ('To' check) = sip:alice@192.168.1.65
SIPUNIT TRACE:  1365106075001       my local contact info ('Request URI' check) = sip:alice@192.168.1.65:5071;transport=udp;lr
SIPUNIT TRACE:  1365106075001       INVITE sip:alice@192.168.1.65:5071 SIP/2.0
To: <sip:alice@192.168.1.65:5071>
Contact: <sip:192.168.1.65>
From: <sip:JSR289_TCK@localhost:5060>;tag=8a1lcb.zj!
Via: SIP/2.0/UDP 192.168.1.65:5060;branch=z9hG4bKhdmys!jva!_wvsvo4a4w40c.kwgj2_;maddr=192.168.1.65
Call-ID: d7r4.p.i8y1gm!.!1so9
Max-Forwards: 70
CSeq: 42350 INVITE
Content-Length: 0


SIPUNIT TRACE:  1365106075001  SipSession: notifying block object
SIPUNIT TRACE:  1365106075001  SS.waitRequest() - we've come out of the block
SIPUNIT TRACE:  1365106075001  SS.waitRequest() - either we got the request, or timed out
SIPUNIT TRACE:  1365106075002  INVITE after received by stack..........
SIPUNIT TRACE:  1365106075002  INVITE sip:alice@192.168.1.65:5071 SIP/2.0
To: <sip:alice@192.168.1.65:5071>
Contact: <sip:192.168.1.65>
From: <sip:JSR289_TCK@localhost:5060>;tag=8a1lcb.zj!
Via: SIP/2.0/UDP 192.168.1.65:5060;branch=z9hG4bKhdmys!jva!_wvsvo4a4w40c.kwgj2_;maddr=192.168.1.65
Call-ID: d7r4.p.i8y1gm!.!1so9
Max-Forwards: 70
CSeq: 42350 INVITE
Content-Length: 0


SIPUNIT TRACE:  1365106075011  Response before sending out through stack..........
SIPUNIT TRACE:  1365106075012  SIP/2.0 401 Unauthorized
To: <sip:alice@192.168.1.65:5071>;tag=246297705
From: <sip:JSR289_TCK@localhost:5060>;tag=8a1lcb.zj!
Via: SIP/2.0/UDP 192.168.1.65:5060;branch=z9hG4bKhdmys!jva!_wvsvo4a4w40c.kwgj2_;maddr=192.168.1.65
Call-ID: d7r4.p.i8y1gm!.!1so9
CSeq: 42350 INVITE
Contact: <sip:alice@192.168.1.65:5071;transport=udp;lr>
Expires: 1
WWW-Authenticate: Digest realm ="beasys.com", nonce="dbffb13c8a4d30117c25c753d1fa7710", opaque="", stale=FALSE, algorithm=MD5, qop="auth" 
WWW-Authenticate: Digest realm ="beasys.com", nonce="dbffb13c8a4d30117c25c753d1fa7710", opaque="", stale=FALSE, algorithm=MD5, qop="auth" 
Content-Length: 0


SIPUNIT TRACE:  1365106075016  SS.waitRequest() - about to block, waiting
SIPUNIT TRACE:  1365106085012  SS.waitRequest() - we've come out of the block
SIPUNIT TRACE:  1365106085012  SS.waitRequest() - either we got the request, or timed out
[2013-04-04 21:08:08,029] SipServletRequestTest:1008 INFO  - === testAddAuthHeader002() ===
[2013-04-04 21:08:08,030] TestBase:351 DEBUG - === created message:MESSAGE sip:JSR289_TCK@localhost:5060 SIP/2.0
Call-ID: 3353e8160f091d06d55710e848c4740e@192.168.1.65
CSeq: 1 MESSAGE
From: "Alice" <sip:alice@192.168.1.65:5071>;tag=313835509
To: "JSR289_TCK" <sip:JSR289_TCK@localhost:5060>
Via: SIP/2.0/UDP 192.168.1.65:5071;branch=somebranchvalue
Max-Forwards: 5
Content-Length: 0

 ===
[2013-04-04 21:08:08,034] TestBase:979 DEBUG - ---The Sip request is:MESSAGE sip:JSR289_TCK@localhost:5060 SIP/2.0
Call-ID: 3353e8160f091d06d55710e848c4740e@192.168.1.65
CSeq: 1 MESSAGE
From: "Alice" <sip:alice@192.168.1.65:5071>;tag=313835509
To: "JSR289_TCK" <sip:JSR289_TCK@localhost:5060>
Via: SIP/2.0/UDP 192.168.1.65:5071;branch=z9hG4bK07c47b65a210d96344cc05b1072a4f62
Max-Forwards: 5
Route: "JSR289_TCK" <sip:JSR289_TCK@localhost:5060;lr>,<sip:localhost:5060;transport=udp;lr>
Application-Name: com.bea.sipservlet.tck.apps.apitestapp
Servlet-Name: SipServletRequest
Method-Name: testAddAuthHeader002
Content-Length: 0

 ---
SIPUNIT TRACE:  1365106088045  SS.waitRequest() - about to block, waiting
SIPUNIT TRACE:  1365106088050  SipStack: request received !
SIPUNIT TRACE:  1365106088050  SipStack: calling listener
SIPUNIT TRACE:  1365106088050  SipSession: request received !
SIPUNIT TRACE:  1365106088050       me ('To' check) = sip:alice@192.168.1.65
SIPUNIT TRACE:  1365106088050       my local contact info ('Request URI' check) = sip:alice@192.168.1.65:5071;transport=udp;lr
SIPUNIT TRACE:  1365106088050       INVITE sip:alice@192.168.1.65:5071 SIP/2.0
To: <sip:alice@192.168.1.65:5071>
Contact: <sip:192.168.1.65>
From: <sip:JSR289_TCK@localhost:5060>;tag=9o75umrd5m
Via: SIP/2.0/UDP 192.168.1.65:5060;branch=z9hG4bKcr!+6v2iamgcx3k!r5evd+931nkixs;maddr=192.168.1.65
Call-ID: z1m59d5crervv0+k4iaa
Max-Forwards: 70
CSeq: 55402 INVITE
Content-Length: 0


SIPUNIT TRACE:  1365106088050  SipSession: notifying block object
SIPUNIT TRACE:  1365106088050  SS.waitRequest() - we've come out of the block
SIPUNIT TRACE:  1365106088050  SS.waitRequest() - either we got the request, or timed out
SIPUNIT TRACE:  1365106088050  INVITE after received by stack..........
SIPUNIT TRACE:  1365106088052  INVITE sip:alice@192.168.1.65:5071 SIP/2.0
To: <sip:alice@192.168.1.65:5071>
Contact: <sip:192.168.1.65>
From: <sip:JSR289_TCK@localhost:5060>;tag=9o75umrd5m
Via: SIP/2.0/UDP 192.168.1.65:5060;branch=z9hG4bKcr!+6v2iamgcx3k!r5evd+931nkixs;maddr=192.168.1.65
Call-ID: z1m59d5crervv0+k4iaa
Max-Forwards: 70
CSeq: 55402 INVITE
Content-Length: 0


SIPUNIT TRACE:  1365106088053  Response before sending out through stack..........
SIPUNIT TRACE:  1365106088054  SIP/2.0 401 Unauthorized with UserPwd
To: <sip:alice@192.168.1.65:5071>;tag=494601871
From: <sip:JSR289_TCK@localhost:5060>;tag=9o75umrd5m
Via: SIP/2.0/UDP 192.168.1.65:5060;branch=z9hG4bKcr!+6v2iamgcx3k!r5evd+931nkixs;maddr=192.168.1.65
Call-ID: z1m59d5crervv0+k4iaa
CSeq: 55402 INVITE
Contact: <sip:alice@192.168.1.65:5071;transport=udp;lr>
Expires: 1
WWW-Authenticate: Digest realm ="beasys.com", nonce="dbffb13c8a4d30117c25c753d1fa7710", opaque="", stale=FALSE, algorithm=MD5, qop="auth" 
WWW-Authenticate: Digest realm ="beasys.com", nonce="dbffb13c8a4d30117c25c753d1fa7710", opaque="", stale=FALSE, algorithm=MD5, qop="auth" 
Content-Length: 0


SIPUNIT TRACE:  1365106088058  SS.waitRequest() - about to block, waiting
SIPUNIT TRACE:  1365106098055  SS.waitRequest() - we've come out of the block
SIPUNIT TRACE:  1365106098055  SS.waitRequest() - either we got the request, or timed out
[2013-04-04 21:08:21,067] SipServletRequestTest:1008 INFO  - === testCreateCancel001() ===
[2013-04-04 21:08:21,067] TestBase:351 DEBUG - === created message:MESSAGE sip:JSR289_TCK@localhost:5060 SIP/2.0
Call-ID: 40586678be62a68bf599bd9aca5e6868@192.168.1.65
CSeq: 1 MESSAGE
From: "Alice" <sip:alice@192.168.1.65:5071>;tag=1832404886
To: "JSR289_TCK" <sip:JSR289_TCK@localhost:5060>
Via: SIP/2.0/UDP 192.168.1.65:5071;branch=somebranchvalue
Max-Forwards: 5
Content-Length: 0

 ===
[2013-04-04 21:08:21,072] TestBase:979 DEBUG - ---The Sip request is:MESSAGE sip:JSR289_TCK@localhost:5060 SIP/2.0
Call-ID: 40586678be62a68bf599bd9aca5e6868@192.168.1.65
CSeq: 1 MESSAGE
From: "Alice" <sip:alice@192.168.1.65:5071>;tag=1832404886
To: "JSR289_TCK" <sip:JSR289_TCK@localhost:5060>
Via: SIP/2.0/UDP 192.168.1.65:5071;branch=z9hG4bK2ac971440536d004ed6f5645be1756ab
Max-Forwards: 5
Route: "JSR289_TCK" <sip:JSR289_TCK@localhost:5060;lr>,<sip:localhost:5060;transport=udp;lr>
Application-Name: com.bea.sipservlet.tck.apps.apitestapp
Servlet-Name: SipServletRequest
Method-Name: testCreateCancel001
Content-Length: 0

 ---
SIPUNIT TRACE:  1365106101082  SS.waitRequest() - about to block, waiting
SIPUNIT TRACE:  1365106101086  SipStack: request received !
SIPUNIT TRACE:  1365106101086  SipStack: calling listener
SIPUNIT TRACE:  1365106101086  SipSession: request received !
SIPUNIT TRACE:  1365106101086       me ('To' check) = sip:alice@192.168.1.65
SIPUNIT TRACE:  1365106101086       my local contact info ('Request URI' check) = sip:alice@192.168.1.65:5071;transport=udp;lr
SIPUNIT TRACE:  1365106101086       INVITE sip:alice@192.168.1.65:5071 SIP/2.0
To: <sip:alice@192.168.1.65:5071>
Contact: <sip:192.168.1.65>
From: <sip:JSR289_TCK@localhost:5060>;tag=63e48po_um
Via: SIP/2.0/UDP 192.168.1.65:5060;branch=z9hG4bK!o1!7!6mu+xjujpnrkc461oppc14!k;maddr=192.168.1.65
Call-ID: ken3c6n+9ivl2+mi0mms
Max-Forwards: 70
CSeq: 2903 INVITE
Content-Length: 0


SIPUNIT TRACE:  1365106101086  SipSession: notifying block object
SIPUNIT TRACE:  1365106101086  SS.waitRequest() - we've come out of the block
SIPUNIT TRACE:  1365106101086  SS.waitRequest() - either we got the request, or timed out
SIPUNIT TRACE:  1365106101086  INVITE after received by stack..........
SIPUNIT TRACE:  1365106101086  INVITE sip:alice@192.168.1.65:5071 SIP/2.0
To: <sip:alice@192.168.1.65:5071>
Contact: <sip:192.168.1.65>
From: <sip:JSR289_TCK@localhost:5060>;tag=63e48po_um
Via: SIP/2.0/UDP 192.168.1.65:5060;branch=z9hG4bK!o1!7!6mu+xjujpnrkc461oppc14!k;maddr=192.168.1.65
Call-ID: ken3c6n+9ivl2+mi0mms
Max-Forwards: 70
CSeq: 2903 INVITE
Content-Length: 0


SIPUNIT TRACE:  1365106101088  Response before sending out through stack..........
SIPUNIT TRACE:  1365106101088  SIP/2.0 180 Ringing
To: <sip:alice@192.168.1.65:5071>;tag=181818020
From: <sip:JSR289_TCK@localhost:5060>;tag=63e48po_um
Via: SIP/2.0/UDP 192.168.1.65:5060;branch=z9hG4bK!o1!7!6mu+xjujpnrkc461oppc14!k;maddr=192.168.1.65
Call-ID: ken3c6n+9ivl2+mi0mms
CSeq: 2903 INVITE
Contact: <sip:alice@192.168.1.65:5071;transport=udp;lr>
Content-Length: 0


SIPUNIT TRACE:  1365106101091  SS.waitRequest() - about to block, waiting
SIPUNIT TRACE:  1365106101098  SipStack: request received !
SIPUNIT TRACE:  1365106101098  SipStack: calling listener
SIPUNIT TRACE:  1365106101098  SipSession: request received !
SIPUNIT TRACE:  1365106101098       me ('To' check) = sip:alice@192.168.1.65
SIPUNIT TRACE:  1365106101098       my local contact info ('Request URI' check) = sip:alice@192.168.1.65:5071;transport=udp;lr
SIPUNIT TRACE:  1365106101098       CANCEL sip:alice@192.168.1.65:5071 SIP/2.0
To: <sip:alice@192.168.1.65:5071>
From: <sip:JSR289_TCK@localhost:5060>;tag=63e48po_um
Via: SIP/2.0/UDP 192.168.1.65:5060;branch=z9hG4bK!o1!7!6mu+xjujpnrkc461oppc14!k;maddr=192.168.1.65
Call-ID: ken3c6n+9ivl2+mi0mms
CSeq: 2903 CANCEL
Content-Length: 0


SIPUNIT TRACE:  1365106101098  SipSession: notifying block object
SIPUNIT TRACE:  1365106101098  SS.waitRequest() - we've come out of the block
SIPUNIT TRACE:  1365106101098  SS.waitRequest() - either we got the request, or timed out
SIPUNIT TRACE:  1365106101098  Response before sending out through stack..........
SIPUNIT TRACE:  1365106101098  SIP/2.0 200 Cancel Answer
To: <sip:alice@192.168.1.65:5071>;tag=181818020
From: <sip:JSR289_TCK@localhost:5060>;tag=63e48po_um
Via: SIP/2.0/UDP 192.168.1.65:5060;branch=z9hG4bK!o1!7!6mu+xjujpnrkc461oppc14!k;maddr=192.168.1.65
Call-ID: ken3c6n+9ivl2+mi0mms
CSeq: 2903 CANCEL
Contact: <sip:alice@192.168.1.65:5071;transport=udp;lr>
Expires: 0
Content-Length: 0


SIPUNIT TRACE:  1365106101101  Response before sending out through stack..........
SIPUNIT TRACE:  1365106101102  SIP/2.0 487 Request Terminated
To: <sip:alice@192.168.1.65:5071>;tag=181818020
From: <sip:JSR289_TCK@localhost:5060>;tag=63e48po_um
Via: SIP/2.0/UDP 192.168.1.65:5060;branch=z9hG4bK!o1!7!6mu+xjujpnrkc461oppc14!k;maddr=192.168.1.65
Call-ID: ken3c6n+9ivl2+mi0mms
CSeq: 2903 INVITE
Contact: <sip:alice@192.168.1.65:5071;transport=udp;lr>
Content-Length: 0


[2013-04-04 21:08:24,111] SipServletRequestTest:1008 INFO  - === testCreateResponse001() ===
[2013-04-04 21:08:24,111] TestBase:351 DEBUG - === created message:MESSAGE sip:JSR289_TCK@localhost:5060 SIP/2.0
Call-ID: 17cbf3d518d382971550ee2ed08598d0@192.168.1.65
CSeq: 1 MESSAGE
From: "Alice" <sip:alice@192.168.1.65:5071>;tag=1173186068
To: "JSR289_TCK" <sip:JSR289_TCK@localhost:5060>
Via: SIP/2.0/UDP 192.168.1.65:5071;branch=somebranchvalue
Max-Forwards: 5
Content-Length: 0

 ===
[2013-04-04 21:08:24,115] TestBase:979 DEBUG - ---The Sip request is:MESSAGE sip:JSR289_TCK@localhost:5060 SIP/2.0
Call-ID: 17cbf3d518d382971550ee2ed08598d0@192.168.1.65
CSeq: 1 MESSAGE
From: "Alice" <sip:alice@192.168.1.65:5071>;tag=1173186068
To: "JSR289_TCK" <sip:JSR289_TCK@localhost:5060>
Via: SIP/2.0/UDP 192.168.1.65:5071;branch=z9hG4bK3bed92f1eb0a100cf7f252e3acb4cb21
Max-Forwards: 5
Route: "JSR289_TCK" <sip:JSR289_TCK@localhost:5060;lr>,<sip:localhost:5060;transport=udp;lr>
Application-Name: com.bea.sipservlet.tck.apps.apitestapp
Servlet-Name: SipServletRequest
Method-Name: testCreateResponse001
Content-Length: 0

 ---
[2013-04-04 21:08:27,141] SipServletRequestTest:1008 INFO  - === testCreateResponse002() ===
[2013-04-04 21:08:27,142] TestBase:351 DEBUG - === created message:MESSAGE sip:JSR289_TCK@localhost:5060 SIP/2.0
Call-ID: f9f637ac2d26be9c8c147e5e262e0d3a@192.168.1.65
CSeq: 1 MESSAGE
From: "Alice" <sip:alice@192.168.1.65:5071>;tag=623609280
To: "JSR289_TCK" <sip:JSR289_TCK@localhost:5060>
Via: SIP/2.0/UDP 192.168.1.65:5071;branch=somebranchvalue
Max-Forwards: 5
Content-Length: 0

 ===
[2013-04-04 21:08:27,147] TestBase:979 DEBUG - ---The Sip request is:MESSAGE sip:JSR289_TCK@localhost:5060 SIP/2.0
Call-ID: f9f637ac2d26be9c8c147e5e262e0d3a@192.168.1.65
CSeq: 1 MESSAGE
From: "Alice" <sip:alice@192.168.1.65:5071>;tag=623609280
To: "JSR289_TCK" <sip:JSR289_TCK@localhost:5060>
Via: SIP/2.0/UDP 192.168.1.65:5071;branch=z9hG4bK1779686f2a90bc5c38322bffe6a61497
Max-Forwards: 5
Route: "JSR289_TCK" <sip:JSR289_TCK@localhost:5060;lr>,<sip:localhost:5060;transport=udp;lr>
Application-Name: com.bea.sipservlet.tck.apps.apitestapp
Servlet-Name: SipServletRequest
Method-Name: testCreateResponse002
Content-Length: 0

 ---
[2013-04-04 21:08:30,163] SipServletRequestTest:1008 INFO  - === testGetB2buaHelper001() ===
[2013-04-04 21:08:30,164] TestBase:351 DEBUG - === created message:MESSAGE sip:JSR289_TCK@localhost:5060 SIP/2.0
Call-ID: 8fca583e8a37adb8cfe640742c787e2d@192.168.1.65
CSeq: 1 MESSAGE
From: "Alice" <sip:alice@192.168.1.65:5071>;tag=382451820
To: "JSR289_TCK" <sip:JSR289_TCK@localhost:5060>
Via: SIP/2.0/UDP 192.168.1.65:5071;branch=somebranchvalue
Max-Forwards: 5
Content-Length: 0

 ===
[2013-04-04 21:08:30,168] TestBase:979 DEBUG - ---The Sip request is:MESSAGE sip:JSR289_TCK@localhost:5060 SIP/2.0
Call-ID: 8fca583e8a37adb8cfe640742c787e2d@192.168.1.65
CSeq: 1 MESSAGE
From: "Alice" <sip:alice@192.168.1.65:5071>;tag=382451820
To: "JSR289_TCK" <sip:JSR289_TCK@localhost:5060>
Via: SIP/2.0/UDP 192.168.1.65:5071;branch=z9hG4bKeb019c80607d5838e905e91569f8b769
Max-Forwards: 5
Route: "JSR289_TCK" <sip:JSR289_TCK@localhost:5060;lr>,<sip:localhost:5060;transport=udp;lr>
Application-Name: com.bea.sipservlet.tck.apps.apitestapp
Servlet-Name: SipServletRequest
Method-Name: testGetB2buaHelper001
Content-Length: 0

 ---
[2013-04-04 21:08:33,184] SipServletRequestTest:1008 INFO  - === testGetInitialPoppedRoute001() ===
[2013-04-04 21:08:33,185] TestBase:351 DEBUG - === created message:MESSAGE sip:JSR289_TCK@localhost:5060 SIP/2.0
Call-ID: d05c59d74193e44648ff41717b86b17b@192.168.1.65
CSeq: 1 MESSAGE
From: "Alice" <sip:alice@192.168.1.65:5071>;tag=882310651
To: "JSR289_TCK" <sip:JSR289_TCK@localhost:5060>
Via: SIP/2.0/UDP 192.168.1.65:5071;branch=somebranchvalue
Max-Forwards: 5
Content-Length: 0

 ===
[2013-04-04 21:08:33,189] TestBase:979 DEBUG - ---The Sip request is:MESSAGE sip:JSR289_TCK@localhost:5060 SIP/2.0
Call-ID: d05c59d74193e44648ff41717b86b17b@192.168.1.65
CSeq: 1 MESSAGE
From: "Alice" <sip:alice@192.168.1.65:5071>;tag=882310651
To: "JSR289_TCK" <sip:JSR289_TCK@localhost:5060>
Via: SIP/2.0/UDP 192.168.1.65:5071;branch=z9hG4bKd23d618bce31819ee76ff92491788139
Max-Forwards: 5
Route: "JSR289_TCK" <sip:JSR289_TCK@localhost:5060;lr>,<sip:localhost:5060;transport=udp;lr>
Application-Name: com.bea.sipservlet.tck.apps.apitestapp
Servlet-Name: SipServletRequest
Method-Name: testGetInitialPoppedRoute001
Content-Length: 0

 ---
[2013-04-04 21:08:36,208] SipServletRequestTest:1008 INFO  - === testGetInputStream001() ===
[2013-04-04 21:08:36,209] TestBase:351 DEBUG - === created message:MESSAGE sip:JSR289_TCK@localhost:5060 SIP/2.0
Call-ID: b326cac1a57cf56672d5f349f3bc8746@192.168.1.65
CSeq: 1 MESSAGE
From: "Alice" <sip:alice@192.168.1.65:5071>;tag=1149141181
To: "JSR289_TCK" <sip:JSR289_TCK@localhost:5060>
Via: SIP/2.0/UDP 192.168.1.65:5071;branch=somebranchvalue
Max-Forwards: 5
Content-Length: 0

 ===
[2013-04-04 21:08:36,214] TestBase:979 DEBUG - ---The Sip request is:MESSAGE sip:JSR289_TCK@localhost:5060 SIP/2.0
Call-ID: b326cac1a57cf56672d5f349f3bc8746@192.168.1.65
CSeq: 1 MESSAGE
From: "Alice" <sip:alice@192.168.1.65:5071>;tag=1149141181
To: "JSR289_TCK" <sip:JSR289_TCK@localhost:5060>
Via: SIP/2.0/UDP 192.168.1.65:5071;branch=z9hG4bKa9fb852498cc81a50c44475a1598791b
Max-Forwards: 5
Route: "JSR289_TCK" <sip:JSR289_TCK@localhost:5060;lr>,<sip:localhost:5060;transport=udp;lr>
Application-Name: com.bea.sipservlet.tck.apps.apitestapp
Servlet-Name: SipServletRequest
Method-Name: testGetInputStream001
Content-Length: 0

 ---
[2013-04-04 21:08:39,233] SipServletRequestTest:1008 INFO  - === testGetPoppedRoute001() ===
[2013-04-04 21:08:39,234] TestBase:351 DEBUG - === created message:MESSAGE sip:JSR289_TCK@localhost:5060 SIP/2.0
Call-ID: e1ad1a131b58dc19c8305933b2bae69f@192.168.1.65
CSeq: 1 MESSAGE
From: "Alice" <sip:alice@192.168.1.65:5071>;tag=550019737
To: "JSR289_TCK" <sip:JSR289_TCK@localhost:5060>
Via: SIP/2.0/UDP 192.168.1.65:5071;branch=somebranchvalue
Max-Forwards: 5
Content-Length: 0

 ===
[2013-04-04 21:08:39,239] TestBase:979 DEBUG - ---The Sip request is:MESSAGE sip:JSR289_TCK@localhost:5060 SIP/2.0
Call-ID: e1ad1a131b58dc19c8305933b2bae69f@192.168.1.65
CSeq: 1 MESSAGE
From: "Alice" <sip:alice@192.168.1.65:5071>;tag=550019737
To: "JSR289_TCK" <sip:JSR289_TCK@localhost:5060>
Via: SIP/2.0/UDP 192.168.1.65:5071;branch=z9hG4bK31b3ad805e755af33a85d980c0354445
Max-Forwards: 5
Route: "JSR289_TCK" <sip:JSR289_TCK@localhost:5060;lr>,<sip:localhost:5060;transport=udp;lr>
Application-Name: com.bea.sipservlet.tck.apps.apitestapp
Servlet-Name: SipServletRequest
Method-Name: testGetPoppedRoute001
Content-Length: 0

 ---
[2013-04-04 21:08:42,258] SipServletRequestTest:1008 INFO  - === testGetProxy001() ===
[2013-04-04 21:08:42,259] TestBase:351 DEBUG - === created message:MESSAGE sip:bob@192.168.1.65:5072 SIP/2.0
Call-ID: 07104d67d293be3d711d1c88c21c8574@192.168.1.65
CSeq: 1 MESSAGE
From: "Alice" <sip:alice@192.168.1.65:5071>;tag=122691251
To: "Bob" <sip:bob@192.168.1.65:5072>
Via: SIP/2.0/UDP 192.168.1.65:5071;branch=somebranchvalue
Max-Forwards: 5
Content-Length: 0

 ===
SIPUNIT TRACE:  1365106122264  SS.waitRequest() - about to block, waiting
SIPUNIT TRACE:  1365106122273  SipStack: request received !
SIPUNIT TRACE:  1365106122274  SipStack: calling listener
SIPUNIT TRACE:  1365106122274  SipSession: request received !
SIPUNIT TRACE:  1365106122274       me ('To' check) = sip:bob@192.168.1.65
SIPUNIT TRACE:  1365106122274       my local contact info ('Request URI' check) = sip:bob@192.168.1.65:5072;transport=udp;lr
SIPUNIT TRACE:  1365106122274       MESSAGE sip:bob@192.168.1.65:5072 SIP/2.0
Servlet-Name: SipServletRequest
To: "Bob" <sip:bob@192.168.1.65:5072>
Method-Name: testGetProxy001
From: "Alice" <sip:alice@192.168.1.65:5071>;tag=122691251
Call-ID: 07104d67d293be3d711d1c88c21c8574@192.168.1.65
Via: SIP/2.0/UDP 192.168.1.65:5060;branch=z9hG4bK_j6r1f8yd233ixj+zz3zc5xhsekita;maddr=192.168.1.65,SIP/2.0/UDP 192.168.1.65:5071;branch=z9hG4bK69798a53ef1e454a7bf36c9381da4d7c
Route: "JSR289_TCK" <sip:JSR289_TCK@localhost:5060;lr>,"Bob" <sip:bob@192.168.1.65:5072;lr>,<sip:localhost:5060;lr;transport=udp>
Max-Forwards: 4
CSeq: 1 MESSAGE
Content-Length: 0


SIPUNIT TRACE:  1365106122274  SipSession: notifying block object
SIPUNIT TRACE:  1365106122274  SS.waitRequest() - we've come out of the block
SIPUNIT TRACE:  1365106122274  SS.waitRequest() - either we got the request, or timed out
[2013-04-04 21:08:45,290] SipServletRequestTest:1008 INFO  - === testGetProxy002() ===
[2013-04-04 21:08:45,291] TestBase:351 DEBUG - === created message:MESSAGE sip:bob@192.168.1.65:5072 SIP/2.0
Call-ID: ef595d7e342277cf99c2fe1d02973535@192.168.1.65
CSeq: 1 MESSAGE
From: "Alice" <sip:alice@192.168.1.65:5071>;tag=1169772165
To: "Bob" <sip:bob@192.168.1.65:5072>
Via: SIP/2.0/UDP 192.168.1.65:5071;branch=somebranchvalue
Max-Forwards: 5
Content-Length: 0

 ===
SIPUNIT TRACE:  1365106125298  SS.waitRequest() - about to block, waiting
SIPUNIT TRACE:  1365106135294  SS.waitRequest() - we've come out of the block
SIPUNIT TRACE:  1365106135294  SS.waitRequest() - either we got the request, or timed out
[2013-04-04 21:08:58,305] SipServletRequestTest:1008 INFO  - === testGetReader001() ===
[2013-04-04 21:08:58,306] TestBase:351 DEBUG - === created message:MESSAGE sip:JSR289_TCK@localhost:5060 SIP/2.0
Call-ID: 59c863281eda6e21c02b5312054b2278@192.168.1.65
CSeq: 1 MESSAGE
From: "Alice" <sip:alice@192.168.1.65:5071>;tag=1344073355
To: "JSR289_TCK" <sip:JSR289_TCK@localhost:5060>
Via: SIP/2.0/UDP 192.168.1.65:5071;branch=somebranchvalue
Max-Forwards: 5
Content-Length: 0

 ===
[2013-04-04 21:08:58,312] TestBase:979 DEBUG - ---The Sip request is:MESSAGE sip:JSR289_TCK@localhost:5060 SIP/2.0
Call-ID: 59c863281eda6e21c02b5312054b2278@192.168.1.65
CSeq: 1 MESSAGE
From: "Alice" <sip:alice@192.168.1.65:5071>;tag=1344073355
To: "JSR289_TCK" <sip:JSR289_TCK@localhost:5060>
Via: SIP/2.0/UDP 192.168.1.65:5071;branch=z9hG4bKac55197264f78593e257478d1848412b
Max-Forwards: 5
Route: "JSR289_TCK" <sip:JSR289_TCK@localhost:5060;lr>,<sip:localhost:5060;transport=udp;lr>
Application-Name: com.bea.sipservlet.tck.apps.apitestapp
Servlet-Name: SipServletRequest
Method-Name: testGetReader001
Content-Length: 0

 ---
[2013-04-04 21:09:01,327] SipServletRequestTest:1008 INFO  - === testGetSetRoutingDirective001() ===
[2013-04-04 21:09:01,327] TestBase:351 DEBUG - === created message:MESSAGE sip:JSR289_TCK@localhost:5060 SIP/2.0
Call-ID: eb034b080848ded24b6797869f7e2f70@192.168.1.65
CSeq: 1 MESSAGE
From: "Alice" <sip:alice@192.168.1.65:5071>;tag=1495983464
To: "JSR289_TCK" <sip:JSR289_TCK@localhost:5060>
Via: SIP/2.0/UDP 192.168.1.65:5071;branch=somebranchvalue
Max-Forwards: 5
Content-Length: 0

 ===
[2013-04-04 21:09:01,332] TestBase:979 DEBUG - ---The Sip request is:MESSAGE sip:JSR289_TCK@localhost:5060 SIP/2.0
Call-ID: eb034b080848ded24b6797869f7e2f70@192.168.1.65
CSeq: 1 MESSAGE
From: "Alice" <sip:alice@192.168.1.65:5071>;tag=1495983464
To: "JSR289_TCK" <sip:JSR289_TCK@localhost:5060>
Via: SIP/2.0/UDP 192.168.1.65:5071;branch=z9hG4bKd2d41674e383b4d01f90a386bda4fe91
Max-Forwards: 5
Route: "JSR289_TCK" <sip:JSR289_TCK@localhost:5060;lr>,<sip:localhost:5060;transport=udp;lr>
Application-Name: com.bea.sipservlet.tck.apps.apitestapp
Servlet-Name: SipServletRequest
Method-Name: testGetSetRoutingDirective001
Content-Length: 0

 ---
[2013-04-04 21:09:04,355] SipServletRequestTest:1008 INFO  - === testIsInitial001() ===
[2013-04-04 21:09:04,356] TestBase:351 DEBUG - === created message:MESSAGE sip:JSR289_TCK@localhost:5060 SIP/2.0
Call-ID: 05a02b5bd5f93cb5d9a8b29a41b8e834@192.168.1.65
CSeq: 1 MESSAGE
From: "Alice" <sip:alice@192.168.1.65:5071>;tag=1085940968
To: "JSR289_TCK" <sip:JSR289_TCK@localhost:5060>
Via: SIP/2.0/UDP 192.168.1.65:5071;branch=somebranchvalue
Max-Forwards: 5
Content-Length: 0

 ===
[2013-04-04 21:09:04,360] TestBase:979 DEBUG - ---The Sip request is:MESSAGE sip:JSR289_TCK@localhost:5060 SIP/2.0
Call-ID: 05a02b5bd5f93cb5d9a8b29a41b8e834@192.168.1.65
CSeq: 1 MESSAGE
From: "Alice" <sip:alice@192.168.1.65:5071>;tag=1085940968
To: "JSR289_TCK" <sip:JSR289_TCK@localhost:5060>
Via: SIP/2.0/UDP 192.168.1.65:5071;branch=z9hG4bK8e3ea4d769d8c68ce524923dec1b7ecd
Max-Forwards: 5
Route: "JSR289_TCK" <sip:JSR289_TCK@localhost:5060;lr>,<sip:localhost:5060;transport=udp;lr>
Application-Name: com.bea.sipservlet.tck.apps.apitestapp
Servlet-Name: SipServletRequest
Method-Name: testIsInitial001
Content-Length: 0

 ---
[2013-04-04 21:09:07,386] SipServletRequestTest:1008 INFO  - === testPushRoute001() ===
SIPUNIT TRACE:  1365106147390  SS.waitRequest() - about to block, waiting
SIPUNIT TRACE:  1365106147399  SipStack: request received !
SIPUNIT TRACE:  1365106147399  SipStack: calling listener
SIPUNIT TRACE:  1365106147399  SipSession: request received !
SIPUNIT TRACE:  1365106147399       me ('To' check) = sip:bob@192.168.1.65
SIPUNIT TRACE:  1365106147399       my local contact info ('Request URI' check) = sip:bob@192.168.1.65:5072;transport=udp;lr
SIPUNIT TRACE:  1365106147399       MESSAGE sip:bob@192.168.1.65:5072 SIP/2.0
Servlet-Name: SipServletRequest
To: "Bob" <sip:bob@192.168.1.65:5072>
Method-Name: testPushRoute001
From: "Alice" <sip:alice@192.168.1.65:5071>;tag=1674899471
Call-ID: df9824f8d45c5dd086a6e81c881ab215@192.168.1.65
Via: SIP/2.0/UDP 192.168.1.65:5060;branch=z9hG4bK!tfld4u+!ct5g7eybzfb_e18bi9p+k;maddr=192.168.1.65,SIP/2.0/UDP 192.168.1.65:5071;branch=z9hG4bK2ca85c7ce5ebe7c0b223229c6186b8aa
Route: <sip:bob@192.168.1.65:5072>,"JSR289_TCK" <sip:JSR289_TCK@localhost:5060;lr>
Max-Forwards: 4
CSeq: 1 MESSAGE
Content-Length: 0


SIPUNIT TRACE:  1365106147400  SipSession: notifying block object
SIPUNIT TRACE:  1365106147400  SS.waitRequest() - we've come out of the block
SIPUNIT TRACE:  1365106147400  SS.waitRequest() - either we got the request, or timed out
[2013-04-04 21:09:10,416] SipServletRequestTest:1008 INFO  - === testPushRoute002() ===
SIPUNIT TRACE:  1365106150419  SS.waitRequest() - about to block, waiting
SIPUNIT TRACE:  1365106150429  SipStack: request received !
SIPUNIT TRACE:  1365106150429  SipStack: calling listener
SIPUNIT TRACE:  1365106150429  SipSession: request received !
SIPUNIT TRACE:  1365106150429       me ('To' check) = sip:bob@192.168.1.65
SIPUNIT TRACE:  1365106150429       my local contact info ('Request URI' check) = sip:bob@192.168.1.65:5072;transport=udp;lr
SIPUNIT TRACE:  1365106150429       MESSAGE sip:bob@192.168.1.65:5072 SIP/2.0
user: Bob
Servlet-Name: SipServletRequest
To: "Bob" <sip:bob@192.168.1.65:5072>
Method-Name: testPushRoute002
From: "Alice" <sip:alice@192.168.1.65:5071>;tag=1799039782
host: 192.168.1.65:5072;lr
Call-ID: 612586c49ee20e97bd49700ef42e3e56@192.168.1.65
Via: SIP/2.0/UDP 192.168.1.65:5060;branch=z9hG4bKpv9!l3xqm+uwkmoick_.y_ro7c1!zz;maddr=192.168.1.65,SIP/2.0/UDP 192.168.1.65:5071;branch=z9hG4bKd262c52e933b848affff7b546b5404c2
Route: <sip:Bob@192.168.1.65:5072;lr>,"JSR289_TCK" <sip:JSR289_TCK@localhost:5060;lr>
Max-Forwards: 4
CSeq: 1 MESSAGE
Content-Length: 0


SIPUNIT TRACE:  1365106150429  SipSession: notifying block object
SIPUNIT TRACE:  1365106150429  SS.waitRequest() - we've come out of the block
SIPUNIT TRACE:  1365106150429  SS.waitRequest() - either we got the request, or timed out
[2013-04-04 21:09:13,445] TestBase:351 DEBUG - === created message:MESSAGE sip:JSR289_TCK@localhost:5060 SIP/2.0
Call-ID: b31dfbc4c8880ddd0eb40c22d64d9349@192.168.1.65
CSeq: 1 MESSAGE
From: "Alice" <sip:alice@192.168.1.65:5071>;tag=875008394
To: "JSR289_TCK" <sip:JSR289_TCK@localhost:5060>
Via: SIP/2.0/UDP 192.168.1.65:5071;branch=somebranchvalue
Max-Forwards: 5
Content-Length: 0

 ===
[2013-04-04 21:09:13,450] TestBase:979 DEBUG - ---The Sip request is:MESSAGE sip:JSR289_TCK@localhost:5060 SIP/2.0
Call-ID: b31dfbc4c8880ddd0eb40c22d64d9349@192.168.1.65
CSeq: 1 MESSAGE
From: "Alice" <sip:alice@192.168.1.65:5071>;tag=875008394
To: "JSR289_TCK" <sip:JSR289_TCK@localhost:5060>
Via: SIP/2.0/UDP 192.168.1.65:5071;branch=z9hG4bK83a5e77ab1b6b43b8a9be880389d62b6
Max-Forwards: 5
Route: "JSR289_TCK" <sip:JSR289_TCK@localhost:5060;lr>,<sip:localhost:5060;transport=udp;lr>
Application-Name: com.bea.sipservlet.tck.apps.apitestapp
Servlet-Name: SipServletRequest
Method-Name: testSend001
Content-Length: 0

 ---
[2013-04-04 21:09:13,459] TestBase:595 DEBUG - the responseEvent=null?javax.sip.ResponseEvent[source=gov.nist.javax.sip.SipProviderImpl@73a11f21]
SIPUNIT TRACE:  1365106153460  SS.waitRequest() - about to block, waiting
SIPUNIT TRACE:  1365106153468  SipStack: request received !
SIPUNIT TRACE:  1365106153468  SipStack: calling listener
SIPUNIT TRACE:  1365106153468  SipSession: request received !
SIPUNIT TRACE:  1365106153468       me ('To' check) = sip:alice@192.168.1.65
SIPUNIT TRACE:  1365106153468       my local contact info ('Request URI' check) = sip:alice@192.168.1.65:5071;transport=udp;lr
SIPUNIT TRACE:  1365106153468       MESSAGE sip:alice@192.168.1.65:5071 SIP/2.0
To: <sip:alice@192.168.1.65:5071>
From: <sip:JSR289_TCK@localhost:5060>;tag=q2cw4!4k1b
Via: SIP/2.0/UDP 192.168.1.65:5060;branch=z9hG4bK4ry_l_25hec54f.3b45feq+8x..l08;maddr=192.168.1.65
Call-ID: n_k6jq11ee6poowp23md
Max-Forwards: 70
CSeq: 55287 MESSAGE
Content-Length: 0


SIPUNIT TRACE:  1365106153468  SipSession: notifying block object
SIPUNIT TRACE:  1365106153469  SS.waitRequest() - we've come out of the block
SIPUNIT TRACE:  1365106153469  SS.waitRequest() - either we got the request, or timed out
[2013-04-04 21:09:16,479] TestBase:351 DEBUG - === created message:MESSAGE sip:JSR289_TCK@localhost:5060 SIP/2.0
Call-ID: 9967b1e0a48e95ad64a004305d1e53ba@192.168.1.65
CSeq: 1 MESSAGE
From: "Alice" <sip:alice@192.168.1.65:5071>;tag=1448066991
To: "JSR289_TCK" <sip:JSR289_TCK@localhost:5060>
Via: SIP/2.0/UDP 192.168.1.65:5071;branch=somebranchvalue
Max-Forwards: 5
Content-Length: 0

 ===
[2013-04-04 21:09:16,483] TestBase:979 DEBUG - ---The Sip request is:MESSAGE sip:JSR289_TCK@localhost:5060 SIP/2.0
Call-ID: 9967b1e0a48e95ad64a004305d1e53ba@192.168.1.65
CSeq: 1 MESSAGE
From: "Alice" <sip:alice@192.168.1.65:5071>;tag=1448066991
To: "JSR289_TCK" <sip:JSR289_TCK@localhost:5060>
Via: SIP/2.0/UDP 192.168.1.65:5071;branch=z9hG4bK6d32c24eb3f74dedda0bd1901c0c2031
Max-Forwards: 5
Route: "JSR289_TCK" <sip:JSR289_TCK@localhost:5060;lr>,<sip:localhost:5060;transport=udp;lr>
Application-Name: com.bea.sipservlet.tck.apps.apitestapp
Servlet-Name: SipServletRequest
Method-Name: testGetSetMaxForwards001
Content-Length: 0

 ---
[2013-04-04 21:09:16,492] TestBase:595 DEBUG - the responseEvent=null?javax.sip.ResponseEvent[source=gov.nist.javax.sip.SipProviderImpl@6caf0c9a]
SIPUNIT TRACE:  1365106156493  SS.waitRequest() - about to block, waiting
SIPUNIT TRACE:  1365106156496  SipStack: request received !
SIPUNIT TRACE:  1365106156496  SipStack: calling listener
SIPUNIT TRACE:  1365106156497  SipSession: request received !
SIPUNIT TRACE:  1365106156497       me ('To' check) = sip:alice@192.168.1.65
SIPUNIT TRACE:  1365106156497       my local contact info ('Request URI' check) = sip:alice@192.168.1.65:5071;transport=udp;lr
SIPUNIT TRACE:  1365106156497       MESSAGE sip:alice@192.168.1.65:5071 SIP/2.0
To: <sip:alice@192.168.1.65:5071>
From: <sip:JSR289_TCK@localhost:5060>;tag=+ro4i3x.!1
Via: SIP/2.0/UDP 192.168.1.65:5060;branch=z9hG4bK0-tevid9e90zt_0law6u+vp80doy5p;maddr=192.168.1.65
Call-ID: m3y2tg!rj64.pj-aj4pl
Max-Forwards: 2
CSeq: 58313 MESSAGE
Content-Length: 0


SIPUNIT TRACE:  1365106156497  SipSession: notifying block object
SIPUNIT TRACE:  1365106156497  SS.waitRequest() - we've come out of the block
SIPUNIT TRACE:  1365106156497  SS.waitRequest() - either we got the request, or timed out
[2013-04-04 21:09:19,509] SipServletRequestTest:1008 INFO  - === testGetSetRequestURI001() ===
[2013-04-04 21:09:19,510] TestBase:351 DEBUG - === created message:MESSAGE sip:JSR289_TCK@localhost:5060 SIP/2.0
Call-ID: ebe28961234a466beb900c222b1d52d5@192.168.1.65
CSeq: 1 MESSAGE
From: "Alice" <sip:alice@192.168.1.65:5071>;tag=1206909531
To: "JSR289_TCK" <sip:JSR289_TCK@localhost:5060>
Via: SIP/2.0/UDP 192.168.1.65:5071;branch=somebranchvalue
Max-Forwards: 5
Content-Length: 0

 ===
SIPUNIT TRACE:  1365106159514  SS.waitRequest() - about to block, waiting
SIPUNIT TRACE:  1365106159527  SipStack: request received !
SIPUNIT TRACE:  1365106159527  SipStack: calling listener
SIPUNIT TRACE:  1365106159527  SipSession: request received !
SIPUNIT TRACE:  1365106159527       me ('To' check) = sip:bob@192.168.1.65
SIPUNIT TRACE:  1365106159527       my local contact info ('Request URI' check) = sip:bob@192.168.1.65:5072;transport=udp;lr
SIPUNIT TRACE:  1365106159527       MESSAGE sip:bob@192.168.1.65:5072 SIP/2.0
To: <sip:alice@192.168.1.65:5071>
From: <sip:JSR289_TCK@localhost:5060>;tag=_-51oi.xq.
Via: SIP/2.0/UDP 192.168.1.65:5060;branch=z9hG4bK2_n.7pu!xz0dz1q+ehb25gjucfv08s;maddr=192.168.1.65
Call-ID: yb9b_agt5g---2vx4gxh
Max-Forwards: 70
CSeq: 61345 MESSAGE
Content-Length: 0


SIPUNIT TRACE:  1365106159527  SipSession: notifying block object
SIPUNIT TRACE:  1365106159527  SS.waitRequest() - we've come out of the block
SIPUNIT TRACE:  1365106159527  SS.waitRequest() - either we got the request, or timed out
[2013-04-04 21:09:22,537] TestBase:351 DEBUG - === created message:MESSAGE sip:JSR289_TCK@localhost:5060 SIP/2.0
Call-ID: 8c50c1645197a37e084077e126bd0ddd@192.168.1.65
CSeq: 1 MESSAGE
From: "Alice" <sip:alice@192.168.1.65:5071>;tag=1045568907
To: "JSR289_TCK" <sip:JSR289_TCK@localhost:5060>
Via: SIP/2.0/UDP 192.168.1.65:5071;branch=somebranchvalue
Max-Forwards: 5
Content-Length: 0

 ===
[2013-04-04 21:09:22,541] TestBase:979 DEBUG - ---The Sip request is:MESSAGE sip:JSR289_TCK@localhost:5060 SIP/2.0
Call-ID: 8c50c1645197a37e084077e126bd0ddd@192.168.1.65
CSeq: 1 MESSAGE
From: "Alice" <sip:alice@192.168.1.65:5071>;tag=1045568907
To: "JSR289_TCK" <sip:JSR289_TCK@localhost:5060>
Via: SIP/2.0/UDP 192.168.1.65:5071;branch=z9hG4bK580884158ddd720a8c13c07fa21bebcb
Max-Forwards: 5
Route: "JSR289_TCK" <sip:JSR289_TCK@localhost:5060;lr>,<sip:localhost:5060;transport=udp;lr>
Application-Name: com.bea.sipservlet.tck.apps.apitestapp
Servlet-Name: SipServletRequest
Method-Name: testCreateCancel101
Content-Length: 0

 ---
SIPUNIT TRACE:  1365106162550  SS.waitRequest() - about to block, waiting
SIPUNIT TRACE:  1365106162554  SipStack: request received !
SIPUNIT TRACE:  1365106162554  SipStack: calling listener
SIPUNIT TRACE:  1365106162554  SipSession: request received !
SIPUNIT TRACE:  1365106162554       me ('To' check) = sip:alice@192.168.1.65
SIPUNIT TRACE:  1365106162554       my local contact info ('Request URI' check) = sip:alice@192.168.1.65:5071;transport=udp;lr
SIPUNIT TRACE:  1365106162554       INVITE sip:alice@192.168.1.65:5071 SIP/2.0
To: <sip:alice@192.168.1.65:5071>
Contact: <sip:192.168.1.65>
From: <sip:JSR289_TCK@localhost:5060>;tag=tx8gsytmfm
Via: SIP/2.0/UDP 192.168.1.65:5060;branch=z9hG4bK87kxq5sf!dpvp1_hgjj2233klgfw9d;maddr=192.168.1.65
Call-ID: 5rp_!c0.dmneth.b_ulj
Max-Forwards: 70
CSeq: 64372 INVITE
Content-Length: 0


SIPUNIT TRACE:  1365106162554  SipSession: notifying block object
SIPUNIT TRACE:  1365106162554  SS.waitRequest() - we've come out of the block
SIPUNIT TRACE:  1365106162554  SS.waitRequest() - either we got the request, or timed out
SIPUNIT TRACE:  1365106162554  INVITE after received by stack..........
SIPUNIT TRACE:  1365106162554  INVITE sip:alice@192.168.1.65:5071 SIP/2.0
To: <sip:alice@192.168.1.65:5071>
Contact: <sip:192.168.1.65>
From: <sip:JSR289_TCK@localhost:5060>;tag=tx8gsytmfm
Via: SIP/2.0/UDP 192.168.1.65:5060;branch=z9hG4bK87kxq5sf!dpvp1_hgjj2233klgfw9d;maddr=192.168.1.65
Call-ID: 5rp_!c0.dmneth.b_ulj
Max-Forwards: 70
CSeq: 64372 INVITE
Content-Length: 0


SIPUNIT TRACE:  1365106162556  Response before sending out through stack..........
SIPUNIT TRACE:  1365106162556  SIP/2.0 200 testCreateCancel101
To: <sip:alice@192.168.1.65:5071>;tag=542564329
From: <sip:JSR289_TCK@localhost:5060>;tag=tx8gsytmfm
Via: SIP/2.0/UDP 192.168.1.65:5060;branch=z9hG4bK87kxq5sf!dpvp1_hgjj2233klgfw9d;maddr=192.168.1.65
Call-ID: 5rp_!c0.dmneth.b_ulj
CSeq: 64372 INVITE
Contact: <sip:alice@192.168.1.65:5071;transport=udp;lr>
Expires: 1
Content-Length: 0


SIPUNIT TRACE:  1365106162559  SS.waitRequest() - about to block, waiting
SIPUNIT TRACE:  1365106162567  SipStack: request received !
SIPUNIT TRACE:  1365106162567  SipStack: calling listener
SIPUNIT TRACE:  1365106162567  SipSession: request received !
SIPUNIT TRACE:  1365106162567       me ('To' check) = sip:alice@192.168.1.65
SIPUNIT TRACE:  1365106162567       my local contact info ('Request URI' check) = sip:alice@192.168.1.65:5071;transport=udp;lr
SIPUNIT TRACE:  1365106162567       ACK sip:alice@192.168.1.65:5071 SIP/2.0
To: <sip:alice@192.168.1.65:5071>;tag=542564329
From: <sip:JSR289_TCK@localhost:5060>;tag=tx8gsytmfm
Via: SIP/2.0/UDP 192.168.1.65:5060;branch=z9hG4bK87kxq5sf!dpvp1_hgjj2233klgfw9d;maddr=192.168.1.65
Call-ID: 5rp_!c0.dmneth.b_ulj
CSeq: 64372 ACK
Content-Length: 0


SIPUNIT TRACE:  1365106162567  SipSession: notifying block object
SIPUNIT TRACE:  1365106162567  SS.waitRequest() - we've come out of the block
SIPUNIT TRACE:  1365106162567  SS.waitRequest() - either we got the request, or timed out
SIPUNIT TRACE:  1365106162567  SS.waitRequest() - about to block, waiting
SIPUNIT TRACE:  1365106162568  SipStack: request received !
SIPUNIT TRACE:  1365106162568  SipStack: calling listener
SIPUNIT TRACE:  1365106162568  SipSession: request received !
SIPUNIT TRACE:  1365106162568       me ('To' check) = sip:alice@192.168.1.65
SIPUNIT TRACE:  1365106162568       my local contact info ('Request URI' check) = sip:alice@192.168.1.65:5071;transport=udp;lr
SIPUNIT TRACE:  1365106162568       BYE sip:alice@192.168.1.65:5071;lr;transport=udp SIP/2.0
To: <sip:alice@192.168.1.65:5071>;tag=542564329
From: <sip:JSR289_TCK@localhost:5060>;tag=tx8gsytmfm
Via: SIP/2.0/UDP 192.168.1.65:5060;branch=z9hG4bKcj7oa8!v59azae7t1fgo5ki13nn9-e;maddr=192.168.1.65
Call-ID: 5rp_!c0.dmneth.b_ulj
Max-Forwards: 70
CSeq: 64373 BYE
Content-Length: 0


SIPUNIT TRACE:  1365106162568  SipSession: notifying block object
SIPUNIT TRACE:  1365106162568  SS.waitRequest() - we've come out of the block
SIPUNIT TRACE:  1365106162568  SS.waitRequest() - either we got the request, or timed out
SIPUNIT TRACE:  1365106162568  Response before sending out through stack..........
SIPUNIT TRACE:  1365106162568  SIP/2.0 200 OK
To: <sip:alice@192.168.1.65:5071>;tag=542564329
From: <sip:JSR289_TCK@localhost:5060>;tag=tx8gsytmfm
Via: SIP/2.0/UDP 192.168.1.65:5060;branch=z9hG4bKcj7oa8!v59azae7t1fgo5ki13nn9-e;maddr=192.168.1.65
Call-ID: 5rp_!c0.dmneth.b_ulj
CSeq: 64373 BYE
Content-Length: 0


[2013-04-04 21:09:25,577] SipServletRequestTest:1008 INFO  - === testCreateResponse101() ===
[2013-04-04 21:09:25,578] TestBase:351 DEBUG - === created message:MESSAGE sip:JSR289_TCK@localhost:5060 SIP/2.0
Call-ID: d01684c1bb9174b4745b5a2d614c162e@192.168.1.65
CSeq: 1 MESSAGE
From: "Alice" <sip:alice@192.168.1.65:5071>;tag=2133901875
To: "JSR289_TCK" <sip:JSR289_TCK@localhost:5060>
Via: SIP/2.0/UDP 192.168.1.65:5071;branch=somebranchvalue
Max-Forwards: 5
Content-Length: 0

 ===
[2013-04-04 21:09:25,582] TestBase:979 DEBUG - ---The Sip request is:MESSAGE sip:JSR289_TCK@localhost:5060 SIP/2.0
Call-ID: d01684c1bb9174b4745b5a2d614c162e@192.168.1.65
CSeq: 1 MESSAGE
From: "Alice" <sip:alice@192.168.1.65:5071>;tag=2133901875
To: "JSR289_TCK" <sip:JSR289_TCK@localhost:5060>
Via: SIP/2.0/UDP 192.168.1.65:5071;branch=z9hG4bK2af053e272137fce56792b7b3a1c658a
Max-Forwards: 5
Route: "JSR289_TCK" <sip:JSR289_TCK@localhost:5060;lr>,<sip:localhost:5060;transport=udp;lr>
Application-Name: com.bea.sipservlet.tck.apps.apitestapp
Servlet-Name: SipServletRequest
Method-Name: testCreateResponse101
Content-Length: 0

 ---
[2013-04-04 21:09:28,599] SipServletRequestTest:1008 INFO  - === testCreateResponse102() ===
[2013-04-04 21:09:28,600] TestBase:351 DEBUG - === created message:MESSAGE sip:JSR289_TCK@localhost:5060 SIP/2.0
Call-ID: eb15eac29d6777c2a116ee2ba8dac427@192.168.1.65
CSeq: 1 MESSAGE
From: "Alice" <sip:alice@192.168.1.65:5071>;tag=1534780431
To: "JSR289_TCK" <sip:JSR289_TCK@localhost:5060>
Via: SIP/2.0/UDP 192.168.1.65:5071;branch=somebranchvalue
Max-Forwards: 5
Content-Length: 0

 ===
[2013-04-04 21:09:28,605] TestBase:979 DEBUG - ---The Sip request is:MESSAGE sip:JSR289_TCK@localhost:5060 SIP/2.0
Call-ID: eb15eac29d6777c2a116ee2ba8dac427@192.168.1.65
CSeq: 1 MESSAGE
From: "Alice" <sip:alice@192.168.1.65:5071>;tag=1534780431
To: "JSR289_TCK" <sip:JSR289_TCK@localhost:5060>
Via: SIP/2.0/UDP 192.168.1.65:5071;branch=z9hG4bK57ce445b0802dc104151116555ffe345
Max-Forwards: 5
Route: "JSR289_TCK" <sip:JSR289_TCK@localhost:5060;lr>,<sip:localhost:5060;transport=udp;lr>
Application-Name: com.bea.sipservlet.tck.apps.apitestapp
Servlet-Name: SipServletRequest
Method-Name: testCreateResponse102
Content-Length: 0

 ---
[2013-04-04 21:09:28,618] SipServletRequestTest:743 DEBUG - the responseEvent=null?javax.sip.ResponseEvent[source=gov.nist.javax.sip.SipProviderImpl@4aee4b87]
SIPUNIT TRACE:  1365106168618  SS.waitRequest() - about to block, waiting
SIPUNIT TRACE:  1365106168624  SipStack: request received !
SIPUNIT TRACE:  1365106168624  SipStack: calling listener
SIPUNIT TRACE:  1365106168624  SipSession: request received !
SIPUNIT TRACE:  1365106168624       me ('To' check) = sip:alice@192.168.1.65
SIPUNIT TRACE:  1365106168624       my local contact info ('Request URI' check) = sip:alice@192.168.1.65:5071;transport=udp;lr
SIPUNIT TRACE:  1365106168624       MESSAGE sip:alice@192.168.1.65:5071 SIP/2.0
To: "Alice" <sip:alice@192.168.1.65:5071>;tag=1534780431
From: <sip:JSR289_TCK@localhost:5060>;tag=ex3a_hqfo2
Via: SIP/2.0/UDP 192.168.1.65:5060;branch=z9hG4bKak8.27hwnr4pz11r37.e4hur6g.65k;maddr=192.168.1.65
Call-ID: o6sjixsr!iksmjgt-_k8
Max-Forwards: 70
CSeq: 4905 MESSAGE
Content-Length: 0


SIPUNIT TRACE:  1365106168624  SipSession: notifying block object
SIPUNIT TRACE:  1365106168624  SS.waitRequest() - we've come out of the block
SIPUNIT TRACE:  1365106168624  SS.waitRequest() - either we got the request, or timed out
[2013-04-04 21:09:31,643] SipServletRequestTest:1008 INFO  - === testCreateResponse103() ===
[2013-04-04 21:09:31,644] TestBase:351 DEBUG - === created message:MESSAGE sip:JSR289_TCK@localhost:5060 SIP/2.0
Call-ID: d9e1094f59a729f75e0180425bab7d18@192.168.1.65
CSeq: 1 MESSAGE
From: "Alice" <sip:alice@192.168.1.65:5071>;tag=261630880
To: "JSR289_TCK" <sip:JSR289_TCK@localhost:5060>
Via: SIP/2.0/UDP 192.168.1.65:5071;branch=somebranchvalue
Max-Forwards: 5
Content-Length: 0

 ===
[2013-04-04 21:09:31,649] TestBase:979 DEBUG - ---The Sip request is:MESSAGE sip:JSR289_TCK@localhost:5060 SIP/2.0
Call-ID: d9e1094f59a729f75e0180425bab7d18@192.168.1.65
CSeq: 1 MESSAGE
From: "Alice" <sip:alice@192.168.1.65:5071>;tag=261630880
To: "JSR289_TCK" <sip:JSR289_TCK@localhost:5060>
Via: SIP/2.0/UDP 192.168.1.65:5071;branch=z9hG4bK5ce0ae67fd66cc2f5b4087d53d944e87
Max-Forwards: 5
Route: "JSR289_TCK" <sip:JSR289_TCK@localhost:5060;lr>,<sip:localhost:5060;transport=udp;lr>
Application-Name: com.bea.sipservlet.tck.apps.apitestapp
Servlet-Name: SipServletRequest
Method-Name: testCreateResponse103
Content-Length: 0

 ---
[2013-04-04 21:09:34,664] SipServletRequestTest:1008 INFO  - === testCreateResponse104() ===
[2013-04-04 21:09:34,664] TestBase:351 DEBUG - === created message:MESSAGE sip:JSR289_TCK@localhost:5060 SIP/2.0
Call-ID: 927fef57a932c6988b78d4ac345538e1@192.168.1.65
CSeq: 1 MESSAGE
From: "Alice" <sip:alice@192.168.1.65:5071>;tag=968675758
To: "JSR289_TCK" <sip:JSR289_TCK@localhost:5060>
Via: SIP/2.0/UDP 192.168.1.65:5071;branch=somebranchvalue
Max-Forwards: 5
Content-Length: 0

 ===
[2013-04-04 21:09:34,669] TestBase:979 DEBUG - ---The Sip request is:MESSAGE sip:JSR289_TCK@localhost:5060 SIP/2.0
Call-ID: 927fef57a932c6988b78d4ac345538e1@192.168.1.65
CSeq: 1 MESSAGE
From: "Alice" <sip:alice@192.168.1.65:5071>;tag=968675758
To: "JSR289_TCK" <sip:JSR289_TCK@localhost:5060>
Via: SIP/2.0/UDP 192.168.1.65:5071;branch=z9hG4bKed2acdf62f9bc551905077cebc6a75ad
Max-Forwards: 5
Route: "JSR289_TCK" <sip:JSR289_TCK@localhost:5060;lr>,<sip:localhost:5060;transport=udp;lr>
Application-Name: com.bea.sipservlet.tck.apps.apitestapp
Servlet-Name: SipServletRequest
Method-Name: testCreateResponse104
Content-Length: 0

 ---
[2013-04-04 21:09:34,678] SipServletRequestTest:793 DEBUG - the responseEvent=null?javax.sip.ResponseEvent[source=gov.nist.javax.sip.SipProviderImpl@7f575ec]
SIPUNIT TRACE:  1365106174678  SS.waitRequest() - about to block, waiting
SIPUNIT TRACE:  1365106174683  SipStack: request received !
SIPUNIT TRACE:  1365106174683  SipStack: calling listener
SIPUNIT TRACE:  1365106174683  SipSession: request received !
SIPUNIT TRACE:  1365106174683       me ('To' check) = sip:alice@192.168.1.65
SIPUNIT TRACE:  1365106174684       my local contact info ('Request URI' check) = sip:alice@192.168.1.65:5071;transport=udp;lr
SIPUNIT TRACE:  1365106174684       MESSAGE sip:alice@192.168.1.65:5071 SIP/2.0
To: "Alice" <sip:alice@192.168.1.65:5071>;tag=968675758
From: <sip:JSR289_TCK@localhost:5060>;tag=3n3+ero8qx
Via: SIP/2.0/UDP 192.168.1.65:5060;branch=z9hG4bK9p4jkuvcwrk30fph_yveykdopot815;maddr=192.168.1.65
Call-ID: 2ii-bb_d.wk9+j5oy1-x
Max-Forwards: 70
CSeq: 10965 MESSAGE
Content-Length: 0


SIPUNIT TRACE:  1365106174684  SipSession: notifying block object
SIPUNIT TRACE:  1365106174684  SS.waitRequest() - we've come out of the block
SIPUNIT TRACE:  1365106174684  SS.waitRequest() - either we got the request, or timed out
[2013-04-04 21:09:37,692] SipServletRequestTest:1008 INFO  - === testGetB2buaHelper101() ===
[2013-04-04 21:09:37,693] TestBase:351 DEBUG - === created message:MESSAGE sip:JSR289_TCK@localhost:5060 SIP/2.0
Call-ID: 1da55a4881fbc5012cf94a0291a744b2@192.168.1.65
CSeq: 1 MESSAGE
From: "Alice" <sip:alice@192.168.1.65:5071>;tag=1183807639
To: "JSR289_TCK" <sip:JSR289_TCK@localhost:5060>
Via: SIP/2.0/UDP 192.168.1.65:5071;branch=somebranchvalue
Max-Forwards: 5
Content-Length: 0

 ===
[2013-04-04 21:09:37,699] TestBase:979 DEBUG - ---The Sip request is:MESSAGE sip:JSR289_TCK@localhost:5060 SIP/2.0
Call-ID: 1da55a4881fbc5012cf94a0291a744b2@192.168.1.65
CSeq: 1 MESSAGE
From: "Alice" <sip:alice@192.168.1.65:5071>;tag=1183807639
To: "JSR289_TCK" <sip:JSR289_TCK@localhost:5060>
Via: SIP/2.0/UDP 192.168.1.65:5071;branch=z9hG4bK673e9e021fb4107cc59f83bea538e573
Max-Forwards: 5
Route: "JSR289_TCK" <sip:JSR289_TCK@localhost:5060;lr>,<sip:localhost:5060;transport=udp;lr>
Application-Name: com.bea.sipservlet.tck.apps.apitestapp
Servlet-Name: SipServletRequest
Method-Name: testGetB2buaHelper101
Content-Length: 0

 ---
[2013-04-04 21:09:40,714] SipServletRequestTest:1008 INFO  - === testSetMaxForwards101() ===
[2013-04-04 21:09:40,715] TestBase:351 DEBUG - === created message:MESSAGE sip:JSR289_TCK@localhost:5060 SIP/2.0
Call-ID: 91aca98072fc811b0e2fdf4e7ace9a61@192.168.1.65
CSeq: 1 MESSAGE
From: "Alice" <sip:alice@192.168.1.65:5071>;tag=2029154309
To: "JSR289_TCK" <sip:JSR289_TCK@localhost:5060>
Via: SIP/2.0/UDP 192.168.1.65:5071;branch=somebranchvalue
Max-Forwards: 5
Content-Length: 0

 ===
[2013-04-04 21:09:40,719] TestBase:979 DEBUG - ---The Sip request is:MESSAGE sip:JSR289_TCK@localhost:5060 SIP/2.0
Call-ID: 91aca98072fc811b0e2fdf4e7ace9a61@192.168.1.65
CSeq: 1 MESSAGE
From: "Alice" <sip:alice@192.168.1.65:5071>;tag=2029154309
To: "JSR289_TCK" <sip:JSR289_TCK@localhost:5060>
Via: SIP/2.0/UDP 192.168.1.65:5071;branch=z9hG4bK272b2527a1c9e64c0c57f2c3845a9f26
Max-Forwards: 5
Route: "JSR289_TCK" <sip:JSR289_TCK@localhost:5060;lr>,<sip:localhost:5060;transport=udp;lr>
Application-Name: com.bea.sipservlet.tck.apps.apitestapp
Servlet-Name: SipServletRequest
Method-Name: testSetMaxForwards101
Content-Length: 0

 ---
[2013-04-04 21:09:43,738] SipServletRequestTest:1008 INFO  - === testSetRequestURI101() ===
[2013-04-04 21:09:43,739] TestBase:351 DEBUG - === created message:MESSAGE sip:JSR289_TCK@localhost:5060 SIP/2.0
Call-ID: b86c0e60986fa84374ff9e7d9101b012@192.168.1.65
CSeq: 1 MESSAGE
From: "Alice" <sip:alice@192.168.1.65:5071>;tag=1505545836
To: "JSR289_TCK" <sip:JSR289_TCK@localhost:5060>
Via: SIP/2.0/UDP 192.168.1.65:5071;branch=somebranchvalue
Max-Forwards: 5
Content-Length: 0

 ===
[2013-04-04 21:09:43,743] TestBase:979 DEBUG - ---The Sip request is:MESSAGE sip:JSR289_TCK@localhost:5060 SIP/2.0
Call-ID: b86c0e60986fa84374ff9e7d9101b012@192.168.1.65
CSeq: 1 MESSAGE
From: "Alice" <sip:alice@192.168.1.65:5071>;tag=1505545836
To: "JSR289_TCK" <sip:JSR289_TCK@localhost:5060>
Via: SIP/2.0/UDP 192.168.1.65:5071;branch=z9hG4bKaf9091653e03d2b93f6a7df8890880b8
Max-Forwards: 5
Route: "JSR289_TCK" <sip:JSR289_TCK@localhost:5060;lr>,<sip:localhost:5060;transport=udp;lr>
Application-Name: com.bea.sipservlet.tck.apps.apitestapp
Servlet-Name: SipServletRequest
Method-Name: testSetRequestURI101
Content-Length: 0

 ---
[2013-04-04 21:09:46,758] SipServletRequestTest:1008 INFO  - === testGetProxy101() ===
[2013-04-04 21:09:46,759] TestBase:351 DEBUG - === created message:MESSAGE sip:JSR289_TCK@localhost:5060 SIP/2.0
Call-ID: bd779d58598305ba5864c32df9c203b9@192.168.1.65
CSeq: 1 MESSAGE
From: "Alice" <sip:alice@192.168.1.65:5071>;tag=265792918
To: "JSR289_TCK" <sip:JSR289_TCK@localhost:5060>
Via: SIP/2.0/UDP 192.168.1.65:5071;branch=somebranchvalue
Max-Forwards: 5
Content-Length: 0

 ===
[2013-04-04 21:09:49,777] SipServletRequestTest:1008 INFO  - === testGetProxy102() ===
[2013-04-04 21:09:49,778] TestBase:351 DEBUG - === created message:MESSAGE sip:JSR289_TCK@localhost:5060 SIP/2.0
Call-ID: cc44e2defbfbb25e4d460accd83ed8d7@192.168.1.65
CSeq: 1 MESSAGE
From: "Alice" <sip:alice@192.168.1.65:5071>;tag=291465989
To: "JSR289_TCK" <sip:JSR289_TCK@localhost:5060>
Via: SIP/2.0/UDP 192.168.1.65:5071;branch=somebranchvalue
Max-Forwards: 5
Content-Length: 0

 ===
[2013-04-04 21:09:49,782] TestBase:979 DEBUG - ---The Sip request is:MESSAGE sip:JSR289_TCK@localhost:5060 SIP/2.0
Call-ID: cc44e2defbfbb25e4d460accd83ed8d7@192.168.1.65
CSeq: 1 MESSAGE
From: "Alice" <sip:alice@192.168.1.65:5071>;tag=291465989
To: "JSR289_TCK" <sip:JSR289_TCK@localhost:5060>
Via: SIP/2.0/UDP 192.168.1.65:5071;branch=z9hG4bK8d061f9d2e962359a21a455c9eb8d388
Max-Forwards: 5
Route: "JSR289_TCK" <sip:JSR289_TCK@localhost:5060;lr>,<sip:localhost:5060;transport=udp;lr>
Application-Name: com.bea.sipservlet.tck.apps.apitestapp
Servlet-Name: SipServletRequest
Method-Name: testGetProxy102
Content-Length: 0

 ---
[2013-04-04 21:09:49,793] TestBase:595 DEBUG - the responseEvent=null?javax.sip.ResponseEvent[source=gov.nist.javax.sip.SipProviderImpl@5f6b70e1]
SIPUNIT TRACE:  1365106189793  SS.waitRequest() - about to block, waiting
SIPUNIT TRACE:  1365106189799  SipStack: request received !
SIPUNIT TRACE:  1365106189799  SipStack: calling listener
SIPUNIT TRACE:  1365106189799  SipSession: request received !
SIPUNIT TRACE:  1365106189799       me ('To' check) = sip:alice@192.168.1.65
SIPUNIT TRACE:  1365106189799       my local contact info ('Request URI' check) = sip:alice@192.168.1.65:5071;transport=udp;lr
SIPUNIT TRACE:  1365106189799       MESSAGE sip:alice@192.168.1.65:5071 SIP/2.0
To: <sip:alice@192.168.1.65:5071>
From: <sip:JSR289_TCK@localhost:5060>;tag=52558h4+.7
Via: SIP/2.0/UDP 192.168.1.65:5060;branch=z9hG4bKkdkkkka5-.g64z2+le_qe_thp!!0kt;maddr=192.168.1.65
Call-ID: +7_83r3ickw!eve+kptp
Max-Forwards: 70
CSeq: 26080 MESSAGE
Content-Length: 0


SIPUNIT TRACE:  1365106189799  SipSession: notifying block object
SIPUNIT TRACE:  1365106189799  SS.waitRequest() - we've come out of the block
SIPUNIT TRACE:  1365106189799  SS.waitRequest() - either we got the request, or timed out
[2013-04-04 21:09:52,809] SipServletRequestTest:1008 INFO  - === testGetProxy103() ===
[2013-04-04 21:09:52,810] TestBase:351 DEBUG - === created message:MESSAGE sip:JSR289_TCK@localhost:5060 SIP/2.0
Call-ID: 3f5592cad7643937fdc4310cfaa176f9@192.168.1.65
CSeq: 1 MESSAGE
From: "Alice" <sip:alice@192.168.1.65:5071>;tag=939641874
To: "JSR289_TCK" <sip:JSR289_TCK@localhost:5060>
Via: SIP/2.0/UDP 192.168.1.65:5071;branch=somebranchvalue
Max-Forwards: 5
Content-Length: 0

 ===
[2013-04-04 21:09:55,830] TestBase:351 DEBUG - === created message:MESSAGE sip:JSR289_TCK@localhost:5060 SIP/2.0
Call-ID: 03f0767f68001e6670f8c496a6d28230@192.168.1.65
CSeq: 1 MESSAGE
From: "Alice" <sip:alice@192.168.1.65:5071>;tag=1000934424
To: "JSR289_TCK" <sip:JSR289_TCK@localhost:5060>
Via: SIP/2.0/UDP 192.168.1.65:5071;branch=somebranchvalue
Max-Forwards: 5
Content-Length: 0

 ===
[2013-04-04 21:09:55,835] TestBase:979 DEBUG - ---The Sip request is:MESSAGE sip:JSR289_TCK@localhost:5060 SIP/2.0
Call-ID: 03f0767f68001e6670f8c496a6d28230@192.168.1.65
CSeq: 1 MESSAGE
From: "Alice" <sip:alice@192.168.1.65:5071>;tag=1000934424
To: "JSR289_TCK" <sip:JSR289_TCK@localhost:5060>
Via: SIP/2.0/UDP 192.168.1.65:5071;branch=z9hG4bK1872a19bb8626fcfba12caee8adf3d7e
Max-Forwards: 5
Route: "JSR289_TCK" <sip:JSR289_TCK@localhost:5060;lr>,<sip:localhost:5060;transport=udp;lr>
Application-Name: com.bea.sipservlet.tck.apps.apitestapp
Servlet-Name: SipServletRequest
Method-Name: testGetProxy104
Content-Length: 0

 ---
[2013-04-04 21:09:55,843] TestBase:595 DEBUG - the responseEvent=null?javax.sip.ResponseEvent[source=gov.nist.javax.sip.SipProviderImpl@4c80dc07]
SIPUNIT TRACE:  1365106195843  SS.waitRequest() - about to block, waiting
SIPUNIT TRACE:  1365106195848  SipStack: request received !
SIPUNIT TRACE:  1365106195848  SipStack: calling listener
SIPUNIT TRACE:  1365106195848  SipSession: request received !
SIPUNIT TRACE:  1365106195848       me ('To' check) = sip:alice@192.168.1.65
SIPUNIT TRACE:  1365106195848       my local contact info ('Request URI' check) = sip:alice@192.168.1.65:5071;transport=udp;lr
SIPUNIT TRACE:  1365106195848       MESSAGE sip:alice@192.168.1.65:5071 SIP/2.0
To: <sip:alice@192.168.1.65:5071>
From: <sip:JSR289_TCK@localhost:5060>;tag=kdz95n11i!
Via: SIP/2.0/UDP 192.168.1.65:5060;branch=z9hG4bKkqbm1dj89o0oe!yy16h-i3zj8r_pg7;maddr=192.168.1.65
Call-ID: 1xnj+7laoi_chdw-k9-v
Max-Forwards: 70
CSeq: 32130 MESSAGE
Content-Length: 0


SIPUNIT TRACE:  1365106195848  SipSession: notifying block object
SIPUNIT TRACE:  1365106195848  SS.waitRequest() - we've come out of the block
SIPUNIT TRACE:  1365106195848  SS.waitRequest() - either we got the request, or timed out
[2013-04-04 21:09:58,858] SipServletRequestTest:1008 INFO  - === testGetRoutingDirective101() ===
SIPUNIT TRACE:  1365106198864  INVITE after sending out through stack..........
SIPUNIT TRACE:  1365106198864  INVITE sip:JSR289_TCK@localhost:5060 SIP/2.0
Call-ID: 1f71f2df5b7946b13995c4019f36d9b2@192.168.1.65
CSeq: 1 INVITE
From: <sip:alice@192.168.1.65>;tag=1503053424
To: <sip:JSR289_TCK@localhost:5060>
Via: SIP/2.0/UDP 192.168.1.65:5071;branch=z9hG4bK5d28d36a88fa98b4a31eb57fa917b09e
Max-Forwards: 70
Contact: <sip:alice@192.168.1.65:5071;transport=udp;lr>
Route: <sip:localhost:5060;lr;transport=udp>
Servlet-Name: SipServletRequest
Method-Name: testGetRoutingDirective101
Application-Name: com.bea.sipservlet.tck.apps.apitestapp
Content-Length: 0


SIPUNIT TRACE:  1365106198864  RouteHeader address: <sip:localhost:5060;lr;transport=udp>
SIPUNIT TRACE:  1365106198872  Outgoing call response received: SIP/2.0 100 Trying
To: <sip:JSR289_TCK@localhost:5060>
From: <sip:alice@192.168.1.65>;tag=1503053424
Via: SIP/2.0/UDP 192.168.1.65:5071;branch=z9hG4bK5d28d36a88fa98b4a31eb57fa917b09e
Call-ID: 1f71f2df5b7946b13995c4019f36d9b2@192.168.1.65
Server: Elaina
CSeq: 1 INVITE
Content-Length: 0


SIPUNIT TRACE:  1365106198878  Outgoing call response received: SIP/2.0 200 OK
To: <sip:JSR289_TCK@localhost:5060>;tag=3g1_-bcl9l
From: <sip:alice@192.168.1.65>;tag=1503053424
Via: SIP/2.0/UDP 192.168.1.65:5071;branch=z9hG4bK5d28d36a88fa98b4a31eb57fa917b09e
Call-ID: 1f71f2df5b7946b13995c4019f36d9b2@192.168.1.65
Server: Elaina
CSeq: 1 INVITE
Content-Length: 0


SIPUNIT TRACE:  1365106199000  Asynchronous response received: SIP/2.0 200 OK
To: <sip:JSR289_TCK@localhost:5060>;tag=3g1_-bcl9l
From: <sip:alice@192.168.1.65>;tag=1503053424
Via: SIP/2.0/UDP 192.168.1.65:5071;branch=z9hG4bKcec5cd5d97ceed31c9a021e000bcdb57
Call-ID: 1f71f2df5b7946b13995c4019f36d9b2@192.168.1.65
Server: Elaina
CSeq: 2 BYE
Content-Length: 0


[2013-04-04 21:10:03,005] SipServletRequestTest:1008 INFO  - === testSetRoutingDirective101() ===
SIPUNIT TRACE:  1365106203010  INVITE after sending out through stack..........
SIPUNIT TRACE:  1365106203010  INVITE sip:JSR289_TCK@localhost:5060 SIP/2.0
Call-ID: 3b974fc3730f74a6b8274ddaa8cd48b5@192.168.1.65
CSeq: 1 INVITE
From: <sip:alice@192.168.1.65>;tag=1773461244
To: <sip:JSR289_TCK@localhost:5060>
Via: SIP/2.0/UDP 192.168.1.65:5071;branch=z9hG4bKddff2bb18d0cf1793ba739dd7b8484e3
Max-Forwards: 70
Contact: <sip:alice@192.168.1.65:5071;transport=udp;lr>
Route: <sip:localhost:5060;lr;transport=udp>
Servlet-Name: SipServletRequest
Method-Name: testSetRoutingDirective101
Application-Name: com.bea.sipservlet.tck.apps.apitestapp
Content-Length: 0


SIPUNIT TRACE:  1365106203010  RouteHeader address: <sip:localhost:5060;lr;transport=udp>
SIPUNIT TRACE:  1365106203016  Outgoing call response received: SIP/2.0 100 Trying
To: <sip:JSR289_TCK@localhost:5060>
From: <sip:alice@192.168.1.65>;tag=1773461244
Via: SIP/2.0/UDP 192.168.1.65:5071;branch=z9hG4bKddff2bb18d0cf1793ba739dd7b8484e3
Call-ID: 3b974fc3730f74a6b8274ddaa8cd48b5@192.168.1.65
Server: Elaina
CSeq: 1 INVITE
Content-Length: 0


SIPUNIT TRACE:  1365106203023  Outgoing call response received: SIP/2.0 200 OK
To: <sip:JSR289_TCK@localhost:5060>;tag=eu9_mxv847
From: <sip:alice@192.168.1.65>;tag=1773461244
Via: SIP/2.0/UDP 192.168.1.65:5071;branch=z9hG4bKddff2bb18d0cf1793ba739dd7b8484e3
Call-ID: 3b974fc3730f74a6b8274ddaa8cd48b5@192.168.1.65
Server: Elaina
CSeq: 1 INVITE
Content-Length: 0


SIPUNIT TRACE:  1365106203146  Asynchronous response received: SIP/2.0 500 Server Internal Error
To: <sip:JSR289_TCK@localhost:5060>;tag=eu9_mxv847
From: <sip:alice@192.168.1.65>;tag=1773461244
Via: SIP/2.0/UDP 192.168.1.65:5071;branch=z9hG4bK7022634f4ce18c1796bbdfb070676257
Call-ID: 3b974fc3730f74a6b8274ddaa8cd48b5@192.168.1.65
Server: Elaina
CSeq: 2 BYE
Content-Length: 0


SIPUNIT TRACE:  1365106203146  SipCall.processNonInviteResponse() - received response: SIP/2.0 500 Server Internal Error
To: <sip:JSR289_TCK@localhost:5060>;tag=eu9_mxv847
From: <sip:alice@192.168.1.65>;tag=1773461244
Via: SIP/2.0/UDP 192.168.1.65:5071;branch=z9hG4bK7022634f4ce18c1796bbdfb070676257
Call-ID: 3b974fc3730f74a6b8274ddaa8cd48b5@192.168.1.65
Server: Elaina
CSeq: 2 BYE
Content-Length: 0


 for sent request: BYE sip:JSR289_TCK@localhost:5060 SIP/2.0
Via: SIP/2.0/UDP 192.168.1.65:5071;branch=z9hG4bK7022634f4ce18c1796bbdfb070676257
CSeq: 2 BYE
To: <sip:JSR289_TCK@localhost:5060>;tag=eu9_mxv847
From: <sip:alice@192.168.1.65>;tag=1773461244
Call-ID: 3b974fc3730f74a6b8274ddaa8cd48b5@192.168.1.65
Max-Forwards: 70
Content-Length: 0


]]></system-out>
  <system-err><![CDATA[]]></system-err>
</testsuite>
