<?xml version="1.0" encoding="UTF-8" ?>
<testsuite errors="2" failures="4" name="com.bea.sipservlet.tck.agents.api.javax_servlet_sip.SipServletRequestTest" tests="33" time="142.729">
  <properties>
    <property name="java.vendor" value="Oracle Corporation" />
    <property name="env.SIPUNIT_LIB" value="/Users/andrew/Documents/reference/sip/sipservlet-1_1-tck/tck/../sipunit/lib" />
    <property name="env.SIGNATURE_FILE_NAME" value="/Users/andrew/Documents/reference/sip/sipservlet-1_1-tck/tck/bin/jsr289_api.sig" />
    <property name="sun.java.launcher" value="SUN_STANDARD" />
    <property name="env.TCK_LIB" value="/Users/andrew/Documents/reference/sip/sipservlet-1_1-tck/tck/../tck/lib" />
    <property name="sun.management.compiler" value="HotSpot 64-Bit Tiered Compilers" />
    <property name="spec.report" value="/Users/andrew/Documents/reference/sip/sipservlet-1_1-tck/tck/report/spec_report" />
    <property name="lib" value="/Users/andrew/Documents/reference/sip/sipservlet-1_1-tck/tck/lib" />
    <property name="env.TCK_DIRECTORY" value="/Users/andrew/Documents/reference/sip/sipservlet-1_1-tck/tck" />
    <property name="os.name" value="Mac OS X" />
    <property name="sun.boot.class.path" value="/Library/Java/JavaVirtualMachines/jdk1.7.0_10.jdk/Contents/Home/jre/lib/resources.jar:/Library/Java/JavaVirtualMachines/jdk1.7.0_10.jdk/Contents/Home/jre/lib/rt.jar:/Library/Java/JavaVirtualMachines/jdk1.7.0_10.jdk/Contents/Home/jre/lib/sunrsasign.jar:/Library/Java/JavaVirtualMachines/jdk1.7.0_10.jdk/Contents/Home/jre/lib/jsse.jar:/Library/Java/JavaVirtualMachines/jdk1.7.0_10.jdk/Contents/Home/jre/lib/jce.jar:/Library/Java/JavaVirtualMachines/jdk1.7.0_10.jdk/Contents/Home/jre/lib/charsets.jar:/Library/Java/JavaVirtualMachines/jdk1.7.0_10.jdk/Contents/Home/jre/lib/jfr.jar:/Library/Java/JavaVirtualMachines/jdk1.7.0_10.jdk/Contents/Home/jre/lib/JObjC.jar:/Library/Java/JavaVirtualMachines/jdk1.7.0_10.jdk/Contents/Home/jre/classes" />
    <property name="env.TMPDIR" value="/var/folders/qt/j9kz_nw12bqfytwz9kfyjvq00000gn/T/" />
    <property name="env.Apple_Ubiquity_Message" value="/tmp/launch-s2GBEw/Apple_Ubiquity_Message" />
    <property name="env.SIPUNIT_DIRECTORY" value="/Users/andrew/Documents/reference/sip/sipservlet-1_1-tck/sipunit" />
    <property name="env.PWD" value="/Users/andrew/Documents/reference/sip/sipservlet-1_1-tck/tck" />
    <property name="user.country.format" value="GB" />
    <property name="report" value="/Users/andrew/Documents/reference/sip/sipservlet-1_1-tck/tck/report" />
    <property name="env.LANG" value="en_GB.UTF-8" />
    <property name="signature.report" value="/Users/andrew/Documents/reference/sip/sipservlet-1_1-tck/tck/report/sig_report" />
    <property name="java.vm.specification.vendor" value="Oracle Corporation" />
    <property name="ant.home" value="/usr/share/ant" />
    <property name="java.runtime.version" value="1.7.0_10-ea-b09" />
    <property name="env.TCK_HOME" value="/Users/andrew/Documents/reference/sip/sipservlet-1_1-tck/tck/../tck" />
    <property name="env.Apple_PubSub_Socket_Render" value="/tmp/launch-w5MTVj/Render" />
    <property name="approuter.src" value="com/bea/sipservlet/tck/ar" />
    <property name="user.name" value="andrew" />
    <property name="env.USER" value="andrew" />
    <property name="env.SHELL" value="/bin/bash" />
    <property name="env.__CF_USER_TEXT_ENCODING" value="0x1F5:0:0" />
    <property name="env.XMLLINT_INDENT" value="    " />
    <property name="env.PATH" value="/Library/Java/JavaVirtualMachines/jdk1.7.0_10.jdk/Contents/Home/jre/bin:/usr/share/ant/bin:/usr/bin:/bin:/usr/sbin:/sbin:/usr/local/bin" />
    <property name="user.language" value="en" />
    <property name="build" value="/Users/andrew/Documents/reference/sip/sipservlet-1_1-tck/tck/build" />
    <property name="sun.boot.library.path" value="/Library/Java/JavaVirtualMachines/jdk1.7.0_10.jdk/Contents/Home/jre/lib" />
    <property name="ant.project.default-target" value="usage" />
    <property name="ant.project.name" value="SIP Servlet 1.1 API Technology Compatibility Kit (TCK)" />
    <property name="env.REPORT_HOME" value="/Users/andrew/Documents/reference/sip/sipservlet-1_1-tck/tck/../tck/report" />
    <property name="java.version" value="1.7.0_10-ea" />
    <property name="classes" value="/Users/andrew/Documents/reference/sip/sipservlet-1_1-tck/tck/build/classes" />
    <property name="user.timezone" value="" />
    <property name="apiapp.dir" value="/Users/andrew/Documents/reference/sip/sipservlet-1_1-tck/tck/applications/apitestapp" />
    <property name="tck.zip" value="../sipservlet-1_1-tck.zip" />
    <property name="sun.arch.data.model" value="64" />
    <property name="log4j" value="/Users/andrew/Documents/reference/sip/sipservlet-1_1-tck/tck/conf/log4j.properties" />
    <property name="http.nonProxyHosts" value="local|*.local|169.254/16|*.169.254/16" />
    <property name="java.endorsed.dirs" value="/Library/Java/JavaVirtualMachines/jdk1.7.0_10.jdk/Contents/Home/jre/lib/endorsed" />
    <property name="signaturefile" value="jsr289_api.sig" />
    <property name="sun.cpu.isalist" value="" />
    <property name="sun.jnu.encoding" value="UTF-8" />
    <property name="file.encoding.pkg" value="sun.io" />
    <property name="env.SHLVL" value="2" />
    <property name="file.separator" value="/" />
    <property name="java.specification.name" value="Java Platform API Specification" />
    <property name="java.class.version" value="51.0" />
    <property name="src" value="/Users/andrew/Documents/reference/sip/sipservlet-1_1-tck/tck/src" />
    <property name="sipunit.dir" value="../sipunit" />
    <property name="ar.build" value="/Users/andrew/Documents/reference/sip/sipservlet-1_1-tck/tck/build/ar-build" />
    <property name="user.country" value="US" />
    <property name="java.home" value="/Library/Java/JavaVirtualMachines/jdk1.7.0_10.jdk/Contents/Home/jre" />
    <property name="dist.dir" value="/Users/andrew/Documents/reference/sip/sipservlet-1_1-tck/tck/dist" />
    <property name="java.vm.info" value="mixed mode" />
    <property name="env.LOGNAME" value="andrew" />
    <property name="ant.file" value="/Users/andrew/Documents/reference/sip/sipservlet-1_1-tck/tck/build.xml" />
    <property name="os.version" value="10.8.3" />
    <property name="env.TERM_PROGRAM_VERSION" value="309" />
    <property name="path.separator" value=":" />
    <property name="java.vm.version" value="23.6-b03" />
    <property name="ant.library.dir" value="/usr/share/ant/lib" />
    <property name="env.SIPUNIT_HOME" value="/Users/andrew/Documents/reference/sip/sipservlet-1_1-tck/tck/../sipunit" />
    <property name="env.JAVA_HOME" value="/Library/Java/JavaVirtualMachines/jdk1.7.0_10.jdk/Contents/Home" />
    <property name="env.SIGCONFIG" value="/Users/andrew/Documents/reference/sip/sipservlet-1_1-tck/tck/conf/signature.properties" />
    <property name="env.TERM" value="xterm-256color" />
    <property name="java.awt.printerjob" value="sun.lwawt.macosx.CPrinterJob" />
    <property name="env.SIGTEST_LIB" value="/Users/andrew/Documents/reference/sip/sipservlet-1_1-tck/tck/../tck/lib/sigtest.jar" />
    <property name="sun.io.unicode.encoding" value="UnicodeBig" />
    <property name="ant.file.SIP Servlet 1.1 API Technology Compatibility Kit (TCK)" value="/Users/andrew/Documents/reference/sip/sipservlet-1_1-tck/tck/build.xml" />
    <property name="awt.toolkit" value="sun.lwawt.macosx.LWCToolkit" />
    <property name="socksNonProxyHosts" value="local|*.local|169.254/16|*.169.254/16" />
    <property name="ftp.nonProxyHosts" value="local|*.local|169.254/16|*.169.254/16" />
    <property name="env.APIJAR" value="/Users/andrew/Documents/reference/sip/sipservlet-1_1-tck/tck/../tck/lib/servlet-2_5-api.jar:/Users/andrew/Documents/reference/sip/sipservlet-1_1-tck/tck/../tck/lib/sipservlet-1_1-api.jar" />
    <property name="user.home" value="/Users/andrew" />
    <property name="env.CLASSPATH" value="/Library/Java/JavaVirtualMachines/jdk1.7.0_10.jdk/Contents/Home/lib/tools.jar:/Users/andrew/Documents/reference/sip/sipservlet-1_1-tck/tck/../tck/lib/tck-junit.jar:/Users/andrew/Documents/reference/sip/sipservlet-1_1-tck/tck/../sipunit/lib/junit.jar:/Users/andrew/Documents/reference/sip/sipservlet-1_1-tck/tck/../tck/lib/sigtest.jar:/Users/andrew/Documents/reference/sip/sipservlet-1_1-tck/tck/../tck/conf" />
    <property name="java.specification.vendor" value="Oracle Corporation" />
    <property name="env.TERM_PROGRAM" value="Apple_Terminal" />
    <property name="env.TCKJUNIT_LIB" value="/Users/andrew/Documents/reference/sip/sipservlet-1_1-tck/tck/../tck/lib/tck-junit.jar" />
    <property name="java.library.path" value="/Users/andrew/Library/Java/Extensions:/Library/Java/Extensions:/Network/Library/Java/Extensions:/System/Library/Java/Extensions:/usr/lib/java:." />
    <property name="java.vendor.url" value="http://java.oracle.com/" />
    <property name="gopherProxySet" value="false" />
    <property name="java.vm.vendor" value="Oracle Corporation" />
    <property name="java.runtime.name" value="Java(TM) SE Runtime Environment" />
    <property name="java.class.path" value="/Users/andrew/Documents/reference/sip/sipservlet-1_1-tck/tck/lib/ant-contrib-1.0b3.jar:/Users/andrew/Documents/reference/sip/sipservlet-1_1-tck/tck/lib/javax.annotation_1.0.jar:/Users/andrew/Documents/reference/sip/sipservlet-1_1-tck/tck/lib/servlet-2_5-api.jar:/Users/andrew/Documents/reference/sip/sipservlet-1_1-tck/tck/lib/sigtest.jar:/Users/andrew/Documents/reference/sip/sipservlet-1_1-tck/tck/lib/sipservlet-1_1-api.jar:/Users/andrew/Documents/reference/sip/sipservlet-1_1-tck/tck/lib/sipunit.jar:/Users/andrew/Documents/reference/sip/sipservlet-1_1-tck/tck/lib/tck-junit.jar:/Users/andrew/Documents/reference/sip/sipservlet-1_1-tck/sipunit/lib/JainSipApi1.2.jar:/Users/andrew/Documents/reference/sip/sipservlet-1_1-tck/sipunit/lib/JainSipRi1.2.jar:/Users/andrew/Documents/reference/sip/sipservlet-1_1-tck/sipunit/lib/concurrent.jar:/Users/andrew/Documents/reference/sip/sipservlet-1_1-tck/sipunit/lib/dom.jar:/Users/andrew/Documents/reference/sip/sipservlet-1_1-tck/sipunit/lib/jax-qname.jar:/Users/andrew/Documents/reference/sip/sipservlet-1_1-tck/sipunit/lib/jaxb-api.jar:/Users/andrew/Documents/reference/sip/sipservlet-1_1-tck/sipunit/lib/jaxb-impl.jar:/Users/andrew/Documents/reference/sip/sipservlet-1_1-tck/sipunit/lib/jaxb-libs.jar:/Users/andrew/Documents/reference/sip/sipservlet-1_1-tck/sipunit/lib/junit.jar:/Users/andrew/Documents/reference/sip/sipservlet-1_1-tck/sipunit/lib/log4j-1.2.8.jar:/Users/andrew/Documents/reference/sip/sipservlet-1_1-tck/sipunit/lib/namespace.jar:/Users/andrew/Documents/reference/sip/sipservlet-1_1-tck/sipunit/lib/nist-sdp-1.0.jar:/Users/andrew/Documents/reference/sip/sipservlet-1_1-tck/sipunit/lib/relaxngDatatype.jar:/Users/andrew/Documents/reference/sip/sipservlet-1_1-tck/sipunit/lib/tracesviewer.jar:/Users/andrew/Documents/reference/sip/sipservlet-1_1-tck/sipunit/lib/xalan.jar:/Users/andrew/Documents/reference/sip/sipservlet-1_1-tck/sipunit/lib/xercesImpl.jar:/Users/andrew/Documents/reference/sip/sipservlet-1_1-tck/sipunit/lib/xsdlib.jar:/Users/andrew/Documents/reference/sip/sipservlet-1_1-tck/tck/build/classes:/Library/Java/JavaVirtualMachines/jdk1.7.0_10.jdk/Contents/Home/lib/tools.jar:/Users/andrew/Documents/reference/sip/sipservlet-1_1-tck/tck/conf:/usr/share/java/ant-1.8.2/lib/ant-launcher.jar:/usr/share/ant/lib/ant.jar:/usr/share/ant/lib/ant-junit.jar" />
    <property name="sun.java.command" value="com.bea.wcp.ant.ext.junit.TckJUnitTestRunner com.bea.sipservlet.tck.agents.api.javax_servlet_sip.SipServletRequestTest filtertrace=true haltOnError=false haltOnFailure=false formatter=org.apache.tools.ant.taskdefs.optional.junit.SummaryJUnitResultFormatter showoutput=false formatter=com.bea.wcp.ant.ext.junit.TckXMLFormatter,/Users/andrew/Documents/reference/sip/sipservlet-1_1-tck/tck/report/api_report/TEST-com.bea.sipservlet.tck.agents.api.javax_servlet_sip.SipServletRequestTest.xml propsfile=/Users/andrew/Documents/reference/sip/sipservlet-1_1-tck/tck/junit834046678.properties" />
    <property name="ant.version" value="Apache Ant(TM) version 1.8.2 compiled on June 20 2012" />
    <property name="env.TERM_SESSION_ID" value="992028FA-2937-460F-90A8-E989AB5B64C8" />
    <property name="env.JSR289TCK_HOME" value="/Users/andrew/Documents/reference/sip/sipservlet-1_1-tck/tck/.." />
    <property name="env.JBOSS_HOME" value="/opt/jboss-eap-6.1" />
    <property name="signature.property" value="/Users/andrew/Documents/reference/sip/sipservlet-1_1-tck/tck/conf/signature.properties" />
    <property name="jsr289.dir" value=".." />
    <property name="api.report" value="/Users/andrew/Documents/reference/sip/sipservlet-1_1-tck/tck/report/api_report" />
    <property name="java.vm.specification.name" value="Java Virtual Machine Specification" />
    <property name="env.JAVA_MAIN_CLASS_54325" value="org.apache.tools.ant.launch.Launcher" />
    <property name="ant.file.type" value="file" />
    <property name="java.vm.specification.version" value="1.7" />
    <property name="conf" value="/Users/andrew/Documents/reference/sip/sipservlet-1_1-tck/tck/conf" />
    <property name="sun.cpu.endian" value="little" />
    <property name="sun.os.patch.level" value="unknown" />
    <property name="env.HOME" value="/Users/andrew" />
    <property name="env.ANT_HOME" value="/usr/share/ant" />
    <property name="java.io.tmpdir" value="/var/folders/qt/j9kz_nw12bqfytwz9kfyjvq00000gn/T/" />
    <property name="java.vendor.url.bug" value="http://bugreport.sun.com/bugreport/" />
    <property name="env.SSH_AUTH_SOCK" value="/tmp/launch-JxY2DM/Listeners" />
    <property name="env.MAVEN_OPTS" value="-Xmx512M -XX:MaxPermSize=512M" />
    <property name="signature.report.filename" value="jsr289SignatureReport.txt" />
    <property name="env.COMMAND_MODE" value="unix2003" />
    <property name="applications.src.dir" value="/Users/andrew/Documents/reference/sip/sipservlet-1_1-tck/tck/applications/spectestapps/ar-continue,/Users/andrew/Documents/reference/sip/sipservlet-1_1-tck/tck/applications/spectestapps/ar-internalroutemodifier,/Users/andrew/Documents/reference/sip/sipservlet-1_1-tck/tck/applications/spectestapps/ar-reverse,/Users/andrew/Documents/reference/sip/sipservlet-1_1-tck/tck/applications/spectestapps/ar-suburiregion,/Users/andrew/Documents/reference/sip/sipservlet-1_1-tck/tck/applications/spectestapps/ar-success,/Users/andrew/Documents/reference/sip/sipservlet-1_1-tck/tck/applications/spectestapps/uas,/Users/andrew/Documents/reference/sip/sipservlet-1_1-tck/tck/applications/spectestapps/uac,/Users/andrew/Documents/reference/sip/sipservlet-1_1-tck/tck/applications/spectestapps/b2bua,/Users/andrew/Documents/reference/sip/sipservlet-1_1-tck/tck/applications/spectestapps/proxy" />
    <property name="os.arch" value="x86_64" />
    <property name="java.awt.graphicsenv" value="sun.awt.CGraphicsEnvironment" />
    <property name="java.ext.dirs" value="/Users/andrew/Library/Java/Extensions:/Library/Java/JavaVirtualMachines/jdk1.7.0_10.jdk/Contents/Home/jre/lib/ext:/Library/Java/Extensions:/Network/Library/Java/Extensions:/System/Library/Java/Extensions:/usr/lib/java" />
    <property name="ar.appname" value="/Users/andrew/Documents/reference/sip/sipservlet-1_1-tck/tck/dist/tck-approuter.jar" />
    <property name="user.dir" value="/Users/andrew/Documents/reference/sip/sipservlet-1_1-tck/tck" />
    <property name="applications.dir" value="/Users/andrew/Documents/reference/sip/sipservlet-1_1-tck/tck/applications" />
    <property name="line.separator" value="&#xa;" />
    <property name="java.vm.name" value="Java HotSpot(TM) 64-Bit Server VM" />
    <property name="ant.file.type.SIP Servlet 1.1 API Technology Compatibility Kit (TCK)" value="file" />
    <property name="env.RJAR_HOME" value="/Users/andrew/Dev/rjar/" />
    <property name="basedir" value="/Users/andrew/Documents/reference/sip/sipservlet-1_1-tck/tck" />
    <property name="ant.java.version" value="1.7" />
    <property name="ant.core.lib" value="/usr/share/ant/lib/ant.jar" />
    <property name="env.SIGNATURE_REPORT_NAME" value="jsr289SignatureReport.txt" />
    <property name="file.encoding" value="UTF-8" />
    <property name="env.SIGREPORT_HOME" value="/Users/andrew/Documents/reference/sip/sipservlet-1_1-tck/tck/../tck/report/sig_report" />
    <property name="env.JUNIT_LIB" value="/Users/andrew/Documents/reference/sip/sipservlet-1_1-tck/tck/../sipunit/lib/junit.jar" />
    <property name="java.specification.version" value="1.7" />
    <property name="env.REFERENCE_JAR" value="/Users/andrew/Documents/reference/sip/sipservlet-1_1-tck/tck/lib/sigtest.jar" />
    <property name="ant.project.invoked-targets" value="run-api-tests" />
    <property name="tck.earname" value="/Users/andrew/Documents/reference/sip/sipservlet-1_1-tck/tck/dist/tck-apps.ear" />
  </properties>
  <testcase assertions="[SipServlet:JAVADOC:SipServletRequest10]" classname="com.bea.sipservlet.tck.agents.api.javax_servlet_sip.SipServletRequestTest" name="testGetPoppedRoute001" time="3.438">
    <failure message="the reason gotten from Server:Server Internal Error.  expected:&lt;200&gt; but was:&lt;500&gt;" type="junit.framework.AssertionFailedError">junit.framework.AssertionFailedError: the reason gotten from Server:Server Internal Error.  expected:&lt;200&gt; but was:&lt;500&gt;
	at com.bea.sipservlet.tck.agents.TestBase.assertSipMessage(TestBase.java:675)
	at com.bea.sipservlet.tck.agents.TestBase.assertSipMessage(TestBase.java:627)
	at com.bea.sipservlet.tck.agents.api.javax_servlet_sip.SipServletRequestTest.testGetPoppedRoute001(SipServletRequestTest.java:139)
	at com.bea.wcp.ant.ext.junit.TestHandler.runTest(TestHandler.java:73)
	at com.bea.wcp.ant.ext.junit.TestHandler.run(TestHandler.java:58)
	at com.bea.wcp.ant.ext.junit.TestHandler.invoke(TestHandler.java:34)
	at $Proxy0.run(Unknown Source)
	at com.bea.wcp.ant.ext.junit.TestProxy.run(TestProxy.java:24)
	at com.bea.wcp.ant.ext.junit.TckJUnitTestRunner.run(TckJUnitTestRunner.java:272)
	at com.bea.wcp.ant.ext.junit.TckJUnitTestRunner.launch(TckJUnitTestRunner.java:647)
	at com.bea.wcp.ant.ext.junit.TckJUnitTestRunner.main(TckJUnitTestRunner.java:542)
</failure>
  </testcase>
  <testcase assertions="[SipServlet:JAVADOC:SipServletRequest12]" classname="com.bea.sipservlet.tck.agents.api.javax_servlet_sip.SipServletRequestTest" name="testGetProxy002" time="13.018">
    <failure message="Wait MESSAGE failed - Timeout Occurred: The maximum amount of time to wait for a request message has elapsed." type="junit.framework.AssertionFailedError">junit.framework.AssertionFailedError: Wait MESSAGE failed - Timeout Occurred: The maximum amount of time to wait for a request message has elapsed.
	at org.cafesip.sipunit.SipTestCase.assertLastOperationSuccess(SipTestCase.java:241)
	at com.bea.sipservlet.tck.agents.api.javax_servlet_sip.SipServletRequestTest.sendMessageProxyByUa1(SipServletRequestTest.java:532)
	at com.bea.sipservlet.tck.agents.api.javax_servlet_sip.SipServletRequestTest.testGetProxy002(SipServletRequestTest.java:151)
	at com.bea.wcp.ant.ext.junit.TestHandler.runTest(TestHandler.java:73)
	at com.bea.wcp.ant.ext.junit.TestHandler.run(TestHandler.java:58)
	at com.bea.wcp.ant.ext.junit.TestHandler.invoke(TestHandler.java:34)
	at $Proxy0.run(Unknown Source)
	at com.bea.wcp.ant.ext.junit.TestProxy.run(TestProxy.java:24)
	at com.bea.wcp.ant.ext.junit.TckJUnitTestRunner.run(TckJUnitTestRunner.java:272)
	at com.bea.wcp.ant.ext.junit.TckJUnitTestRunner.launch(TckJUnitTestRunner.java:647)
	at com.bea.wcp.ant.ext.junit.TckJUnitTestRunner.main(TckJUnitTestRunner.java:542)
</failure>
  </testcase>
  <testcase assertions="[SipServlet:JAVADOC:SipServletRequest13]" classname="com.bea.sipservlet.tck.agents.api.javax_servlet_sip.SipServletRequestTest" name="testGetReader001" time="3.025" />
  <testcase assertions="[SipServlet:JAVADOC:SipServletRequest15][SipServlet:JAVADOC:SipServletRequest23] - test getRoutingDirective and setRoutingDirective" classname="com.bea.sipservlet.tck.agents.api.javax_servlet_sip.SipServletRequestTest" name="testGetSetRoutingDirective001" time="3.033" />
  <testcase assertions="[SipServlet:JAVADOC:SipServletRequest16]" classname="com.bea.sipservlet.tck.agents.api.javax_servlet_sip.SipServletRequestTest" name="testIsInitial001" time="3.024" />
  <testcase assertions="[SipServlet:JAVADOC:SipServletRequest18]" classname="com.bea.sipservlet.tck.agents.api.javax_servlet_sip.SipServletRequestTest" name="testPushRoute001" time="3.039" />
  <testcase assertions="[SipServlet:JAVADOC:SipServletRequest19]" classname="com.bea.sipservlet.tck.agents.api.javax_servlet_sip.SipServletRequestTest" name="testPushRoute002" time="3.035" />
  <testcase assertions="[SipServlet:JAVADOC:SipServletRequest20]" classname="com.bea.sipservlet.tck.agents.api.javax_servlet_sip.SipServletRequestTest" name="testSend001" time="3.028" />
  <testcase assertions="[SipServlet:JAVADOC:SipServletRequest9][SipServlet:JAVADOC:SipServletRequest21] - test getMaxForwards and setMaxForwards" classname="com.bea.sipservlet.tck.agents.api.javax_servlet_sip.SipServletRequestTest" name="testGetSetMaxForwards001" time="3.027" />
  <testcase assertions="[SipServlet:JAVADOC:SipServletRequest14][SipServlet:JAVADOC:SipServletRequest22] - test getRequestURI and setRequestURI" classname="com.bea.sipservlet.tck.agents.api.javax_servlet_sip.SipServletRequestTest" name="testGetSetRequestURI001" time="3.03" />
  <testcase assertions="[SipServlet:JAVADOC:SipServletRequest3]" classname="com.bea.sipservlet.tck.agents.api.javax_servlet_sip.SipServletRequestTest" name="testCreateCancel001" time="3.067" />
  <testcase assertions="[SipServlet:JAVADOC:SipServletRequest4]" classname="com.bea.sipservlet.tck.agents.api.javax_servlet_sip.SipServletRequestTest" name="testCreateResponse001" time="3.023" />
  <testcase assertions="[SipServlet:JAVADOC:SipServletRequest5]" classname="com.bea.sipservlet.tck.agents.api.javax_servlet_sip.SipServletRequestTest" name="testCreateResponse002" time="3.023" />
  <testcase assertions="[SipServlet:JAVADOC:SipServletRequest6]" classname="com.bea.sipservlet.tck.agents.api.javax_servlet_sip.SipServletRequestTest" name="testGetB2buaHelper001" time="3.022" />
  <testcase assertions="[SipServlet:JAVADOC:SipServletRequest7]" classname="com.bea.sipservlet.tck.agents.api.javax_servlet_sip.SipServletRequestTest" name="testGetInitialPoppedRoute001" time="3.03">
    <failure message="the reason gotten from Server:Server Internal Error.  expected:&lt;200&gt; but was:&lt;500&gt;" type="junit.framework.AssertionFailedError">junit.framework.AssertionFailedError: the reason gotten from Server:Server Internal Error.  expected:&lt;200&gt; but was:&lt;500&gt;
	at com.bea.sipservlet.tck.agents.TestBase.assertSipMessage(TestBase.java:675)
	at com.bea.sipservlet.tck.agents.TestBase.assertSipMessage(TestBase.java:627)
	at com.bea.sipservlet.tck.agents.api.javax_servlet_sip.SipServletRequestTest.testGetInitialPoppedRoute001(SipServletRequestTest.java:127)
	at com.bea.wcp.ant.ext.junit.TestHandler.runTest(TestHandler.java:73)
	at com.bea.wcp.ant.ext.junit.TestHandler.run(TestHandler.java:58)
	at com.bea.wcp.ant.ext.junit.TestHandler.invoke(TestHandler.java:34)
	at $Proxy0.run(Unknown Source)
	at com.bea.wcp.ant.ext.junit.TestProxy.run(TestProxy.java:24)
	at com.bea.wcp.ant.ext.junit.TckJUnitTestRunner.run(TckJUnitTestRunner.java:272)
	at com.bea.wcp.ant.ext.junit.TckJUnitTestRunner.launch(TckJUnitTestRunner.java:647)
	at com.bea.wcp.ant.ext.junit.TckJUnitTestRunner.main(TckJUnitTestRunner.java:542)
</failure>
  </testcase>
  <testcase assertions="[SipServlet:JAVADOC:SipServletRequest8]" classname="com.bea.sipservlet.tck.agents.api.javax_servlet_sip.SipServletRequestTest" name="testGetInputStream001" time="3.021" />
  <testcase assertions="[SipServlet:JAVADOC:SipServletRequest11]" classname="com.bea.sipservlet.tck.agents.api.javax_servlet_sip.SipServletRequestTest" name="testGetProxy001" time="3.03" />
  <testcase assertions="[SipServlet:JAVADOC:SipServletRequest1]" classname="com.bea.sipservlet.tck.agents.api.javax_servlet_sip.SipServletRequestTest" name="testAddAuthHeader001" time="13.035">
    <error type="java.lang.NullPointerException">java.lang.NullPointerException
	at com.bea.sipservlet.tck.agents.api.javax_servlet_sip.SipServletRequestTest.send401ByUa1(SipServletRequestTest.java:605)
	at com.bea.sipservlet.tck.agents.api.javax_servlet_sip.SipServletRequestTest.testAddAuthHeader001(SipServletRequestTest.java:76)
	at com.bea.wcp.ant.ext.junit.TestHandler.runTest(TestHandler.java:73)
	at com.bea.wcp.ant.ext.junit.TestHandler.run(TestHandler.java:58)
	at com.bea.wcp.ant.ext.junit.TestHandler.invoke(TestHandler.java:34)
	at $Proxy0.run(Unknown Source)
	at com.bea.wcp.ant.ext.junit.TestProxy.run(TestProxy.java:24)
	at com.bea.wcp.ant.ext.junit.TckJUnitTestRunner.run(TckJUnitTestRunner.java:272)
	at com.bea.wcp.ant.ext.junit.TckJUnitTestRunner.launch(TckJUnitTestRunner.java:647)
	at com.bea.wcp.ant.ext.junit.TckJUnitTestRunner.main(TckJUnitTestRunner.java:542)
</error>
  </testcase>
  <testcase assertions="[SipServlet:JAVADOC:SipServletRequest2]" classname="com.bea.sipservlet.tck.agents.api.javax_servlet_sip.SipServletRequestTest" name="testAddAuthHeader002" time="13.035">
    <error type="java.lang.NullPointerException">java.lang.NullPointerException
	at com.bea.sipservlet.tck.agents.api.javax_servlet_sip.SipServletRequestTest.send401ByUa1(SipServletRequestTest.java:605)
	at com.bea.sipservlet.tck.agents.api.javax_servlet_sip.SipServletRequestTest.testAddAuthHeader002(SipServletRequestTest.java:85)
	at com.bea.wcp.ant.ext.junit.TestHandler.runTest(TestHandler.java:73)
	at com.bea.wcp.ant.ext.junit.TestHandler.run(TestHandler.java:58)
	at com.bea.wcp.ant.ext.junit.TestHandler.invoke(TestHandler.java:34)
	at $Proxy0.run(Unknown Source)
	at com.bea.wcp.ant.ext.junit.TestProxy.run(TestProxy.java:24)
	at com.bea.wcp.ant.ext.junit.TckJUnitTestRunner.run(TckJUnitTestRunner.java:272)
	at com.bea.wcp.ant.ext.junit.TckJUnitTestRunner.launch(TckJUnitTestRunner.java:647)
	at com.bea.wcp.ant.ext.junit.TckJUnitTestRunner.main(TckJUnitTestRunner.java:542)
</error>
  </testcase>
  <testcase assertions="[SipServlet:JAVADOC:SipServletRequest3] - IllegalStateException should be thrown if the transaction state is such that it doesn&apos;t allow a CANCEL request to be sent" classname="com.bea.sipservlet.tck.agents.api.javax_servlet_sip.SipServletRequestTest" name="testCreateCancel101" time="13.048">
    <failure message="a wait BYE - Timeout Occurred: The maximum amount of time to wait for a request message has elapsed." type="junit.framework.AssertionFailedError">junit.framework.AssertionFailedError: a wait BYE - Timeout Occurred: The maximum amount of time to wait for a request message has elapsed.
	at org.cafesip.sipunit.SipTestCase.assertLastOperationSuccess(SipTestCase.java:241)
	at com.bea.sipservlet.tck.agents.api.javax_servlet_sip.SipServletRequestTest.assertReqInvite(SipServletRequestTest.java:1029)
	at com.bea.sipservlet.tck.agents.api.javax_servlet_sip.SipServletRequestTest.testCreateCancel101(SipServletRequestTest.java:707)
	at com.bea.wcp.ant.ext.junit.TestHandler.runTest(TestHandler.java:73)
	at com.bea.wcp.ant.ext.junit.TestHandler.run(TestHandler.java:58)
	at com.bea.wcp.ant.ext.junit.TestHandler.invoke(TestHandler.java:34)
	at $Proxy0.run(Unknown Source)
	at com.bea.wcp.ant.ext.junit.TestProxy.run(TestProxy.java:24)
	at com.bea.wcp.ant.ext.junit.TckJUnitTestRunner.run(TckJUnitTestRunner.java:272)
	at com.bea.wcp.ant.ext.junit.TckJUnitTestRunner.launch(TckJUnitTestRunner.java:647)
	at com.bea.wcp.ant.ext.junit.TckJUnitTestRunner.main(TckJUnitTestRunner.java:542)
</failure>
  </testcase>
  <testcase assertions="[SipServlet:JAVADOC:SipServletRequest4] - IllegalArgumentException should be thrown if the statuscode is not a valid SIP status code" classname="com.bea.sipservlet.tck.agents.api.javax_servlet_sip.SipServletRequestTest" name="testCreateResponse101" time="3.021" />
  <testcase assertions="[SipServlet:JAVADOC:SipServletRequest4] - IllegalStateException should be thrown if this request has already been responded to with a final status code with statuscode parameter." classname="com.bea.sipservlet.tck.agents.api.javax_servlet_sip.SipServletRequestTest" name="testCreateResponse102" time="3.033" />
  <testcase assertions="[SipServlet:JAVADOC:SipServletRequest5] - IllegalArgumentException should be thrown if the statuscode is not a valid SIP status with statuscode and reasonPhrase parameters." classname="com.bea.sipservlet.tck.agents.api.javax_servlet_sip.SipServletRequestTest" name="testCreateResponse103" time="3.021" />
  <testcase assertions="[SipServlet:JAVADOC:SipServletRequest5] - IllegalStateException should be thrown if this request has already been responded to with a final status code with statuscode and reasonPhrase parameters." classname="com.bea.sipservlet.tck.agents.api.javax_servlet_sip.SipServletRequestTest" name="testCreateResponse104" time="3.028" />
  <testcase assertions="[SipServlet:JAVADOC:SipServletRequest6] - IllegalStateException should be thrown if getProxy() had already been called" classname="com.bea.sipservlet.tck.agents.api.javax_servlet_sip.SipServletRequestTest" name="testGetB2buaHelper101" time="3.019" />
  <testcase assertions="[SipServlet:JAVADOC:SipServletRequest21] - IllegalArgumentException should be thrown if the argument is not in the range 0 to 255" classname="com.bea.sipservlet.tck.agents.api.javax_servlet_sip.SipServletRequestTest" name="testSetMaxForwards101" time="3.02" />
  <testcase assertions="[SipServlet:JAVADOC:SipServletRequest22] - NullPointerException should be thrown on null uri." classname="com.bea.sipservlet.tck.agents.api.javax_servlet_sip.SipServletRequestTest" name="testSetRequestURI101" time="3.019" />
  <testcase assertions="[SipServlet:JAVADOC:SipServletRequest11] - TooManyHopsException should be thrown if the request has a Max-Forwards header field value of 0 " classname="com.bea.sipservlet.tck.agents.api.javax_servlet_sip.SipServletRequestTest" name="testGetProxy101" time="3.019" />
  <testcase assertions="[SipServlet:JAVADOC:SipServletRequest11] - IllegalStateException should be thrown if the transaction has already completed." classname="com.bea.sipservlet.tck.agents.api.javax_servlet_sip.SipServletRequestTest" name="testGetProxy102" time="3.028" />
  <testcase assertions="[SipServlet:JAVADOC:SipServletRequest12] - TooManyHopsException should be thrown if the request has a Max-Forwards header field value of 0." classname="com.bea.sipservlet.tck.agents.api.javax_servlet_sip.SipServletRequestTest" name="testGetProxy103" time="3.019" />
  <testcase assertions="[SipServlet:JAVADOC:SipServletRequest12] - IllegalStateException should be thrown if the transaction has already completed." classname="com.bea.sipservlet.tck.agents.api.javax_servlet_sip.SipServletRequestTest" name="testGetProxy104" time="3.03" />
  <testcase assertions="[SipServlet:JAVADOC:SipServletRequest15] - IllegalStateException should be thrown if called on a request that is not initial." classname="com.bea.sipservlet.tck.agents.api.javax_servlet_sip.SipServletRequestTest" name="testGetRoutingDirective101" time="4.137" />
  <testcase assertions="[SipServlet:JAVADOC:SipServletRequest23] - llegalStateException should be thrown if called on a request that is not initial." classname="com.bea.sipservlet.tck.agents.api.javax_servlet_sip.SipServletRequestTest" name="testSetRoutingDirective101" time="4.138" />
  <system-out><![CDATA[[2013-04-15 20:22:35,574] SipServletRequestTest:1008 INFO  - === testGetPoppedRoute001() ===
[2013-04-15 20:22:35,684] TestBase:351 DEBUG - === created message:MESSAGE sip:JSR289_TCK@localhost:5060 SIP/2.0
Call-ID: ba850fa6f862abec4de3777c3e892d8b@192.168.1.65
CSeq: 1 MESSAGE
From: "Alice" <sip:alice@192.168.1.65:5071>;tag=1263516350
To: "JSR289_TCK" <sip:JSR289_TCK@localhost:5060>
Via: SIP/2.0/UDP 192.168.1.65:5071;branch=somebranchvalue
Max-Forwards: 5
Content-Length: 0

 ===
[2013-04-15 20:22:35,729] TestBase:979 DEBUG - ---The Sip request is:MESSAGE sip:JSR289_TCK@localhost:5060 SIP/2.0
Call-ID: ba850fa6f862abec4de3777c3e892d8b@192.168.1.65
CSeq: 1 MESSAGE
From: "Alice" <sip:alice@192.168.1.65:5071>;tag=1263516350
To: "JSR289_TCK" <sip:JSR289_TCK@localhost:5060>
Via: SIP/2.0/UDP 192.168.1.65:5071;branch=z9hG4bK7c1358f224f2c776430b22f631251507
Max-Forwards: 5
Route: "JSR289_TCK" <sip:JSR289_TCK@localhost:5060;lr>,<sip:localhost:5060;transport=udp;lr>
Application-Name: com.bea.sipservlet.tck.apps.apitestapp
Servlet-Name: SipServletRequest
Method-Name: testGetPoppedRoute001
Content-Length: 0

 ---
[2013-04-15 20:22:38,811] SipServletRequestTest:1008 INFO  - === testGetProxy002() ===
[2013-04-15 20:22:38,812] TestBase:351 DEBUG - === created message:MESSAGE sip:bob@192.168.1.65:5072 SIP/2.0
Call-ID: b5055f5b69efb4a3731267b78befb978@192.168.1.65
CSeq: 1 MESSAGE
From: "Alice" <sip:alice@192.168.1.65:5071>;tag=1536574173
To: "Bob" <sip:bob@192.168.1.65:5072>
Via: SIP/2.0/UDP 192.168.1.65:5071;branch=somebranchvalue
Max-Forwards: 5
Content-Length: 0

 ===
SIPUNIT TRACE:  1366053758816  SS.waitRequest() - about to block, waiting
SIPUNIT TRACE:  1366053768817  SS.waitRequest() - we've come out of the block
SIPUNIT TRACE:  1366053768817  SS.waitRequest() - either we got the request, or timed out
[2013-04-15 20:22:51,830] SipServletRequestTest:1008 INFO  - === testGetReader001() ===
[2013-04-15 20:22:51,833] TestBase:351 DEBUG - === created message:MESSAGE sip:JSR289_TCK@localhost:5060 SIP/2.0
Call-ID: bd50a869e93507d8bbbee92450dee6e8@192.168.1.65
CSeq: 1 MESSAGE
From: "Alice" <sip:alice@192.168.1.65:5071>;tag=1674696589
To: "JSR289_TCK" <sip:JSR289_TCK@localhost:5060>
Via: SIP/2.0/UDP 192.168.1.65:5071;branch=somebranchvalue
Max-Forwards: 5
Content-Length: 0

 ===
[2013-04-15 20:22:51,838] TestBase:979 DEBUG - ---The Sip request is:MESSAGE sip:JSR289_TCK@localhost:5060 SIP/2.0
Call-ID: bd50a869e93507d8bbbee92450dee6e8@192.168.1.65
CSeq: 1 MESSAGE
From: "Alice" <sip:alice@192.168.1.65:5071>;tag=1674696589
To: "JSR289_TCK" <sip:JSR289_TCK@localhost:5060>
Via: SIP/2.0/UDP 192.168.1.65:5071;branch=z9hG4bKe03bc7216a2a5922d93bb4b1545f37af
Max-Forwards: 5
Route: "JSR289_TCK" <sip:JSR289_TCK@localhost:5060;lr>,<sip:localhost:5060;transport=udp;lr>
Application-Name: com.bea.sipservlet.tck.apps.apitestapp
Servlet-Name: SipServletRequest
Method-Name: testGetReader001
Content-Length: 0

 ---
[2013-04-15 20:22:54,855] SipServletRequestTest:1008 INFO  - === testGetSetRoutingDirective001() ===
[2013-04-15 20:22:54,856] TestBase:351 DEBUG - === created message:MESSAGE sip:JSR289_TCK@localhost:5060 SIP/2.0
Call-ID: d97a3618b431f4282beb4beb88b3745d@192.168.1.65
CSeq: 1 MESSAGE
From: "Alice" <sip:alice@192.168.1.65:5071>;tag=1758090714
To: "JSR289_TCK" <sip:JSR289_TCK@localhost:5060>
Via: SIP/2.0/UDP 192.168.1.65:5071;branch=somebranchvalue
Max-Forwards: 5
Content-Length: 0

 ===
[2013-04-15 20:22:54,861] TestBase:979 DEBUG - ---The Sip request is:MESSAGE sip:JSR289_TCK@localhost:5060 SIP/2.0
Call-ID: d97a3618b431f4282beb4beb88b3745d@192.168.1.65
CSeq: 1 MESSAGE
From: "Alice" <sip:alice@192.168.1.65:5071>;tag=1758090714
To: "JSR289_TCK" <sip:JSR289_TCK@localhost:5060>
Via: SIP/2.0/UDP 192.168.1.65:5071;branch=z9hG4bKa6d7ae39c09597537d13024921bc7850
Max-Forwards: 5
Route: "JSR289_TCK" <sip:JSR289_TCK@localhost:5060;lr>,<sip:localhost:5060;transport=udp;lr>
Application-Name: com.bea.sipservlet.tck.apps.apitestapp
Servlet-Name: SipServletRequest
Method-Name: testGetSetRoutingDirective001
Content-Length: 0

 ---
[2013-04-15 20:22:57,888] SipServletRequestTest:1008 INFO  - === testIsInitial001() ===
[2013-04-15 20:22:57,889] TestBase:351 DEBUG - === created message:MESSAGE sip:JSR289_TCK@localhost:5060 SIP/2.0
Call-ID: 1a96894d14e5a42c71ee134ddc5dc3c9@192.168.1.65
CSeq: 1 MESSAGE
From: "Alice" <sip:alice@192.168.1.65:5071>;tag=1183715278
To: "JSR289_TCK" <sip:JSR289_TCK@localhost:5060>
Via: SIP/2.0/UDP 192.168.1.65:5071;branch=somebranchvalue
Max-Forwards: 5
Content-Length: 0

 ===
[2013-04-15 20:22:57,894] TestBase:979 DEBUG - ---The Sip request is:MESSAGE sip:JSR289_TCK@localhost:5060 SIP/2.0
Call-ID: 1a96894d14e5a42c71ee134ddc5dc3c9@192.168.1.65
CSeq: 1 MESSAGE
From: "Alice" <sip:alice@192.168.1.65:5071>;tag=1183715278
To: "JSR289_TCK" <sip:JSR289_TCK@localhost:5060>
Via: SIP/2.0/UDP 192.168.1.65:5071;branch=z9hG4bK5f40b6ae934caf987d092d1319e067dc
Max-Forwards: 5
Route: "JSR289_TCK" <sip:JSR289_TCK@localhost:5060;lr>,<sip:localhost:5060;transport=udp;lr>
Application-Name: com.bea.sipservlet.tck.apps.apitestapp
Servlet-Name: SipServletRequest
Method-Name: testIsInitial001
Content-Length: 0

 ---
[2013-04-15 20:23:00,913] SipServletRequestTest:1008 INFO  - === testPushRoute001() ===
SIPUNIT TRACE:  1366053780918  SS.waitRequest() - about to block, waiting
SIPUNIT TRACE:  1366053780931  SipStack: request received !
SIPUNIT TRACE:  1366053780931  SipStack: calling listener
SIPUNIT TRACE:  1366053780931  SipSession: request received !
SIPUNIT TRACE:  1366053780931       me ('To' check) = sip:bob@192.168.1.65
SIPUNIT TRACE:  1366053780931       my local contact info ('Request URI' check) = sip:bob@192.168.1.65:5072;transport=udp;lr
SIPUNIT TRACE:  1366053780931       MESSAGE sip:bob@192.168.1.65:5072 SIP/2.0
Servlet-Name: SipServletRequest
To: "Bob" <sip:bob@192.168.1.65:5072>
Method-Name: testPushRoute001
From: "Alice" <sip:alice@192.168.1.65:5071>;tag=217183346
Call-ID: 72a26aef5489bffc4659c36f637b73d1@192.168.1.65
Via: SIP/2.0/UDP 192.168.1.65:5060;branch=z9hG4bKk6yy5jelno0bedwinfc9s64--90c73;maddr=192.168.1.65,SIP/2.0/UDP 192.168.1.65:5071;branch=z9hG4bK79246a1aac6d0ba672d872c1daab1858
Route: <sip:bob@192.168.1.65:5072>,"JSR289_TCK" <sip:JSR289_TCK@localhost:5060;lr>
Max-Forwards: 4
CSeq: 1 MESSAGE
Content-Length: 0


SIPUNIT TRACE:  1366053780931  SipSession: notifying block object
SIPUNIT TRACE:  1366053780931  SS.waitRequest() - we've come out of the block
SIPUNIT TRACE:  1366053780931  SS.waitRequest() - either we got the request, or timed out
[2013-04-15 20:23:03,952] SipServletRequestTest:1008 INFO  - === testPushRoute002() ===
SIPUNIT TRACE:  1366053783956  SS.waitRequest() - about to block, waiting
SIPUNIT TRACE:  1366053783966  SipStack: request received !
SIPUNIT TRACE:  1366053783967  SipStack: calling listener
SIPUNIT TRACE:  1366053783967  SipSession: request received !
SIPUNIT TRACE:  1366053783967       me ('To' check) = sip:bob@192.168.1.65
SIPUNIT TRACE:  1366053783967       my local contact info ('Request URI' check) = sip:bob@192.168.1.65:5072;transport=udp;lr
SIPUNIT TRACE:  1366053783967       MESSAGE sip:bob@192.168.1.65:5072 SIP/2.0
user: Bob
Servlet-Name: SipServletRequest
To: "Bob" <sip:bob@192.168.1.65:5072>
Method-Name: testPushRoute002
From: "Alice" <sip:alice@192.168.1.65:5071>;tag=440438818
host: 192.168.1.65:5072;lr
Call-ID: 3b2c86892f6c2a8ce0aea72a84e08264@192.168.1.65
Via: SIP/2.0/UDP 192.168.1.65:5060;branch=z9hG4bKt80nml+9.9n8ab.761.h0xsd5eplrj;maddr=192.168.1.65,SIP/2.0/UDP 192.168.1.65:5071;branch=z9hG4bKe3f00740af0847080bdf141c909884fc
Route: <sip:Bob@192.168.1.65:5072;lr>,"JSR289_TCK" <sip:JSR289_TCK@localhost:5060;lr>
Max-Forwards: 4
CSeq: 1 MESSAGE
Content-Length: 0


SIPUNIT TRACE:  1366053783967  SipSession: notifying block object
SIPUNIT TRACE:  1366053783967  SS.waitRequest() - we've come out of the block
SIPUNIT TRACE:  1366053783967  SS.waitRequest() - either we got the request, or timed out
[2013-04-15 20:23:06,986] TestBase:351 DEBUG - === created message:MESSAGE sip:JSR289_TCK@localhost:5060 SIP/2.0
Call-ID: 5176a98a5609b5a9e08482a7e625f094@192.168.1.65
CSeq: 1 MESSAGE
From: "Alice" <sip:alice@192.168.1.65:5071>;tag=1277693651
To: "JSR289_TCK" <sip:JSR289_TCK@localhost:5060>
Via: SIP/2.0/UDP 192.168.1.65:5071;branch=somebranchvalue
Max-Forwards: 5
Content-Length: 0

 ===
[2013-04-15 20:23:06,991] TestBase:979 DEBUG - ---The Sip request is:MESSAGE sip:JSR289_TCK@localhost:5060 SIP/2.0
Call-ID: 5176a98a5609b5a9e08482a7e625f094@192.168.1.65
CSeq: 1 MESSAGE
From: "Alice" <sip:alice@192.168.1.65:5071>;tag=1277693651
To: "JSR289_TCK" <sip:JSR289_TCK@localhost:5060>
Via: SIP/2.0/UDP 192.168.1.65:5071;branch=z9hG4bKd781e2be12bd4253969277eef0ea739d
Max-Forwards: 5
Route: "JSR289_TCK" <sip:JSR289_TCK@localhost:5060;lr>,<sip:localhost:5060;transport=udp;lr>
Application-Name: com.bea.sipservlet.tck.apps.apitestapp
Servlet-Name: SipServletRequest
Method-Name: testSend001
Content-Length: 0

 ---
[2013-04-15 20:23:06,998] TestBase:595 DEBUG - the responseEvent=null?javax.sip.ResponseEvent[source=gov.nist.javax.sip.SipProviderImpl@472a9389]
SIPUNIT TRACE:  1366053786998  SS.waitRequest() - about to block, waiting
SIPUNIT TRACE:  1366053787000  SipStack: request received !
SIPUNIT TRACE:  1366053787000  SipStack: calling listener
SIPUNIT TRACE:  1366053787000  SipSession: request received !
SIPUNIT TRACE:  1366053787000       me ('To' check) = sip:alice@192.168.1.65
SIPUNIT TRACE:  1366053787000       my local contact info ('Request URI' check) = sip:alice@192.168.1.65:5071;transport=udp;lr
SIPUNIT TRACE:  1366053787001       MESSAGE sip:alice@192.168.1.65:5071 SIP/2.0
To: <sip:alice@192.168.1.65:5071>
From: <sip:JSR289_TCK@localhost:5060>;tag=_y1n.qtyb_
Via: SIP/2.0/UDP 192.168.1.65:5060;branch=z9hG4bKi7pyd5yqi6wjnc+n!o5oa++v21q7vs;maddr=192.168.1.65
Call-ID: 6-rsjfat0-y_l2gqha+v
Max-Forwards: 70
CSeq: 38259 MESSAGE
Content-Length: 0


SIPUNIT TRACE:  1366053787001  SipSession: notifying block object
SIPUNIT TRACE:  1366053787001  SS.waitRequest() - we've come out of the block
SIPUNIT TRACE:  1366053787001  SS.waitRequest() - either we got the request, or timed out
[2013-04-15 20:23:10,013] TestBase:351 DEBUG - === created message:MESSAGE sip:JSR289_TCK@localhost:5060 SIP/2.0
Call-ID: a0d2ab2832d597865af67f534dd9fb15@192.168.1.65
CSeq: 1 MESSAGE
From: "Alice" <sip:alice@192.168.1.65:5071>;tag=688018487
To: "JSR289_TCK" <sip:JSR289_TCK@localhost:5060>
Via: SIP/2.0/UDP 192.168.1.65:5071;branch=somebranchvalue
Max-Forwards: 5
Content-Length: 0

 ===
[2013-04-15 20:23:10,020] TestBase:979 DEBUG - ---The Sip request is:MESSAGE sip:JSR289_TCK@localhost:5060 SIP/2.0
Call-ID: a0d2ab2832d597865af67f534dd9fb15@192.168.1.65
CSeq: 1 MESSAGE
From: "Alice" <sip:alice@192.168.1.65:5071>;tag=688018487
To: "JSR289_TCK" <sip:JSR289_TCK@localhost:5060>
Via: SIP/2.0/UDP 192.168.1.65:5071;branch=z9hG4bKf9aeedbee6e8d2fa51179224be2e8a4e
Max-Forwards: 5
Route: "JSR289_TCK" <sip:JSR289_TCK@localhost:5060;lr>,<sip:localhost:5060;transport=udp;lr>
Application-Name: com.bea.sipservlet.tck.apps.apitestapp
Servlet-Name: SipServletRequest
Method-Name: testGetSetMaxForwards001
Content-Length: 0

 ---
[2013-04-15 20:23:10,025] TestBase:595 DEBUG - the responseEvent=null?javax.sip.ResponseEvent[source=gov.nist.javax.sip.SipProviderImpl@43a38fa1]
SIPUNIT TRACE:  1366053790025  SS.waitRequest() - about to block, waiting
SIPUNIT TRACE:  1366053790027  SipStack: request received !
SIPUNIT TRACE:  1366053790027  SipStack: calling listener
SIPUNIT TRACE:  1366053790027  SipSession: request received !
SIPUNIT TRACE:  1366053790027       me ('To' check) = sip:alice@192.168.1.65
SIPUNIT TRACE:  1366053790027       my local contact info ('Request URI' check) = sip:alice@192.168.1.65:5071;transport=udp;lr
SIPUNIT TRACE:  1366053790027       MESSAGE sip:alice@192.168.1.65:5071 SIP/2.0
To: <sip:alice@192.168.1.65:5071>
From: <sip:JSR289_TCK@localhost:5060>;tag=hzkttdyg9u
Via: SIP/2.0/UDP 192.168.1.65:5060;branch=z9hG4bKxj9r9-4rq99dobyzfnk_40pqm37wx.;maddr=192.168.1.65
Call-ID: .q44hbhvf_ysaz3o8qfw
Max-Forwards: 2
CSeq: 41286 MESSAGE
Content-Length: 0


SIPUNIT TRACE:  1366053790028  SipSession: notifying block object
SIPUNIT TRACE:  1366053790028  SS.waitRequest() - we've come out of the block
SIPUNIT TRACE:  1366053790028  SS.waitRequest() - either we got the request, or timed out
[2013-04-15 20:23:13,041] SipServletRequestTest:1008 INFO  - === testGetSetRequestURI001() ===
[2013-04-15 20:23:13,042] TestBase:351 DEBUG - === created message:MESSAGE sip:JSR289_TCK@localhost:5060 SIP/2.0
Call-ID: a7deb9d5405defd55fa0abfac9490c41@192.168.1.65
CSeq: 1 MESSAGE
From: "Alice" <sip:alice@192.168.1.65:5071>;tag=1471682773
To: "JSR289_TCK" <sip:JSR289_TCK@localhost:5060>
Via: SIP/2.0/UDP 192.168.1.65:5071;branch=somebranchvalue
Max-Forwards: 5
Content-Length: 0

 ===
SIPUNIT TRACE:  1366053793046  SS.waitRequest() - about to block, waiting
SIPUNIT TRACE:  1366053793057  SipStack: request received !
SIPUNIT TRACE:  1366053793057  SipStack: calling listener
SIPUNIT TRACE:  1366053793057  SipSession: request received !
SIPUNIT TRACE:  1366053793057       me ('To' check) = sip:bob@192.168.1.65
SIPUNIT TRACE:  1366053793057       my local contact info ('Request URI' check) = sip:bob@192.168.1.65:5072;transport=udp;lr
SIPUNIT TRACE:  1366053793057       MESSAGE sip:bob@192.168.1.65:5072 SIP/2.0
To: <sip:alice@192.168.1.65:5071>
From: <sip:JSR289_TCK@localhost:5060>;tag=m4kg4gchnj
Via: SIP/2.0/UDP 192.168.1.65:5060;branch=z9hG4bKwd36.9o!940gdezyl+i_t4rmjk3shj;maddr=192.168.1.65
Call-ID: imjw!nkpemah9unaxj08
Max-Forwards: 70
CSeq: 44315 MESSAGE
Content-Length: 0


SIPUNIT TRACE:  1366053793058  SipSession: notifying block object
SIPUNIT TRACE:  1366053793058  SS.waitRequest() - we've come out of the block
SIPUNIT TRACE:  1366053793058  SS.waitRequest() - either we got the request, or timed out
[2013-04-15 20:23:16,071] SipServletRequestTest:1008 INFO  - === testCreateCancel001() ===
[2013-04-15 20:23:16,075] TestBase:351 DEBUG - === created message:MESSAGE sip:JSR289_TCK@localhost:5060 SIP/2.0
Call-ID: e1a740483c21413fa3aa6f29845b6534@192.168.1.65
CSeq: 1 MESSAGE
From: "Alice" <sip:alice@192.168.1.65:5071>;tag=516825762
To: "JSR289_TCK" <sip:JSR289_TCK@localhost:5060>
Via: SIP/2.0/UDP 192.168.1.65:5071;branch=somebranchvalue
Max-Forwards: 5
Content-Length: 0

 ===
[2013-04-15 20:23:16,085] TestBase:979 DEBUG - ---The Sip request is:MESSAGE sip:JSR289_TCK@localhost:5060 SIP/2.0
Call-ID: e1a740483c21413fa3aa6f29845b6534@192.168.1.65
CSeq: 1 MESSAGE
From: "Alice" <sip:alice@192.168.1.65:5071>;tag=516825762
To: "JSR289_TCK" <sip:JSR289_TCK@localhost:5060>
Via: SIP/2.0/UDP 192.168.1.65:5071;branch=z9hG4bK90e2ce5cab948bfa1c5595a24b3e69a9
Max-Forwards: 5
Route: "JSR289_TCK" <sip:JSR289_TCK@localhost:5060;lr>,<sip:localhost:5060;transport=udp;lr>
Application-Name: com.bea.sipservlet.tck.apps.apitestapp
Servlet-Name: SipServletRequest
Method-Name: testCreateCancel001
Content-Length: 0

 ---
SIPUNIT TRACE:  1366053796098  SS.waitRequest() - about to block, waiting
SIPUNIT TRACE:  1366053796099  SipStack: request received !
SIPUNIT TRACE:  1366053796099  SipStack: calling listener
SIPUNIT TRACE:  1366053796099  SipSession: request received !
SIPUNIT TRACE:  1366053796099       me ('To' check) = sip:alice@192.168.1.65
SIPUNIT TRACE:  1366053796099       my local contact info ('Request URI' check) = sip:alice@192.168.1.65:5071;transport=udp;lr
SIPUNIT TRACE:  1366053796099       INVITE sip:alice@192.168.1.65:5071 SIP/2.0
To: <sip:alice@192.168.1.65:5071>
Contact: <sip:192.168.1.65>
From: <sip:JSR289_TCK@localhost:5060>;tag=uro+dmy7p.
Via: SIP/2.0/UDP 192.168.1.65:5060;branch=z9hG4bKc5j142pkkrtuw6.l!p.92mkw0c_m65;maddr=192.168.1.65
Call-ID: 3gp5qyltvc3-yo_-p2ui
Max-Forwards: 70
CSeq: 47353 INVITE
Content-Length: 0


SIPUNIT TRACE:  1366053796099  SipSession: notifying block object
SIPUNIT TRACE:  1366053796099  SS.waitRequest() - we've come out of the block
SIPUNIT TRACE:  1366053796099  SS.waitRequest() - either we got the request, or timed out
SIPUNIT TRACE:  1366053796100  INVITE after received by stack..........
SIPUNIT TRACE:  1366053796100  INVITE sip:alice@192.168.1.65:5071 SIP/2.0
To: <sip:alice@192.168.1.65:5071>
Contact: <sip:192.168.1.65>
From: <sip:JSR289_TCK@localhost:5060>;tag=uro+dmy7p.
Via: SIP/2.0/UDP 192.168.1.65:5060;branch=z9hG4bKc5j142pkkrtuw6.l!p.92mkw0c_m65;maddr=192.168.1.65
Call-ID: 3gp5qyltvc3-yo_-p2ui
Max-Forwards: 70
CSeq: 47353 INVITE
Content-Length: 0


SIPUNIT TRACE:  1366053796110  Response before sending out through stack..........
SIPUNIT TRACE:  1366053796110  SIP/2.0 180 Ringing
To: <sip:alice@192.168.1.65:5071>;tag=1359820000
From: <sip:JSR289_TCK@localhost:5060>;tag=uro+dmy7p.
Via: SIP/2.0/UDP 192.168.1.65:5060;branch=z9hG4bKc5j142pkkrtuw6.l!p.92mkw0c_m65;maddr=192.168.1.65
Call-ID: 3gp5qyltvc3-yo_-p2ui
CSeq: 47353 INVITE
Contact: <sip:alice@192.168.1.65:5071;transport=udp;lr>
Content-Length: 0


SIPUNIT TRACE:  1366053796113  SS.waitRequest() - about to block, waiting
SIPUNIT TRACE:  1366053796121  SipStack: request received !
SIPUNIT TRACE:  1366053796121  SipStack: calling listener
SIPUNIT TRACE:  1366053796121  SipSession: request received !
SIPUNIT TRACE:  1366053796121       me ('To' check) = sip:alice@192.168.1.65
SIPUNIT TRACE:  1366053796121       my local contact info ('Request URI' check) = sip:alice@192.168.1.65:5071;transport=udp;lr
SIPUNIT TRACE:  1366053796121       CANCEL sip:alice@192.168.1.65:5071 SIP/2.0
To: <sip:alice@192.168.1.65:5071>
From: <sip:JSR289_TCK@localhost:5060>;tag=uro+dmy7p.
Via: SIP/2.0/UDP 192.168.1.65:5060;branch=z9hG4bKc5j142pkkrtuw6.l!p.92mkw0c_m65;maddr=192.168.1.65
Call-ID: 3gp5qyltvc3-yo_-p2ui
CSeq: 47353 CANCEL
Content-Length: 0


SIPUNIT TRACE:  1366053796121  SipSession: notifying block object
SIPUNIT TRACE:  1366053796121  SS.waitRequest() - we've come out of the block
SIPUNIT TRACE:  1366053796121  SS.waitRequest() - either we got the request, or timed out
SIPUNIT TRACE:  1366053796121  Response before sending out through stack..........
SIPUNIT TRACE:  1366053796121  SIP/2.0 200 Cancel Answer
To: <sip:alice@192.168.1.65:5071>;tag=1359820000
From: <sip:JSR289_TCK@localhost:5060>;tag=uro+dmy7p.
Via: SIP/2.0/UDP 192.168.1.65:5060;branch=z9hG4bKc5j142pkkrtuw6.l!p.92mkw0c_m65;maddr=192.168.1.65
Call-ID: 3gp5qyltvc3-yo_-p2ui
CSeq: 47353 CANCEL
Contact: <sip:alice@192.168.1.65:5071;transport=udp;lr>
Expires: 0
Content-Length: 0


SIPUNIT TRACE:  1366053796124  Response before sending out through stack..........
SIPUNIT TRACE:  1366053796124  SIP/2.0 487 Request Terminated
To: <sip:alice@192.168.1.65:5071>;tag=1359820000
From: <sip:JSR289_TCK@localhost:5060>;tag=uro+dmy7p.
Via: SIP/2.0/UDP 192.168.1.65:5060;branch=z9hG4bKc5j142pkkrtuw6.l!p.92mkw0c_m65;maddr=192.168.1.65
Call-ID: 3gp5qyltvc3-yo_-p2ui
CSeq: 47353 INVITE
Contact: <sip:alice@192.168.1.65:5071;transport=udp;lr>
Content-Length: 0


[2013-04-15 20:23:19,139] SipServletRequestTest:1008 INFO  - === testCreateResponse001() ===
[2013-04-15 20:23:19,140] TestBase:351 DEBUG - === created message:MESSAGE sip:JSR289_TCK@localhost:5060 SIP/2.0
Call-ID: 9d52493735aa37404f0c9156519c6768@192.168.1.65
CSeq: 1 MESSAGE
From: "Alice" <sip:alice@192.168.1.65:5071>;tag=2090055079
To: "JSR289_TCK" <sip:JSR289_TCK@localhost:5060>
Via: SIP/2.0/UDP 192.168.1.65:5071;branch=somebranchvalue
Max-Forwards: 5
Content-Length: 0

 ===
[2013-04-15 20:23:19,144] TestBase:979 DEBUG - ---The Sip request is:MESSAGE sip:JSR289_TCK@localhost:5060 SIP/2.0
Call-ID: 9d52493735aa37404f0c9156519c6768@192.168.1.65
CSeq: 1 MESSAGE
From: "Alice" <sip:alice@192.168.1.65:5071>;tag=2090055079
To: "JSR289_TCK" <sip:JSR289_TCK@localhost:5060>
Via: SIP/2.0/UDP 192.168.1.65:5071;branch=z9hG4bKbb72bed1a6e9c6e90cf4d0eb4d2cb062
Max-Forwards: 5
Route: "JSR289_TCK" <sip:JSR289_TCK@localhost:5060;lr>,<sip:localhost:5060;transport=udp;lr>
Application-Name: com.bea.sipservlet.tck.apps.apitestapp
Servlet-Name: SipServletRequest
Method-Name: testCreateResponse001
Content-Length: 0

 ---
[2013-04-15 20:23:22,162] SipServletRequestTest:1008 INFO  - === testCreateResponse002() ===
[2013-04-15 20:23:22,163] TestBase:351 DEBUG - === created message:MESSAGE sip:JSR289_TCK@localhost:5060 SIP/2.0
Call-ID: 0e3b0b3451123cdb51604b135a2b7ebb@192.168.1.65
CSeq: 1 MESSAGE
From: "Alice" <sip:alice@192.168.1.65:5071>;tag=1988289860
To: "JSR289_TCK" <sip:JSR289_TCK@localhost:5060>
Via: SIP/2.0/UDP 192.168.1.65:5071;branch=somebranchvalue
Max-Forwards: 5
Content-Length: 0

 ===
[2013-04-15 20:23:22,167] TestBase:979 DEBUG - ---The Sip request is:MESSAGE sip:JSR289_TCK@localhost:5060 SIP/2.0
Call-ID: 0e3b0b3451123cdb51604b135a2b7ebb@192.168.1.65
CSeq: 1 MESSAGE
From: "Alice" <sip:alice@192.168.1.65:5071>;tag=1988289860
To: "JSR289_TCK" <sip:JSR289_TCK@localhost:5060>
Via: SIP/2.0/UDP 192.168.1.65:5071;branch=z9hG4bK5d5d6df142b04c337e674d27bd74e19f
Max-Forwards: 5
Route: "JSR289_TCK" <sip:JSR289_TCK@localhost:5060;lr>,<sip:localhost:5060;transport=udp;lr>
Application-Name: com.bea.sipservlet.tck.apps.apitestapp
Servlet-Name: SipServletRequest
Method-Name: testCreateResponse002
Content-Length: 0

 ---
[2013-04-15 20:23:25,184] SipServletRequestTest:1008 INFO  - === testGetB2buaHelper001() ===
[2013-04-15 20:23:25,185] TestBase:351 DEBUG - === created message:MESSAGE sip:JSR289_TCK@localhost:5060 SIP/2.0
Call-ID: 71592ab7b939ebc40da4a2af9db706a1@192.168.1.65
CSeq: 1 MESSAGE
From: "Alice" <sip:alice@192.168.1.65:5071>;tag=362086498
To: "JSR289_TCK" <sip:JSR289_TCK@localhost:5060>
Via: SIP/2.0/UDP 192.168.1.65:5071;branch=somebranchvalue
Max-Forwards: 5
Content-Length: 0

 ===
[2013-04-15 20:23:25,190] TestBase:979 DEBUG - ---The Sip request is:MESSAGE sip:JSR289_TCK@localhost:5060 SIP/2.0
Call-ID: 71592ab7b939ebc40da4a2af9db706a1@192.168.1.65
CSeq: 1 MESSAGE
From: "Alice" <sip:alice@192.168.1.65:5071>;tag=362086498
To: "JSR289_TCK" <sip:JSR289_TCK@localhost:5060>
Via: SIP/2.0/UDP 192.168.1.65:5071;branch=z9hG4bK52a34572f2f13da513ff1cefafbd7716
Max-Forwards: 5
Route: "JSR289_TCK" <sip:JSR289_TCK@localhost:5060;lr>,<sip:localhost:5060;transport=udp;lr>
Application-Name: com.bea.sipservlet.tck.apps.apitestapp
Servlet-Name: SipServletRequest
Method-Name: testGetB2buaHelper001
Content-Length: 0

 ---
[2013-04-15 20:23:28,207] SipServletRequestTest:1008 INFO  - === testGetInitialPoppedRoute001() ===
[2013-04-15 20:23:28,208] TestBase:351 DEBUG - === created message:MESSAGE sip:JSR289_TCK@localhost:5060 SIP/2.0
Call-ID: 88a68c4ab6340d658ecbc9f71fa740a9@192.168.1.65
CSeq: 1 MESSAGE
From: "Alice" <sip:alice@192.168.1.65:5071>;tag=938364026
To: "JSR289_TCK" <sip:JSR289_TCK@localhost:5060>
Via: SIP/2.0/UDP 192.168.1.65:5071;branch=somebranchvalue
Max-Forwards: 5
Content-Length: 0

 ===
[2013-04-15 20:23:28,212] TestBase:979 DEBUG - ---The Sip request is:MESSAGE sip:JSR289_TCK@localhost:5060 SIP/2.0
Call-ID: 88a68c4ab6340d658ecbc9f71fa740a9@192.168.1.65
CSeq: 1 MESSAGE
From: "Alice" <sip:alice@192.168.1.65:5071>;tag=938364026
To: "JSR289_TCK" <sip:JSR289_TCK@localhost:5060>
Via: SIP/2.0/UDP 192.168.1.65:5071;branch=z9hG4bKdf6594c7e033cd58584d7404726092a6
Max-Forwards: 5
Route: "JSR289_TCK" <sip:JSR289_TCK@localhost:5060;lr>,<sip:localhost:5060;transport=udp;lr>
Application-Name: com.bea.sipservlet.tck.apps.apitestapp
Servlet-Name: SipServletRequest
Method-Name: testGetInitialPoppedRoute001
Content-Length: 0

 ---
[2013-04-15 20:23:31,237] SipServletRequestTest:1008 INFO  - === testGetInputStream001() ===
[2013-04-15 20:23:31,237] TestBase:351 DEBUG - === created message:MESSAGE sip:JSR289_TCK@localhost:5060 SIP/2.0
Call-ID: 64835da291c33276f3195c7b83426d5d@192.168.1.65
CSeq: 1 MESSAGE
From: "Alice" <sip:alice@192.168.1.65:5071>;tag=1179521486
To: "JSR289_TCK" <sip:JSR289_TCK@localhost:5060>
Via: SIP/2.0/UDP 192.168.1.65:5071;branch=somebranchvalue
Max-Forwards: 5
Content-Length: 0

 ===
[2013-04-15 20:23:31,241] TestBase:979 DEBUG - ---The Sip request is:MESSAGE sip:JSR289_TCK@localhost:5060 SIP/2.0
Call-ID: 64835da291c33276f3195c7b83426d5d@192.168.1.65
CSeq: 1 MESSAGE
From: "Alice" <sip:alice@192.168.1.65:5071>;tag=1179521486
To: "JSR289_TCK" <sip:JSR289_TCK@localhost:5060>
Via: SIP/2.0/UDP 192.168.1.65:5071;branch=z9hG4bK0716bb961923ce61d40e53ded99b2e0e
Max-Forwards: 5
Route: "JSR289_TCK" <sip:JSR289_TCK@localhost:5060;lr>,<sip:localhost:5060;transport=udp;lr>
Application-Name: com.bea.sipservlet.tck.apps.apitestapp
Servlet-Name: SipServletRequest
Method-Name: testGetInputStream001
Content-Length: 0

 ---
[2013-04-15 20:23:34,257] SipServletRequestTest:1008 INFO  - === testGetProxy001() ===
[2013-04-15 20:23:34,258] TestBase:351 DEBUG - === created message:MESSAGE sip:bob@192.168.1.65:5072 SIP/2.0
Call-ID: 40ac51104b696b6e714746f97b57985f@192.168.1.65
CSeq: 1 MESSAGE
From: "Alice" <sip:alice@192.168.1.65:5071>;tag=1095426744
To: "Bob" <sip:bob@192.168.1.65:5072>
Via: SIP/2.0/UDP 192.168.1.65:5071;branch=somebranchvalue
Max-Forwards: 5
Content-Length: 0

 ===
SIPUNIT TRACE:  1366053814262  SS.waitRequest() - about to block, waiting
SIPUNIT TRACE:  1366053814269  SipStack: request received !
SIPUNIT TRACE:  1366053814269  SipStack: calling listener
SIPUNIT TRACE:  1366053814269  SipSession: request received !
SIPUNIT TRACE:  1366053814269       me ('To' check) = sip:bob@192.168.1.65
SIPUNIT TRACE:  1366053814269       my local contact info ('Request URI' check) = sip:bob@192.168.1.65:5072;transport=udp;lr
SIPUNIT TRACE:  1366053814269       MESSAGE sip:bob@192.168.1.65:5072 SIP/2.0
Servlet-Name: SipServletRequest
To: "Bob" <sip:bob@192.168.1.65:5072>
Method-Name: testGetProxy001
From: "Alice" <sip:alice@192.168.1.65:5071>;tag=1095426744
Call-ID: 40ac51104b696b6e714746f97b57985f@192.168.1.65
Via: SIP/2.0/UDP 192.168.1.65:5060;branch=z9hG4bKuo9.30+2g-t6qpk!_t6k1ilj0ef3r+;maddr=192.168.1.65,SIP/2.0/UDP 192.168.1.65:5071;branch=z9hG4bK0c3e32a619298b1a5c6bcb0cf08fe0c9
Route: "JSR289_TCK" <sip:JSR289_TCK@localhost:5060;lr>,"Bob" <sip:bob@192.168.1.65:5072;lr>,<sip:localhost:5060;lr;transport=udp>
Max-Forwards: 4
CSeq: 1 MESSAGE
Content-Length: 0


SIPUNIT TRACE:  1366053814269  SipSession: notifying block object
SIPUNIT TRACE:  1366053814269  SS.waitRequest() - we've come out of the block
SIPUNIT TRACE:  1366053814269  SS.waitRequest() - either we got the request, or timed out
[2013-04-15 20:23:37,285] SipServletRequestTest:1008 INFO  - === testAddAuthHeader001() ===
[2013-04-15 20:23:37,287] TestBase:351 DEBUG - === created message:MESSAGE sip:JSR289_TCK@localhost:5060 SIP/2.0
Call-ID: be7031993c3b742babbc080ef518f5a9@192.168.1.65
CSeq: 1 MESSAGE
From: "Alice" <sip:alice@192.168.1.65:5071>;tag=1370191294
To: "JSR289_TCK" <sip:JSR289_TCK@localhost:5060>
Via: SIP/2.0/UDP 192.168.1.65:5071;branch=somebranchvalue
Max-Forwards: 5
Content-Length: 0

 ===
[2013-04-15 20:23:37,291] TestBase:979 DEBUG - ---The Sip request is:MESSAGE sip:JSR289_TCK@localhost:5060 SIP/2.0
Call-ID: be7031993c3b742babbc080ef518f5a9@192.168.1.65
CSeq: 1 MESSAGE
From: "Alice" <sip:alice@192.168.1.65:5071>;tag=1370191294
To: "JSR289_TCK" <sip:JSR289_TCK@localhost:5060>
Via: SIP/2.0/UDP 192.168.1.65:5071;branch=z9hG4bKdeac5e775dae68c3a471ed91aec9e938
Max-Forwards: 5
Route: "JSR289_TCK" <sip:JSR289_TCK@localhost:5060;lr>,<sip:localhost:5060;transport=udp;lr>
Application-Name: com.bea.sipservlet.tck.apps.apitestapp
Servlet-Name: SipServletRequest
Method-Name: testAddAuthHeader001
Content-Length: 0

 ---
SIPUNIT TRACE:  1366053817300  SS.waitRequest() - about to block, waiting
SIPUNIT TRACE:  1366053817304  SipStack: request received !
SIPUNIT TRACE:  1366053817304  SipStack: calling listener
SIPUNIT TRACE:  1366053817304  SipSession: request received !
SIPUNIT TRACE:  1366053817304       me ('To' check) = sip:alice@192.168.1.65
SIPUNIT TRACE:  1366053817304       my local contact info ('Request URI' check) = sip:alice@192.168.1.65:5071;transport=udp;lr
SIPUNIT TRACE:  1366053817304       INVITE sip:alice@192.168.1.65:5071 SIP/2.0
To: <sip:alice@192.168.1.65:5071>
Contact: <sip:192.168.1.65>
From: <sip:JSR289_TCK@localhost:5060>;tag=0tysq0kse8
Via: SIP/2.0/UDP 192.168.1.65:5060;branch=z9hG4bKi_f0s!+9+isbn9eu+06454ds8k73km;maddr=192.168.1.65
Call-ID: 025jl_h!5y1lc50x-wt7
Max-Forwards: 70
CSeq: 3025 INVITE
Content-Length: 0


SIPUNIT TRACE:  1366053817304  SipSession: notifying block object
SIPUNIT TRACE:  1366053817304  SS.waitRequest() - we've come out of the block
SIPUNIT TRACE:  1366053817304  SS.waitRequest() - either we got the request, or timed out
SIPUNIT TRACE:  1366053817305  INVITE after received by stack..........
SIPUNIT TRACE:  1366053817305  INVITE sip:alice@192.168.1.65:5071 SIP/2.0
To: <sip:alice@192.168.1.65:5071>
Contact: <sip:192.168.1.65>
From: <sip:JSR289_TCK@localhost:5060>;tag=0tysq0kse8
Via: SIP/2.0/UDP 192.168.1.65:5060;branch=z9hG4bKi_f0s!+9+isbn9eu+06454ds8k73km;maddr=192.168.1.65
Call-ID: 025jl_h!5y1lc50x-wt7
Max-Forwards: 70
CSeq: 3025 INVITE
Content-Length: 0


SIPUNIT TRACE:  1366053817306  Response before sending out through stack..........
SIPUNIT TRACE:  1366053817307  SIP/2.0 401 Unauthorized
To: <sip:alice@192.168.1.65:5071>;tag=2051984235
From: <sip:JSR289_TCK@localhost:5060>;tag=0tysq0kse8
Via: SIP/2.0/UDP 192.168.1.65:5060;branch=z9hG4bKi_f0s!+9+isbn9eu+06454ds8k73km;maddr=192.168.1.65
Call-ID: 025jl_h!5y1lc50x-wt7
CSeq: 3025 INVITE
Contact: <sip:alice@192.168.1.65:5071;transport=udp;lr>
Expires: 1
WWW-Authenticate: Digest realm ="beasys.com", nonce="dbffb13c8a4d30117c25c753d1fa7710", opaque="", stale=FALSE, algorithm=MD5, qop="auth" 
WWW-Authenticate: Digest realm ="beasys.com", nonce="dbffb13c8a4d30117c25c753d1fa7710", opaque="", stale=FALSE, algorithm=MD5, qop="auth" 
Content-Length: 0


SIPUNIT TRACE:  1366053817309  SS.waitRequest() - about to block, waiting
SIPUNIT TRACE:  1366053827310  SS.waitRequest() - we've come out of the block
SIPUNIT TRACE:  1366053827311  SS.waitRequest() - either we got the request, or timed out
[2013-04-15 20:23:50,323] SipServletRequestTest:1008 INFO  - === testAddAuthHeader002() ===
[2013-04-15 20:23:50,324] TestBase:351 DEBUG - === created message:MESSAGE sip:JSR289_TCK@localhost:5060 SIP/2.0
Call-ID: 28b74afcf8eb0c75e66671621197e38e@192.168.1.65
CSeq: 1 MESSAGE
From: "Alice" <sip:alice@192.168.1.65:5071>;tag=1755698687
To: "JSR289_TCK" <sip:JSR289_TCK@localhost:5060>
Via: SIP/2.0/UDP 192.168.1.65:5071;branch=somebranchvalue
Max-Forwards: 5
Content-Length: 0

 ===
[2013-04-15 20:23:50,329] TestBase:979 DEBUG - ---The Sip request is:MESSAGE sip:JSR289_TCK@localhost:5060 SIP/2.0
Call-ID: 28b74afcf8eb0c75e66671621197e38e@192.168.1.65
CSeq: 1 MESSAGE
From: "Alice" <sip:alice@192.168.1.65:5071>;tag=1755698687
To: "JSR289_TCK" <sip:JSR289_TCK@localhost:5060>
Via: SIP/2.0/UDP 192.168.1.65:5071;branch=z9hG4bK620623b25bcb32e481a72626b252976d
Max-Forwards: 5
Route: "JSR289_TCK" <sip:JSR289_TCK@localhost:5060;lr>,<sip:localhost:5060;transport=udp;lr>
Application-Name: com.bea.sipservlet.tck.apps.apitestapp
Servlet-Name: SipServletRequest
Method-Name: testAddAuthHeader002
Content-Length: 0

 ---
SIPUNIT TRACE:  1366053830337  SS.waitRequest() - about to block, waiting
SIPUNIT TRACE:  1366053830340  SipStack: request received !
SIPUNIT TRACE:  1366053830340  SipStack: calling listener
SIPUNIT TRACE:  1366053830340  SipSession: request received !
SIPUNIT TRACE:  1366053830340       me ('To' check) = sip:alice@192.168.1.65
SIPUNIT TRACE:  1366053830340       my local contact info ('Request URI' check) = sip:alice@192.168.1.65:5071;transport=udp;lr
SIPUNIT TRACE:  1366053830340       INVITE sip:alice@192.168.1.65:5071 SIP/2.0
To: <sip:alice@192.168.1.65:5071>
Contact: <sip:192.168.1.65>
From: <sip:JSR289_TCK@localhost:5060>;tag=7f5rc.42d0
Via: SIP/2.0/UDP 192.168.1.65:5060;branch=z9hG4bKyubmecyce6c8v+95xpn6l8ge.ytfsj;maddr=192.168.1.65
Call-ID: 1wtg0.b._gpcr0nyo_uv
Max-Forwards: 70
CSeq: 16061 INVITE
Content-Length: 0


SIPUNIT TRACE:  1366053830340  SipSession: notifying block object
SIPUNIT TRACE:  1366053830340  SS.waitRequest() - we've come out of the block
SIPUNIT TRACE:  1366053830340  SS.waitRequest() - either we got the request, or timed out
SIPUNIT TRACE:  1366053830340  INVITE after received by stack..........
SIPUNIT TRACE:  1366053830340  INVITE sip:alice@192.168.1.65:5071 SIP/2.0
To: <sip:alice@192.168.1.65:5071>
Contact: <sip:192.168.1.65>
From: <sip:JSR289_TCK@localhost:5060>;tag=7f5rc.42d0
Via: SIP/2.0/UDP 192.168.1.65:5060;branch=z9hG4bKyubmecyce6c8v+95xpn6l8ge.ytfsj;maddr=192.168.1.65
Call-ID: 1wtg0.b._gpcr0nyo_uv
Max-Forwards: 70
CSeq: 16061 INVITE
Content-Length: 0


SIPUNIT TRACE:  1366053830342  Response before sending out through stack..........
SIPUNIT TRACE:  1366053830342  SIP/2.0 401 Unauthorized with UserPwd
To: <sip:alice@192.168.1.65:5071>;tag=1457057346
From: <sip:JSR289_TCK@localhost:5060>;tag=7f5rc.42d0
Via: SIP/2.0/UDP 192.168.1.65:5060;branch=z9hG4bKyubmecyce6c8v+95xpn6l8ge.ytfsj;maddr=192.168.1.65
Call-ID: 1wtg0.b._gpcr0nyo_uv
CSeq: 16061 INVITE
Contact: <sip:alice@192.168.1.65:5071;transport=udp;lr>
Expires: 1
WWW-Authenticate: Digest realm ="beasys.com", nonce="dbffb13c8a4d30117c25c753d1fa7710", opaque="", stale=FALSE, algorithm=MD5, qop="auth" 
WWW-Authenticate: Digest realm ="beasys.com", nonce="dbffb13c8a4d30117c25c753d1fa7710", opaque="", stale=FALSE, algorithm=MD5, qop="auth" 
Content-Length: 0


SIPUNIT TRACE:  1366053830345  SS.waitRequest() - about to block, waiting
SIPUNIT TRACE:  1366053840346  SS.waitRequest() - we've come out of the block
SIPUNIT TRACE:  1366053840346  SS.waitRequest() - either we got the request, or timed out
[2013-04-15 20:24:03,358] TestBase:351 DEBUG - === created message:MESSAGE sip:JSR289_TCK@localhost:5060 SIP/2.0
Call-ID: 2ee4a344f583f9fef688e49dad0c61ee@192.168.1.65
CSeq: 1 MESSAGE
From: "Alice" <sip:alice@192.168.1.65:5071>;tag=2137613025
To: "JSR289_TCK" <sip:JSR289_TCK@localhost:5060>
Via: SIP/2.0/UDP 192.168.1.65:5071;branch=somebranchvalue
Max-Forwards: 5
Content-Length: 0

 ===
[2013-04-15 20:24:03,362] TestBase:979 DEBUG - ---The Sip request is:MESSAGE sip:JSR289_TCK@localhost:5060 SIP/2.0
Call-ID: 2ee4a344f583f9fef688e49dad0c61ee@192.168.1.65
CSeq: 1 MESSAGE
From: "Alice" <sip:alice@192.168.1.65:5071>;tag=2137613025
To: "JSR289_TCK" <sip:JSR289_TCK@localhost:5060>
Via: SIP/2.0/UDP 192.168.1.65:5071;branch=z9hG4bK83c37dcf56d5cc32d19ac3e88f65d7a2
Max-Forwards: 5
Route: "JSR289_TCK" <sip:JSR289_TCK@localhost:5060;lr>,<sip:localhost:5060;transport=udp;lr>
Application-Name: com.bea.sipservlet.tck.apps.apitestapp
Servlet-Name: SipServletRequest
Method-Name: testCreateCancel101
Content-Length: 0

 ---
SIPUNIT TRACE:  1366053843370  SS.waitRequest() - about to block, waiting
SIPUNIT TRACE:  1366053843374  SipStack: request received !
SIPUNIT TRACE:  1366053843374  SipStack: calling listener
SIPUNIT TRACE:  1366053843374  SipSession: request received !
SIPUNIT TRACE:  1366053843374       me ('To' check) = sip:alice@192.168.1.65
SIPUNIT TRACE:  1366053843374       my local contact info ('Request URI' check) = sip:alice@192.168.1.65:5071;transport=udp;lr
SIPUNIT TRACE:  1366053843374       INVITE sip:alice@192.168.1.65:5071 SIP/2.0
To: <sip:alice@192.168.1.65:5071>
Contact: <sip:192.168.1.65>
From: <sip:JSR289_TCK@localhost:5060>;tag=q4owkl0v9s
Via: SIP/2.0/UDP 192.168.1.65:5060;branch=z9hG4bK!yh32yy05nwfy.t_lgjrb9w35g58ex;maddr=192.168.1.65
Call-ID: 1p15zs+0i-4!9w8e4dpe
Max-Forwards: 70
CSeq: 29095 INVITE
Content-Length: 0


SIPUNIT TRACE:  1366053843374  SipSession: notifying block object
SIPUNIT TRACE:  1366053843374  SS.waitRequest() - we've come out of the block
SIPUNIT TRACE:  1366053843374  SS.waitRequest() - either we got the request, or timed out
SIPUNIT TRACE:  1366053843374  INVITE after received by stack..........
SIPUNIT TRACE:  1366053843374  INVITE sip:alice@192.168.1.65:5071 SIP/2.0
To: <sip:alice@192.168.1.65:5071>
Contact: <sip:192.168.1.65>
From: <sip:JSR289_TCK@localhost:5060>;tag=q4owkl0v9s
Via: SIP/2.0/UDP 192.168.1.65:5060;branch=z9hG4bK!yh32yy05nwfy.t_lgjrb9w35g58ex;maddr=192.168.1.65
Call-ID: 1p15zs+0i-4!9w8e4dpe
Max-Forwards: 70
CSeq: 29095 INVITE
Content-Length: 0


SIPUNIT TRACE:  1366053843376  Response before sending out through stack..........
SIPUNIT TRACE:  1366053843376  SIP/2.0 200 testCreateCancel101
To: <sip:alice@192.168.1.65:5071>;tag=1286109597
From: <sip:JSR289_TCK@localhost:5060>;tag=q4owkl0v9s
Via: SIP/2.0/UDP 192.168.1.65:5060;branch=z9hG4bK!yh32yy05nwfy.t_lgjrb9w35g58ex;maddr=192.168.1.65
Call-ID: 1p15zs+0i-4!9w8e4dpe
CSeq: 29095 INVITE
Contact: <sip:alice@192.168.1.65:5071;transport=udp;lr>
Expires: 1
Content-Length: 0


SIPUNIT TRACE:  1366053843379  SS.waitRequest() - about to block, waiting
SIPUNIT TRACE:  1366053843387  SipStack: request received !
SIPUNIT TRACE:  1366053843388  SipStack: calling listener
SIPUNIT TRACE:  1366053843388  SipSession: request received !
SIPUNIT TRACE:  1366053843388       me ('To' check) = sip:alice@192.168.1.65
SIPUNIT TRACE:  1366053843388       my local contact info ('Request URI' check) = sip:alice@192.168.1.65:5071;transport=udp;lr
SIPUNIT TRACE:  1366053843388       ACK sip:alice@192.168.1.65:5071 SIP/2.0
To: <sip:alice@192.168.1.65:5071>;tag=1286109597
From: <sip:JSR289_TCK@localhost:5060>;tag=q4owkl0v9s
Via: SIP/2.0/UDP 192.168.1.65:5060;branch=z9hG4bK!yh32yy05nwfy.t_lgjrb9w35g58ex;maddr=192.168.1.65
Call-ID: 1p15zs+0i-4!9w8e4dpe
CSeq: 29095 ACK
Content-Length: 0


SIPUNIT TRACE:  1366053843388  SipSession: notifying block object
SIPUNIT TRACE:  1366053843388  SS.waitRequest() - we've come out of the block
SIPUNIT TRACE:  1366053843388  SS.waitRequest() - either we got the request, or timed out
SIPUNIT TRACE:  1366053843388  SS.waitRequest() - about to block, waiting
SIPUNIT TRACE:  1366053853388  SS.waitRequest() - we've come out of the block
SIPUNIT TRACE:  1366053853388  SS.waitRequest() - either we got the request, or timed out
[2013-04-15 20:24:16,405] SipServletRequestTest:1008 INFO  - === testCreateResponse101() ===
[2013-04-15 20:24:16,406] TestBase:351 DEBUG - === created message:MESSAGE sip:JSR289_TCK@localhost:5060 SIP/2.0
Call-ID: 5ef419ecf5cb0500ffd8ca1bb712b28a@192.168.1.65
CSeq: 1 MESSAGE
From: "Alice" <sip:alice@192.168.1.65:5071>;tag=1855451685
To: "JSR289_TCK" <sip:JSR289_TCK@localhost:5060>
Via: SIP/2.0/UDP 192.168.1.65:5071;branch=somebranchvalue
Max-Forwards: 5
Content-Length: 0

 ===
[2013-04-15 20:24:16,410] TestBase:979 DEBUG - ---The Sip request is:MESSAGE sip:JSR289_TCK@localhost:5060 SIP/2.0
Call-ID: 5ef419ecf5cb0500ffd8ca1bb712b28a@192.168.1.65
CSeq: 1 MESSAGE
From: "Alice" <sip:alice@192.168.1.65:5071>;tag=1855451685
To: "JSR289_TCK" <sip:JSR289_TCK@localhost:5060>
Via: SIP/2.0/UDP 192.168.1.65:5071;branch=z9hG4bK71cddf4e16858b50c5476a5aba24ceb2
Max-Forwards: 5
Route: "JSR289_TCK" <sip:JSR289_TCK@localhost:5060;lr>,<sip:localhost:5060;transport=udp;lr>
Application-Name: com.bea.sipservlet.tck.apps.apitestapp
Servlet-Name: SipServletRequest
Method-Name: testCreateResponse101
Content-Length: 0

 ---
[2013-04-15 20:24:19,426] SipServletRequestTest:1008 INFO  - === testCreateResponse102() ===
[2013-04-15 20:24:19,427] TestBase:351 DEBUG - === created message:MESSAGE sip:JSR289_TCK@localhost:5060 SIP/2.0
Call-ID: a41eb1bd3c8f6a4d5b112fd4832fa1e0@192.168.1.65
CSeq: 1 MESSAGE
From: "Alice" <sip:alice@192.168.1.65:5071>;tag=1903189007
To: "JSR289_TCK" <sip:JSR289_TCK@localhost:5060>
Via: SIP/2.0/UDP 192.168.1.65:5071;branch=somebranchvalue
Max-Forwards: 5
Content-Length: 0

 ===
[2013-04-15 20:24:19,430] TestBase:979 DEBUG - ---The Sip request is:MESSAGE sip:JSR289_TCK@localhost:5060 SIP/2.0
Call-ID: a41eb1bd3c8f6a4d5b112fd4832fa1e0@192.168.1.65
CSeq: 1 MESSAGE
From: "Alice" <sip:alice@192.168.1.65:5071>;tag=1903189007
To: "JSR289_TCK" <sip:JSR289_TCK@localhost:5060>
Via: SIP/2.0/UDP 192.168.1.65:5071;branch=z9hG4bKd1449349c63908139759a25eca99f501
Max-Forwards: 5
Route: "JSR289_TCK" <sip:JSR289_TCK@localhost:5060;lr>,<sip:localhost:5060;transport=udp;lr>
Application-Name: com.bea.sipservlet.tck.apps.apitestapp
Servlet-Name: SipServletRequest
Method-Name: testCreateResponse102
Content-Length: 0

 ---
[2013-04-15 20:24:19,436] SipServletRequestTest:743 DEBUG - the responseEvent=null?javax.sip.ResponseEvent[source=gov.nist.javax.sip.SipProviderImpl@5182e1ac]
SIPUNIT TRACE:  1366053859436  SS.waitRequest() - about to block, waiting
SIPUNIT TRACE:  1366053859447  SipStack: request received !
SIPUNIT TRACE:  1366053859447  SipStack: calling listener
SIPUNIT TRACE:  1366053859447  SipSession: request received !
SIPUNIT TRACE:  1366053859447       me ('To' check) = sip:alice@192.168.1.65
SIPUNIT TRACE:  1366053859447       my local contact info ('Request URI' check) = sip:alice@192.168.1.65:5071;transport=udp;lr
SIPUNIT TRACE:  1366053859447       MESSAGE sip:alice@192.168.1.65:5071 SIP/2.0
To: "Alice" <sip:alice@192.168.1.65:5071>;tag=1903189007
From: <sip:JSR289_TCK@localhost:5060>;tag=emfz10-l09
Via: SIP/2.0/UDP 192.168.1.65:5060;branch=z9hG4bKm1680sh0tlc53fq!e59czccnkg-bm4;maddr=192.168.1.65
Call-ID: 8dj4.o.f-vo+qrfr84h0
Max-Forwards: 70
CSeq: 45170 MESSAGE
Content-Length: 0


SIPUNIT TRACE:  1366053859447  SipSession: notifying block object
SIPUNIT TRACE:  1366053859447  SS.waitRequest() - we've come out of the block
SIPUNIT TRACE:  1366053859447  SS.waitRequest() - either we got the request, or timed out
[2013-04-15 20:24:22,460] SipServletRequestTest:1008 INFO  - === testCreateResponse103() ===
[2013-04-15 20:24:22,461] TestBase:351 DEBUG - === created message:MESSAGE sip:JSR289_TCK@localhost:5060 SIP/2.0
Call-ID: 2e425eeea62f6e1245a97b24ebc70b40@192.168.1.65
CSeq: 1 MESSAGE
From: "Alice" <sip:alice@192.168.1.65:5071>;tag=933843910
To: "JSR289_TCK" <sip:JSR289_TCK@localhost:5060>
Via: SIP/2.0/UDP 192.168.1.65:5071;branch=somebranchvalue
Max-Forwards: 5
Content-Length: 0

 ===
[2013-04-15 20:24:22,467] TestBase:979 DEBUG - ---The Sip request is:MESSAGE sip:JSR289_TCK@localhost:5060 SIP/2.0
Call-ID: 2e425eeea62f6e1245a97b24ebc70b40@192.168.1.65
CSeq: 1 MESSAGE
From: "Alice" <sip:alice@192.168.1.65:5071>;tag=933843910
To: "JSR289_TCK" <sip:JSR289_TCK@localhost:5060>
Via: SIP/2.0/UDP 192.168.1.65:5071;branch=z9hG4bK40781e2b5b1b93ed2f440dff36c6c9e2
Max-Forwards: 5
Route: "JSR289_TCK" <sip:JSR289_TCK@localhost:5060;lr>,<sip:localhost:5060;transport=udp;lr>
Application-Name: com.bea.sipservlet.tck.apps.apitestapp
Servlet-Name: SipServletRequest
Method-Name: testCreateResponse103
Content-Length: 0

 ---
[2013-04-15 20:24:25,483] SipServletRequestTest:1008 INFO  - === testCreateResponse104() ===
[2013-04-15 20:24:25,484] TestBase:351 DEBUG - === created message:MESSAGE sip:JSR289_TCK@localhost:5060 SIP/2.0
Call-ID: b4c51ba45fc3ba8365fe74fc1193deae@192.168.1.65
CSeq: 1 MESSAGE
From: "Alice" <sip:alice@192.168.1.65:5071>;tag=1752838003
To: "JSR289_TCK" <sip:JSR289_TCK@localhost:5060>
Via: SIP/2.0/UDP 192.168.1.65:5071;branch=somebranchvalue
Max-Forwards: 5
Content-Length: 0

 ===
[2013-04-15 20:24:25,488] TestBase:979 DEBUG - ---The Sip request is:MESSAGE sip:JSR289_TCK@localhost:5060 SIP/2.0
Call-ID: b4c51ba45fc3ba8365fe74fc1193deae@192.168.1.65
CSeq: 1 MESSAGE
From: "Alice" <sip:alice@192.168.1.65:5071>;tag=1752838003
To: "JSR289_TCK" <sip:JSR289_TCK@localhost:5060>
Via: SIP/2.0/UDP 192.168.1.65:5071;branch=z9hG4bKb0cc3ddbbf5695d419993c56a5b7e702
Max-Forwards: 5
Route: "JSR289_TCK" <sip:JSR289_TCK@localhost:5060;lr>,<sip:localhost:5060;transport=udp;lr>
Application-Name: com.bea.sipservlet.tck.apps.apitestapp
Servlet-Name: SipServletRequest
Method-Name: testCreateResponse104
Content-Length: 0

 ---
[2013-04-15 20:24:25,494] SipServletRequestTest:793 DEBUG - the responseEvent=null?javax.sip.ResponseEvent[source=gov.nist.javax.sip.SipProviderImpl@3e843ce4]
SIPUNIT TRACE:  1366053865494  SS.waitRequest() - about to block, waiting
SIPUNIT TRACE:  1366053865497  SipStack: request received !
SIPUNIT TRACE:  1366053865497  SipStack: calling listener
SIPUNIT TRACE:  1366053865497  SipSession: request received !
SIPUNIT TRACE:  1366053865497       me ('To' check) = sip:alice@192.168.1.65
SIPUNIT TRACE:  1366053865497       my local contact info ('Request URI' check) = sip:alice@192.168.1.65:5071;transport=udp;lr
SIPUNIT TRACE:  1366053865497       MESSAGE sip:alice@192.168.1.65:5071 SIP/2.0
To: "Alice" <sip:alice@192.168.1.65:5071>;tag=1752838003
From: <sip:JSR289_TCK@localhost:5060>;tag=.b1un_ebsv
Via: SIP/2.0/UDP 192.168.1.65:5060;branch=z9hG4bKdpv14z!_s6x1cvpmb63osg-.!.cwvm;maddr=192.168.1.65
Call-ID: jjbuyc3zooc5lqr3oe5f
Max-Forwards: 70
CSeq: 51220 MESSAGE
Content-Length: 0


SIPUNIT TRACE:  1366053865497  SipSession: notifying block object
SIPUNIT TRACE:  1366053865497  SS.waitRequest() - we've come out of the block
SIPUNIT TRACE:  1366053865497  SS.waitRequest() - either we got the request, or timed out
[2013-04-15 20:24:28,509] SipServletRequestTest:1008 INFO  - === testGetB2buaHelper101() ===
[2013-04-15 20:24:28,510] TestBase:351 DEBUG - === created message:MESSAGE sip:JSR289_TCK@localhost:5060 SIP/2.0
Call-ID: b32738d193e21b3a722660e09c77b206@192.168.1.65
CSeq: 1 MESSAGE
From: "Alice" <sip:alice@192.168.1.65:5071>;tag=502711519
To: "JSR289_TCK" <sip:JSR289_TCK@localhost:5060>
Via: SIP/2.0/UDP 192.168.1.65:5071;branch=somebranchvalue
Max-Forwards: 5
Content-Length: 0

 ===
[2013-04-15 20:24:28,514] TestBase:979 DEBUG - ---The Sip request is:MESSAGE sip:JSR289_TCK@localhost:5060 SIP/2.0
Call-ID: b32738d193e21b3a722660e09c77b206@192.168.1.65
CSeq: 1 MESSAGE
From: "Alice" <sip:alice@192.168.1.65:5071>;tag=502711519
To: "JSR289_TCK" <sip:JSR289_TCK@localhost:5060>
Via: SIP/2.0/UDP 192.168.1.65:5071;branch=z9hG4bKa3f4630e0c1515b2ef8c100439c8ef31
Max-Forwards: 5
Route: "JSR289_TCK" <sip:JSR289_TCK@localhost:5060;lr>,<sip:localhost:5060;transport=udp;lr>
Application-Name: com.bea.sipservlet.tck.apps.apitestapp
Servlet-Name: SipServletRequest
Method-Name: testGetB2buaHelper101
Content-Length: 0

 ---
[2013-04-15 20:24:31,527] SipServletRequestTest:1008 INFO  - === testSetMaxForwards101() ===
[2013-04-15 20:24:31,528] TestBase:351 DEBUG - === created message:MESSAGE sip:JSR289_TCK@localhost:5060 SIP/2.0
Call-ID: 5b8bdb7d4643e789d345574af6cc5471@192.168.1.65
CSeq: 1 MESSAGE
From: "Alice" <sip:alice@192.168.1.65:5071>;tag=1249581034
To: "JSR289_TCK" <sip:JSR289_TCK@localhost:5060>
Via: SIP/2.0/UDP 192.168.1.65:5071;branch=somebranchvalue
Max-Forwards: 5
Content-Length: 0

 ===
[2013-04-15 20:24:31,533] TestBase:979 DEBUG - ---The Sip request is:MESSAGE sip:JSR289_TCK@localhost:5060 SIP/2.0
Call-ID: 5b8bdb7d4643e789d345574af6cc5471@192.168.1.65
CSeq: 1 MESSAGE
From: "Alice" <sip:alice@192.168.1.65:5071>;tag=1249581034
To: "JSR289_TCK" <sip:JSR289_TCK@localhost:5060>
Via: SIP/2.0/UDP 192.168.1.65:5071;branch=z9hG4bK43607b20ee978eb8fde9e16e4a182030
Max-Forwards: 5
Route: "JSR289_TCK" <sip:JSR289_TCK@localhost:5060;lr>,<sip:localhost:5060;transport=udp;lr>
Application-Name: com.bea.sipservlet.tck.apps.apitestapp
Servlet-Name: SipServletRequest
Method-Name: testSetMaxForwards101
Content-Length: 0

 ---
[2013-04-15 20:24:34,549] SipServletRequestTest:1008 INFO  - === testSetRequestURI101() ===
[2013-04-15 20:24:34,549] TestBase:351 DEBUG - === created message:MESSAGE sip:JSR289_TCK@localhost:5060 SIP/2.0
Call-ID: 1d17d163c88d6b35c94a850c8beef694@192.168.1.65
CSeq: 1 MESSAGE
From: "Alice" <sip:alice@192.168.1.65:5071>;tag=1637348598
To: "JSR289_TCK" <sip:JSR289_TCK@localhost:5060>
Via: SIP/2.0/UDP 192.168.1.65:5071;branch=somebranchvalue
Max-Forwards: 5
Content-Length: 0

 ===
[2013-04-15 20:24:34,554] TestBase:979 DEBUG - ---The Sip request is:MESSAGE sip:JSR289_TCK@localhost:5060 SIP/2.0
Call-ID: 1d17d163c88d6b35c94a850c8beef694@192.168.1.65
CSeq: 1 MESSAGE
From: "Alice" <sip:alice@192.168.1.65:5071>;tag=1637348598
To: "JSR289_TCK" <sip:JSR289_TCK@localhost:5060>
Via: SIP/2.0/UDP 192.168.1.65:5071;branch=z9hG4bK7d9e78885fa7877c7a4906fbf61c7d75
Max-Forwards: 5
Route: "JSR289_TCK" <sip:JSR289_TCK@localhost:5060;lr>,<sip:localhost:5060;transport=udp;lr>
Application-Name: com.bea.sipservlet.tck.apps.apitestapp
Servlet-Name: SipServletRequest
Method-Name: testSetRequestURI101
Content-Length: 0

 ---
[2013-04-15 20:24:37,567] SipServletRequestTest:1008 INFO  - === testGetProxy101() ===
[2013-04-15 20:24:37,567] TestBase:351 DEBUG - === created message:MESSAGE sip:JSR289_TCK@localhost:5060 SIP/2.0
Call-ID: 13185e79e2c9021d4793e203e44310f4@192.168.1.65
CSeq: 1 MESSAGE
From: "Alice" <sip:alice@192.168.1.65:5071>;tag=1465798019
To: "JSR289_TCK" <sip:JSR289_TCK@localhost:5060>
Via: SIP/2.0/UDP 192.168.1.65:5071;branch=somebranchvalue
Max-Forwards: 5
Content-Length: 0

 ===
[2013-04-15 20:24:40,588] SipServletRequestTest:1008 INFO  - === testGetProxy102() ===
[2013-04-15 20:24:40,589] TestBase:351 DEBUG - === created message:MESSAGE sip:JSR289_TCK@localhost:5060 SIP/2.0
Call-ID: 4b0049435afe2fb2a9ee56d55c2ece1c@192.168.1.65
CSeq: 1 MESSAGE
From: "Alice" <sip:alice@192.168.1.65:5071>;tag=422009176
To: "JSR289_TCK" <sip:JSR289_TCK@localhost:5060>
Via: SIP/2.0/UDP 192.168.1.65:5071;branch=somebranchvalue
Max-Forwards: 5
Content-Length: 0

 ===
[2013-04-15 20:24:40,592] TestBase:979 DEBUG - ---The Sip request is:MESSAGE sip:JSR289_TCK@localhost:5060 SIP/2.0
Call-ID: 4b0049435afe2fb2a9ee56d55c2ece1c@192.168.1.65
CSeq: 1 MESSAGE
From: "Alice" <sip:alice@192.168.1.65:5071>;tag=422009176
To: "JSR289_TCK" <sip:JSR289_TCK@localhost:5060>
Via: SIP/2.0/UDP 192.168.1.65:5071;branch=z9hG4bK9842672349233180afded022f8e6fff2
Max-Forwards: 5
Route: "JSR289_TCK" <sip:JSR289_TCK@localhost:5060;lr>,<sip:localhost:5060;transport=udp;lr>
Application-Name: com.bea.sipservlet.tck.apps.apitestapp
Servlet-Name: SipServletRequest
Method-Name: testGetProxy102
Content-Length: 0

 ---
[2013-04-15 20:24:40,598] TestBase:595 DEBUG - the responseEvent=null?javax.sip.ResponseEvent[source=gov.nist.javax.sip.SipProviderImpl@699c93f4]
SIPUNIT TRACE:  1366053880599  SS.waitRequest() - about to block, waiting
SIPUNIT TRACE:  1366053880602  SipStack: request received !
SIPUNIT TRACE:  1366053880602  SipStack: calling listener
SIPUNIT TRACE:  1366053880602  SipSession: request received !
SIPUNIT TRACE:  1366053880602       me ('To' check) = sip:alice@192.168.1.65
SIPUNIT TRACE:  1366053880602       my local contact info ('Request URI' check) = sip:alice@192.168.1.65:5071;transport=udp;lr
SIPUNIT TRACE:  1366053880602       MESSAGE sip:alice@192.168.1.65:5071 SIP/2.0
To: <sip:alice@192.168.1.65:5071>
From: <sip:JSR289_TCK@localhost:5060>;tag=!+6_35j1j9
Via: SIP/2.0/UDP 192.168.1.65:5060;branch=z9hG4bKhtk+k4k0gf!gk+mup3dm9cf._nmu0.;maddr=192.168.1.65
Call-ID: g22p4l0w8.6s90_atr6k
Max-Forwards: 70
CSeq: 789 MESSAGE
Content-Length: 0


SIPUNIT TRACE:  1366053880602  SipSession: notifying block object
SIPUNIT TRACE:  1366053880602  SS.waitRequest() - we've come out of the block
SIPUNIT TRACE:  1366053880602  SS.waitRequest() - either we got the request, or timed out
[2013-04-15 20:24:43,613] SipServletRequestTest:1008 INFO  - === testGetProxy103() ===
[2013-04-15 20:24:43,614] TestBase:351 DEBUG - === created message:MESSAGE sip:JSR289_TCK@localhost:5060 SIP/2.0
Call-ID: 98afaec9a7e292f3e607660c84176098@192.168.1.65
CSeq: 1 MESSAGE
From: "Alice" <sip:alice@192.168.1.65:5071>;tag=11966680
To: "JSR289_TCK" <sip:JSR289_TCK@localhost:5060>
Via: SIP/2.0/UDP 192.168.1.65:5071;branch=somebranchvalue
Max-Forwards: 5
Content-Length: 0

 ===
[2013-04-15 20:24:46,634] TestBase:351 DEBUG - === created message:MESSAGE sip:JSR289_TCK@localhost:5060 SIP/2.0
Call-ID: ba32562789aa5a73ebaa0f6977636250@192.168.1.65
CSeq: 1 MESSAGE
From: "Alice" <sip:alice@192.168.1.65:5071>;tag=228589038
To: "JSR289_TCK" <sip:JSR289_TCK@localhost:5060>
Via: SIP/2.0/UDP 192.168.1.65:5071;branch=somebranchvalue
Max-Forwards: 5
Content-Length: 0

 ===
[2013-04-15 20:24:46,640] TestBase:979 DEBUG - ---The Sip request is:MESSAGE sip:JSR289_TCK@localhost:5060 SIP/2.0
Call-ID: ba32562789aa5a73ebaa0f6977636250@192.168.1.65
CSeq: 1 MESSAGE
From: "Alice" <sip:alice@192.168.1.65:5071>;tag=228589038
To: "JSR289_TCK" <sip:JSR289_TCK@localhost:5060>
Via: SIP/2.0/UDP 192.168.1.65:5071;branch=z9hG4bK57aa18aecfece38a3f903d2b67caa85f
Max-Forwards: 5
Route: "JSR289_TCK" <sip:JSR289_TCK@localhost:5060;lr>,<sip:localhost:5060;transport=udp;lr>
Application-Name: com.bea.sipservlet.tck.apps.apitestapp
Servlet-Name: SipServletRequest
Method-Name: testGetProxy104
Content-Length: 0

 ---
[2013-04-15 20:24:46,647] TestBase:595 DEBUG - the responseEvent=null?javax.sip.ResponseEvent[source=gov.nist.javax.sip.SipProviderImpl@69ed8c20]
SIPUNIT TRACE:  1366053886648  SS.waitRequest() - about to block, waiting
SIPUNIT TRACE:  1366053886650  SipStack: request received !
SIPUNIT TRACE:  1366053886650  SipStack: calling listener
SIPUNIT TRACE:  1366053886650  SipSession: request received !
SIPUNIT TRACE:  1366053886650       me ('To' check) = sip:alice@192.168.1.65
SIPUNIT TRACE:  1366053886650       my local contact info ('Request URI' check) = sip:alice@192.168.1.65:5071;transport=udp;lr
SIPUNIT TRACE:  1366053886650       MESSAGE sip:alice@192.168.1.65:5071 SIP/2.0
To: <sip:alice@192.168.1.65:5071>
From: <sip:JSR289_TCK@localhost:5060>;tag=eluqteh97w
Via: SIP/2.0/UDP 192.168.1.65:5060;branch=z9hG4bK7v9bfzls.fia_4lyzyuvz_diocghzj;maddr=192.168.1.65
Call-ID: 6er1+w2b-1ma8-gqecy1
Max-Forwards: 70
CSeq: 6837 MESSAGE
Content-Length: 0


SIPUNIT TRACE:  1366053886650  SipSession: notifying block object
SIPUNIT TRACE:  1366053886650  SS.waitRequest() - we've come out of the block
SIPUNIT TRACE:  1366053886650  SS.waitRequest() - either we got the request, or timed out
[2013-04-15 20:24:49,663] SipServletRequestTest:1008 INFO  - === testGetRoutingDirective101() ===
SIPUNIT TRACE:  1366053889669  INVITE after sending out through stack..........
SIPUNIT TRACE:  1366053889669  INVITE sip:JSR289_TCK@localhost:5060 SIP/2.0
Call-ID: a6d5e41a8231a2b88db51e3e45e05299@192.168.1.65
CSeq: 1 INVITE
From: <sip:alice@192.168.1.65>;tag=1864238679
To: <sip:JSR289_TCK@localhost:5060>
Via: SIP/2.0/UDP 192.168.1.65:5071;branch=z9hG4bKf5bb1dda26dc2f55777247c06eb02de2
Max-Forwards: 70
Contact: <sip:alice@192.168.1.65:5071;transport=udp;lr>
Route: <sip:localhost:5060;lr;transport=udp>
Servlet-Name: SipServletRequest
Method-Name: testGetRoutingDirective101
Application-Name: com.bea.sipservlet.tck.apps.apitestapp
Content-Length: 0


SIPUNIT TRACE:  1366053889669  RouteHeader address: <sip:localhost:5060;lr;transport=udp>
SIPUNIT TRACE:  1366053889676  Outgoing call response received: SIP/2.0 100 Trying
To: <sip:JSR289_TCK@localhost:5060>
From: <sip:alice@192.168.1.65>;tag=1864238679
Via: SIP/2.0/UDP 192.168.1.65:5071;branch=z9hG4bKf5bb1dda26dc2f55777247c06eb02de2
Call-ID: a6d5e41a8231a2b88db51e3e45e05299@192.168.1.65
Server: Elaina
CSeq: 1 INVITE
Content-Length: 0


SIPUNIT TRACE:  1366053889681  Outgoing call response received: SIP/2.0 200 OK
To: <sip:JSR289_TCK@localhost:5060>;tag=025t7jhq+l
From: <sip:alice@192.168.1.65>;tag=1864238679
Via: SIP/2.0/UDP 192.168.1.65:5071;branch=z9hG4bKf5bb1dda26dc2f55777247c06eb02de2
Call-ID: a6d5e41a8231a2b88db51e3e45e05299@192.168.1.65
Server: Elaina
CSeq: 1 INVITE
Content-Length: 0


SIPUNIT TRACE:  1366053889794  Asynchronous response received: SIP/2.0 200 OK
To: <sip:JSR289_TCK@localhost:5060>;tag=025t7jhq+l
From: <sip:alice@192.168.1.65>;tag=1864238679
Via: SIP/2.0/UDP 192.168.1.65:5071;branch=z9hG4bK6d2714073451756150b496b1c6f048d0
Call-ID: a6d5e41a8231a2b88db51e3e45e05299@192.168.1.65
Server: Elaina
CSeq: 2 BYE
Content-Length: 0


[2013-04-15 20:24:53,801] SipServletRequestTest:1008 INFO  - === testSetRoutingDirective101() ===
SIPUNIT TRACE:  1366053893806  INVITE after sending out through stack..........
SIPUNIT TRACE:  1366053893806  INVITE sip:JSR289_TCK@localhost:5060 SIP/2.0
Call-ID: 20a1b113533e7c9a740d1c391eb8ebcf@192.168.1.65
CSeq: 1 INVITE
From: <sip:alice@192.168.1.65>;tag=1581588183
To: <sip:JSR289_TCK@localhost:5060>
Via: SIP/2.0/UDP 192.168.1.65:5071;branch=z9hG4bKb5385e68ba03ea7426755dbecb294610
Max-Forwards: 70
Contact: <sip:alice@192.168.1.65:5071;transport=udp;lr>
Route: <sip:localhost:5060;lr;transport=udp>
Servlet-Name: SipServletRequest
Method-Name: testSetRoutingDirective101
Application-Name: com.bea.sipservlet.tck.apps.apitestapp
Content-Length: 0


SIPUNIT TRACE:  1366053893806  RouteHeader address: <sip:localhost:5060;lr;transport=udp>
SIPUNIT TRACE:  1366053893811  Outgoing call response received: SIP/2.0 100 Trying
To: <sip:JSR289_TCK@localhost:5060>
From: <sip:alice@192.168.1.65>;tag=1581588183
Via: SIP/2.0/UDP 192.168.1.65:5071;branch=z9hG4bKb5385e68ba03ea7426755dbecb294610
Call-ID: 20a1b113533e7c9a740d1c391eb8ebcf@192.168.1.65
Server: Elaina
CSeq: 1 INVITE
Content-Length: 0


SIPUNIT TRACE:  1366053893816  Outgoing call response received: SIP/2.0 200 OK
To: <sip:JSR289_TCK@localhost:5060>;tag=48yr.-o31h
From: <sip:alice@192.168.1.65>;tag=1581588183
Via: SIP/2.0/UDP 192.168.1.65:5071;branch=z9hG4bKb5385e68ba03ea7426755dbecb294610
Call-ID: 20a1b113533e7c9a740d1c391eb8ebcf@192.168.1.65
Server: Elaina
CSeq: 1 INVITE
Content-Length: 0


SIPUNIT TRACE:  1366053893934  Asynchronous response received: SIP/2.0 200 OK
To: <sip:JSR289_TCK@localhost:5060>;tag=48yr.-o31h
From: <sip:alice@192.168.1.65>;tag=1581588183
Via: SIP/2.0/UDP 192.168.1.65:5071;branch=z9hG4bK03abd7e5a71cb4c61aa0f70f2ced2791
Call-ID: 20a1b113533e7c9a740d1c391eb8ebcf@192.168.1.65
Server: Elaina
CSeq: 2 BYE
Content-Length: 0


]]></system-out>
  <system-err><![CDATA[]]></system-err>
</testsuite>
