<?xml version="1.0" encoding="UTF-8" ?>
<testsuite errors="0" failures="5" name="com.bea.sipservlet.tck.agents.api.javax_servlet_sip.SipServletTest" tests="12" time="98.015">
  <properties>
    <property name="java.vendor" value="Oracle Corporation" />
    <property name="env.SIPUNIT_LIB" value="/Users/andrew/Documents/reference/sip/sipservlet-1_1-tck/tck/../sipunit/lib" />
    <property name="env.SIGNATURE_FILE_NAME" value="/Users/andrew/Documents/reference/sip/sipservlet-1_1-tck/tck/bin/jsr289_api.sig" />
    <property name="sun.java.launcher" value="SUN_STANDARD" />
    <property name="env.TCK_LIB" value="/Users/andrew/Documents/reference/sip/sipservlet-1_1-tck/tck/../tck/lib" />
    <property name="sun.management.compiler" value="HotSpot 64-Bit Tiered Compilers" />
    <property name="spec.report" value="/Users/andrew/Documents/reference/sip/sipservlet-1_1-tck/tck/report/spec_report" />
    <property name="lib" value="/Users/andrew/Documents/reference/sip/sipservlet-1_1-tck/tck/lib" />
    <property name="env.TCK_DIRECTORY" value="/Users/andrew/Documents/reference/sip/sipservlet-1_1-tck/tck" />
    <property name="os.name" value="Mac OS X" />
    <property name="sun.boot.class.path" value="/Library/Java/JavaVirtualMachines/jdk1.7.0_10.jdk/Contents/Home/jre/lib/resources.jar:/Library/Java/JavaVirtualMachines/jdk1.7.0_10.jdk/Contents/Home/jre/lib/rt.jar:/Library/Java/JavaVirtualMachines/jdk1.7.0_10.jdk/Contents/Home/jre/lib/sunrsasign.jar:/Library/Java/JavaVirtualMachines/jdk1.7.0_10.jdk/Contents/Home/jre/lib/jsse.jar:/Library/Java/JavaVirtualMachines/jdk1.7.0_10.jdk/Contents/Home/jre/lib/jce.jar:/Library/Java/JavaVirtualMachines/jdk1.7.0_10.jdk/Contents/Home/jre/lib/charsets.jar:/Library/Java/JavaVirtualMachines/jdk1.7.0_10.jdk/Contents/Home/jre/lib/jfr.jar:/Library/Java/JavaVirtualMachines/jdk1.7.0_10.jdk/Contents/Home/jre/lib/JObjC.jar:/Library/Java/JavaVirtualMachines/jdk1.7.0_10.jdk/Contents/Home/jre/classes" />
    <property name="env.TMPDIR" value="/var/folders/qt/j9kz_nw12bqfytwz9kfyjvq00000gn/T/" />
    <property name="env.Apple_Ubiquity_Message" value="/tmp/launch-s2GBEw/Apple_Ubiquity_Message" />
    <property name="env.SIPUNIT_DIRECTORY" value="/Users/andrew/Documents/reference/sip/sipservlet-1_1-tck/sipunit" />
    <property name="env.PWD" value="/Users/andrew/Documents/reference/sip/sipservlet-1_1-tck/tck" />
    <property name="user.country.format" value="GB" />
    <property name="report" value="/Users/andrew/Documents/reference/sip/sipservlet-1_1-tck/tck/report" />
    <property name="env.LANG" value="en_GB.UTF-8" />
    <property name="signature.report" value="/Users/andrew/Documents/reference/sip/sipservlet-1_1-tck/tck/report/sig_report" />
    <property name="java.vm.specification.vendor" value="Oracle Corporation" />
    <property name="ant.home" value="/usr/share/ant" />
    <property name="java.runtime.version" value="1.7.0_10-ea-b09" />
    <property name="env.TCK_HOME" value="/Users/andrew/Documents/reference/sip/sipservlet-1_1-tck/tck/../tck" />
    <property name="env.Apple_PubSub_Socket_Render" value="/tmp/launch-w5MTVj/Render" />
    <property name="approuter.src" value="com/bea/sipservlet/tck/ar" />
    <property name="user.name" value="andrew" />
    <property name="env.USER" value="andrew" />
    <property name="env.SHELL" value="/bin/bash" />
    <property name="env.__CF_USER_TEXT_ENCODING" value="0x1F5:0:0" />
    <property name="env.XMLLINT_INDENT" value="    " />
    <property name="env.PATH" value="/Library/Java/JavaVirtualMachines/jdk1.7.0_10.jdk/Contents/Home/jre/bin:/usr/share/ant/bin:/usr/bin:/bin:/usr/sbin:/sbin:/usr/local/bin" />
    <property name="user.language" value="en" />
    <property name="build" value="/Users/andrew/Documents/reference/sip/sipservlet-1_1-tck/tck/build" />
    <property name="sun.boot.library.path" value="/Library/Java/JavaVirtualMachines/jdk1.7.0_10.jdk/Contents/Home/jre/lib" />
    <property name="ant.project.default-target" value="usage" />
    <property name="ant.project.name" value="SIP Servlet 1.1 API Technology Compatibility Kit (TCK)" />
    <property name="env.REPORT_HOME" value="/Users/andrew/Documents/reference/sip/sipservlet-1_1-tck/tck/../tck/report" />
    <property name="java.version" value="1.7.0_10-ea" />
    <property name="classes" value="/Users/andrew/Documents/reference/sip/sipservlet-1_1-tck/tck/build/classes" />
    <property name="user.timezone" value="" />
    <property name="apiapp.dir" value="/Users/andrew/Documents/reference/sip/sipservlet-1_1-tck/tck/applications/apitestapp" />
    <property name="tck.zip" value="../sipservlet-1_1-tck.zip" />
    <property name="sun.arch.data.model" value="64" />
    <property name="log4j" value="/Users/andrew/Documents/reference/sip/sipservlet-1_1-tck/tck/conf/log4j.properties" />
    <property name="http.nonProxyHosts" value="local|*.local|169.254/16|*.169.254/16" />
    <property name="java.endorsed.dirs" value="/Library/Java/JavaVirtualMachines/jdk1.7.0_10.jdk/Contents/Home/jre/lib/endorsed" />
    <property name="signaturefile" value="jsr289_api.sig" />
    <property name="sun.cpu.isalist" value="" />
    <property name="sun.jnu.encoding" value="UTF-8" />
    <property name="file.encoding.pkg" value="sun.io" />
    <property name="env.SHLVL" value="2" />
    <property name="file.separator" value="/" />
    <property name="java.specification.name" value="Java Platform API Specification" />
    <property name="java.class.version" value="51.0" />
    <property name="src" value="/Users/andrew/Documents/reference/sip/sipservlet-1_1-tck/tck/src" />
    <property name="sipunit.dir" value="../sipunit" />
    <property name="ar.build" value="/Users/andrew/Documents/reference/sip/sipservlet-1_1-tck/tck/build/ar-build" />
    <property name="user.country" value="US" />
    <property name="java.home" value="/Library/Java/JavaVirtualMachines/jdk1.7.0_10.jdk/Contents/Home/jre" />
    <property name="dist.dir" value="/Users/andrew/Documents/reference/sip/sipservlet-1_1-tck/tck/dist" />
    <property name="java.vm.info" value="mixed mode" />
    <property name="env.LOGNAME" value="andrew" />
    <property name="ant.file" value="/Users/andrew/Documents/reference/sip/sipservlet-1_1-tck/tck/build.xml" />
    <property name="os.version" value="10.8.3" />
    <property name="env.TERM_PROGRAM_VERSION" value="309" />
    <property name="path.separator" value=":" />
    <property name="java.vm.version" value="23.6-b03" />
    <property name="ant.library.dir" value="/usr/share/ant/lib" />
    <property name="env.SIPUNIT_HOME" value="/Users/andrew/Documents/reference/sip/sipservlet-1_1-tck/tck/../sipunit" />
    <property name="env.JAVA_HOME" value="/Library/Java/JavaVirtualMachines/jdk1.7.0_10.jdk/Contents/Home" />
    <property name="env.SIGCONFIG" value="/Users/andrew/Documents/reference/sip/sipservlet-1_1-tck/tck/conf/signature.properties" />
    <property name="env.TERM" value="xterm-256color" />
    <property name="java.awt.printerjob" value="sun.lwawt.macosx.CPrinterJob" />
    <property name="env.SIGTEST_LIB" value="/Users/andrew/Documents/reference/sip/sipservlet-1_1-tck/tck/../tck/lib/sigtest.jar" />
    <property name="sun.io.unicode.encoding" value="UnicodeBig" />
    <property name="ant.file.SIP Servlet 1.1 API Technology Compatibility Kit (TCK)" value="/Users/andrew/Documents/reference/sip/sipservlet-1_1-tck/tck/build.xml" />
    <property name="awt.toolkit" value="sun.lwawt.macosx.LWCToolkit" />
    <property name="socksNonProxyHosts" value="local|*.local|169.254/16|*.169.254/16" />
    <property name="ftp.nonProxyHosts" value="local|*.local|169.254/16|*.169.254/16" />
    <property name="env.APIJAR" value="/Users/andrew/Documents/reference/sip/sipservlet-1_1-tck/tck/../tck/lib/servlet-2_5-api.jar:/Users/andrew/Documents/reference/sip/sipservlet-1_1-tck/tck/../tck/lib/sipservlet-1_1-api.jar" />
    <property name="user.home" value="/Users/andrew" />
    <property name="env.CLASSPATH" value="/Library/Java/JavaVirtualMachines/jdk1.7.0_10.jdk/Contents/Home/lib/tools.jar:/Users/andrew/Documents/reference/sip/sipservlet-1_1-tck/tck/../tck/lib/tck-junit.jar:/Users/andrew/Documents/reference/sip/sipservlet-1_1-tck/tck/../sipunit/lib/junit.jar:/Users/andrew/Documents/reference/sip/sipservlet-1_1-tck/tck/../tck/lib/sigtest.jar:/Users/andrew/Documents/reference/sip/sipservlet-1_1-tck/tck/../tck/conf" />
    <property name="java.specification.vendor" value="Oracle Corporation" />
    <property name="env.TERM_PROGRAM" value="Apple_Terminal" />
    <property name="env.TCKJUNIT_LIB" value="/Users/andrew/Documents/reference/sip/sipservlet-1_1-tck/tck/../tck/lib/tck-junit.jar" />
    <property name="java.library.path" value="/Users/andrew/Library/Java/Extensions:/Library/Java/Extensions:/Network/Library/Java/Extensions:/System/Library/Java/Extensions:/usr/lib/java:." />
    <property name="java.vendor.url" value="http://java.oracle.com/" />
    <property name="gopherProxySet" value="false" />
    <property name="java.vm.vendor" value="Oracle Corporation" />
    <property name="java.runtime.name" value="Java(TM) SE Runtime Environment" />
    <property name="java.class.path" value="/Users/andrew/Documents/reference/sip/sipservlet-1_1-tck/tck/lib/ant-contrib-1.0b3.jar:/Users/andrew/Documents/reference/sip/sipservlet-1_1-tck/tck/lib/javax.annotation_1.0.jar:/Users/andrew/Documents/reference/sip/sipservlet-1_1-tck/tck/lib/servlet-2_5-api.jar:/Users/andrew/Documents/reference/sip/sipservlet-1_1-tck/tck/lib/sigtest.jar:/Users/andrew/Documents/reference/sip/sipservlet-1_1-tck/tck/lib/sipservlet-1_1-api.jar:/Users/andrew/Documents/reference/sip/sipservlet-1_1-tck/tck/lib/sipunit.jar:/Users/andrew/Documents/reference/sip/sipservlet-1_1-tck/tck/lib/tck-junit.jar:/Users/andrew/Documents/reference/sip/sipservlet-1_1-tck/sipunit/lib/JainSipApi1.2.jar:/Users/andrew/Documents/reference/sip/sipservlet-1_1-tck/sipunit/lib/JainSipRi1.2.jar:/Users/andrew/Documents/reference/sip/sipservlet-1_1-tck/sipunit/lib/concurrent.jar:/Users/andrew/Documents/reference/sip/sipservlet-1_1-tck/sipunit/lib/dom.jar:/Users/andrew/Documents/reference/sip/sipservlet-1_1-tck/sipunit/lib/jax-qname.jar:/Users/andrew/Documents/reference/sip/sipservlet-1_1-tck/sipunit/lib/jaxb-api.jar:/Users/andrew/Documents/reference/sip/sipservlet-1_1-tck/sipunit/lib/jaxb-impl.jar:/Users/andrew/Documents/reference/sip/sipservlet-1_1-tck/sipunit/lib/jaxb-libs.jar:/Users/andrew/Documents/reference/sip/sipservlet-1_1-tck/sipunit/lib/junit.jar:/Users/andrew/Documents/reference/sip/sipservlet-1_1-tck/sipunit/lib/log4j-1.2.8.jar:/Users/andrew/Documents/reference/sip/sipservlet-1_1-tck/sipunit/lib/namespace.jar:/Users/andrew/Documents/reference/sip/sipservlet-1_1-tck/sipunit/lib/nist-sdp-1.0.jar:/Users/andrew/Documents/reference/sip/sipservlet-1_1-tck/sipunit/lib/relaxngDatatype.jar:/Users/andrew/Documents/reference/sip/sipservlet-1_1-tck/sipunit/lib/tracesviewer.jar:/Users/andrew/Documents/reference/sip/sipservlet-1_1-tck/sipunit/lib/xalan.jar:/Users/andrew/Documents/reference/sip/sipservlet-1_1-tck/sipunit/lib/xercesImpl.jar:/Users/andrew/Documents/reference/sip/sipservlet-1_1-tck/sipunit/lib/xsdlib.jar:/Users/andrew/Documents/reference/sip/sipservlet-1_1-tck/tck/build/classes:/Library/Java/JavaVirtualMachines/jdk1.7.0_10.jdk/Contents/Home/lib/tools.jar:/Users/andrew/Documents/reference/sip/sipservlet-1_1-tck/tck/conf:/usr/share/java/ant-1.8.2/lib/ant-launcher.jar:/usr/share/ant/lib/ant.jar:/usr/share/ant/lib/ant-junit.jar" />
    <property name="sun.java.command" value="com.bea.wcp.ant.ext.junit.TckJUnitTestRunner com.bea.sipservlet.tck.agents.api.javax_servlet_sip.SipServletTest filtertrace=true haltOnError=false haltOnFailure=false formatter=org.apache.tools.ant.taskdefs.optional.junit.SummaryJUnitResultFormatter showoutput=false formatter=com.bea.wcp.ant.ext.junit.TckXMLFormatter,/Users/andrew/Documents/reference/sip/sipservlet-1_1-tck/tck/report/api_report/TEST-com.bea.sipservlet.tck.agents.api.javax_servlet_sip.SipServletTest.xml propsfile=/Users/andrew/Documents/reference/sip/sipservlet-1_1-tck/tck/junit230292284.properties" />
    <property name="ant.version" value="Apache Ant(TM) version 1.8.2 compiled on June 20 2012" />
    <property name="env.TERM_SESSION_ID" value="992028FA-2937-460F-90A8-E989AB5B64C8" />
    <property name="env.JSR289TCK_HOME" value="/Users/andrew/Documents/reference/sip/sipservlet-1_1-tck/tck/.." />
    <property name="env.JBOSS_HOME" value="/opt/jboss-eap-6.1" />
    <property name="signature.property" value="/Users/andrew/Documents/reference/sip/sipservlet-1_1-tck/tck/conf/signature.properties" />
    <property name="jsr289.dir" value=".." />
    <property name="api.report" value="/Users/andrew/Documents/reference/sip/sipservlet-1_1-tck/tck/report/api_report" />
    <property name="java.vm.specification.name" value="Java Virtual Machine Specification" />
    <property name="env.JAVA_MAIN_CLASS_54325" value="org.apache.tools.ant.launch.Launcher" />
    <property name="ant.file.type" value="file" />
    <property name="java.vm.specification.version" value="1.7" />
    <property name="conf" value="/Users/andrew/Documents/reference/sip/sipservlet-1_1-tck/tck/conf" />
    <property name="sun.cpu.endian" value="little" />
    <property name="sun.os.patch.level" value="unknown" />
    <property name="env.HOME" value="/Users/andrew" />
    <property name="env.ANT_HOME" value="/usr/share/ant" />
    <property name="java.io.tmpdir" value="/var/folders/qt/j9kz_nw12bqfytwz9kfyjvq00000gn/T/" />
    <property name="java.vendor.url.bug" value="http://bugreport.sun.com/bugreport/" />
    <property name="env.SSH_AUTH_SOCK" value="/tmp/launch-JxY2DM/Listeners" />
    <property name="env.MAVEN_OPTS" value="-Xmx512M -XX:MaxPermSize=512M" />
    <property name="signature.report.filename" value="jsr289SignatureReport.txt" />
    <property name="env.COMMAND_MODE" value="unix2003" />
    <property name="applications.src.dir" value="/Users/andrew/Documents/reference/sip/sipservlet-1_1-tck/tck/applications/spectestapps/ar-continue,/Users/andrew/Documents/reference/sip/sipservlet-1_1-tck/tck/applications/spectestapps/ar-internalroutemodifier,/Users/andrew/Documents/reference/sip/sipservlet-1_1-tck/tck/applications/spectestapps/ar-reverse,/Users/andrew/Documents/reference/sip/sipservlet-1_1-tck/tck/applications/spectestapps/ar-suburiregion,/Users/andrew/Documents/reference/sip/sipservlet-1_1-tck/tck/applications/spectestapps/ar-success,/Users/andrew/Documents/reference/sip/sipservlet-1_1-tck/tck/applications/spectestapps/uas,/Users/andrew/Documents/reference/sip/sipservlet-1_1-tck/tck/applications/spectestapps/uac,/Users/andrew/Documents/reference/sip/sipservlet-1_1-tck/tck/applications/spectestapps/b2bua,/Users/andrew/Documents/reference/sip/sipservlet-1_1-tck/tck/applications/spectestapps/proxy" />
    <property name="os.arch" value="x86_64" />
    <property name="java.awt.graphicsenv" value="sun.awt.CGraphicsEnvironment" />
    <property name="java.ext.dirs" value="/Users/andrew/Library/Java/Extensions:/Library/Java/JavaVirtualMachines/jdk1.7.0_10.jdk/Contents/Home/jre/lib/ext:/Library/Java/Extensions:/Network/Library/Java/Extensions:/System/Library/Java/Extensions:/usr/lib/java" />
    <property name="ar.appname" value="/Users/andrew/Documents/reference/sip/sipservlet-1_1-tck/tck/dist/tck-approuter.jar" />
    <property name="user.dir" value="/Users/andrew/Documents/reference/sip/sipservlet-1_1-tck/tck" />
    <property name="applications.dir" value="/Users/andrew/Documents/reference/sip/sipservlet-1_1-tck/tck/applications" />
    <property name="line.separator" value="&#xa;" />
    <property name="java.vm.name" value="Java HotSpot(TM) 64-Bit Server VM" />
    <property name="ant.file.type.SIP Servlet 1.1 API Technology Compatibility Kit (TCK)" value="file" />
    <property name="env.RJAR_HOME" value="/Users/andrew/Dev/rjar/" />
    <property name="basedir" value="/Users/andrew/Documents/reference/sip/sipservlet-1_1-tck/tck" />
    <property name="ant.java.version" value="1.7" />
    <property name="ant.core.lib" value="/usr/share/ant/lib/ant.jar" />
    <property name="env.SIGNATURE_REPORT_NAME" value="jsr289SignatureReport.txt" />
    <property name="file.encoding" value="UTF-8" />
    <property name="env.SIGREPORT_HOME" value="/Users/andrew/Documents/reference/sip/sipservlet-1_1-tck/tck/../tck/report/sig_report" />
    <property name="env.JUNIT_LIB" value="/Users/andrew/Documents/reference/sip/sipservlet-1_1-tck/tck/../sipunit/lib/junit.jar" />
    <property name="java.specification.version" value="1.7" />
    <property name="env.REFERENCE_JAR" value="/Users/andrew/Documents/reference/sip/sipservlet-1_1-tck/tck/lib/sigtest.jar" />
    <property name="ant.project.invoked-targets" value="run-api-tests" />
    <property name="tck.earname" value="/Users/andrew/Documents/reference/sip/sipservlet-1_1-tck/tck/dist/tck-apps.ear" />
  </properties>
  <testcase assertions="[SipServlet:JAVADOC:SipServlet4] - SipServlet receive Cancel" classname="com.bea.sipservlet.tck.agents.api.javax_servlet_sip.SipServletTest" name="testDoCancel001" time="13.436" />
  <testcase assertions="[SipServlet:JAVADOC:SipServlet5] - SipServlet receive 4xx Error Response" classname="com.bea.sipservlet.tck.agents.api.javax_servlet_sip.SipServletTest" name="testDoErrorResponse001" time="13.033">
    <failure type="junit.framework.AssertionFailedError">junit.framework.AssertionFailedError
	at com.bea.sipservlet.tck.agents.api.javax_servlet_sip.SipServletTest.testDoErrorResponse001(SipServletTest.java:358)
	at com.bea.wcp.ant.ext.junit.TestHandler.runTest(TestHandler.java:73)
	at com.bea.wcp.ant.ext.junit.TestHandler.run(TestHandler.java:58)
	at com.bea.wcp.ant.ext.junit.TestHandler.invoke(TestHandler.java:34)
	at $Proxy0.run(Unknown Source)
	at com.bea.wcp.ant.ext.junit.TestProxy.run(TestProxy.java:24)
	at com.bea.wcp.ant.ext.junit.TckJUnitTestRunner.run(TckJUnitTestRunner.java:272)
	at com.bea.wcp.ant.ext.junit.TckJUnitTestRunner.launch(TckJUnitTestRunner.java:647)
	at com.bea.wcp.ant.ext.junit.TckJUnitTestRunner.main(TckJUnitTestRunner.java:542)
</failure>
  </testcase>
  <testcase assertions="[SipServlet:JAVADOC:SipServlet10] - SipServlet receive Options" classname="com.bea.sipservlet.tck.agents.api.javax_servlet_sip.SipServletTest" name="testDoOptions001" time="3.02" />
  <testcase assertions="[SipServlet:JAVADOC:SipServlet12] - SipServlet receive 1xx Provisional Response" classname="com.bea.sipservlet.tck.agents.api.javax_servlet_sip.SipServletTest" name="testDoProvisionalResponse001" time="13.045">
    <failure type="junit.framework.AssertionFailedError">junit.framework.AssertionFailedError
	at com.bea.sipservlet.tck.agents.api.javax_servlet_sip.SipServletTest.testDoProvisionalResponse001(SipServletTest.java:480)
	at com.bea.wcp.ant.ext.junit.TestHandler.runTest(TestHandler.java:73)
	at com.bea.wcp.ant.ext.junit.TestHandler.run(TestHandler.java:58)
	at com.bea.wcp.ant.ext.junit.TestHandler.invoke(TestHandler.java:34)
	at $Proxy0.run(Unknown Source)
	at com.bea.wcp.ant.ext.junit.TestProxy.run(TestProxy.java:24)
	at com.bea.wcp.ant.ext.junit.TckJUnitTestRunner.run(TckJUnitTestRunner.java:272)
	at com.bea.wcp.ant.ext.junit.TckJUnitTestRunner.launch(TckJUnitTestRunner.java:647)
	at com.bea.wcp.ant.ext.junit.TckJUnitTestRunner.main(TckJUnitTestRunner.java:542)
</failure>
  </testcase>
  <testcase assertions="[SipServlet:JAVADOC:SipServlet14] - SipServlet receive 3xx Redirect Response" classname="com.bea.sipservlet.tck.agents.api.javax_servlet_sip.SipServletTest" name="testDoRedirectResponse001" time="13.024">
    <failure type="junit.framework.AssertionFailedError">junit.framework.AssertionFailedError
	at com.bea.sipservlet.tck.agents.api.javax_servlet_sip.SipServletTest.testDoRedirectResponse001(SipServletTest.java:565)
	at com.bea.wcp.ant.ext.junit.TestHandler.runTest(TestHandler.java:73)
	at com.bea.wcp.ant.ext.junit.TestHandler.run(TestHandler.java:58)
	at com.bea.wcp.ant.ext.junit.TestHandler.invoke(TestHandler.java:34)
	at $Proxy0.run(Unknown Source)
	at com.bea.wcp.ant.ext.junit.TestProxy.run(TestProxy.java:24)
	at com.bea.wcp.ant.ext.junit.TckJUnitTestRunner.run(TckJUnitTestRunner.java:272)
	at com.bea.wcp.ant.ext.junit.TckJUnitTestRunner.launch(TckJUnitTestRunner.java:647)
	at com.bea.wcp.ant.ext.junit.TckJUnitTestRunner.main(TckJUnitTestRunner.java:542)
</failure>
  </testcase>
  <testcase assertions="[SipServlet:JAVADOC:SipServlet1][SipServlet:JAVADOC:SipServlet22][SipServlet:JAVADOC:SipServlet17][SipServlet:JAVADOC:SipServlet7][SipServlet:JAVADOC:SipServlet6] - SipServlet receive message,Request,Invite,Ack,Info,Bye" classname="com.bea.sipservlet.tck.agents.api.javax_servlet_sip.SipServletTest" name="testDoInviteAckBye001" time="4.148" />
  <testcase assertions="[SipServlet:JAVADOC:SipServlet22] - SipServlet Request" classname="com.bea.sipservlet.tck.agents.api.javax_servlet_sip.SipServletTest" name="testDoRequest101" time="3.019" />
  <testcase assertions="[SipServlet:JAVADOC:SipServlet2] - SipServlet receive BranchResponse()" classname="com.bea.sipservlet.tck.agents.api.javax_servlet_sip.SipServletTest" name="testDoBranchResponse001" time="13.031">
    <failure type="junit.framework.AssertionFailedError">junit.framework.AssertionFailedError
	at com.bea.sipservlet.tck.agents.api.javax_servlet_sip.SipServletTest.testDoBranchResponse001(SipServletTest.java:250)
	at com.bea.wcp.ant.ext.junit.TestHandler.runTest(TestHandler.java:73)
	at com.bea.wcp.ant.ext.junit.TestHandler.run(TestHandler.java:58)
	at com.bea.wcp.ant.ext.junit.TestHandler.invoke(TestHandler.java:34)
	at $Proxy0.run(Unknown Source)
	at com.bea.wcp.ant.ext.junit.TestProxy.run(TestProxy.java:24)
	at com.bea.wcp.ant.ext.junit.TckJUnitTestRunner.run(TckJUnitTestRunner.java:272)
	at com.bea.wcp.ant.ext.junit.TckJUnitTestRunner.launch(TckJUnitTestRunner.java:647)
	at com.bea.wcp.ant.ext.junit.TckJUnitTestRunner.main(TckJUnitTestRunner.java:542)
</failure>
  </testcase>
  <testcase assertions="[SipServlet:JAVADOC:SipServlet16] - SipServlet receive Register" classname="com.bea.sipservlet.tck.agents.api.javax_servlet_sip.SipServletTest" name="testDoRegister001" time="3.025" />
  <testcase assertions="[SipServlet:JAVADOC:SipServlet20][SipServlet:JAVADOC:SipServlet18] - SipServlet receive 2xx Success Response" classname="com.bea.sipservlet.tck.agents.api.javax_servlet_sip.SipServletTest" name="testDoSuccessResponse001" time="13.022">
    <failure type="junit.framework.AssertionFailedError">junit.framework.AssertionFailedError
	at com.bea.sipservlet.tck.agents.api.javax_servlet_sip.SipServletTest.testDoSuccessResponse001(SipServletTest.java:714)
	at com.bea.wcp.ant.ext.junit.TestHandler.runTest(TestHandler.java:73)
	at com.bea.wcp.ant.ext.junit.TestHandler.run(TestHandler.java:58)
	at com.bea.wcp.ant.ext.junit.TestHandler.invoke(TestHandler.java:34)
	at $Proxy0.run(Unknown Source)
	at com.bea.wcp.ant.ext.junit.TestProxy.run(TestProxy.java:24)
	at com.bea.wcp.ant.ext.junit.TckJUnitTestRunner.run(TckJUnitTestRunner.java:272)
	at com.bea.wcp.ant.ext.junit.TckJUnitTestRunner.launch(TckJUnitTestRunner.java:647)
	at com.bea.wcp.ant.ext.junit.TckJUnitTestRunner.main(TckJUnitTestRunner.java:542)
</failure>
  </testcase>
  <testcase assertions="[SipServlet:JAVADOC:SipServlet23] - log message" classname="com.bea.sipservlet.tck.agents.api.javax_servlet_sip.SipServletTest" name="testLog001" time="3.02" />
  <testcase assertions="[SipServlet:JAVADOC:SipServlet24] - log throwable message" classname="com.bea.sipservlet.tck.agents.api.javax_servlet_sip.SipServletTest" name="testLog002" time="3.025" />
  <system-out><![CDATA[[2013-04-15 20:26:15,753] SipServletTest:1008 INFO  - === testDoCancel001() ===
SIPUNIT TRACE:  1366053975933  INVITE after sending out through stack..........
SIPUNIT TRACE:  1366053975934  INVITE sip:JSR289_TCK@localhost:5060 SIP/2.0
Call-ID: 091ad7200a4d6534a610371ab02a4c0d@192.168.1.65
CSeq: 1 INVITE
From: <sip:alice@192.168.1.65>;tag=56469251
To: <sip:JSR289_TCK@localhost:5060>
Via: SIP/2.0/UDP 192.168.1.65:5071;branch=z9hG4bK5971416413ef123e20025ff5c4268e37
Max-Forwards: 70
Contact: <sip:alice@192.168.1.65:5071;transport=udp;lr>
Route: <sip:localhost:5060;lr;transport=udp>
Servlet-Name: SipServlet
Method-Name: testDoCancel001
Application-Name: com.bea.sipservlet.tck.apps.apitestapp
Content-Length: 0


SIPUNIT TRACE:  1366053975934  RouteHeader address: <sip:localhost:5060;lr;transport=udp>
SIPUNIT TRACE:  1366053975946  Outgoing call response received: SIP/2.0 100 Trying
To: <sip:JSR289_TCK@localhost:5060>
From: <sip:alice@192.168.1.65>;tag=56469251
Via: SIP/2.0/UDP 192.168.1.65:5071;branch=z9hG4bK5971416413ef123e20025ff5c4268e37
Call-ID: 091ad7200a4d6534a610371ab02a4c0d@192.168.1.65
Server: Elaina
CSeq: 1 INVITE
Content-Length: 0


SIPUNIT TRACE:  1366053975954  Outgoing call response received: SIP/2.0 180 Ringing
To: <sip:JSR289_TCK@localhost:5060>;tag=7xepdi!ai.
From: <sip:alice@192.168.1.65>;tag=56469251
Via: SIP/2.0/UDP 192.168.1.65:5071;branch=z9hG4bK5971416413ef123e20025ff5c4268e37
Call-ID: 091ad7200a4d6534a610371ab02a4c0d@192.168.1.65
Server: Elaina
CSeq: 1 INVITE
Content-Length: 0


SIPUNIT TRACE:  1366053975970  Asynchronous response received: SIP/2.0 200 OK
To: <sip:JSR289_TCK@localhost:5060>;tag=7xepdi!ai.
From: <sip:alice@192.168.1.65>;tag=56469251
Via: SIP/2.0/UDP 192.168.1.65:5071;branch=z9hG4bK5971416413ef123e20025ff5c4268e37
Call-ID: 091ad7200a4d6534a610371ab02a4c0d@192.168.1.65
Server: Elaina
CSeq: 1 CANCEL
Content-Length: 0


[2013-04-15 20:26:28,975] SipServletTest:1008 INFO  - === testDoErrorResponse001() ===
[2013-04-15 20:26:28,976] TestBase:351 DEBUG - === created message:MESSAGE sip:JSR289_TCK@localhost:5060 SIP/2.0
Call-ID: 91acc798a22edf3b117b7681ddbb734b@192.168.1.65
CSeq: 1 MESSAGE
From: "Alice" <sip:alice@192.168.1.65:5071>;tag=2121476536
To: "JSR289_TCK" <sip:JSR289_TCK@localhost:5060>
Via: SIP/2.0/UDP 192.168.1.65:5071;branch=somebranchvalue
Max-Forwards: 5
Content-Length: 0

 ===
[2013-04-15 20:26:28,981] TestBase:979 DEBUG - ---The Sip request is:MESSAGE sip:JSR289_TCK@localhost:5060 SIP/2.0
Call-ID: 91acc798a22edf3b117b7681ddbb734b@192.168.1.65
CSeq: 1 MESSAGE
From: "Alice" <sip:alice@192.168.1.65:5071>;tag=2121476536
To: "JSR289_TCK" <sip:JSR289_TCK@localhost:5060>
Via: SIP/2.0/UDP 192.168.1.65:5071;branch=z9hG4bK1a681295567c79e2a2ce828326258e97
Max-Forwards: 5
Route: "JSR289_TCK" <sip:JSR289_TCK@localhost:5060;lr>,<sip:localhost:5060;transport=udp;lr>
Application-Name: com.bea.sipservlet.tck.apps.apitestapp
Servlet-Name: SipServlet
Method-Name: testDoErrorResponse001
Content-Length: 0

 ---
SIPUNIT TRACE:  1366053988987  SS.waitRequest() - about to block, waiting
SIPUNIT TRACE:  1366053998987  SS.waitRequest() - we've come out of the block
SIPUNIT TRACE:  1366053998988  SS.waitRequest() - either we got the request, or timed out
[2013-04-15 20:26:42,007] SipServletTest:1008 INFO  - === testDoOptions001() ===
[2013-04-15 20:26:42,008] TestBase:351 DEBUG - === created message:OPTIONS sip:JSR289_TCK@localhost:5060 SIP/2.0
Call-ID: 351fa0e1df3ecdf681333f08ca3ed1ed@192.168.1.65
CSeq: 1 OPTIONS
From: "Alice" <sip:alice@192.168.1.65:5071>;tag=164609160
To: "JSR289_TCK" <sip:JSR289_TCK@localhost:5060>
Via: SIP/2.0/UDP 192.168.1.65:5071;branch=somebranchvalue
Max-Forwards: 5
Content-Length: 0

 ===
[2013-04-15 20:26:42,012] TestBase:979 DEBUG - ---The Sip request is:OPTIONS sip:JSR289_TCK@localhost:5060 SIP/2.0
Call-ID: 351fa0e1df3ecdf681333f08ca3ed1ed@192.168.1.65
CSeq: 1 OPTIONS
From: "Alice" <sip:alice@192.168.1.65:5071>;tag=164609160
To: "JSR289_TCK" <sip:JSR289_TCK@localhost:5060>
Via: SIP/2.0/UDP 192.168.1.65:5071;branch=z9hG4bK1897edb078c13b50914895e3a1cf67a0
Max-Forwards: 5
Route: "JSR289_TCK" <sip:JSR289_TCK@localhost:5060;lr>,<sip:localhost:5060;transport=udp;lr>
Application-Name: com.bea.sipservlet.tck.apps.apitestapp
Servlet-Name: SipServlet
Method-Name: testDoOptions001
Content-Length: 0

 ---
[2013-04-15 20:26:45,030] SipServletTest:1008 INFO  - === testDoProvisionalResponse001() ===
[2013-04-15 20:26:45,031] TestBase:351 DEBUG - === created message:MESSAGE sip:JSR289_TCK@localhost:5060 SIP/2.0
Call-ID: 265ec1762f9740e915825b1aa1a237ba@192.168.1.65
CSeq: 1 MESSAGE
From: "Alice" <sip:alice@192.168.1.65:5071>;tag=128431895
To: "JSR289_TCK" <sip:JSR289_TCK@localhost:5060>
Via: SIP/2.0/UDP 192.168.1.65:5071;branch=somebranchvalue
Max-Forwards: 5
Content-Length: 0

 ===
[2013-04-15 20:26:45,036] TestBase:979 DEBUG - ---The Sip request is:MESSAGE sip:JSR289_TCK@localhost:5060 SIP/2.0
Call-ID: 265ec1762f9740e915825b1aa1a237ba@192.168.1.65
CSeq: 1 MESSAGE
From: "Alice" <sip:alice@192.168.1.65:5071>;tag=128431895
To: "JSR289_TCK" <sip:JSR289_TCK@localhost:5060>
Via: SIP/2.0/UDP 192.168.1.65:5071;branch=z9hG4bK4639d4a0ba965015775e812e9e78c56e
Max-Forwards: 5
Route: "JSR289_TCK" <sip:JSR289_TCK@localhost:5060;lr>,<sip:localhost:5060;transport=udp;lr>
Application-Name: com.bea.sipservlet.tck.apps.apitestapp
Servlet-Name: SipServlet
Method-Name: testDoProvisionalResponse001
Content-Length: 0

 ---
SIPUNIT TRACE:  1366054005042  SS.waitRequest() - about to block, waiting
SIPUNIT TRACE:  1366054005051  SipStack: request received !
SIPUNIT TRACE:  1366054005051  SipStack: calling listener
SIPUNIT TRACE:  1366054005051  SipSession: request received !
SIPUNIT TRACE:  1366054005051       me ('To' check) = sip:alice@192.168.1.65
SIPUNIT TRACE:  1366054005051       my local contact info ('Request URI' check) = sip:alice@192.168.1.65:5071;transport=udp;lr
SIPUNIT TRACE:  1366054005052       INVITE sip:alice@192.168.1.65:5071 SIP/2.0
To: "Alice" <sip:alice@192.168.1.65:5071>;tag=128431895
Contact: <sip:192.168.1.65>
From: "JSR289_TCK" <sip:JSR289_TCK@localhost:5060>;tag=1l8l7gbjio
Via: SIP/2.0/UDP 192.168.1.65:5060;branch=z9hG4bK5xwopcx_r6l3tbnxh7gh5r+pws6n6i;maddr=192.168.1.65
Call-ID: gluq1j3h1b0kh7+9ds7b
Max-Forwards: 70
Require: 100rel
CSeq: 59696 INVITE
Content-Length: 0


SIPUNIT TRACE:  1366054005052  SipSession: notifying block object
SIPUNIT TRACE:  1366054005052  SS.waitRequest() - we've come out of the block
SIPUNIT TRACE:  1366054005052  SS.waitRequest() - either we got the request, or timed out
SIPUNIT TRACE:  1366054005052  INVITE after received by stack..........
SIPUNIT TRACE:  1366054005053  INVITE sip:alice@192.168.1.65:5071 SIP/2.0
To: "Alice" <sip:alice@192.168.1.65:5071>;tag=128431895
Contact: <sip:192.168.1.65>
From: "JSR289_TCK" <sip:JSR289_TCK@localhost:5060>;tag=1l8l7gbjio
Via: SIP/2.0/UDP 192.168.1.65:5060;branch=z9hG4bK5xwopcx_r6l3tbnxh7gh5r+pws6n6i;maddr=192.168.1.65
Call-ID: gluq1j3h1b0kh7+9ds7b
Max-Forwards: 70
Require: 100rel
CSeq: 59696 INVITE
Content-Length: 0


SIPUNIT TRACE:  1366054005055  Response before sending out through stack..........
SIPUNIT TRACE:  1366054005055  SIP/2.0 183 Need Message
To: "Alice" <sip:alice@192.168.1.65:5071>;tag=1900271570
From: "JSR289_TCK" <sip:JSR289_TCK@localhost:5060>;tag=1l8l7gbjio
Via: SIP/2.0/UDP 192.168.1.65:5060;branch=z9hG4bK5xwopcx_r6l3tbnxh7gh5r+pws6n6i;maddr=192.168.1.65
Call-ID: gluq1j3h1b0kh7+9ds7b
CSeq: 59696 INVITE
Contact: <sip:alice@192.168.1.65:5071;transport=udp;lr>
Expires: 3600
Content-Length: 0


SIPUNIT TRACE:  1366054005059  SS.waitRequest() - about to block, waiting
SIPUNIT TRACE:  1366054015060  SS.waitRequest() - we've come out of the block
SIPUNIT TRACE:  1366054015060  SS.waitRequest() - either we got the request, or timed out
[2013-04-15 20:26:58,073] SipServletTest:1008 INFO  - === testDoRedirectResponse001() ===
[2013-04-15 20:26:58,074] TestBase:351 DEBUG - === created message:MESSAGE sip:JSR289_TCK@localhost:5060 SIP/2.0
Call-ID: 7673e6e7affdd90b88df9a338c4ab182@192.168.1.65
CSeq: 1 MESSAGE
From: "Alice" <sip:alice@192.168.1.65:5071>;tag=1155982468
To: "JSR289_TCK" <sip:JSR289_TCK@localhost:5060>
Via: SIP/2.0/UDP 192.168.1.65:5071;branch=somebranchvalue
Max-Forwards: 5
Content-Length: 0

 ===
[2013-04-15 20:26:58,079] TestBase:979 DEBUG - ---The Sip request is:MESSAGE sip:JSR289_TCK@localhost:5060 SIP/2.0
Call-ID: 7673e6e7affdd90b88df9a338c4ab182@192.168.1.65
CSeq: 1 MESSAGE
From: "Alice" <sip:alice@192.168.1.65:5071>;tag=1155982468
To: "JSR289_TCK" <sip:JSR289_TCK@localhost:5060>
Via: SIP/2.0/UDP 192.168.1.65:5071;branch=z9hG4bK1d15769cafe15cee4388ce8f9ed19d79
Max-Forwards: 5
Route: "JSR289_TCK" <sip:JSR289_TCK@localhost:5060;lr>,<sip:localhost:5060;transport=udp;lr>
Application-Name: com.bea.sipservlet.tck.apps.apitestapp
Servlet-Name: SipServlet
Method-Name: testDoRedirectResponse001
Content-Length: 0

 ---
SIPUNIT TRACE:  1366054018085  SS.waitRequest() - about to block, waiting
SIPUNIT TRACE:  1366054028085  SS.waitRequest() - we've come out of the block
SIPUNIT TRACE:  1366054028085  SS.waitRequest() - either we got the request, or timed out
[2013-04-15 20:27:11,105] SipServletTest:1008 INFO  - === testDoInviteAckBye001() ===
SIPUNIT TRACE:  1366054031111  INVITE after sending out through stack..........
SIPUNIT TRACE:  1366054031111  INVITE sip:JSR289_TCK@localhost:5060 SIP/2.0
Call-ID: d762b1bd41a17c252972bab1528ad996@192.168.1.65
CSeq: 1 INVITE
From: <sip:alice@192.168.1.65>;tag=1928688441
To: <sip:JSR289_TCK@localhost:5060>
Via: SIP/2.0/UDP 192.168.1.65:5071;branch=z9hG4bK222af322726947b20d428912dcd44a2a
Max-Forwards: 70
Contact: <sip:alice@192.168.1.65:5071;transport=udp;lr>
Route: <sip:localhost:5060;lr;transport=udp>
Servlet-Name: SipServlet
Method-Name: testDoInviteAckBye001
Application-Name: com.bea.sipservlet.tck.apps.apitestapp
Content-Length: 0


SIPUNIT TRACE:  1366054031111  RouteHeader address: <sip:localhost:5060;lr;transport=udp>
SIPUNIT TRACE:  1366054031117  Outgoing call response received: SIP/2.0 100 Trying
To: <sip:JSR289_TCK@localhost:5060>
From: <sip:alice@192.168.1.65>;tag=1928688441
Via: SIP/2.0/UDP 192.168.1.65:5071;branch=z9hG4bK222af322726947b20d428912dcd44a2a
Call-ID: d762b1bd41a17c252972bab1528ad996@192.168.1.65
Server: Elaina
CSeq: 1 INVITE
Content-Length: 0


SIPUNIT TRACE:  1366054031121  Outgoing call response received: SIP/2.0 200 OK
To: <sip:JSR289_TCK@localhost:5060>;tag=gt29bdff4z
From: <sip:alice@192.168.1.65>;tag=1928688441
Via: SIP/2.0/UDP 192.168.1.65:5071;branch=z9hG4bK222af322726947b20d428912dcd44a2a
Call-ID: d762b1bd41a17c252972bab1528ad996@192.168.1.65
Server: Elaina
CSeq: 1 INVITE
Content-Length: 0


SIPUNIT TRACE:  1366054031239  Asynchronous response received: SIP/2.0 200 OK
To: <sip:JSR289_TCK@localhost:5060>;tag=gt29bdff4z
From: <sip:alice@192.168.1.65>;tag=1928688441
Via: SIP/2.0/UDP 192.168.1.65:5071;branch=z9hG4bKe9823d84b2710af3a5c7017d3d7dc76b
Call-ID: d762b1bd41a17c252972bab1528ad996@192.168.1.65
Server: Elaina
CSeq: 2 BYE
Content-Length: 0


[2013-04-15 20:27:15,245] SipServletTest:1008 INFO  - === testDoRequest101() ===
[2013-04-15 20:27:15,245] TestBase:351 DEBUG - === created message:MESSAGE sip:JSR289_TCK@localhost:5060 SIP/2.0
Call-ID: 0d03d559432f61fba6b005dafafb9e75@192.168.1.65
CSeq: 1 MESSAGE
From: "Alice" <sip:alice@192.168.1.65:5071>;tag=277201841
To: "JSR289_TCK" <sip:JSR289_TCK@localhost:5060>
Via: SIP/2.0/UDP 192.168.1.65:5071;branch=somebranchvalue
Max-Forwards: 5
Content-Length: 0

 ===
[2013-04-15 20:27:15,250] TestBase:979 DEBUG - ---The Sip request is:MESSAGE sip:JSR289_TCK@localhost:5060 SIP/2.0
Call-ID: 0d03d559432f61fba6b005dafafb9e75@192.168.1.65
CSeq: 1 MESSAGE
From: "Alice" <sip:alice@192.168.1.65:5071>;tag=277201841
To: "JSR289_TCK" <sip:JSR289_TCK@localhost:5060>
Via: SIP/2.0/UDP 192.168.1.65:5071;branch=z9hG4bKa2c64288bc4a606a17a0fa0f5280dc37
Max-Forwards: 5
Route: "JSR289_TCK" <sip:JSR289_TCK@localhost:5060;lr>,<sip:localhost:5060;transport=udp;lr>
Application-Name: com.bea.sipservlet.tck.apps.apitestapp
Servlet-Name: SipServlet
Method-Name: testDoRequest101
Content-Length: 0

 ---
[2013-04-15 20:27:18,264] SipServletTest:1008 INFO  - === testDoBranchResponse001() ===
[2013-04-15 20:27:18,265] TestBase:351 DEBUG - === created message:MESSAGE sip:bob@192.168.1.65:5072 SIP/2.0
Call-ID: c86e829280f29c97b43416a5a89099a1@192.168.1.65
CSeq: 1 MESSAGE
From: "Alice" <sip:alice@192.168.1.65:5071>;tag=1393157042
To: "Bob" <sip:bob@192.168.1.65:5072>
Via: SIP/2.0/UDP 192.168.1.65:5071;branch=somebranchvalue
Max-Forwards: 5
Content-Length: 0

 ===
SIPUNIT TRACE:  1366054038268  SS.waitRequest() - about to block, waiting
SIPUNIT TRACE:  1366054038277  SipStack: request received !
SIPUNIT TRACE:  1366054038277  SipStack: calling listener
SIPUNIT TRACE:  1366054038277  SipSession: request received !
SIPUNIT TRACE:  1366054038277       me ('To' check) = sip:bob@192.168.1.65
SIPUNIT TRACE:  1366054038277       my local contact info ('Request URI' check) = sip:bob@192.168.1.65:5072;transport=udp;lr
SIPUNIT TRACE:  1366054038277       MESSAGE sip:bob@192.168.1.65:5072 SIP/2.0
Servlet-Name: SipServlet
To: "Bob" <sip:bob@192.168.1.65:5072>
Method-Name: testDoBranchResponse001
From: "Alice" <sip:alice@192.168.1.65:5071>;tag=1393157042
Call-ID: c86e829280f29c97b43416a5a89099a1@192.168.1.65
Via: SIP/2.0/UDP 192.168.1.65:5060;branch=z9hG4bK0+.n6e13ubnrz89.xf3hxzvur!g-m+;maddr=192.168.1.65,SIP/2.0/UDP 192.168.1.65:5071;branch=z9hG4bK6a3493a08b025e87e312839734151fe6
ua3-uri: sip:jim@192.168.1.65:5073
Route: "JSR289_TCK" <sip:JSR289_TCK@localhost:5060;lr>
Max-Forwards: 4
ua2-uri: sip:bob@192.168.1.65:5072
CSeq: 1 MESSAGE
Content-Length: 0


SIPUNIT TRACE:  1366054038277  SipSession: notifying block object
SIPUNIT TRACE:  1366054038277  SS.waitRequest() - we've come out of the block
SIPUNIT TRACE:  1366054038277  SS.waitRequest() - either we got the request, or timed out
SIPUNIT TRACE:  1366054038280  SipStack: request received !
SIPUNIT TRACE:  1366054038280  SipStack: calling listener
SIPUNIT TRACE:  1366054038280  SipSession: request received !
SIPUNIT TRACE:  1366054038280       me ('To' check) = sip:jim@192.168.1.65
SIPUNIT TRACE:  1366054038280       my local contact info ('Request URI' check) = sip:jim@192.168.1.65:5073;transport=udp;lr
SIPUNIT TRACE:  1366054038280       MESSAGE sip:jim@192.168.1.65:5073 SIP/2.0
Servlet-Name: SipServlet
To: "Bob" <sip:bob@192.168.1.65:5072>
Method-Name: testDoBranchResponse001
From: "Alice" <sip:alice@192.168.1.65:5071>;tag=1393157042
Call-ID: c86e829280f29c97b43416a5a89099a1@192.168.1.65
Via: SIP/2.0/UDP 192.168.1.65:5060;branch=z9hG4bKv.38j1kyi5q7z5vcc5a79c.vpnh3_7;maddr=192.168.1.65,SIP/2.0/UDP 192.168.1.65:5071;branch=z9hG4bK6a3493a08b025e87e312839734151fe6
ua3-uri: sip:jim@192.168.1.65:5073
Route: "JSR289_TCK" <sip:JSR289_TCK@localhost:5060;lr>
Max-Forwards: 4
ua2-uri: sip:bob@192.168.1.65:5072
CSeq: 1 MESSAGE
Content-Length: 0


SIPUNIT TRACE:  1366054038280  SipSession: notifying block object
SIPUNIT TRACE:  1366054038281  SS.waitRequest() - either we got the request, or timed out
[2013-04-15 20:27:31,296] SipServletTest:1008 INFO  - === testDoRegister001() ===
[2013-04-15 20:27:31,297] TestBase:351 DEBUG - === created message:REGISTER sip:localhost SIP/2.0
Call-ID: 00e48c8a045a6938a969a31760ced16c@192.168.1.65
CSeq: 1 REGISTER
From: "Alice" <sip:alice@192.168.1.65:5071>;tag=1649029257
To: "Alice" <sip:alice@192.168.1.65:5071>
Via: SIP/2.0/UDP 192.168.1.65:5071;branch=somebranchvalue
Max-Forwards: 5
Content-Length: 0

 ===
[2013-04-15 20:27:31,302] TestBase:979 DEBUG - ---The Sip request is:REGISTER sip:localhost SIP/2.0
Call-ID: 00e48c8a045a6938a969a31760ced16c@192.168.1.65
CSeq: 1 REGISTER
From: "Alice" <sip:alice@192.168.1.65:5071>;tag=1649029257
To: "Alice" <sip:alice@192.168.1.65:5071>
Via: SIP/2.0/UDP 192.168.1.65:5071;branch=z9hG4bK9078445a16213df51ee6968695f45391
Max-Forwards: 5
Contact: <sip:alice@192.168.1.65:5071;lr;transport=udp>
Expires: 7200
Route: "JSR289_TCK" <sip:JSR289_TCK@localhost:5060;lr>,<sip:localhost:5060;transport=udp;lr>
Application-Name: com.bea.sipservlet.tck.apps.apitestapp
Servlet-Name: SipServlet
Method-Name: testDoRegister001
Content-Length: 0

 ---
[2013-04-15 20:27:34,319] SipServletTest:1008 INFO  - === testDoSuccessResponse001() ===
[2013-04-15 20:27:34,320] TestBase:351 DEBUG - === created message:MESSAGE sip:JSR289_TCK@localhost:5060 SIP/2.0
Call-ID: 6759c07e7544a2b73976a210142b0ece@192.168.1.65
CSeq: 1 MESSAGE
From: "Alice" <sip:alice@192.168.1.65:5071>;tag=2143819038
To: "JSR289_TCK" <sip:JSR289_TCK@localhost:5060>
Via: SIP/2.0/UDP 192.168.1.65:5071;branch=somebranchvalue
Max-Forwards: 5
Content-Length: 0

 ===
[2013-04-15 20:27:34,324] TestBase:979 DEBUG - ---The Sip request is:MESSAGE sip:JSR289_TCK@localhost:5060 SIP/2.0
Call-ID: 6759c07e7544a2b73976a210142b0ece@192.168.1.65
CSeq: 1 MESSAGE
From: "Alice" <sip:alice@192.168.1.65:5071>;tag=2143819038
To: "JSR289_TCK" <sip:JSR289_TCK@localhost:5060>
Via: SIP/2.0/UDP 192.168.1.65:5071;branch=z9hG4bK23101e7c3f747d9f90d3305892164d4c
Max-Forwards: 5
Route: "JSR289_TCK" <sip:JSR289_TCK@localhost:5060;lr>,<sip:localhost:5060;transport=udp;lr>
Application-Name: com.bea.sipservlet.tck.apps.apitestapp
Servlet-Name: SipServlet
Method-Name: testDoSuccessResponse001
Content-Length: 0

 ---
SIPUNIT TRACE:  1366054054330  SS.waitRequest() - about to block, waiting
SIPUNIT TRACE:  1366054064330  SS.waitRequest() - we've come out of the block
SIPUNIT TRACE:  1366054064330  SS.waitRequest() - either we got the request, or timed out
[2013-04-15 20:27:47,343] SipServletTest:1008 INFO  - === testLog001() ===
[2013-04-15 20:27:47,344] TestBase:351 DEBUG - === created message:MESSAGE sip:JSR289_TCK@localhost:5060 SIP/2.0
Call-ID: f153609ce562c1743c80fb40654e000e@192.168.1.65
CSeq: 1 MESSAGE
From: "Alice" <sip:alice@192.168.1.65:5071>;tag=2030943596
To: "JSR289_TCK" <sip:JSR289_TCK@localhost:5060>
Via: SIP/2.0/UDP 192.168.1.65:5071;branch=somebranchvalue
Max-Forwards: 5
Content-Length: 0

 ===
[2013-04-15 20:27:47,348] TestBase:979 DEBUG - ---The Sip request is:MESSAGE sip:JSR289_TCK@localhost:5060 SIP/2.0
Call-ID: f153609ce562c1743c80fb40654e000e@192.168.1.65
CSeq: 1 MESSAGE
From: "Alice" <sip:alice@192.168.1.65:5071>;tag=2030943596
To: "JSR289_TCK" <sip:JSR289_TCK@localhost:5060>
Via: SIP/2.0/UDP 192.168.1.65:5071;branch=z9hG4bK43bad6d20e0a071169ffcf121b687643
Max-Forwards: 5
Route: "JSR289_TCK" <sip:JSR289_TCK@localhost:5060;lr>,<sip:localhost:5060;transport=udp;lr>
Application-Name: com.bea.sipservlet.tck.apps.apitestapp
Servlet-Name: SipServlet
Method-Name: testLog001
Content-Length: 0

 ---
[2013-04-15 20:27:50,364] SipServletTest:1008 INFO  - === testLog002() ===
[2013-04-15 20:27:50,364] TestBase:351 DEBUG - === created message:MESSAGE sip:JSR289_TCK@localhost:5060 SIP/2.0
Call-ID: 429488a649fd71221a380cc6b56e0a51@192.168.1.65
CSeq: 1 MESSAGE
From: "Alice" <sip:alice@192.168.1.65:5071>;tag=1876256137
To: "JSR289_TCK" <sip:JSR289_TCK@localhost:5060>
Via: SIP/2.0/UDP 192.168.1.65:5071;branch=somebranchvalue
Max-Forwards: 5
Content-Length: 0

 ===
[2013-04-15 20:27:50,368] TestBase:979 DEBUG - ---The Sip request is:MESSAGE sip:JSR289_TCK@localhost:5060 SIP/2.0
Call-ID: 429488a649fd71221a380cc6b56e0a51@192.168.1.65
CSeq: 1 MESSAGE
From: "Alice" <sip:alice@192.168.1.65:5071>;tag=1876256137
To: "JSR289_TCK" <sip:JSR289_TCK@localhost:5060>
Via: SIP/2.0/UDP 192.168.1.65:5071;branch=z9hG4bK7119ce066ff0fa575340562478497c4c
Max-Forwards: 5
Route: "JSR289_TCK" <sip:JSR289_TCK@localhost:5060;lr>,<sip:localhost:5060;transport=udp;lr>
Application-Name: com.bea.sipservlet.tck.apps.apitestapp
Servlet-Name: SipServlet
Method-Name: testLog002
Content-Length: 0

 ---
]]></system-out>
  <system-err><![CDATA[]]></system-err>
</testsuite>
