<?xml version="1.0" encoding="UTF-8" ?>
<testsuite errors="0" failures="20" name="com.bea.sipservlet.tck.agents.api.javax_servlet_sip.SipServletMessageTest" tests="76" time="240.442">
  <properties>
    <property name="java.vendor" value="Oracle Corporation" />
    <property name="env.SIPUNIT_LIB" value="/Users/andrew/Documents/reference/sip/sipservlet-1_1-tck/tck/../sipunit/lib" />
    <property name="env.SIGNATURE_FILE_NAME" value="/Users/andrew/Documents/reference/sip/sipservlet-1_1-tck/tck/bin/jsr289_api.sig" />
    <property name="sun.java.launcher" value="SUN_STANDARD" />
    <property name="env.TCK_LIB" value="/Users/andrew/Documents/reference/sip/sipservlet-1_1-tck/tck/../tck/lib" />
    <property name="sun.management.compiler" value="HotSpot 64-Bit Tiered Compilers" />
    <property name="spec.report" value="/Users/andrew/Documents/reference/sip/sipservlet-1_1-tck/tck/report/spec_report" />
    <property name="lib" value="/Users/andrew/Documents/reference/sip/sipservlet-1_1-tck/tck/lib" />
    <property name="env.TCK_DIRECTORY" value="/Users/andrew/Documents/reference/sip/sipservlet-1_1-tck/tck" />
    <property name="os.name" value="Mac OS X" />
    <property name="sun.boot.class.path" value="/Library/Java/JavaVirtualMachines/jdk1.7.0_10.jdk/Contents/Home/jre/lib/resources.jar:/Library/Java/JavaVirtualMachines/jdk1.7.0_10.jdk/Contents/Home/jre/lib/rt.jar:/Library/Java/JavaVirtualMachines/jdk1.7.0_10.jdk/Contents/Home/jre/lib/sunrsasign.jar:/Library/Java/JavaVirtualMachines/jdk1.7.0_10.jdk/Contents/Home/jre/lib/jsse.jar:/Library/Java/JavaVirtualMachines/jdk1.7.0_10.jdk/Contents/Home/jre/lib/jce.jar:/Library/Java/JavaVirtualMachines/jdk1.7.0_10.jdk/Contents/Home/jre/lib/charsets.jar:/Library/Java/JavaVirtualMachines/jdk1.7.0_10.jdk/Contents/Home/jre/lib/jfr.jar:/Library/Java/JavaVirtualMachines/jdk1.7.0_10.jdk/Contents/Home/jre/lib/JObjC.jar:/Library/Java/JavaVirtualMachines/jdk1.7.0_10.jdk/Contents/Home/jre/classes" />
    <property name="env.TMPDIR" value="/var/folders/qt/j9kz_nw12bqfytwz9kfyjvq00000gn/T/" />
    <property name="env.Apple_Ubiquity_Message" value="/tmp/launch-s2GBEw/Apple_Ubiquity_Message" />
    <property name="env.SIPUNIT_DIRECTORY" value="/Users/andrew/Documents/reference/sip/sipservlet-1_1-tck/sipunit" />
    <property name="env.PWD" value="/Users/andrew/Documents/reference/sip/sipservlet-1_1-tck/tck" />
    <property name="user.country.format" value="GB" />
    <property name="report" value="/Users/andrew/Documents/reference/sip/sipservlet-1_1-tck/tck/report" />
    <property name="env.LANG" value="en_GB.UTF-8" />
    <property name="signature.report" value="/Users/andrew/Documents/reference/sip/sipservlet-1_1-tck/tck/report/sig_report" />
    <property name="java.vm.specification.vendor" value="Oracle Corporation" />
    <property name="ant.home" value="/usr/share/ant" />
    <property name="java.runtime.version" value="1.7.0_10-ea-b09" />
    <property name="env.TCK_HOME" value="/Users/andrew/Documents/reference/sip/sipservlet-1_1-tck/tck/../tck" />
    <property name="env.Apple_PubSub_Socket_Render" value="/tmp/launch-w5MTVj/Render" />
    <property name="approuter.src" value="com/bea/sipservlet/tck/ar" />
    <property name="user.name" value="andrew" />
    <property name="env.USER" value="andrew" />
    <property name="env.SHELL" value="/bin/bash" />
    <property name="env.__CF_USER_TEXT_ENCODING" value="0x1F5:0:0" />
    <property name="env.XMLLINT_INDENT" value="    " />
    <property name="env.PATH" value="/Library/Java/JavaVirtualMachines/jdk1.7.0_10.jdk/Contents/Home/jre/bin:/usr/share/ant/bin:/usr/bin:/bin:/usr/sbin:/sbin:/usr/local/bin" />
    <property name="user.language" value="en" />
    <property name="build" value="/Users/andrew/Documents/reference/sip/sipservlet-1_1-tck/tck/build" />
    <property name="sun.boot.library.path" value="/Library/Java/JavaVirtualMachines/jdk1.7.0_10.jdk/Contents/Home/jre/lib" />
    <property name="ant.project.default-target" value="usage" />
    <property name="ant.project.name" value="SIP Servlet 1.1 API Technology Compatibility Kit (TCK)" />
    <property name="env.REPORT_HOME" value="/Users/andrew/Documents/reference/sip/sipservlet-1_1-tck/tck/../tck/report" />
    <property name="java.version" value="1.7.0_10-ea" />
    <property name="classes" value="/Users/andrew/Documents/reference/sip/sipservlet-1_1-tck/tck/build/classes" />
    <property name="user.timezone" value="" />
    <property name="apiapp.dir" value="/Users/andrew/Documents/reference/sip/sipservlet-1_1-tck/tck/applications/apitestapp" />
    <property name="tck.zip" value="../sipservlet-1_1-tck.zip" />
    <property name="sun.arch.data.model" value="64" />
    <property name="log4j" value="/Users/andrew/Documents/reference/sip/sipservlet-1_1-tck/tck/conf/log4j.properties" />
    <property name="http.nonProxyHosts" value="local|*.local|169.254/16|*.169.254/16" />
    <property name="java.endorsed.dirs" value="/Library/Java/JavaVirtualMachines/jdk1.7.0_10.jdk/Contents/Home/jre/lib/endorsed" />
    <property name="signaturefile" value="jsr289_api.sig" />
    <property name="sun.cpu.isalist" value="" />
    <property name="sun.jnu.encoding" value="UTF-8" />
    <property name="file.encoding.pkg" value="sun.io" />
    <property name="env.SHLVL" value="2" />
    <property name="file.separator" value="/" />
    <property name="java.specification.name" value="Java Platform API Specification" />
    <property name="java.class.version" value="51.0" />
    <property name="src" value="/Users/andrew/Documents/reference/sip/sipservlet-1_1-tck/tck/src" />
    <property name="sipunit.dir" value="../sipunit" />
    <property name="ar.build" value="/Users/andrew/Documents/reference/sip/sipservlet-1_1-tck/tck/build/ar-build" />
    <property name="user.country" value="US" />
    <property name="java.home" value="/Library/Java/JavaVirtualMachines/jdk1.7.0_10.jdk/Contents/Home/jre" />
    <property name="dist.dir" value="/Users/andrew/Documents/reference/sip/sipservlet-1_1-tck/tck/dist" />
    <property name="java.vm.info" value="mixed mode" />
    <property name="env.LOGNAME" value="andrew" />
    <property name="ant.file" value="/Users/andrew/Documents/reference/sip/sipservlet-1_1-tck/tck/build.xml" />
    <property name="os.version" value="10.8.3" />
    <property name="env.TERM_PROGRAM_VERSION" value="309" />
    <property name="path.separator" value=":" />
    <property name="java.vm.version" value="23.6-b03" />
    <property name="ant.library.dir" value="/usr/share/ant/lib" />
    <property name="env.SIPUNIT_HOME" value="/Users/andrew/Documents/reference/sip/sipservlet-1_1-tck/tck/../sipunit" />
    <property name="env.JAVA_HOME" value="/Library/Java/JavaVirtualMachines/jdk1.7.0_10.jdk/Contents/Home" />
    <property name="env.SIGCONFIG" value="/Users/andrew/Documents/reference/sip/sipservlet-1_1-tck/tck/conf/signature.properties" />
    <property name="env.TERM" value="xterm-256color" />
    <property name="java.awt.printerjob" value="sun.lwawt.macosx.CPrinterJob" />
    <property name="env.SIGTEST_LIB" value="/Users/andrew/Documents/reference/sip/sipservlet-1_1-tck/tck/../tck/lib/sigtest.jar" />
    <property name="sun.io.unicode.encoding" value="UnicodeBig" />
    <property name="ant.file.SIP Servlet 1.1 API Technology Compatibility Kit (TCK)" value="/Users/andrew/Documents/reference/sip/sipservlet-1_1-tck/tck/build.xml" />
    <property name="awt.toolkit" value="sun.lwawt.macosx.LWCToolkit" />
    <property name="socksNonProxyHosts" value="local|*.local|169.254/16|*.169.254/16" />
    <property name="ftp.nonProxyHosts" value="local|*.local|169.254/16|*.169.254/16" />
    <property name="env.APIJAR" value="/Users/andrew/Documents/reference/sip/sipservlet-1_1-tck/tck/../tck/lib/servlet-2_5-api.jar:/Users/andrew/Documents/reference/sip/sipservlet-1_1-tck/tck/../tck/lib/sipservlet-1_1-api.jar" />
    <property name="user.home" value="/Users/andrew" />
    <property name="env.CLASSPATH" value="/Library/Java/JavaVirtualMachines/jdk1.7.0_10.jdk/Contents/Home/lib/tools.jar:/Users/andrew/Documents/reference/sip/sipservlet-1_1-tck/tck/../tck/lib/tck-junit.jar:/Users/andrew/Documents/reference/sip/sipservlet-1_1-tck/tck/../sipunit/lib/junit.jar:/Users/andrew/Documents/reference/sip/sipservlet-1_1-tck/tck/../tck/lib/sigtest.jar:/Users/andrew/Documents/reference/sip/sipservlet-1_1-tck/tck/../tck/conf" />
    <property name="java.specification.vendor" value="Oracle Corporation" />
    <property name="env.TERM_PROGRAM" value="Apple_Terminal" />
    <property name="env.TCKJUNIT_LIB" value="/Users/andrew/Documents/reference/sip/sipservlet-1_1-tck/tck/../tck/lib/tck-junit.jar" />
    <property name="java.library.path" value="/Users/andrew/Library/Java/Extensions:/Library/Java/Extensions:/Network/Library/Java/Extensions:/System/Library/Java/Extensions:/usr/lib/java:." />
    <property name="java.vendor.url" value="http://java.oracle.com/" />
    <property name="gopherProxySet" value="false" />
    <property name="java.vm.vendor" value="Oracle Corporation" />
    <property name="java.runtime.name" value="Java(TM) SE Runtime Environment" />
    <property name="java.class.path" value="/Users/andrew/Documents/reference/sip/sipservlet-1_1-tck/tck/lib/ant-contrib-1.0b3.jar:/Users/andrew/Documents/reference/sip/sipservlet-1_1-tck/tck/lib/javax.annotation_1.0.jar:/Users/andrew/Documents/reference/sip/sipservlet-1_1-tck/tck/lib/servlet-2_5-api.jar:/Users/andrew/Documents/reference/sip/sipservlet-1_1-tck/tck/lib/sigtest.jar:/Users/andrew/Documents/reference/sip/sipservlet-1_1-tck/tck/lib/sipservlet-1_1-api.jar:/Users/andrew/Documents/reference/sip/sipservlet-1_1-tck/tck/lib/sipunit.jar:/Users/andrew/Documents/reference/sip/sipservlet-1_1-tck/tck/lib/tck-junit.jar:/Users/andrew/Documents/reference/sip/sipservlet-1_1-tck/sipunit/lib/JainSipApi1.2.jar:/Users/andrew/Documents/reference/sip/sipservlet-1_1-tck/sipunit/lib/JainSipRi1.2.jar:/Users/andrew/Documents/reference/sip/sipservlet-1_1-tck/sipunit/lib/concurrent.jar:/Users/andrew/Documents/reference/sip/sipservlet-1_1-tck/sipunit/lib/dom.jar:/Users/andrew/Documents/reference/sip/sipservlet-1_1-tck/sipunit/lib/jax-qname.jar:/Users/andrew/Documents/reference/sip/sipservlet-1_1-tck/sipunit/lib/jaxb-api.jar:/Users/andrew/Documents/reference/sip/sipservlet-1_1-tck/sipunit/lib/jaxb-impl.jar:/Users/andrew/Documents/reference/sip/sipservlet-1_1-tck/sipunit/lib/jaxb-libs.jar:/Users/andrew/Documents/reference/sip/sipservlet-1_1-tck/sipunit/lib/junit.jar:/Users/andrew/Documents/reference/sip/sipservlet-1_1-tck/sipunit/lib/log4j-1.2.8.jar:/Users/andrew/Documents/reference/sip/sipservlet-1_1-tck/sipunit/lib/namespace.jar:/Users/andrew/Documents/reference/sip/sipservlet-1_1-tck/sipunit/lib/nist-sdp-1.0.jar:/Users/andrew/Documents/reference/sip/sipservlet-1_1-tck/sipunit/lib/relaxngDatatype.jar:/Users/andrew/Documents/reference/sip/sipservlet-1_1-tck/sipunit/lib/tracesviewer.jar:/Users/andrew/Documents/reference/sip/sipservlet-1_1-tck/sipunit/lib/xalan.jar:/Users/andrew/Documents/reference/sip/sipservlet-1_1-tck/sipunit/lib/xercesImpl.jar:/Users/andrew/Documents/reference/sip/sipservlet-1_1-tck/sipunit/lib/xsdlib.jar:/Users/andrew/Documents/reference/sip/sipservlet-1_1-tck/tck/build/classes:/Library/Java/JavaVirtualMachines/jdk1.7.0_10.jdk/Contents/Home/lib/tools.jar:/Users/andrew/Documents/reference/sip/sipservlet-1_1-tck/tck/conf:/usr/share/java/ant-1.8.2/lib/ant-launcher.jar:/usr/share/ant/lib/ant.jar:/usr/share/ant/lib/ant-junit.jar" />
    <property name="sun.java.command" value="com.bea.wcp.ant.ext.junit.TckJUnitTestRunner com.bea.sipservlet.tck.agents.api.javax_servlet_sip.SipServletMessageTest filtertrace=true haltOnError=false haltOnFailure=false formatter=org.apache.tools.ant.taskdefs.optional.junit.SummaryJUnitResultFormatter showoutput=false formatter=com.bea.wcp.ant.ext.junit.TckXMLFormatter,/Users/andrew/Documents/reference/sip/sipservlet-1_1-tck/tck/report/api_report/TEST-com.bea.sipservlet.tck.agents.api.javax_servlet_sip.SipServletMessageTest.xml propsfile=/Users/andrew/Documents/reference/sip/sipservlet-1_1-tck/tck/junit486381161.properties" />
    <property name="ant.version" value="Apache Ant(TM) version 1.8.2 compiled on June 20 2012" />
    <property name="env.TERM_SESSION_ID" value="992028FA-2937-460F-90A8-E989AB5B64C8" />
    <property name="env.JSR289TCK_HOME" value="/Users/andrew/Documents/reference/sip/sipservlet-1_1-tck/tck/.." />
    <property name="env.JBOSS_HOME" value="/opt/jboss-eap-6.1" />
    <property name="signature.property" value="/Users/andrew/Documents/reference/sip/sipservlet-1_1-tck/tck/conf/signature.properties" />
    <property name="jsr289.dir" value=".." />
    <property name="api.report" value="/Users/andrew/Documents/reference/sip/sipservlet-1_1-tck/tck/report/api_report" />
    <property name="java.vm.specification.name" value="Java Virtual Machine Specification" />
    <property name="env.JAVA_MAIN_CLASS_54325" value="org.apache.tools.ant.launch.Launcher" />
    <property name="ant.file.type" value="file" />
    <property name="java.vm.specification.version" value="1.7" />
    <property name="conf" value="/Users/andrew/Documents/reference/sip/sipservlet-1_1-tck/tck/conf" />
    <property name="sun.cpu.endian" value="little" />
    <property name="sun.os.patch.level" value="unknown" />
    <property name="env.HOME" value="/Users/andrew" />
    <property name="env.ANT_HOME" value="/usr/share/ant" />
    <property name="java.io.tmpdir" value="/var/folders/qt/j9kz_nw12bqfytwz9kfyjvq00000gn/T/" />
    <property name="java.vendor.url.bug" value="http://bugreport.sun.com/bugreport/" />
    <property name="env.SSH_AUTH_SOCK" value="/tmp/launch-JxY2DM/Listeners" />
    <property name="env.MAVEN_OPTS" value="-Xmx512M -XX:MaxPermSize=512M" />
    <property name="signature.report.filename" value="jsr289SignatureReport.txt" />
    <property name="env.COMMAND_MODE" value="unix2003" />
    <property name="applications.src.dir" value="/Users/andrew/Documents/reference/sip/sipservlet-1_1-tck/tck/applications/spectestapps/ar-continue,/Users/andrew/Documents/reference/sip/sipservlet-1_1-tck/tck/applications/spectestapps/ar-internalroutemodifier,/Users/andrew/Documents/reference/sip/sipservlet-1_1-tck/tck/applications/spectestapps/ar-reverse,/Users/andrew/Documents/reference/sip/sipservlet-1_1-tck/tck/applications/spectestapps/ar-suburiregion,/Users/andrew/Documents/reference/sip/sipservlet-1_1-tck/tck/applications/spectestapps/ar-success,/Users/andrew/Documents/reference/sip/sipservlet-1_1-tck/tck/applications/spectestapps/uas,/Users/andrew/Documents/reference/sip/sipservlet-1_1-tck/tck/applications/spectestapps/uac,/Users/andrew/Documents/reference/sip/sipservlet-1_1-tck/tck/applications/spectestapps/b2bua,/Users/andrew/Documents/reference/sip/sipservlet-1_1-tck/tck/applications/spectestapps/proxy" />
    <property name="os.arch" value="x86_64" />
    <property name="java.awt.graphicsenv" value="sun.awt.CGraphicsEnvironment" />
    <property name="java.ext.dirs" value="/Users/andrew/Library/Java/Extensions:/Library/Java/JavaVirtualMachines/jdk1.7.0_10.jdk/Contents/Home/jre/lib/ext:/Library/Java/Extensions:/Network/Library/Java/Extensions:/System/Library/Java/Extensions:/usr/lib/java" />
    <property name="ar.appname" value="/Users/andrew/Documents/reference/sip/sipservlet-1_1-tck/tck/dist/tck-approuter.jar" />
    <property name="user.dir" value="/Users/andrew/Documents/reference/sip/sipservlet-1_1-tck/tck" />
    <property name="applications.dir" value="/Users/andrew/Documents/reference/sip/sipservlet-1_1-tck/tck/applications" />
    <property name="line.separator" value="&#xa;" />
    <property name="java.vm.name" value="Java HotSpot(TM) 64-Bit Server VM" />
    <property name="ant.file.type.SIP Servlet 1.1 API Technology Compatibility Kit (TCK)" value="file" />
    <property name="env.RJAR_HOME" value="/Users/andrew/Dev/rjar/" />
    <property name="basedir" value="/Users/andrew/Documents/reference/sip/sipservlet-1_1-tck/tck" />
    <property name="ant.java.version" value="1.7" />
    <property name="ant.core.lib" value="/usr/share/ant/lib/ant.jar" />
    <property name="env.SIGNATURE_REPORT_NAME" value="jsr289SignatureReport.txt" />
    <property name="file.encoding" value="UTF-8" />
    <property name="env.SIGREPORT_HOME" value="/Users/andrew/Documents/reference/sip/sipservlet-1_1-tck/tck/../tck/report/sig_report" />
    <property name="env.JUNIT_LIB" value="/Users/andrew/Documents/reference/sip/sipservlet-1_1-tck/tck/../sipunit/lib/junit.jar" />
    <property name="java.specification.version" value="1.7" />
    <property name="env.REFERENCE_JAR" value="/Users/andrew/Documents/reference/sip/sipservlet-1_1-tck/tck/lib/sigtest.jar" />
    <property name="ant.project.invoked-targets" value="run-api-tests" />
    <property name="tck.earname" value="/Users/andrew/Documents/reference/sip/sipservlet-1_1-tck/tck/dist/tck-apps.ear" />
  </properties>
  <testcase assertions="[SipServlet:JAVADOC:SipServletMessage1]" classname="com.bea.sipservlet.tck.agents.api.javax_servlet_sip.SipServletMessageTest" name="testAddAcceptLanguage001" time="3.439">
    <failure message="expected:&lt;415&gt; but was:&lt;500&gt;" type="junit.framework.AssertionFailedError">junit.framework.AssertionFailedError: expected:&lt;415&gt; but was:&lt;500&gt;
	at com.bea.sipservlet.tck.agents.api.javax_servlet_sip.SipServletMessageTest.testAddAcceptLanguage001(SipServletMessageTest.java:73)
	at com.bea.wcp.ant.ext.junit.TestHandler.runTest(TestHandler.java:73)
	at com.bea.wcp.ant.ext.junit.TestHandler.run(TestHandler.java:58)
	at com.bea.wcp.ant.ext.junit.TestHandler.invoke(TestHandler.java:34)
	at $Proxy0.run(Unknown Source)
	at com.bea.wcp.ant.ext.junit.TestProxy.run(TestProxy.java:24)
	at com.bea.wcp.ant.ext.junit.TckJUnitTestRunner.run(TckJUnitTestRunner.java:272)
	at com.bea.wcp.ant.ext.junit.TckJUnitTestRunner.launch(TckJUnitTestRunner.java:647)
	at com.bea.wcp.ant.ext.junit.TckJUnitTestRunner.main(TckJUnitTestRunner.java:542)
</failure>
  </testcase>
  <testcase assertions="[SipServlet:JAVADOC:SipServletMessage2]" classname="com.bea.sipservlet.tck.agents.api.javax_servlet_sip.SipServletMessageTest" name="testAddAddressHeader001" time="3.027">
    <failure type="junit.framework.AssertionFailedError">junit.framework.AssertionFailedError
	at com.bea.sipservlet.tck.agents.api.javax_servlet_sip.SipServletMessageTest.testAddAddressHeader001(SipServletMessageTest.java:116)
	at com.bea.wcp.ant.ext.junit.TestHandler.runTest(TestHandler.java:73)
	at com.bea.wcp.ant.ext.junit.TestHandler.run(TestHandler.java:58)
	at com.bea.wcp.ant.ext.junit.TestHandler.invoke(TestHandler.java:34)
	at $Proxy0.run(Unknown Source)
	at com.bea.wcp.ant.ext.junit.TestProxy.run(TestProxy.java:24)
	at com.bea.wcp.ant.ext.junit.TckJUnitTestRunner.run(TckJUnitTestRunner.java:272)
	at com.bea.wcp.ant.ext.junit.TckJUnitTestRunner.launch(TckJUnitTestRunner.java:647)
	at com.bea.wcp.ant.ext.junit.TckJUnitTestRunner.main(TckJUnitTestRunner.java:542)
</failure>
  </testcase>
  <testcase assertions="[SipServlet:JAVADOC:SipServletMessage2] - test IllegalArgumentException will be thrown if the specified header field is a system header" classname="com.bea.sipservlet.tck.agents.api.javax_servlet_sip.SipServletMessageTest" name="testAddAddressHeader101" time="3.023" />
  <testcase assertions="[SipServlet:JAVADOC:SipServletMessage3]" classname="com.bea.sipservlet.tck.agents.api.javax_servlet_sip.SipServletMessageTest" name="testAddHeader001" time="3.025" />
  <testcase assertions="[SipServlet:JAVADOC:SipServletMessage3] - test IllegalArgumentException will be thrown if the header is a system header" classname="com.bea.sipservlet.tck.agents.api.javax_servlet_sip.SipServletMessageTest" name="testAddHeader101" time="3.021" />
  <testcase assertions="[SipServlet:JAVADOC:SipServletMessage4]" classname="com.bea.sipservlet.tck.agents.api.javax_servlet_sip.SipServletMessageTest" name="testAddParameterableHeader001" time="3.023" />
  <testcase assertions="[SipServlet:JAVADOC:SipServletMessage4] - test IllegalArgumentException will be thrown if the header can not hold parameterable values" classname="com.bea.sipservlet.tck.agents.api.javax_servlet_sip.SipServletMessageTest" name="testAddParameterableHeader101" time="3.03" />
  <testcase assertions="[SipServlet:JAVADOC:SipServletMessage5]" classname="com.bea.sipservlet.tck.agents.api.javax_servlet_sip.SipServletMessageTest" name="testGetAcceptLanguage001" time="3.029">
    <failure message="the reason got from UAS:get wrong preferred language:en.  expected:&lt;200&gt; but was:&lt;500&gt;" type="junit.framework.AssertionFailedError">junit.framework.AssertionFailedError: the reason got from UAS:get wrong preferred language:en.  expected:&lt;200&gt; but was:&lt;500&gt;
	at com.bea.sipservlet.tck.agents.api.javax_servlet_sip.SipServletMessageTest.sendMsgWithMultiAcceptLangHdrs(SipServletMessageTest.java:267)
	at com.bea.sipservlet.tck.agents.api.javax_servlet_sip.SipServletMessageTest.testGetAcceptLanguage001(SipServletMessageTest.java:241)
	at com.bea.wcp.ant.ext.junit.TestHandler.runTest(TestHandler.java:73)
	at com.bea.wcp.ant.ext.junit.TestHandler.run(TestHandler.java:58)
	at com.bea.wcp.ant.ext.junit.TestHandler.invoke(TestHandler.java:34)
	at $Proxy0.run(Unknown Source)
	at com.bea.wcp.ant.ext.junit.TestProxy.run(TestProxy.java:24)
	at com.bea.wcp.ant.ext.junit.TckJUnitTestRunner.run(TckJUnitTestRunner.java:272)
	at com.bea.wcp.ant.ext.junit.TckJUnitTestRunner.launch(TckJUnitTestRunner.java:647)
	at com.bea.wcp.ant.ext.junit.TckJUnitTestRunner.main(TckJUnitTestRunner.java:542)
</failure>
  </testcase>
  <testcase assertions="[SipServlet:JAVADOC:SipServletMessage6]" classname="com.bea.sipservlet.tck.agents.api.javax_servlet_sip.SipServletMessageTest" name="testGetAcceptLanguages001" time="3.02" />
  <testcase assertions="[SipServlet:JAVADOC:SipServletMessage7]" classname="com.bea.sipservlet.tck.agents.api.javax_servlet_sip.SipServletMessageTest" name="testGetAddressHeader001" time="3.022" />
  <testcase assertions="[SipServlet:JAVADOC:SipServletMessage7] - test ServletParseException" classname="com.bea.sipservlet.tck.agents.api.javax_servlet_sip.SipServletMessageTest" name="testGetAddressHeader101" time="3.022" />
  <testcase assertions="[SipServlet:JAVADOC:SipServletMessage8]" classname="com.bea.sipservlet.tck.agents.api.javax_servlet_sip.SipServletMessageTest" name="testGetAddressHeaders001" time="3.024" />
  <testcase assertions="[SipServlet:JAVADOC:SipServletMessage8] - test ServletParseException" classname="com.bea.sipservlet.tck.agents.api.javax_servlet_sip.SipServletMessageTest" name="testGetAddressHeaders101" time="3.022" />
  <testcase assertions="[SipServlet:JAVADOC:SipServletMessage9] - test get App session without parameter" classname="com.bea.sipservlet.tck.agents.api.javax_servlet_sip.SipServletMessageTest" name="testGetApplicationSession001" time="3.022" />
  <testcase assertions="[SipServlet:JAVADOC:SipServletMessage10] - test get App session with a boolean parameter" classname="com.bea.sipservlet.tck.agents.api.javax_servlet_sip.SipServletMessageTest" name="testGetApplicationSession002" time="3.028" />
  <testcase assertions="[SipServlet:JAVADOC:SipServletMessage11][SipServlet:JAVADOC:SipServletMessage12][SipServlet:JAVADOC:SipServletMessage43][SipServlet:JAVADOC:SipServletMessage48] - test get/set/removeAttribute and getAttributeNames, if anyone of those assertions doesn&apos;t pass the case will fail" classname="com.bea.sipservlet.tck.agents.api.javax_servlet_sip.SipServletMessageTest" name="testGetAttribute001" time="3.024" />
  <testcase assertions="[SipServlet:JAVADOC:SipServletMessage13]" classname="com.bea.sipservlet.tck.agents.api.javax_servlet_sip.SipServletMessageTest" name="testGetCallId001" time="3.021" />
  <testcase assertions="[SipServlet:JAVADOC:SipServletMessage14][SipServlet:JAVADOC:SipServletMessage49] - getCharacterEncoding/setCharacterEncoding" classname="com.bea.sipservlet.tck.agents.api.javax_servlet_sip.SipServletMessageTest" name="testGetCharacterEncoding001" time="3.028">
    <failure message="the reason got from UAS:Server Internal Error expected:&lt;200&gt; but was:&lt;500&gt;" type="junit.framework.AssertionFailedError">junit.framework.AssertionFailedError: the reason got from UAS:Server Internal Error expected:&lt;200&gt; but was:&lt;500&gt;
	at com.bea.sipservlet.tck.agents.api.javax_servlet_sip.SipServletMessageTest.testGetCharacterEncoding001(SipServletMessageTest.java:393)
	at com.bea.wcp.ant.ext.junit.TestHandler.runTest(TestHandler.java:73)
	at com.bea.wcp.ant.ext.junit.TestHandler.run(TestHandler.java:58)
	at com.bea.wcp.ant.ext.junit.TestHandler.invoke(TestHandler.java:34)
	at $Proxy0.run(Unknown Source)
	at com.bea.wcp.ant.ext.junit.TestProxy.run(TestProxy.java:24)
	at com.bea.wcp.ant.ext.junit.TckJUnitTestRunner.run(TckJUnitTestRunner.java:272)
	at com.bea.wcp.ant.ext.junit.TckJUnitTestRunner.launch(TckJUnitTestRunner.java:647)
	at com.bea.wcp.ant.ext.junit.TckJUnitTestRunner.main(TckJUnitTestRunner.java:542)
</failure>
  </testcase>
  <testcase assertions="[SipServlet:JAVADOC:SipServletMessage15] - test getContent() with content of String" classname="com.bea.sipservlet.tck.agents.api.javax_servlet_sip.SipServletMessageTest" name="testGetContent001" time="3.029">
    <failure message="the reason got from UAS:Server Internal Error.  expected:&lt;200&gt; but was:&lt;500&gt;" type="junit.framework.AssertionFailedError">junit.framework.AssertionFailedError: the reason got from UAS:Server Internal Error.  expected:&lt;200&gt; but was:&lt;500&gt;
	at com.bea.sipservlet.tck.agents.api.javax_servlet_sip.SipServletMessageTest.simpleCheckResp(SipServletMessageTest.java:1321)
	at com.bea.sipservlet.tck.agents.api.javax_servlet_sip.SipServletMessageTest.sendMsgWithStringContent(SipServletMessageTest.java:479)
	at com.bea.sipservlet.tck.agents.api.javax_servlet_sip.SipServletMessageTest.testGetContent001(SipServletMessageTest.java:416)
	at com.bea.wcp.ant.ext.junit.TestHandler.runTest(TestHandler.java:73)
	at com.bea.wcp.ant.ext.junit.TestHandler.run(TestHandler.java:58)
	at com.bea.wcp.ant.ext.junit.TestHandler.invoke(TestHandler.java:34)
	at $Proxy0.run(Unknown Source)
	at com.bea.wcp.ant.ext.junit.TestProxy.run(TestProxy.java:24)
	at com.bea.wcp.ant.ext.junit.TckJUnitTestRunner.run(TckJUnitTestRunner.java:272)
	at com.bea.wcp.ant.ext.junit.TckJUnitTestRunner.launch(TckJUnitTestRunner.java:647)
	at com.bea.wcp.ant.ext.junit.TckJUnitTestRunner.main(TckJUnitTestRunner.java:542)
</failure>
  </testcase>
  <testcase assertions="[SipServlet:JAVADOC:SipServletMessage15] - if message&apos;s character encoding is not supported by the platform UnsupportedEncodingException will be thrown" classname="com.bea.sipservlet.tck.agents.api.javax_servlet_sip.SipServletMessageTest" name="testGetContent101" time="3.028">
    <failure message="the reason gotten from Server:Server Internal Error.  expected:&lt;200&gt; but was:&lt;500&gt;" type="junit.framework.AssertionFailedError">junit.framework.AssertionFailedError: the reason gotten from Server:Server Internal Error.  expected:&lt;200&gt; but was:&lt;500&gt;
	at com.bea.sipservlet.tck.agents.TestBase.assertSipMessage(TestBase.java:675)
	at com.bea.sipservlet.tck.agents.TestBase.assertSipMessage(TestBase.java:627)
	at com.bea.sipservlet.tck.agents.api.javax_servlet_sip.SipServletMessageTest.testGetContent101(SipServletMessageTest.java:425)
	at com.bea.wcp.ant.ext.junit.TestHandler.runTest(TestHandler.java:73)
	at com.bea.wcp.ant.ext.junit.TestHandler.run(TestHandler.java:58)
	at com.bea.wcp.ant.ext.junit.TestHandler.invoke(TestHandler.java:34)
	at $Proxy0.run(Unknown Source)
	at com.bea.wcp.ant.ext.junit.TestProxy.run(TestProxy.java:24)
	at com.bea.wcp.ant.ext.junit.TckJUnitTestRunner.run(TckJUnitTestRunner.java:272)
	at com.bea.wcp.ant.ext.junit.TckJUnitTestRunner.launch(TckJUnitTestRunner.java:647)
	at com.bea.wcp.ant.ext.junit.TckJUnitTestRunner.main(TckJUnitTestRunner.java:542)
</failure>
  </testcase>
  <testcase assertions="[SipServlet:JAVADOC:SipServletMessage16]" classname="com.bea.sipservlet.tck.agents.api.javax_servlet_sip.SipServletMessageTest" name="testGetContentLanguage001" time="3.018" />
  <testcase assertions="[SipServlet:JAVADOC:SipServletMessage17]" classname="com.bea.sipservlet.tck.agents.api.javax_servlet_sip.SipServletMessageTest" name="testGetContentLength001" time="3.021" />
  <testcase assertions="[SipServlet:JAVADOC:SipServletMessage18]" classname="com.bea.sipservlet.tck.agents.api.javax_servlet_sip.SipServletMessageTest" name="testGetContentType001" time="3.021" />
  <testcase assertions="[SipServlet:JAVADOC:SipServletMessage19]" classname="com.bea.sipservlet.tck.agents.api.javax_servlet_sip.SipServletMessageTest" name="testGetExpires001" time="3.02" />
  <testcase assertions="[SipServlet:JAVADOC:SipServletMessage19] - the Expires header doesn&apos;t exist and -1 returned" classname="com.bea.sipservlet.tck.agents.api.javax_servlet_sip.SipServletMessageTest" name="testGetExpires002" time="3.02" />
  <testcase assertions="[SipServlet:JAVADOC:SipServletMessage20]" classname="com.bea.sipservlet.tck.agents.api.javax_servlet_sip.SipServletMessageTest" name="testGetFrom001" time="3.031">
    <failure message="the reason got from UAS:Server Internal Error.  expected:&lt;200&gt; but was:&lt;500&gt;" type="junit.framework.AssertionFailedError">junit.framework.AssertionFailedError: the reason got from UAS:Server Internal Error.  expected:&lt;200&gt; but was:&lt;500&gt;
	at com.bea.sipservlet.tck.agents.api.javax_servlet_sip.SipServletMessageTest.simpleCheckResp(SipServletMessageTest.java:1321)
	at com.bea.sipservlet.tck.agents.api.javax_servlet_sip.SipServletMessageTest.testGetFrom001(SipServletMessageTest.java:540)
	at com.bea.wcp.ant.ext.junit.TestHandler.runTest(TestHandler.java:73)
	at com.bea.wcp.ant.ext.junit.TestHandler.run(TestHandler.java:58)
	at com.bea.wcp.ant.ext.junit.TestHandler.invoke(TestHandler.java:34)
	at $Proxy0.run(Unknown Source)
	at com.bea.wcp.ant.ext.junit.TestProxy.run(TestProxy.java:24)
	at com.bea.wcp.ant.ext.junit.TckJUnitTestRunner.run(TckJUnitTestRunner.java:272)
	at com.bea.wcp.ant.ext.junit.TckJUnitTestRunner.launch(TckJUnitTestRunner.java:647)
	at com.bea.wcp.ant.ext.junit.TckJUnitTestRunner.main(TckJUnitTestRunner.java:542)
</failure>
  </testcase>
  <testcase assertions="[SipServlet:JAVADOC:SipServletMessage21]" classname="com.bea.sipservlet.tck.agents.api.javax_servlet_sip.SipServletMessageTest" name="testGetHeader001" time="3.018" />
  <testcase assertions="[SipServlet:JAVADOC:SipServletMessage22][SipServlet:JAVADOC:SipServletMessage56] - test set/getHeaderForm" classname="com.bea.sipservlet.tck.agents.api.javax_servlet_sip.SipServletMessageTest" name="testHeaderForm001" time="3.019" />
  <testcase assertions="[SipServlet:JAVADOC:SipServletMessage23]" classname="com.bea.sipservlet.tck.agents.api.javax_servlet_sip.SipServletMessageTest" name="testGetHeaderNames001" time="3.02" />
  <testcase assertions="[SipServlet:JAVADOC:SipServletMessage24]" classname="com.bea.sipservlet.tck.agents.api.javax_servlet_sip.SipServletMessageTest" name="testGetHeaders001" time="3.021" />
  <testcase assertions="[SipServlet:JAVADOC:SipServletMessage25]" classname="com.bea.sipservlet.tck.agents.api.javax_servlet_sip.SipServletMessageTest" name="testGetLocalAddr001" time="3.028">
    <failure message="the reason gotten from Server:Server Internal Error.  expected:&lt;200&gt; but was:&lt;500&gt;" type="junit.framework.AssertionFailedError">junit.framework.AssertionFailedError: the reason gotten from Server:Server Internal Error.  expected:&lt;200&gt; but was:&lt;500&gt;
	at com.bea.sipservlet.tck.agents.api.javax_servlet_sip.SipServletMessageTest.simpleCheckRespForMessage(SipServletMessageTest.java:1354)
	at com.bea.sipservlet.tck.agents.api.javax_servlet_sip.SipServletMessageTest.testGetLocalAddr001(SipServletMessageTest.java:607)
	at com.bea.wcp.ant.ext.junit.TestHandler.runTest(TestHandler.java:73)
	at com.bea.wcp.ant.ext.junit.TestHandler.run(TestHandler.java:58)
	at com.bea.wcp.ant.ext.junit.TestHandler.invoke(TestHandler.java:34)
	at $Proxy0.run(Unknown Source)
	at com.bea.wcp.ant.ext.junit.TestProxy.run(TestProxy.java:24)
	at com.bea.wcp.ant.ext.junit.TckJUnitTestRunner.run(TckJUnitTestRunner.java:272)
	at com.bea.wcp.ant.ext.junit.TckJUnitTestRunner.launch(TckJUnitTestRunner.java:647)
	at com.bea.wcp.ant.ext.junit.TckJUnitTestRunner.main(TckJUnitTestRunner.java:542)
</failure>
  </testcase>
  <testcase assertions="[SipServlet:JAVADOC:SipServletMessage26]" classname="com.bea.sipservlet.tck.agents.api.javax_servlet_sip.SipServletMessageTest" name="testGetLocalPort001" time="3.029">
    <failure message="the reason gotten from Server:Server Internal Error.  expected:&lt;200&gt; but was:&lt;500&gt;" type="junit.framework.AssertionFailedError">junit.framework.AssertionFailedError: the reason gotten from Server:Server Internal Error.  expected:&lt;200&gt; but was:&lt;500&gt;
	at com.bea.sipservlet.tck.agents.api.javax_servlet_sip.SipServletMessageTest.simpleCheckRespForMessage(SipServletMessageTest.java:1354)
	at com.bea.sipservlet.tck.agents.api.javax_servlet_sip.SipServletMessageTest.testGetLocalPort001(SipServletMessageTest.java:621)
	at com.bea.wcp.ant.ext.junit.TestHandler.runTest(TestHandler.java:73)
	at com.bea.wcp.ant.ext.junit.TestHandler.run(TestHandler.java:58)
	at com.bea.wcp.ant.ext.junit.TestHandler.invoke(TestHandler.java:34)
	at $Proxy0.run(Unknown Source)
	at com.bea.wcp.ant.ext.junit.TestProxy.run(TestProxy.java:24)
	at com.bea.wcp.ant.ext.junit.TckJUnitTestRunner.run(TckJUnitTestRunner.java:272)
	at com.bea.wcp.ant.ext.junit.TckJUnitTestRunner.launch(TckJUnitTestRunner.java:647)
	at com.bea.wcp.ant.ext.junit.TckJUnitTestRunner.main(TckJUnitTestRunner.java:542)
</failure>
  </testcase>
  <testcase assertions="[SipServlet:JAVADOC:SipServletMessage27]" classname="com.bea.sipservlet.tck.agents.api.javax_servlet_sip.SipServletMessageTest" name="testGetMethod001" time="3.019" />
  <testcase assertions="[SipServlet:JAVADOC:SipServletMessage28]" classname="com.bea.sipservlet.tck.agents.api.javax_servlet_sip.SipServletMessageTest" name="testGetParameterableHeader001" time="3.023" />
  <testcase assertions="[SipServlet:JAVADOC:SipServletMessage28] - ServletParseException should be thrown if the specified header field cannot be parsed as a SIP parameterable object " classname="com.bea.sipservlet.tck.agents.api.javax_servlet_sip.SipServletMessageTest" name="testGetParameterableHeader101" time="3.02" />
  <testcase assertions="[SipServlet:JAVADOC:SipServletMessage28] - NullPointerException should be thrown if the name is null; " classname="com.bea.sipservlet.tck.agents.api.javax_servlet_sip.SipServletMessageTest" name="testGetParameterableHeader102" time="3.021" />
  <testcase assertions="[SipServlet:JAVADOC:SipServletMessage29]" classname="com.bea.sipservlet.tck.agents.api.javax_servlet_sip.SipServletMessageTest" name="testGetParameterableHeaders001" time="3.02" />
  <testcase assertions="[SipServlet:JAVADOC:SipServletMessage29] - ServletParseException should be thrown if the specified header field cannot be parsed as a SIP parameterable object " classname="com.bea.sipservlet.tck.agents.api.javax_servlet_sip.SipServletMessageTest" name="testGetParameterableHeaders101" time="3.017" />
  <testcase assertions="[SipServlet:JAVADOC:SipServletMessage28] - NullPointerException should be thrown if the name is null; " classname="com.bea.sipservlet.tck.agents.api.javax_servlet_sip.SipServletMessageTest" name="testGetParameterableHeaders102" time="3.02" />
  <testcase assertions="[SipServlet:JAVADOC:SipServletMessage30]" classname="com.bea.sipservlet.tck.agents.api.javax_servlet_sip.SipServletMessageTest" name="testGetProtocol001" time="3.019" />
  <testcase assertions="[SipServlet:JAVADOC:SipServletMessage31]" classname="com.bea.sipservlet.tck.agents.api.javax_servlet_sip.SipServletMessageTest" name="testGetRawContent001" time="3.019" />
  <testcase assertions="[SipServlet:JAVADOC:SipServletMessage32]" classname="com.bea.sipservlet.tck.agents.api.javax_servlet_sip.SipServletMessageTest" name="testGetRemoteAddr001" time="3.026">
    <failure message="the reason got from UAS:Server Internal Error expected:&lt;200&gt; but was:&lt;500&gt;" type="junit.framework.AssertionFailedError">junit.framework.AssertionFailedError: the reason got from UAS:Server Internal Error expected:&lt;200&gt; but was:&lt;500&gt;
	at com.bea.sipservlet.tck.agents.api.javax_servlet_sip.SipServletMessageTest.testGetRemoteAddr001(SipServletMessageTest.java:736)
	at com.bea.wcp.ant.ext.junit.TestHandler.runTest(TestHandler.java:73)
	at com.bea.wcp.ant.ext.junit.TestHandler.run(TestHandler.java:58)
	at com.bea.wcp.ant.ext.junit.TestHandler.invoke(TestHandler.java:34)
	at $Proxy0.run(Unknown Source)
	at com.bea.wcp.ant.ext.junit.TestProxy.run(TestProxy.java:24)
	at com.bea.wcp.ant.ext.junit.TckJUnitTestRunner.run(TckJUnitTestRunner.java:272)
	at com.bea.wcp.ant.ext.junit.TckJUnitTestRunner.launch(TckJUnitTestRunner.java:647)
	at com.bea.wcp.ant.ext.junit.TckJUnitTestRunner.main(TckJUnitTestRunner.java:542)
</failure>
  </testcase>
  <testcase assertions="[SipServlet:JAVADOC:SipServletMessage33]" classname="com.bea.sipservlet.tck.agents.api.javax_servlet_sip.SipServletMessageTest" name="testGetRemotePort001" time="3.028">
    <failure message="the reason got from UAS:Server Internal Error expected:&lt;200&gt; but was:&lt;500&gt;" type="junit.framework.AssertionFailedError">junit.framework.AssertionFailedError: the reason got from UAS:Server Internal Error expected:&lt;200&gt; but was:&lt;500&gt;
	at com.bea.sipservlet.tck.agents.api.javax_servlet_sip.SipServletMessageTest.testGetRemotePort001(SipServletMessageTest.java:778)
	at com.bea.wcp.ant.ext.junit.TestHandler.runTest(TestHandler.java:73)
	at com.bea.wcp.ant.ext.junit.TestHandler.run(TestHandler.java:58)
	at com.bea.wcp.ant.ext.junit.TestHandler.invoke(TestHandler.java:34)
	at $Proxy0.run(Unknown Source)
	at com.bea.wcp.ant.ext.junit.TestProxy.run(TestProxy.java:24)
	at com.bea.wcp.ant.ext.junit.TckJUnitTestRunner.run(TckJUnitTestRunner.java:272)
	at com.bea.wcp.ant.ext.junit.TckJUnitTestRunner.launch(TckJUnitTestRunner.java:647)
	at com.bea.wcp.ant.ext.junit.TckJUnitTestRunner.main(TckJUnitTestRunner.java:542)
</failure>
  </testcase>
  <testcase assertions="[SipServlet:JAVADOC:SipServletMessage35] - test getSession()" classname="com.bea.sipservlet.tck.agents.api.javax_servlet_sip.SipServletMessageTest" name="testGetSession001" time="3.02" />
  <testcase assertions="[SipServlet:JAVADOC:SipServletMessage36] - test getSession(boolean create). Some containers always create the sesson regardless the &apos;create&apos; value, so the test only asserts if the container support the API." classname="com.bea.sipservlet.tck.agents.api.javax_servlet_sip.SipServletMessageTest" name="testGetSession002" time="3.02" />
  <testcase assertions="[SipServlet:JAVADOC:SipServletMessage37]" classname="com.bea.sipservlet.tck.agents.api.javax_servlet_sip.SipServletMessageTest" name="testGetTo001" time="3.02" />
  <testcase assertions="[SipServlet:JAVADOC:SipServletMessage38]" classname="com.bea.sipservlet.tck.agents.api.javax_servlet_sip.SipServletMessageTest" name="testGetTransport001" time="3.027">
    <failure message="the reason gotten from Server:Server Internal Error.  expected:&lt;200&gt; but was:&lt;500&gt;" type="junit.framework.AssertionFailedError">junit.framework.AssertionFailedError: the reason gotten from Server:Server Internal Error.  expected:&lt;200&gt; but was:&lt;500&gt;
	at com.bea.sipservlet.tck.agents.api.javax_servlet_sip.SipServletMessageTest.simpleCheckRespForMessage(SipServletMessageTest.java:1354)
	at com.bea.sipservlet.tck.agents.api.javax_servlet_sip.SipServletMessageTest.testGetTransport001(SipServletMessageTest.java:827)
	at com.bea.wcp.ant.ext.junit.TestHandler.runTest(TestHandler.java:73)
	at com.bea.wcp.ant.ext.junit.TestHandler.run(TestHandler.java:58)
	at com.bea.wcp.ant.ext.junit.TestHandler.invoke(TestHandler.java:34)
	at $Proxy0.run(Unknown Source)
	at com.bea.wcp.ant.ext.junit.TestProxy.run(TestProxy.java:24)
	at com.bea.wcp.ant.ext.junit.TckJUnitTestRunner.run(TckJUnitTestRunner.java:272)
	at com.bea.wcp.ant.ext.junit.TckJUnitTestRunner.launch(TckJUnitTestRunner.java:647)
	at com.bea.wcp.ant.ext.junit.TckJUnitTestRunner.main(TckJUnitTestRunner.java:542)
</failure>
  </testcase>
  <testcase assertions="[SipServlet:JAVADOC:SipServletMessage40]" classname="com.bea.sipservlet.tck.agents.api.javax_servlet_sip.SipServletMessageTest" name="testIsCommitted001" time="3.025">
    <failure message="the reason gotten from Server:Server Internal Error.  expected:&lt;200&gt; but was:&lt;500&gt;" type="junit.framework.AssertionFailedError">junit.framework.AssertionFailedError: the reason gotten from Server:Server Internal Error.  expected:&lt;200&gt; but was:&lt;500&gt;
	at com.bea.sipservlet.tck.agents.TestBase.assertSipMessage(TestBase.java:675)
	at com.bea.sipservlet.tck.agents.TestBase.assertSipMessage(TestBase.java:627)
	at com.bea.sipservlet.tck.agents.api.javax_servlet_sip.SipServletMessageTest.testIsCommitted001(SipServletMessageTest.java:835)
	at com.bea.wcp.ant.ext.junit.TestHandler.runTest(TestHandler.java:73)
	at com.bea.wcp.ant.ext.junit.TestHandler.run(TestHandler.java:58)
	at com.bea.wcp.ant.ext.junit.TestHandler.invoke(TestHandler.java:34)
	at $Proxy0.run(Unknown Source)
	at com.bea.wcp.ant.ext.junit.TestProxy.run(TestProxy.java:24)
	at com.bea.wcp.ant.ext.junit.TckJUnitTestRunner.run(TckJUnitTestRunner.java:272)
	at com.bea.wcp.ant.ext.junit.TckJUnitTestRunner.launch(TckJUnitTestRunner.java:647)
	at com.bea.wcp.ant.ext.junit.TckJUnitTestRunner.main(TckJUnitTestRunner.java:542)
</failure>
  </testcase>
  <testcase assertions="[SipServlet:JAVADOC:SipServletMessage41]" classname="com.bea.sipservlet.tck.agents.api.javax_servlet_sip.SipServletMessageTest" name="testIsSecure001" time="3.029">
    <failure message="the reason gotten from Server:Server Internal Error.  expected:&lt;200&gt; but was:&lt;500&gt;" type="junit.framework.AssertionFailedError">junit.framework.AssertionFailedError: the reason gotten from Server:Server Internal Error.  expected:&lt;200&gt; but was:&lt;500&gt;
	at com.bea.sipservlet.tck.agents.TestBase.assertSipMessage(TestBase.java:675)
	at com.bea.sipservlet.tck.agents.TestBase.assertSipMessage(TestBase.java:627)
	at com.bea.sipservlet.tck.agents.api.javax_servlet_sip.SipServletMessageTest.testIsSecure001(SipServletMessageTest.java:842)
	at com.bea.wcp.ant.ext.junit.TestHandler.runTest(TestHandler.java:73)
	at com.bea.wcp.ant.ext.junit.TestHandler.run(TestHandler.java:58)
	at com.bea.wcp.ant.ext.junit.TestHandler.invoke(TestHandler.java:34)
	at $Proxy0.run(Unknown Source)
	at com.bea.wcp.ant.ext.junit.TestProxy.run(TestProxy.java:24)
	at com.bea.wcp.ant.ext.junit.TckJUnitTestRunner.run(TckJUnitTestRunner.java:272)
	at com.bea.wcp.ant.ext.junit.TckJUnitTestRunner.launch(TckJUnitTestRunner.java:647)
	at com.bea.wcp.ant.ext.junit.TckJUnitTestRunner.main(TckJUnitTestRunner.java:542)
</failure>
  </testcase>
  <testcase assertions="[SipServlet:JAVADOC:SipServletMessage44]" classname="com.bea.sipservlet.tck.agents.api.javax_servlet_sip.SipServletMessageTest" name="testRemoveHeader001" time="3.019" />
  <testcase assertions="[SipServlet:JAVADOC:SipServletMessage44] - IllegalArgumentException should be thrown if the header is a system header" classname="com.bea.sipservlet.tck.agents.api.javax_servlet_sip.SipServletMessageTest" name="testRemoveHeader101" time="3.021" />
  <testcase assertions="[SipServlet:JAVADOC:SipServletMessage45]" classname="com.bea.sipservlet.tck.agents.api.javax_servlet_sip.SipServletMessageTest" name="testSend001" time="3.075" />
  <testcase assertions="[SipServlet:JAVADOC:SipServletMessage45]" classname="com.bea.sipservlet.tck.agents.api.javax_servlet_sip.SipServletMessageTest" name="testSend101" time="3.018" />
  <testcase assertions="[SipServlet:JAVADOC:SipServletMessage46]" classname="com.bea.sipservlet.tck.agents.api.javax_servlet_sip.SipServletMessageTest" name="testSetAcceptLanguage001" time="3.031">
    <failure message="expected:&lt;415&gt; but was:&lt;500&gt;" type="junit.framework.AssertionFailedError">junit.framework.AssertionFailedError: expected:&lt;415&gt; but was:&lt;500&gt;
	at com.bea.sipservlet.tck.agents.api.javax_servlet_sip.SipServletMessageTest.testSetAcceptLanguage001(SipServletMessageTest.java:903)
	at com.bea.wcp.ant.ext.junit.TestHandler.runTest(TestHandler.java:73)
	at com.bea.wcp.ant.ext.junit.TestHandler.run(TestHandler.java:58)
	at com.bea.wcp.ant.ext.junit.TestHandler.invoke(TestHandler.java:34)
	at $Proxy0.run(Unknown Source)
	at com.bea.wcp.ant.ext.junit.TestProxy.run(TestProxy.java:24)
	at com.bea.wcp.ant.ext.junit.TckJUnitTestRunner.run(TckJUnitTestRunner.java:272)
	at com.bea.wcp.ant.ext.junit.TckJUnitTestRunner.launch(TckJUnitTestRunner.java:647)
	at com.bea.wcp.ant.ext.junit.TckJUnitTestRunner.main(TckJUnitTestRunner.java:542)
</failure>
  </testcase>
  <testcase assertions="[SipServlet:JAVADOC:SipServletMessage47]" classname="com.bea.sipservlet.tck.agents.api.javax_servlet_sip.SipServletMessageTest" name="testSetAddressHeader001" time="3.025" />
  <testcase assertions="[SipServlet:JAVADOC:SipServletMessage47] - IllegalArgumentException should be thrown if the header is a system header" classname="com.bea.sipservlet.tck.agents.api.javax_servlet_sip.SipServletMessageTest" name="testSetAddressHeader101" time="3.021" />
  <testcase assertions="[SipServlet:JAVADOC:SipServletMessage48] - NullPointerException should be thrown if the value is null" classname="com.bea.sipservlet.tck.agents.api.javax_servlet_sip.SipServletMessageTest" name="testSetAttribute101" time="3.021" />
  <testcase assertions="[SipServlet:JAVADOC:SipServletMessage49] - UnsupportedEncodingException should be thrown if an invalide encoding is used" classname="com.bea.sipservlet.tck.agents.api.javax_servlet_sip.SipServletMessageTest" name="testSetCharacterEncoding101" time="3.028">
    <failure message="the reason gotten from Server:Server Internal Error.  expected:&lt;200&gt; but was:&lt;500&gt;" type="junit.framework.AssertionFailedError">junit.framework.AssertionFailedError: the reason gotten from Server:Server Internal Error.  expected:&lt;200&gt; but was:&lt;500&gt;
	at com.bea.sipservlet.tck.agents.TestBase.assertSipMessage(TestBase.java:675)
	at com.bea.sipservlet.tck.agents.TestBase.assertSipMessage(TestBase.java:627)
	at com.bea.sipservlet.tck.agents.api.javax_servlet_sip.SipServletMessageTest.testSetCharacterEncoding101(SipServletMessageTest.java:965)
	at com.bea.wcp.ant.ext.junit.TestHandler.runTest(TestHandler.java:73)
	at com.bea.wcp.ant.ext.junit.TestHandler.run(TestHandler.java:58)
	at com.bea.wcp.ant.ext.junit.TestHandler.invoke(TestHandler.java:34)
	at $Proxy0.run(Unknown Source)
	at com.bea.wcp.ant.ext.junit.TestProxy.run(TestProxy.java:24)
	at com.bea.wcp.ant.ext.junit.TckJUnitTestRunner.run(TckJUnitTestRunner.java:272)
	at com.bea.wcp.ant.ext.junit.TckJUnitTestRunner.launch(TckJUnitTestRunner.java:647)
	at com.bea.wcp.ant.ext.junit.TckJUnitTestRunner.main(TckJUnitTestRunner.java:542)
</failure>
  </testcase>
  <testcase assertions="[SipServlet:JAVADOC:SipServletMessage50]" classname="com.bea.sipservlet.tck.agents.api.javax_servlet_sip.SipServletMessageTest" name="testSetContent001" time="13.023">
    <failure message="request Event is null." type="junit.framework.AssertionFailedError">junit.framework.AssertionFailedError: request Event is null.
	at com.bea.sipservlet.tck.agents.api.javax_servlet_sip.SipServletMessageTest.testSetContent001(SipServletMessageTest.java:990)
	at com.bea.wcp.ant.ext.junit.TestHandler.runTest(TestHandler.java:73)
	at com.bea.wcp.ant.ext.junit.TestHandler.run(TestHandler.java:58)
	at com.bea.wcp.ant.ext.junit.TestHandler.invoke(TestHandler.java:34)
	at $Proxy0.run(Unknown Source)
	at com.bea.wcp.ant.ext.junit.TestProxy.run(TestProxy.java:24)
	at com.bea.wcp.ant.ext.junit.TckJUnitTestRunner.run(TckJUnitTestRunner.java:272)
	at com.bea.wcp.ant.ext.junit.TckJUnitTestRunner.launch(TckJUnitTestRunner.java:647)
	at com.bea.wcp.ant.ext.junit.TckJUnitTestRunner.main(TckJUnitTestRunner.java:542)
</failure>
  </testcase>
  <testcase assertions="[SipServlet:JAVADOC:SipServletMessage50] - UnsupportedEncodingException should be thrown if the encoding is not supported" classname="com.bea.sipservlet.tck.agents.api.javax_servlet_sip.SipServletMessageTest" name="testSetContent101" time="3.032">
    <failure message="the reason gotten from Server:Server Internal Error.  expected:&lt;200&gt; but was:&lt;500&gt;" type="junit.framework.AssertionFailedError">junit.framework.AssertionFailedError: the reason gotten from Server:Server Internal Error.  expected:&lt;200&gt; but was:&lt;500&gt;
	at com.bea.sipservlet.tck.agents.TestBase.assertSipMessage(TestBase.java:675)
	at com.bea.sipservlet.tck.agents.TestBase.assertSipMessage(TestBase.java:627)
	at com.bea.sipservlet.tck.agents.api.javax_servlet_sip.SipServletMessageTest.testSetContent101(SipServletMessageTest.java:1012)
	at com.bea.wcp.ant.ext.junit.TestHandler.runTest(TestHandler.java:73)
	at com.bea.wcp.ant.ext.junit.TestHandler.run(TestHandler.java:58)
	at com.bea.wcp.ant.ext.junit.TestHandler.invoke(TestHandler.java:34)
	at $Proxy0.run(Unknown Source)
	at com.bea.wcp.ant.ext.junit.TestProxy.run(TestProxy.java:24)
	at com.bea.wcp.ant.ext.junit.TckJUnitTestRunner.run(TckJUnitTestRunner.java:272)
	at com.bea.wcp.ant.ext.junit.TckJUnitTestRunner.launch(TckJUnitTestRunner.java:647)
	at com.bea.wcp.ant.ext.junit.TckJUnitTestRunner.main(TckJUnitTestRunner.java:542)
</failure>
  </testcase>
  <testcase assertions="[SipServlet:JAVADOC:SipServletMessage50] - IllegalArgumentException should be thrown if MIME type is unknown" classname="com.bea.sipservlet.tck.agents.api.javax_servlet_sip.SipServletMessageTest" name="testSetContent102" time="3.029">
    <failure message="the reason gotten from Server:Server Internal Error.  expected:&lt;200&gt; but was:&lt;500&gt;" type="junit.framework.AssertionFailedError">junit.framework.AssertionFailedError: the reason gotten from Server:Server Internal Error.  expected:&lt;200&gt; but was:&lt;500&gt;
	at com.bea.sipservlet.tck.agents.TestBase.assertSipMessage(TestBase.java:675)
	at com.bea.sipservlet.tck.agents.TestBase.assertSipMessage(TestBase.java:627)
	at com.bea.sipservlet.tck.agents.api.javax_servlet_sip.SipServletMessageTest.testSetContent102(SipServletMessageTest.java:1020)
	at com.bea.wcp.ant.ext.junit.TestHandler.runTest(TestHandler.java:73)
	at com.bea.wcp.ant.ext.junit.TestHandler.run(TestHandler.java:58)
	at com.bea.wcp.ant.ext.junit.TestHandler.invoke(TestHandler.java:34)
	at $Proxy0.run(Unknown Source)
	at com.bea.wcp.ant.ext.junit.TestProxy.run(TestProxy.java:24)
	at com.bea.wcp.ant.ext.junit.TckJUnitTestRunner.run(TckJUnitTestRunner.java:272)
	at com.bea.wcp.ant.ext.junit.TckJUnitTestRunner.launch(TckJUnitTestRunner.java:647)
	at com.bea.wcp.ant.ext.junit.TckJUnitTestRunner.main(TckJUnitTestRunner.java:542)
</failure>
  </testcase>
  <testcase assertions="[SipServlet:JAVADOC:SipServletMessage50] - IllegalStateException  should be thrown if message has already been sent." classname="com.bea.sipservlet.tck.agents.api.javax_servlet_sip.SipServletMessageTest" name="testSetContent103" time="3.027" />
  <testcase assertions="[SipServlet:JAVADOC:SipServletMessage51]" classname="com.bea.sipservlet.tck.agents.api.javax_servlet_sip.SipServletMessageTest" name="testSetContentLanguage001" time="3.027" />
  <testcase assertions="[SipServlet:JAVADOC:SipServletMessage52]" classname="com.bea.sipservlet.tck.agents.api.javax_servlet_sip.SipServletMessageTest" name="testSetContentLength001" time="3.018" />
  <testcase assertions="[SipServlet:JAVADOC:SipServletMessage52] - IllegalStateException should be thrown if the message has already been sent." classname="com.bea.sipservlet.tck.agents.api.javax_servlet_sip.SipServletMessageTest" name="testSetContentLength101" time="3.027" />
  <testcase assertions="[SipServlet:JAVADOC:SipServletMessage53]" classname="com.bea.sipservlet.tck.agents.api.javax_servlet_sip.SipServletMessageTest" name="testSetContentType001" time="3.019" />
  <testcase assertions="[SipServlet:JAVADOC:SipServletMessage54]" classname="com.bea.sipservlet.tck.agents.api.javax_servlet_sip.SipServletMessageTest" name="testSetExpires001" time="3.028" />
  <testcase assertions="[SipServlet:JAVADOC:SipServletMessage55]" classname="com.bea.sipservlet.tck.agents.api.javax_servlet_sip.SipServletMessageTest" name="testSetHeader001" time="3.026" />
  <testcase assertions="[SipServlet:JAVADOC:SipServletMessage55] - IllegalArgumentException should be thrown if the header is a system header" classname="com.bea.sipservlet.tck.agents.api.javax_servlet_sip.SipServletMessageTest" name="testSetHeader101" time="3.018" />
  <testcase assertions="[SipServlet:JAVADOC:SipServletMessage55] - NullPointerException  should be thrown if the name is null" classname="com.bea.sipservlet.tck.agents.api.javax_servlet_sip.SipServletMessageTest" name="testSetHeader102" time="3.021" />
  <testcase assertions="[SipServlet:JAVADOC:SipServletMessage55] - NullPointerException  should be thrown if the value is null" classname="com.bea.sipservlet.tck.agents.api.javax_servlet_sip.SipServletMessageTest" name="testSetHeader103" time="3.025" />
  <testcase assertions="[SipServlet:JAVADOC:SipServletMessage57]" classname="com.bea.sipservlet.tck.agents.api.javax_servlet_sip.SipServletMessageTest" name="testSetParameterableHeader001" time="3.019" />
  <testcase assertions="[SipServlet:JAVADOC:SipServletMessage57] - IllegalArgumentException should be thrown if the header can not hold parameterable values" classname="com.bea.sipservlet.tck.agents.api.javax_servlet_sip.SipServletMessageTest" name="testSetParameterableHeader101" time="3.019" />
  <testcase assertions="[SipServlet:JAVADOC:SipServletMessage58]" classname="com.bea.sipservlet.tck.agents.api.javax_servlet_sip.SipServletMessageTest" name="testGetInitialRemoteAddr001" time="3.019" />
  <testcase assertions="[SipServlet:JAVADOC:SipServletMessage59]" classname="com.bea.sipservlet.tck.agents.api.javax_servlet_sip.SipServletMessageTest" name="testGetInitialRemotePort001" time="3.018" />
  <testcase assertions="[SipServlet:JAVADOC:SipServletMessage60]" classname="com.bea.sipservlet.tck.agents.api.javax_servlet_sip.SipServletMessageTest" name="testGetInitialTransport001" time="3.03">
    <failure message="the reason gotten from Server:Server Internal Error.  expected:&lt;200&gt; but was:&lt;500&gt;" type="junit.framework.AssertionFailedError">junit.framework.AssertionFailedError: the reason gotten from Server:Server Internal Error.  expected:&lt;200&gt; but was:&lt;500&gt;
	at com.bea.sipservlet.tck.agents.api.javax_servlet_sip.SipServletMessageTest.simpleCheckRespForMessage(SipServletMessageTest.java:1354)
	at com.bea.sipservlet.tck.agents.api.javax_servlet_sip.SipServletMessageTest.testGetInitialTransport001(SipServletMessageTest.java:1284)
	at com.bea.wcp.ant.ext.junit.TestHandler.runTest(TestHandler.java:73)
	at com.bea.wcp.ant.ext.junit.TestHandler.run(TestHandler.java:58)
	at com.bea.wcp.ant.ext.junit.TestHandler.invoke(TestHandler.java:34)
	at $Proxy0.run(Unknown Source)
	at com.bea.wcp.ant.ext.junit.TestProxy.run(TestProxy.java:24)
	at com.bea.wcp.ant.ext.junit.TckJUnitTestRunner.run(TckJUnitTestRunner.java:272)
	at com.bea.wcp.ant.ext.junit.TckJUnitTestRunner.launch(TckJUnitTestRunner.java:647)
	at com.bea.wcp.ant.ext.junit.TckJUnitTestRunner.main(TckJUnitTestRunner.java:542)
</failure>
  </testcase>
  <system-out><![CDATA[[2013-04-15 20:18:34,455] SipServletMessageTest:1008 INFO  - === testAddAcceptLanguage001() ===
[2013-04-15 20:18:34,554] TestBase:351 DEBUG - === created message:MESSAGE sip:JSR289_TCK@localhost:5060 SIP/2.0
Call-ID: 8dd28d87d9c4fd4d079148e900a1ca12@192.168.1.65
CSeq: 1 MESSAGE
From: "Alice" <sip:alice@192.168.1.65:5071>;tag=1648866095
To: "JSR289_TCK" <sip:JSR289_TCK@localhost:5060>
Via: SIP/2.0/UDP 192.168.1.65:5071;branch=somebranchvalue
Max-Forwards: 5
Content-Length: 0

 ===
[2013-04-15 20:18:34,592] TestBase:979 DEBUG - ---The Sip request is:MESSAGE sip:JSR289_TCK@localhost:5060 SIP/2.0
Call-ID: 8dd28d87d9c4fd4d079148e900a1ca12@192.168.1.65
CSeq: 1 MESSAGE
From: "Alice" <sip:alice@192.168.1.65:5071>;tag=1648866095
To: "JSR289_TCK" <sip:JSR289_TCK@localhost:5060>
Via: SIP/2.0/UDP 192.168.1.65:5071;branch=z9hG4bKbe52c05371189628ac639f8858952f43
Max-Forwards: 5
Route: "JSR289_TCK" <sip:JSR289_TCK@localhost:5060;lr>,<sip:localhost:5060;transport=udp;lr>
Application-Name: com.bea.sipservlet.tck.apps.apitestapp
Servlet-Name: SipServletMessage
Method-Name: testAddAcceptLanguage001
Content-Length: 0

 ---
[2013-04-15 20:18:37,650] SipServletMessageTest:1008 INFO  - === testAddAddressHeader001() ===
[2013-04-15 20:18:37,651] TestBase:351 DEBUG - === created message:MESSAGE sip:JSR289_TCK@localhost:5060 SIP/2.0
Call-ID: 4a8711c082c3a04531d8fa88cd6b7759@192.168.1.65
CSeq: 1 MESSAGE
From: "Alice" <sip:alice@192.168.1.65:5071>;tag=408170126
To: "JSR289_TCK" <sip:JSR289_TCK@localhost:5060>
Via: SIP/2.0/UDP 192.168.1.65:5071;branch=somebranchvalue
Max-Forwards: 5
Content-Length: 0

 ===
[2013-04-15 20:18:37,656] TestBase:979 DEBUG - ---The Sip request is:MESSAGE sip:JSR289_TCK@localhost:5060 SIP/2.0
Call-ID: 4a8711c082c3a04531d8fa88cd6b7759@192.168.1.65
CSeq: 1 MESSAGE
From: "Alice" <sip:alice@192.168.1.65:5071>;tag=408170126
To: "JSR289_TCK" <sip:JSR289_TCK@localhost:5060>
Via: SIP/2.0/UDP 192.168.1.65:5071;branch=z9hG4bK2b51a13d3d921addc6f5d5fc5d94d60c
Max-Forwards: 5
Route: "JSR289_TCK" <sip:JSR289_TCK@localhost:5060;lr>,<sip:localhost:5060;transport=udp;lr>
Application-Name: com.bea.sipservlet.tck.apps.apitestapp
Servlet-Name: SipServletMessage
Method-Name: testAddAddressHeader001
Content-Length: 0

 ---
[2013-04-15 20:18:40,679] SipServletMessageTest:1008 INFO  - === testAddAddressHeader101() ===
[2013-04-15 20:18:40,680] TestBase:351 DEBUG - === created message:MESSAGE sip:JSR289_TCK@localhost:5060 SIP/2.0
Call-ID: 079c12b9e92b19d6fe45c15eaa6f39e2@192.168.1.65
CSeq: 1 MESSAGE
From: "Alice" <sip:alice@192.168.1.65:5071>;tag=1428233383
To: "JSR289_TCK" <sip:JSR289_TCK@localhost:5060>
Via: SIP/2.0/UDP 192.168.1.65:5071;branch=somebranchvalue
Max-Forwards: 5
Content-Length: 0

 ===
[2013-04-15 20:18:40,685] TestBase:979 DEBUG - ---The Sip request is:MESSAGE sip:JSR289_TCK@localhost:5060 SIP/2.0
Call-ID: 079c12b9e92b19d6fe45c15eaa6f39e2@192.168.1.65
CSeq: 1 MESSAGE
From: "Alice" <sip:alice@192.168.1.65:5071>;tag=1428233383
To: "JSR289_TCK" <sip:JSR289_TCK@localhost:5060>
Via: SIP/2.0/UDP 192.168.1.65:5071;branch=z9hG4bK758b696628b0a64b05fe4e04a2d65f4f
Max-Forwards: 5
Route: "JSR289_TCK" <sip:JSR289_TCK@localhost:5060;lr>,<sip:localhost:5060;transport=udp;lr>
Application-Name: com.bea.sipservlet.tck.apps.apitestapp
Servlet-Name: SipServletMessage
Method-Name: testAddAddressHeader101
Content-Length: 0

 ---
[2013-04-15 20:18:43,702] SipServletMessageTest:1008 INFO  - === testAddHeader001() ===
[2013-04-15 20:18:43,703] TestBase:351 DEBUG - === created message:MESSAGE sip:JSR289_TCK@localhost:5060 SIP/2.0
Call-ID: a523165126a9fc1aab5711f4bd69f0d1@192.168.1.65
CSeq: 1 MESSAGE
From: "Alice" <sip:alice@192.168.1.65:5071>;tag=1889649487
To: "JSR289_TCK" <sip:JSR289_TCK@localhost:5060>
Via: SIP/2.0/UDP 192.168.1.65:5071;branch=somebranchvalue
Max-Forwards: 5
Content-Length: 0

 ===
[2013-04-15 20:18:43,708] TestBase:979 DEBUG - ---The Sip request is:MESSAGE sip:JSR289_TCK@localhost:5060 SIP/2.0
Call-ID: a523165126a9fc1aab5711f4bd69f0d1@192.168.1.65
CSeq: 1 MESSAGE
From: "Alice" <sip:alice@192.168.1.65:5071>;tag=1889649487
To: "JSR289_TCK" <sip:JSR289_TCK@localhost:5060>
Via: SIP/2.0/UDP 192.168.1.65:5071;branch=z9hG4bK2f00b9ebfa5617ea896d9062a331ab82
Max-Forwards: 5
Route: "JSR289_TCK" <sip:JSR289_TCK@localhost:5060;lr>,<sip:localhost:5060;transport=udp;lr>
Application-Name: com.bea.sipservlet.tck.apps.apitestapp
Servlet-Name: SipServletMessage
Method-Name: testAddHeader001
Content-Length: 0

 ---
[2013-04-15 20:18:46,727] SipServletMessageTest:1008 INFO  - === testAddHeader101() ===
[2013-04-15 20:18:46,728] TestBase:351 DEBUG - === created message:MESSAGE sip:JSR289_TCK@localhost:5060 SIP/2.0
Call-ID: 97baf91c7fe0389222c517850eb44920@192.168.1.65
CSeq: 1 MESSAGE
From: "Alice" <sip:alice@192.168.1.65:5071>;tag=1216938500
To: "JSR289_TCK" <sip:JSR289_TCK@localhost:5060>
Via: SIP/2.0/UDP 192.168.1.65:5071;branch=somebranchvalue
Max-Forwards: 5
Content-Length: 0

 ===
[2013-04-15 20:18:46,732] TestBase:979 DEBUG - ---The Sip request is:MESSAGE sip:JSR289_TCK@localhost:5060 SIP/2.0
Call-ID: 97baf91c7fe0389222c517850eb44920@192.168.1.65
CSeq: 1 MESSAGE
From: "Alice" <sip:alice@192.168.1.65:5071>;tag=1216938500
To: "JSR289_TCK" <sip:JSR289_TCK@localhost:5060>
Via: SIP/2.0/UDP 192.168.1.65:5071;branch=z9hG4bKceed8cbdf5465888d33b415a30d731da
Max-Forwards: 5
Route: "JSR289_TCK" <sip:JSR289_TCK@localhost:5060;lr>,<sip:localhost:5060;transport=udp;lr>
Application-Name: com.bea.sipservlet.tck.apps.apitestapp
Servlet-Name: SipServletMessage
Method-Name: testAddHeader101
Content-Length: 0

 ---
[2013-04-15 20:18:49,748] SipServletMessageTest:1008 INFO  - === testAddParameterableHeader001() ===
[2013-04-15 20:18:49,749] TestBase:351 DEBUG - === created message:MESSAGE sip:JSR289_TCK@localhost:5060 SIP/2.0
Call-ID: 8f6f6d5e252e38205fe23b6ff11c9e9c@192.168.1.65
CSeq: 1 MESSAGE
From: "Alice" <sip:alice@192.168.1.65:5071>;tag=1557299577
To: "JSR289_TCK" <sip:JSR289_TCK@localhost:5060>
Via: SIP/2.0/UDP 192.168.1.65:5071;branch=somebranchvalue
Max-Forwards: 5
Content-Length: 0

 ===
[2013-04-15 20:18:49,753] TestBase:979 DEBUG - ---The Sip request is:MESSAGE sip:JSR289_TCK@localhost:5060 SIP/2.0
Call-ID: 8f6f6d5e252e38205fe23b6ff11c9e9c@192.168.1.65
CSeq: 1 MESSAGE
From: "Alice" <sip:alice@192.168.1.65:5071>;tag=1557299577
To: "JSR289_TCK" <sip:JSR289_TCK@localhost:5060>
Via: SIP/2.0/UDP 192.168.1.65:5071;branch=z9hG4bKc8e30460a90d18a0c029c0d7297c7281
Max-Forwards: 5
Route: "JSR289_TCK" <sip:JSR289_TCK@localhost:5060;lr>,<sip:localhost:5060;transport=udp;lr>
Application-Name: com.bea.sipservlet.tck.apps.apitestapp
Servlet-Name: SipServletMessage
Method-Name: testAddParameterableHeader001
Content-Length: 0

 ---
[2013-04-15 20:18:52,779] SipServletMessageTest:1008 INFO  - === testAddParameterableHeader101() ===
[2013-04-15 20:18:52,780] TestBase:351 DEBUG - === created message:MESSAGE sip:JSR289_TCK@localhost:5060 SIP/2.0
Call-ID: e76b15636e453247ef2f634e97cc28b8@192.168.1.65
CSeq: 1 MESSAGE
From: "Alice" <sip:alice@192.168.1.65:5071>;tag=1896071696
To: "JSR289_TCK" <sip:JSR289_TCK@localhost:5060>
Via: SIP/2.0/UDP 192.168.1.65:5071;branch=somebranchvalue
Max-Forwards: 5
Content-Length: 0

 ===
[2013-04-15 20:18:52,784] TestBase:979 DEBUG - ---The Sip request is:MESSAGE sip:JSR289_TCK@localhost:5060 SIP/2.0
Call-ID: e76b15636e453247ef2f634e97cc28b8@192.168.1.65
CSeq: 1 MESSAGE
From: "Alice" <sip:alice@192.168.1.65:5071>;tag=1896071696
To: "JSR289_TCK" <sip:JSR289_TCK@localhost:5060>
Via: SIP/2.0/UDP 192.168.1.65:5071;branch=z9hG4bK7c176ada22c38cf4746cd54b9b12eb0c
Max-Forwards: 5
Route: "JSR289_TCK" <sip:JSR289_TCK@localhost:5060;lr>,<sip:localhost:5060;transport=udp;lr>
Application-Name: com.bea.sipservlet.tck.apps.apitestapp
Servlet-Name: SipServletMessage
Method-Name: testAddParameterableHeader101
Content-Length: 0

 ---
[2013-04-15 20:18:55,802] SipServletMessageTest:1008 INFO  - === testGetAcceptLanguage001() ===
[2013-04-15 20:18:55,802] TestBase:351 DEBUG - === created message:OPTIONS sip:JSR289_TCK@localhost:5060 SIP/2.0
Call-ID: 3381778ce771a5d81a0e63bac1af0905@192.168.1.65
CSeq: 1 OPTIONS
From: "Alice" <sip:alice@192.168.1.65:5071>;tag=1087244326
To: "JSR289_TCK" <sip:JSR289_TCK@localhost:5060>
Via: SIP/2.0/UDP 192.168.1.65:5071;branch=somebranchvalue
Max-Forwards: 5
Content-Length: 0

 ===
[2013-04-15 20:18:55,808] TestBase:979 DEBUG - ---The Sip request is:OPTIONS sip:JSR289_TCK@localhost:5060 SIP/2.0
Call-ID: 3381778ce771a5d81a0e63bac1af0905@192.168.1.65
CSeq: 1 OPTIONS
From: "Alice" <sip:alice@192.168.1.65:5071>;tag=1087244326
To: "JSR289_TCK" <sip:JSR289_TCK@localhost:5060>
Via: SIP/2.0/UDP 192.168.1.65:5071;branch=z9hG4bKa6fa4b997a8b20e98275ff226e70b319
Max-Forwards: 5
Route: "JSR289_TCK" <sip:JSR289_TCK@localhost:5060;lr>,<sip:localhost:5060;transport=udp;lr>
Application-Name: com.bea.sipservlet.tck.apps.apitestapp
Servlet-Name: SipServletMessage
Method-Name: testGetAcceptLanguage001
Accept-Language: en-US;q=0.8,zh-CN;q=1.0,fr-FR;q=0.5
Content-Length: 0

 ---
[2013-04-15 20:18:58,830] SipServletMessageTest:1008 INFO  - === testGetAcceptLanguages001() ===
[2013-04-15 20:18:58,830] TestBase:351 DEBUG - === created message:OPTIONS sip:JSR289_TCK@localhost:5060 SIP/2.0
Call-ID: c73cf90e62ae4b0cbacb61a3322f6f30@192.168.1.65
CSeq: 1 OPTIONS
From: "Alice" <sip:alice@192.168.1.65:5071>;tag=1759955313
To: "JSR289_TCK" <sip:JSR289_TCK@localhost:5060>
Via: SIP/2.0/UDP 192.168.1.65:5071;branch=somebranchvalue
Max-Forwards: 5
Content-Length: 0

 ===
[2013-04-15 20:18:58,835] TestBase:979 DEBUG - ---The Sip request is:OPTIONS sip:JSR289_TCK@localhost:5060 SIP/2.0
Call-ID: c73cf90e62ae4b0cbacb61a3322f6f30@192.168.1.65
CSeq: 1 OPTIONS
From: "Alice" <sip:alice@192.168.1.65:5071>;tag=1759955313
To: "JSR289_TCK" <sip:JSR289_TCK@localhost:5060>
Via: SIP/2.0/UDP 192.168.1.65:5071;branch=z9hG4bKeded04bcbc7f95a7052d2b324bd41e04
Max-Forwards: 5
Route: "JSR289_TCK" <sip:JSR289_TCK@localhost:5060;lr>,<sip:localhost:5060;transport=udp;lr>
Application-Name: com.bea.sipservlet.tck.apps.apitestapp
Servlet-Name: SipServletMessage
Method-Name: testGetAcceptLanguages001
Accept-Language: en-US;q=0.8,zh-CN;q=1.0,fr-FR;q=0.5
Content-Length: 0

 ---
[2013-04-15 20:19:01,850] SipServletMessageTest:1008 INFO  - === testGetAddressHeader001() ===
[2013-04-15 20:19:01,851] TestBase:351 DEBUG - === created message:MESSAGE sip:JSR289_TCK@localhost:5060 SIP/2.0
Call-ID: 094d9d0370852dd64c7eb80dfc5352f0@192.168.1.65
CSeq: 1 MESSAGE
From: "Alice" <sip:alice@192.168.1.65:5071>;tag=2040362632
To: "JSR289_TCK" <sip:JSR289_TCK@localhost:5060>
Via: SIP/2.0/UDP 192.168.1.65:5071;branch=somebranchvalue
Max-Forwards: 5
Content-Length: 0

 ===
[2013-04-15 20:19:01,855] TestBase:979 DEBUG - ---The Sip request is:MESSAGE sip:JSR289_TCK@localhost:5060 SIP/2.0
Call-ID: 094d9d0370852dd64c7eb80dfc5352f0@192.168.1.65
CSeq: 1 MESSAGE
From: "Alice" <sip:alice@192.168.1.65:5071>;tag=2040362632
To: "JSR289_TCK" <sip:JSR289_TCK@localhost:5060>
Via: SIP/2.0/UDP 192.168.1.65:5071;branch=z9hG4bK79e13adb0582a352cb83da54ca858dcd
Max-Forwards: 5
Route: "JSR289_TCK" <sip:JSR289_TCK@localhost:5060;lr>,<sip:localhost:5060;transport=udp;lr>
Application-Name: com.bea.sipservlet.tck.apps.apitestapp
Servlet-Name: SipServletMessage
Method-Name: testGetAddressHeader001
My-Header: sip:tck1@domain.com
My-Header: sip:tck2@domain.com
Call-Info: <http://wwww.example.com/alice/photo.jpg>;purpose=icon
Content-Length: 0

 ---
[2013-04-15 20:19:04,873] SipServletMessageTest:1008 INFO  - === testGetAddressHeader101() ===
[2013-04-15 20:19:04,874] TestBase:351 DEBUG - === created message:MESSAGE sip:JSR289_TCK@localhost:5060 SIP/2.0
Call-ID: 59e9326e71544b45b799eb2fa24612b0@192.168.1.65
CSeq: 1 MESSAGE
From: "Alice" <sip:alice@192.168.1.65:5071>;tag=432077248
To: "JSR289_TCK" <sip:JSR289_TCK@localhost:5060>
Via: SIP/2.0/UDP 192.168.1.65:5071;branch=somebranchvalue
Max-Forwards: 5
Content-Length: 0

 ===
[2013-04-15 20:19:04,879] TestBase:979 DEBUG - ---The Sip request is:MESSAGE sip:JSR289_TCK@localhost:5060 SIP/2.0
Call-ID: 59e9326e71544b45b799eb2fa24612b0@192.168.1.65
CSeq: 1 MESSAGE
From: "Alice" <sip:alice@192.168.1.65:5071>;tag=432077248
To: "JSR289_TCK" <sip:JSR289_TCK@localhost:5060>
Via: SIP/2.0/UDP 192.168.1.65:5071;branch=z9hG4bKca7a66758235b743426ee0ca8f6eddbd
Max-Forwards: 5
Route: "JSR289_TCK" <sip:JSR289_TCK@localhost:5060;lr>,<sip:localhost:5060;transport=udp;lr>
Application-Name: com.bea.sipservlet.tck.apps.apitestapp
Servlet-Name: SipServletMessage
Method-Name: testGetAddressHeader101
My-Header: sip%tck1.domain.com
Content-Length: 0

 ---
[2013-04-15 20:19:07,896] SipServletMessageTest:1008 INFO  - === testGetAddressHeaders001() ===
[2013-04-15 20:19:07,897] TestBase:351 DEBUG - === created message:MESSAGE sip:JSR289_TCK@localhost:5060 SIP/2.0
Call-ID: 789b3f381cf49c372bec385d8054f549@192.168.1.65
CSeq: 1 MESSAGE
From: "Alice" <sip:alice@192.168.1.65:5071>;tag=465938476
To: "JSR289_TCK" <sip:JSR289_TCK@localhost:5060>
Via: SIP/2.0/UDP 192.168.1.65:5071;branch=somebranchvalue
Max-Forwards: 5
Content-Length: 0

 ===
[2013-04-15 20:19:07,901] TestBase:979 DEBUG - ---The Sip request is:MESSAGE sip:JSR289_TCK@localhost:5060 SIP/2.0
Call-ID: 789b3f381cf49c372bec385d8054f549@192.168.1.65
CSeq: 1 MESSAGE
From: "Alice" <sip:alice@192.168.1.65:5071>;tag=465938476
To: "JSR289_TCK" <sip:JSR289_TCK@localhost:5060>
Via: SIP/2.0/UDP 192.168.1.65:5071;branch=z9hG4bK526fc2436730391d369b6a76d2d44040
Max-Forwards: 5
Route: "JSR289_TCK" <sip:JSR289_TCK@localhost:5060;lr>,<sip:localhost:5060;transport=udp;lr>
Application-Name: com.bea.sipservlet.tck.apps.apitestapp
Servlet-Name: SipServletMessage
Method-Name: testGetAddressHeaders001
My-Header: sip:tck1@domain.com
My-Header: sip:tck2@domain.com
Content-Length: 0

 ---
[2013-04-15 20:19:10,919] SipServletMessageTest:1008 INFO  - === testGetAddressHeaders101() ===
[2013-04-15 20:19:10,920] TestBase:351 DEBUG - === created message:MESSAGE sip:JSR289_TCK@localhost:5060 SIP/2.0
Call-ID: 89b2e4a3867cfab450cf1f1205977bf4@192.168.1.65
CSeq: 1 MESSAGE
From: "Alice" <sip:alice@192.168.1.65:5071>;tag=1410748470
To: "JSR289_TCK" <sip:JSR289_TCK@localhost:5060>
Via: SIP/2.0/UDP 192.168.1.65:5071;branch=somebranchvalue
Max-Forwards: 5
Content-Length: 0

 ===
[2013-04-15 20:19:10,924] TestBase:979 DEBUG - ---The Sip request is:MESSAGE sip:JSR289_TCK@localhost:5060 SIP/2.0
Call-ID: 89b2e4a3867cfab450cf1f1205977bf4@192.168.1.65
CSeq: 1 MESSAGE
From: "Alice" <sip:alice@192.168.1.65:5071>;tag=1410748470
To: "JSR289_TCK" <sip:JSR289_TCK@localhost:5060>
Via: SIP/2.0/UDP 192.168.1.65:5071;branch=z9hG4bK729186f6d57a4cc06e27239148855b54
Max-Forwards: 5
Route: "JSR289_TCK" <sip:JSR289_TCK@localhost:5060;lr>,<sip:localhost:5060;transport=udp;lr>
Application-Name: com.bea.sipservlet.tck.apps.apitestapp
Servlet-Name: SipServletMessage
Method-Name: testGetAddressHeaders101
My-Header: sip%tck1.domain.com
Content-Length: 0

 ---
[2013-04-15 20:19:13,941] SipServletMessageTest:1008 INFO  - === testGetApplicationSession001() ===
[2013-04-15 20:19:13,942] TestBase:351 DEBUG - === created message:MESSAGE sip:JSR289_TCK@localhost:5060 SIP/2.0
Call-ID: c35b10144e4d51c031ec660db7c18d30@192.168.1.65
CSeq: 1 MESSAGE
From: "Alice" <sip:alice@192.168.1.65:5071>;tag=932778802
To: "JSR289_TCK" <sip:JSR289_TCK@localhost:5060>
Via: SIP/2.0/UDP 192.168.1.65:5071;branch=somebranchvalue
Max-Forwards: 5
Content-Length: 0

 ===
[2013-04-15 20:19:13,947] TestBase:979 DEBUG - ---The Sip request is:MESSAGE sip:JSR289_TCK@localhost:5060 SIP/2.0
Call-ID: c35b10144e4d51c031ec660db7c18d30@192.168.1.65
CSeq: 1 MESSAGE
From: "Alice" <sip:alice@192.168.1.65:5071>;tag=932778802
To: "JSR289_TCK" <sip:JSR289_TCK@localhost:5060>
Via: SIP/2.0/UDP 192.168.1.65:5071;branch=z9hG4bK9bf5f210abea4a9a85c4454ec29d871d
Max-Forwards: 5
Route: "JSR289_TCK" <sip:JSR289_TCK@localhost:5060;lr>,<sip:localhost:5060;transport=udp;lr>
Application-Name: com.bea.sipservlet.tck.apps.apitestapp
Servlet-Name: SipServletMessage
Method-Name: testGetApplicationSession001
Content-Length: 0

 ---
[2013-04-15 20:19:16,964] SipServletMessageTest:1008 INFO  - === testGetApplicationSession002() ===
[2013-04-15 20:19:16,965] TestBase:351 DEBUG - === created message:MESSAGE sip:JSR289_TCK@localhost:5060 SIP/2.0
Call-ID: bbe215de100eddaec34d1937fcc3f0d9@192.168.1.65
CSeq: 1 MESSAGE
From: "Alice" <sip:alice@192.168.1.65:5071>;tag=156853843
To: "JSR289_TCK" <sip:JSR289_TCK@localhost:5060>
Via: SIP/2.0/UDP 192.168.1.65:5071;branch=somebranchvalue
Max-Forwards: 5
Content-Length: 0

 ===
[2013-04-15 20:19:16,975] TestBase:979 DEBUG - ---The Sip request is:MESSAGE sip:JSR289_TCK@localhost:5060 SIP/2.0
Call-ID: bbe215de100eddaec34d1937fcc3f0d9@192.168.1.65
CSeq: 1 MESSAGE
From: "Alice" <sip:alice@192.168.1.65:5071>;tag=156853843
To: "JSR289_TCK" <sip:JSR289_TCK@localhost:5060>
Via: SIP/2.0/UDP 192.168.1.65:5071;branch=z9hG4bKcc6e6fb1aa8677d095ff6dd70c4ad850
Max-Forwards: 5
Route: "JSR289_TCK" <sip:JSR289_TCK@localhost:5060;lr>,<sip:localhost:5060;transport=udp;lr>
Application-Name: com.bea.sipservlet.tck.apps.apitestapp
Servlet-Name: SipServletMessage
Method-Name: testGetApplicationSession002
Content-Length: 0

 ---
[2013-04-15 20:19:19,990] SipServletMessageTest:1008 INFO  - === testGetAttribute001() ===
[2013-04-15 20:19:19,990] TestBase:351 DEBUG - === created message:MESSAGE sip:JSR289_TCK@localhost:5060 SIP/2.0
Call-ID: 2224aed51099e0c907e335fbe5f60295@192.168.1.65
CSeq: 1 MESSAGE
From: "Alice" <sip:alice@192.168.1.65:5071>;tag=472169830
To: "JSR289_TCK" <sip:JSR289_TCK@localhost:5060>
Via: SIP/2.0/UDP 192.168.1.65:5071;branch=somebranchvalue
Max-Forwards: 5
Content-Length: 0

 ===
[2013-04-15 20:19:19,995] TestBase:979 DEBUG - ---The Sip request is:MESSAGE sip:JSR289_TCK@localhost:5060 SIP/2.0
Call-ID: 2224aed51099e0c907e335fbe5f60295@192.168.1.65
CSeq: 1 MESSAGE
From: "Alice" <sip:alice@192.168.1.65:5071>;tag=472169830
To: "JSR289_TCK" <sip:JSR289_TCK@localhost:5060>
Via: SIP/2.0/UDP 192.168.1.65:5071;branch=z9hG4bKdef1dccd5cca07acf4f2f548d4b313e7
Max-Forwards: 5
Route: "JSR289_TCK" <sip:JSR289_TCK@localhost:5060;lr>,<sip:localhost:5060;transport=udp;lr>
Application-Name: com.bea.sipservlet.tck.apps.apitestapp
Servlet-Name: SipServletMessage
Method-Name: testGetAttribute001
Content-Length: 0

 ---
[2013-04-15 20:19:23,014] SipServletMessageTest:1008 INFO  - === testGetCallId001() ===
[2013-04-15 20:19:23,015] TestBase:351 DEBUG - === created message:MESSAGE sip:JSR289_TCK@localhost:5060 SIP/2.0
Call-ID: 0a591d258d8987ba3ca5d3dc7a100a1a@192.168.1.65
CSeq: 1 MESSAGE
From: "Alice" <sip:alice@192.168.1.65:5071>;tag=320259721
To: "JSR289_TCK" <sip:JSR289_TCK@localhost:5060>
Via: SIP/2.0/UDP 192.168.1.65:5071;branch=somebranchvalue
Max-Forwards: 5
Content-Length: 0

 ===
[2013-04-15 20:19:23,019] TestBase:979 DEBUG - ---The Sip request is:MESSAGE sip:JSR289_TCK@localhost:5060 SIP/2.0
Call-ID: 0a591d258d8987ba3ca5d3dc7a100a1a@192.168.1.65
CSeq: 1 MESSAGE
From: "Alice" <sip:alice@192.168.1.65:5071>;tag=320259721
To: "JSR289_TCK" <sip:JSR289_TCK@localhost:5060>
Via: SIP/2.0/UDP 192.168.1.65:5071;branch=z9hG4bK0597b58ed160aefa6bffde54ef46d1bb
Max-Forwards: 5
Route: "JSR289_TCK" <sip:JSR289_TCK@localhost:5060;lr>,<sip:localhost:5060;transport=udp;lr>
Application-Name: com.bea.sipservlet.tck.apps.apitestapp
Servlet-Name: SipServletMessage
Method-Name: testGetCallId001
Content-Length: 0

 ---
[2013-04-15 20:19:26,034] SipServletMessageTest:1008 INFO  - === testGetCharacterEncoding001() ===
[2013-04-15 20:19:26,035] TestBase:351 DEBUG - === created message:MESSAGE sip:JSR289_TCK@localhost:5060 SIP/2.0
Call-ID: a140736f76464df3ab849114f3653454@192.168.1.65
CSeq: 1 MESSAGE
From: "Alice" <sip:alice@192.168.1.65:5071>;tag=294519530
To: "JSR289_TCK" <sip:JSR289_TCK@localhost:5060>
Via: SIP/2.0/UDP 192.168.1.65:5071;branch=somebranchvalue
Max-Forwards: 5
Content-Length: 0

 ===
[2013-04-15 20:19:26,039] TestBase:979 DEBUG - ---The Sip request is:MESSAGE sip:JSR289_TCK@localhost:5060 SIP/2.0
Call-ID: a140736f76464df3ab849114f3653454@192.168.1.65
CSeq: 1 MESSAGE
From: "Alice" <sip:alice@192.168.1.65:5071>;tag=294519530
To: "JSR289_TCK" <sip:JSR289_TCK@localhost:5060>
Via: SIP/2.0/UDP 192.168.1.65:5071;branch=z9hG4bK60f57a827f9692ebcb5a283c0e3a4bcb
Max-Forwards: 5
Route: "JSR289_TCK" <sip:JSR289_TCK@localhost:5060;lr>,<sip:localhost:5060;transport=udp;lr>
Application-Name: com.bea.sipservlet.tck.apps.apitestapp
Servlet-Name: SipServletMessage
Method-Name: testGetCharacterEncoding001
Content-Length: 0

 ---
[2013-04-15 20:19:29,064] SipServletMessageTest:1008 INFO  - === testGetContent001() ===
[2013-04-15 20:19:29,064] TestBase:351 DEBUG - === created message:MESSAGE sip:JSR289_TCK@localhost:5060 SIP/2.0
Call-ID: 03e9370c0b8698b19b7c8056be932c41@192.168.1.65
CSeq: 1 MESSAGE
From: "Alice" <sip:alice@192.168.1.65:5071>;tag=877983167
To: "JSR289_TCK" <sip:JSR289_TCK@localhost:5060>
Via: SIP/2.0/UDP 192.168.1.65:5071;branch=somebranchvalue
Max-Forwards: 5
Content-Length: 0

 ===
[2013-04-15 20:19:32,092] SipServletMessageTest:1008 INFO  - === testGetContent101() ===
[2013-04-15 20:19:32,093] TestBase:351 DEBUG - === created message:MESSAGE sip:JSR289_TCK@localhost:5060 SIP/2.0
Call-ID: c870807d26311863d1340e62929ecce7@192.168.1.65
CSeq: 1 MESSAGE
From: "Alice" <sip:alice@192.168.1.65:5071>;tag=1438670009
To: "JSR289_TCK" <sip:JSR289_TCK@localhost:5060>
Via: SIP/2.0/UDP 192.168.1.65:5071;branch=somebranchvalue
Max-Forwards: 5
Content-Length: 0

 ===
[2013-04-15 20:19:32,097] TestBase:979 DEBUG - ---The Sip request is:MESSAGE sip:JSR289_TCK@localhost:5060 SIP/2.0
Call-ID: c870807d26311863d1340e62929ecce7@192.168.1.65
CSeq: 1 MESSAGE
From: "Alice" <sip:alice@192.168.1.65:5071>;tag=1438670009
To: "JSR289_TCK" <sip:JSR289_TCK@localhost:5060>
Via: SIP/2.0/UDP 192.168.1.65:5071;branch=z9hG4bK2e8c52307d8a12ef73952e47ef6e1c13
Max-Forwards: 5
Route: "JSR289_TCK" <sip:JSR289_TCK@localhost:5060;lr>,<sip:localhost:5060;transport=udp;lr>
Application-Name: com.bea.sipservlet.tck.apps.apitestapp
Servlet-Name: SipServletMessage
Method-Name: testGetContent101
Content-Length: 0

 ---
[2013-04-15 20:19:35,119] SipServletMessageTest:1008 INFO  - === testGetContentLanguage001() ===
[2013-04-15 20:19:35,120] TestBase:351 DEBUG - === created message:MESSAGE sip:JSR289_TCK@localhost:5060 SIP/2.0
Call-ID: 816991ce10f0844323dc5599c1e537b3@192.168.1.65
CSeq: 1 MESSAGE
From: "Alice" <sip:alice@192.168.1.65:5071>;tag=1876076761
To: "JSR289_TCK" <sip:JSR289_TCK@localhost:5060>
Via: SIP/2.0/UDP 192.168.1.65:5071;branch=somebranchvalue
Max-Forwards: 5
Content-Length: 0

 ===
[2013-04-15 20:19:35,124] TestBase:979 DEBUG - ---The Sip request is:MESSAGE sip:JSR289_TCK@localhost:5060 SIP/2.0
Call-ID: 816991ce10f0844323dc5599c1e537b3@192.168.1.65
CSeq: 1 MESSAGE
From: "Alice" <sip:alice@192.168.1.65:5071>;tag=1876076761
To: "JSR289_TCK" <sip:JSR289_TCK@localhost:5060>
Via: SIP/2.0/UDP 192.168.1.65:5071;branch=z9hG4bKf9b11899183d2d14b333f84214c9e6ec
Max-Forwards: 5
Route: "JSR289_TCK" <sip:JSR289_TCK@localhost:5060;lr>,<sip:localhost:5060;transport=udp;lr>
Application-Name: com.bea.sipservlet.tck.apps.apitestapp
Servlet-Name: SipServletMessage
Method-Name: testGetContentLanguage001
Content-Language: en
Content-Length: 0

 ---
[2013-04-15 20:19:38,139] SipServletMessageTest:1008 INFO  - === testGetContentLength001() ===
[2013-04-15 20:19:38,140] TestBase:351 DEBUG - === created message:MESSAGE sip:JSR289_TCK@localhost:5060 SIP/2.0
Call-ID: d774950895d6dc1e90482a1890d44ef9@192.168.1.65
CSeq: 1 MESSAGE
From: "Alice" <sip:alice@192.168.1.65:5071>;tag=2121185578
To: "JSR289_TCK" <sip:JSR289_TCK@localhost:5060>
Via: SIP/2.0/UDP 192.168.1.65:5071;branch=somebranchvalue
Max-Forwards: 5
Content-Length: 0

 ===
[2013-04-15 20:19:41,161] SipServletMessageTest:1008 INFO  - === testGetContentType001() ===
[2013-04-15 20:19:41,161] TestBase:351 DEBUG - === created message:MESSAGE sip:JSR289_TCK@localhost:5060 SIP/2.0
Call-ID: b75363c8c0e7d3914b5a0997c91c4601@192.168.1.65
CSeq: 1 MESSAGE
From: "Alice" <sip:alice@192.168.1.65:5071>;tag=1284253457
To: "JSR289_TCK" <sip:JSR289_TCK@localhost:5060>
Via: SIP/2.0/UDP 192.168.1.65:5071;branch=somebranchvalue
Max-Forwards: 5
Content-Length: 0

 ===
[2013-04-15 20:19:44,182] SipServletMessageTest:1008 INFO  - === testGetExpires001() ===
[2013-04-15 20:19:44,183] TestBase:351 DEBUG - === created message:MESSAGE sip:JSR289_TCK@localhost:5060 SIP/2.0
Call-ID: 978ca4451ca5e5df4a5184ff0e8ada93@192.168.1.65
CSeq: 1 MESSAGE
From: "Alice" <sip:alice@192.168.1.65:5071>;tag=1660576607
To: "JSR289_TCK" <sip:JSR289_TCK@localhost:5060>
Via: SIP/2.0/UDP 192.168.1.65:5071;branch=somebranchvalue
Max-Forwards: 5
Content-Length: 0

 ===
[2013-04-15 20:19:44,187] TestBase:979 DEBUG - ---The Sip request is:MESSAGE sip:JSR289_TCK@localhost:5060 SIP/2.0
Call-ID: 978ca4451ca5e5df4a5184ff0e8ada93@192.168.1.65
CSeq: 1 MESSAGE
From: "Alice" <sip:alice@192.168.1.65:5071>;tag=1660576607
To: "JSR289_TCK" <sip:JSR289_TCK@localhost:5060>
Via: SIP/2.0/UDP 192.168.1.65:5071;branch=z9hG4bK77b49ff22f96da316436f9745b0a2379
Max-Forwards: 5
Route: "JSR289_TCK" <sip:JSR289_TCK@localhost:5060;lr>,<sip:localhost:5060;transport=udp;lr>
Application-Name: com.bea.sipservlet.tck.apps.apitestapp
Servlet-Name: SipServletMessage
Method-Name: testGetExpires001
Expires: 5
Content-Length: 0

 ---
[2013-04-15 20:19:47,202] SipServletMessageTest:1008 INFO  - === testGetExpires002() ===
[2013-04-15 20:19:47,203] TestBase:351 DEBUG - === created message:MESSAGE sip:JSR289_TCK@localhost:5060 SIP/2.0
Call-ID: 958ec02d665614a64c4c0d71e1b7b704@192.168.1.65
CSeq: 1 MESSAGE
From: "Alice" <sip:alice@192.168.1.65:5071>;tag=1889228126
To: "JSR289_TCK" <sip:JSR289_TCK@localhost:5060>
Via: SIP/2.0/UDP 192.168.1.65:5071;branch=somebranchvalue
Max-Forwards: 5
Content-Length: 0

 ===
[2013-04-15 20:19:47,207] TestBase:979 DEBUG - ---The Sip request is:MESSAGE sip:JSR289_TCK@localhost:5060 SIP/2.0
Call-ID: 958ec02d665614a64c4c0d71e1b7b704@192.168.1.65
CSeq: 1 MESSAGE
From: "Alice" <sip:alice@192.168.1.65:5071>;tag=1889228126
To: "JSR289_TCK" <sip:JSR289_TCK@localhost:5060>
Via: SIP/2.0/UDP 192.168.1.65:5071;branch=z9hG4bK40e64895faa5e7ad672c849520f5337a
Max-Forwards: 5
Route: "JSR289_TCK" <sip:JSR289_TCK@localhost:5060;lr>,<sip:localhost:5060;transport=udp;lr>
Application-Name: com.bea.sipservlet.tck.apps.apitestapp
Servlet-Name: SipServletMessage
Method-Name: testGetExpires002
Content-Length: 0

 ---
[2013-04-15 20:19:50,228] SipServletMessageTest:1008 INFO  - === testGetFrom001() ===
[2013-04-15 20:19:50,228] TestBase:351 DEBUG - === created message:MESSAGE sip:JSR289_TCK@localhost:5060 SIP/2.0
Call-ID: 39459b1f4c9c198e5b4d0424e739e3c0@192.168.1.65
CSeq: 1 MESSAGE
From: "Alice" <sip:alice@192.168.1.65:5071>;tag=1870546248
To: "JSR289_TCK" <sip:JSR289_TCK@localhost:5060>
Via: SIP/2.0/UDP 192.168.1.65:5071;branch=somebranchvalue
Max-Forwards: 5
Content-Length: 0

 ===
[2013-04-15 20:19:53,252] SipServletMessageTest:1008 INFO  - === testGetHeader001() ===
[2013-04-15 20:19:53,253] TestBase:351 DEBUG - === created message:MESSAGE sip:JSR289_TCK@localhost:5060 SIP/2.0
Call-ID: dce41a0b9eeb4b3cb287178933cfabde@192.168.1.65
CSeq: 1 MESSAGE
From: "Alice" <sip:alice@192.168.1.65:5071>;tag=384582137
To: "JSR289_TCK" <sip:JSR289_TCK@localhost:5060>
Via: SIP/2.0/UDP 192.168.1.65:5071;branch=somebranchvalue
Max-Forwards: 5
Content-Length: 0

 ===
[2013-04-15 20:19:53,257] TestBase:979 DEBUG - ---The Sip request is:MESSAGE sip:JSR289_TCK@localhost:5060 SIP/2.0
Call-ID: dce41a0b9eeb4b3cb287178933cfabde@192.168.1.65
CSeq: 1 MESSAGE
From: "Alice" <sip:alice@192.168.1.65:5071>;tag=384582137
To: "JSR289_TCK" <sip:JSR289_TCK@localhost:5060>
Via: SIP/2.0/UDP 192.168.1.65:5071;branch=z9hG4bK90882e0c79d42c0af0b02aca7298b080
Max-Forwards: 5
Route: "JSR289_TCK" <sip:JSR289_TCK@localhost:5060;lr>,<sip:localhost:5060;transport=udp;lr>
Application-Name: com.bea.sipservlet.tck.apps.apitestapp
Servlet-Name: SipServletMessage
Method-Name: testGetHeader001
My-Header: some header
Content-Length: 0

 ---
[2013-04-15 20:19:56,271] SipServletMessageTest:1008 INFO  - === testHeaderForm001() ===
[2013-04-15 20:19:56,272] TestBase:351 DEBUG - === created message:MESSAGE sip:JSR289_TCK@localhost:5060 SIP/2.0
Call-ID: ba4369be419488d4c8bfa8745642589e@192.168.1.65
CSeq: 1 MESSAGE
From: "Alice" <sip:alice@192.168.1.65:5071>;tag=572149050
To: "JSR289_TCK" <sip:JSR289_TCK@localhost:5060>
Via: SIP/2.0/UDP 192.168.1.65:5071;branch=somebranchvalue
Max-Forwards: 5
Content-Length: 0

 ===
[2013-04-15 20:19:56,276] TestBase:979 DEBUG - ---The Sip request is:MESSAGE sip:JSR289_TCK@localhost:5060 SIP/2.0
Call-ID: ba4369be419488d4c8bfa8745642589e@192.168.1.65
CSeq: 1 MESSAGE
From: "Alice" <sip:alice@192.168.1.65:5071>;tag=572149050
To: "JSR289_TCK" <sip:JSR289_TCK@localhost:5060>
Via: SIP/2.0/UDP 192.168.1.65:5071;branch=z9hG4bK7fd859ed72f3e3a87a82f5d63f19df57
Max-Forwards: 5
Route: "JSR289_TCK" <sip:JSR289_TCK@localhost:5060;lr>,<sip:localhost:5060;transport=udp;lr>
Application-Name: com.bea.sipservlet.tck.apps.apitestapp
Servlet-Name: SipServletMessage
Method-Name: testHeaderForm001
Content-Length: 0

 ---
[2013-04-15 20:19:59,291] SipServletMessageTest:1008 INFO  - === testGetHeaderNames001() ===
[2013-04-15 20:19:59,292] TestBase:351 DEBUG - === created message:MESSAGE sip:JSR289_TCK@localhost:5060 SIP/2.0
Call-ID: ba15c51aedd6a266e6ed85dc9944c03a@192.168.1.65
CSeq: 1 MESSAGE
From: "Alice" <sip:alice@192.168.1.65:5071>;tag=1667321527
To: "JSR289_TCK" <sip:JSR289_TCK@localhost:5060>
Via: SIP/2.0/UDP 192.168.1.65:5071;branch=somebranchvalue
Max-Forwards: 5
Content-Length: 0

 ===
[2013-04-15 20:19:59,296] TestBase:979 DEBUG - ---The Sip request is:MESSAGE sip:JSR289_TCK@localhost:5060 SIP/2.0
Call-ID: ba15c51aedd6a266e6ed85dc9944c03a@192.168.1.65
CSeq: 1 MESSAGE
From: "Alice" <sip:alice@192.168.1.65:5071>;tag=1667321527
To: "JSR289_TCK" <sip:JSR289_TCK@localhost:5060>
Via: SIP/2.0/UDP 192.168.1.65:5071;branch=z9hG4bK46c57a9b9c59a456c279917b6c841dc0
Max-Forwards: 5
Route: "JSR289_TCK" <sip:JSR289_TCK@localhost:5060;lr>,<sip:localhost:5060;transport=udp;lr>
Application-Name: com.bea.sipservlet.tck.apps.apitestapp
Servlet-Name: SipServletMessage
Method-Name: testGetHeaderNames001
Content-Length: 0

 ---
[2013-04-15 20:20:02,310] SipServletMessageTest:1008 INFO  - === testGetHeaders001() ===
[2013-04-15 20:20:02,311] TestBase:351 DEBUG - === created message:MESSAGE sip:JSR289_TCK@localhost:5060 SIP/2.0
Call-ID: 52f5bf82e8cae7eb37fa71941a2a0074@192.168.1.65
CSeq: 1 MESSAGE
From: "Alice" <sip:alice@192.168.1.65:5071>;tag=855739764
To: "JSR289_TCK" <sip:JSR289_TCK@localhost:5060>
Via: SIP/2.0/UDP 192.168.1.65:5071;branch=somebranchvalue
Max-Forwards: 5
Content-Length: 0

 ===
[2013-04-15 20:20:02,315] TestBase:979 DEBUG - ---The Sip request is:MESSAGE sip:JSR289_TCK@localhost:5060 SIP/2.0
Call-ID: 52f5bf82e8cae7eb37fa71941a2a0074@192.168.1.65
CSeq: 1 MESSAGE
From: "Alice" <sip:alice@192.168.1.65:5071>;tag=855739764
To: "JSR289_TCK" <sip:JSR289_TCK@localhost:5060>
Via: SIP/2.0/UDP 192.168.1.65:5071;branch=z9hG4bK5707057d8e4945c53e2fae700b6f15fe
Max-Forwards: 5
Route: "JSR289_TCK" <sip:JSR289_TCK@localhost:5060;lr>,<sip:localhost:5060;transport=udp;lr>
Application-Name: com.bea.sipservlet.tck.apps.apitestapp
Servlet-Name: SipServletMessage
Method-Name: testGetHeaders001
My-Header: some header 1
My-Header: some header 2
Content-Length: 0

 ---
[2013-04-15 20:20:05,332] SipServletMessageTest:1008 INFO  - === testGetLocalAddr001() ===
[2013-04-15 20:20:05,332] TestBase:351 DEBUG - === created message:MESSAGE sip:JSR289_TCK@localhost:5060 SIP/2.0
Call-ID: 5c41e2d6ba527f3b7797a4212bba652e@192.168.1.65
CSeq: 1 MESSAGE
From: "Alice" <sip:alice@192.168.1.65:5071>;tag=1164279302
To: "JSR289_TCK" <sip:JSR289_TCK@localhost:5060>
Via: SIP/2.0/UDP 192.168.1.65:5071;branch=somebranchvalue
Max-Forwards: 5
Content-Length: 0

 ===
[2013-04-15 20:20:05,337] TestBase:979 DEBUG - ---The Sip request is:MESSAGE sip:JSR289_TCK@localhost:5060 SIP/2.0
Call-ID: 5c41e2d6ba527f3b7797a4212bba652e@192.168.1.65
CSeq: 1 MESSAGE
From: "Alice" <sip:alice@192.168.1.65:5071>;tag=1164279302
To: "JSR289_TCK" <sip:JSR289_TCK@localhost:5060>
Via: SIP/2.0/UDP 192.168.1.65:5071;branch=z9hG4bK37433271231e33767eac65b108b7c0a3
Max-Forwards: 5
Route: "JSR289_TCK" <sip:JSR289_TCK@localhost:5060;lr>,<sip:localhost:5060;transport=udp;lr>
Application-Name: com.bea.sipservlet.tck.apps.apitestapp
Servlet-Name: SipServletMessage
Method-Name: testGetLocalAddr001
My-Header: localhost
Content-Length: 0

 ---
[2013-04-15 20:20:08,359] SipServletMessageTest:1008 INFO  - === testGetLocalPort001() ===
[2013-04-15 20:20:08,360] TestBase:351 DEBUG - === created message:MESSAGE sip:JSR289_TCK@localhost:5060 SIP/2.0
Call-ID: 627db50c08e62cdb4fc553f9428c6bc6@192.168.1.65
CSeq: 1 MESSAGE
From: "Alice" <sip:alice@192.168.1.65:5071>;tag=866113330
To: "JSR289_TCK" <sip:JSR289_TCK@localhost:5060>
Via: SIP/2.0/UDP 192.168.1.65:5071;branch=somebranchvalue
Max-Forwards: 5
Content-Length: 0

 ===
[2013-04-15 20:20:08,364] TestBase:979 DEBUG - ---The Sip request is:MESSAGE sip:JSR289_TCK@localhost:5060 SIP/2.0
Call-ID: 627db50c08e62cdb4fc553f9428c6bc6@192.168.1.65
CSeq: 1 MESSAGE
From: "Alice" <sip:alice@192.168.1.65:5071>;tag=866113330
To: "JSR289_TCK" <sip:JSR289_TCK@localhost:5060>
Via: SIP/2.0/UDP 192.168.1.65:5071;branch=z9hG4bKe44bf7868674d0f8a5c56de112f9c93e
Max-Forwards: 5
Route: "JSR289_TCK" <sip:JSR289_TCK@localhost:5060;lr>,<sip:localhost:5060;transport=udp;lr>
Application-Name: com.bea.sipservlet.tck.apps.apitestapp
Servlet-Name: SipServletMessage
Method-Name: testGetLocalPort001
My-Header: 5060
Content-Length: 0

 ---
[2013-04-15 20:20:11,388] SipServletMessageTest:1008 INFO  - === testGetMethod001() ===
[2013-04-15 20:20:11,388] TestBase:351 DEBUG - === created message:MESSAGE sip:JSR289_TCK@localhost:5060 SIP/2.0
Call-ID: a85e07c3e93c5d238ccef901ac3878d2@192.168.1.65
CSeq: 1 MESSAGE
From: "Alice" <sip:alice@192.168.1.65:5071>;tag=990858160
To: "JSR289_TCK" <sip:JSR289_TCK@localhost:5060>
Via: SIP/2.0/UDP 192.168.1.65:5071;branch=somebranchvalue
Max-Forwards: 5
Content-Length: 0

 ===
[2013-04-15 20:20:11,392] TestBase:979 DEBUG - ---The Sip request is:MESSAGE sip:JSR289_TCK@localhost:5060 SIP/2.0
Call-ID: a85e07c3e93c5d238ccef901ac3878d2@192.168.1.65
CSeq: 1 MESSAGE
From: "Alice" <sip:alice@192.168.1.65:5071>;tag=990858160
To: "JSR289_TCK" <sip:JSR289_TCK@localhost:5060>
Via: SIP/2.0/UDP 192.168.1.65:5071;branch=z9hG4bKe4bdcdb864f6647e19515736c0ce6982
Max-Forwards: 5
Route: "JSR289_TCK" <sip:JSR289_TCK@localhost:5060;lr>,<sip:localhost:5060;transport=udp;lr>
Application-Name: com.bea.sipservlet.tck.apps.apitestapp
Servlet-Name: SipServletMessage
Method-Name: testGetMethod001
Content-Length: 0

 ---
[2013-04-15 20:20:14,407] SipServletMessageTest:1008 INFO  - === testGetParameterableHeader001() ===
[2013-04-15 20:20:14,407] TestBase:351 DEBUG - === created message:MESSAGE sip:JSR289_TCK@localhost:5060 SIP/2.0
Call-ID: b7a7af2c00cec3946eabc8682c941a20@192.168.1.65
CSeq: 1 MESSAGE
From: "Alice" <sip:alice@192.168.1.65:5071>;tag=1990197691
To: "JSR289_TCK" <sip:JSR289_TCK@localhost:5060>
Via: SIP/2.0/UDP 192.168.1.65:5071;branch=somebranchvalue
Max-Forwards: 5
Content-Length: 0

 ===
[2013-04-15 20:20:17,431] SipServletMessageTest:1008 INFO  - === testGetParameterableHeader101() ===
[2013-04-15 20:20:17,432] TestBase:351 DEBUG - === created message:MESSAGE sip:JSR289_TCK@localhost:5060 SIP/2.0
Call-ID: 990512c059fa3f0203ee0b8163d00c98@192.168.1.65
CSeq: 1 MESSAGE
From: "Alice" <sip:alice@192.168.1.65:5071>;tag=501742902
To: "JSR289_TCK" <sip:JSR289_TCK@localhost:5060>
Via: SIP/2.0/UDP 192.168.1.65:5071;branch=somebranchvalue
Max-Forwards: 5
Content-Length: 0

 ===
[2013-04-15 20:20:17,436] TestBase:979 DEBUG - ---The Sip request is:MESSAGE sip:JSR289_TCK@localhost:5060 SIP/2.0
Call-ID: 990512c059fa3f0203ee0b8163d00c98@192.168.1.65
CSeq: 1 MESSAGE
From: "Alice" <sip:alice@192.168.1.65:5071>;tag=501742902
To: "JSR289_TCK" <sip:JSR289_TCK@localhost:5060>
Via: SIP/2.0/UDP 192.168.1.65:5071;branch=z9hG4bK1b11e92523b01a7e20d05888b81464fe
Max-Forwards: 5
Route: "JSR289_TCK" <sip:JSR289_TCK@localhost:5060;lr>,<sip:localhost:5060;transport=udp;lr>
Application-Name: com.bea.sipservlet.tck.apps.apitestapp
Servlet-Name: SipServletMessage
Method-Name: testGetParameterableHeader101
Content-Length: 0

 ---
[2013-04-15 20:20:20,450] SipServletMessageTest:1008 INFO  - === testGetParameterableHeader102() ===
[2013-04-15 20:20:20,450] TestBase:351 DEBUG - === created message:MESSAGE sip:JSR289_TCK@localhost:5060 SIP/2.0
Call-ID: 41399739dc7306cec2f0b3b73a00a579@192.168.1.65
CSeq: 1 MESSAGE
From: "Alice" <sip:alice@192.168.1.65:5071>;tag=91415188
To: "JSR289_TCK" <sip:JSR289_TCK@localhost:5060>
Via: SIP/2.0/UDP 192.168.1.65:5071;branch=somebranchvalue
Max-Forwards: 5
Content-Length: 0

 ===
[2013-04-15 20:20:20,455] TestBase:979 DEBUG - ---The Sip request is:MESSAGE sip:JSR289_TCK@localhost:5060 SIP/2.0
Call-ID: 41399739dc7306cec2f0b3b73a00a579@192.168.1.65
CSeq: 1 MESSAGE
From: "Alice" <sip:alice@192.168.1.65:5071>;tag=91415188
To: "JSR289_TCK" <sip:JSR289_TCK@localhost:5060>
Via: SIP/2.0/UDP 192.168.1.65:5071;branch=z9hG4bKfc7310160329a0408a75b2264807c2bb
Max-Forwards: 5
Route: "JSR289_TCK" <sip:JSR289_TCK@localhost:5060;lr>,<sip:localhost:5060;transport=udp;lr>
Application-Name: com.bea.sipservlet.tck.apps.apitestapp
Servlet-Name: SipServletMessage
Method-Name: testGetParameterableHeader102
Content-Length: 0

 ---
[2013-04-15 20:20:23,471] SipServletMessageTest:1008 INFO  - === testGetParameterableHeaders001() ===
[2013-04-15 20:20:23,472] TestBase:351 DEBUG - === created message:MESSAGE sip:JSR289_TCK@localhost:5060 SIP/2.0
Call-ID: 7bd6effc5a1625ae745944a878a23b45@192.168.1.65
CSeq: 1 MESSAGE
From: "Alice" <sip:alice@192.168.1.65:5071>;tag=800920948
To: "JSR289_TCK" <sip:JSR289_TCK@localhost:5060>
Via: SIP/2.0/UDP 192.168.1.65:5071;branch=somebranchvalue
Max-Forwards: 5
Content-Length: 0

 ===
[2013-04-15 20:20:23,476] TestBase:979 DEBUG - ---The Sip request is:MESSAGE sip:JSR289_TCK@localhost:5060 SIP/2.0
Call-ID: 7bd6effc5a1625ae745944a878a23b45@192.168.1.65
CSeq: 1 MESSAGE
From: "Alice" <sip:alice@192.168.1.65:5071>;tag=800920948
To: "JSR289_TCK" <sip:JSR289_TCK@localhost:5060>
Via: SIP/2.0/UDP 192.168.1.65:5071;branch=z9hG4bK2602f1f376aab79fd9d5921b337e1159
Max-Forwards: 5
Route: "JSR289_TCK" <sip:JSR289_TCK@localhost:5060;lr>,<sip:localhost:5060;transport=udp;lr>
Application-Name: com.bea.sipservlet.tck.apps.apitestapp
Servlet-Name: SipServletMessage
Method-Name: testGetParameterableHeaders001
Accept: application/sdp;level=1,application/x-private;level=2
Content-Length: 0

 ---
[2013-04-15 20:20:26,491] SipServletMessageTest:1008 INFO  - === testGetParameterableHeaders101() ===
[2013-04-15 20:20:26,492] TestBase:351 DEBUG - === created message:MESSAGE sip:JSR289_TCK@localhost:5060 SIP/2.0
Call-ID: 37a0237d8034f43b293a4ee15ffe79f2@192.168.1.65
CSeq: 1 MESSAGE
From: "Alice" <sip:alice@192.168.1.65:5071>;tag=240875725
To: "JSR289_TCK" <sip:JSR289_TCK@localhost:5060>
Via: SIP/2.0/UDP 192.168.1.65:5071;branch=somebranchvalue
Max-Forwards: 5
Content-Length: 0

 ===
[2013-04-15 20:20:26,496] TestBase:979 DEBUG - ---The Sip request is:MESSAGE sip:JSR289_TCK@localhost:5060 SIP/2.0
Call-ID: 37a0237d8034f43b293a4ee15ffe79f2@192.168.1.65
CSeq: 1 MESSAGE
From: "Alice" <sip:alice@192.168.1.65:5071>;tag=240875725
To: "JSR289_TCK" <sip:JSR289_TCK@localhost:5060>
Via: SIP/2.0/UDP 192.168.1.65:5071;branch=z9hG4bK37923aabb6e69d80e1e135da7772a5a5
Max-Forwards: 5
Route: "JSR289_TCK" <sip:JSR289_TCK@localhost:5060;lr>,<sip:localhost:5060;transport=udp;lr>
Application-Name: com.bea.sipservlet.tck.apps.apitestapp
Servlet-Name: SipServletMessage
Method-Name: testGetParameterableHeaders101
Content-Length: 0

 ---
[2013-04-15 20:20:29,510] SipServletMessageTest:1008 INFO  - === testGetParameterableHeaders102() ===
[2013-04-15 20:20:29,511] TestBase:351 DEBUG - === created message:MESSAGE sip:JSR289_TCK@localhost:5060 SIP/2.0
Call-ID: 7732f2c8116dfee34814ec148a046708@192.168.1.65
CSeq: 1 MESSAGE
From: "Alice" <sip:alice@192.168.1.65:5071>;tag=1850846781
To: "JSR289_TCK" <sip:JSR289_TCK@localhost:5060>
Via: SIP/2.0/UDP 192.168.1.65:5071;branch=somebranchvalue
Max-Forwards: 5
Content-Length: 0

 ===
[2013-04-15 20:20:29,514] TestBase:979 DEBUG - ---The Sip request is:MESSAGE sip:JSR289_TCK@localhost:5060 SIP/2.0
Call-ID: 7732f2c8116dfee34814ec148a046708@192.168.1.65
CSeq: 1 MESSAGE
From: "Alice" <sip:alice@192.168.1.65:5071>;tag=1850846781
To: "JSR289_TCK" <sip:JSR289_TCK@localhost:5060>
Via: SIP/2.0/UDP 192.168.1.65:5071;branch=z9hG4bK63e90ae8b778443451daf94eefd1ccfc
Max-Forwards: 5
Route: "JSR289_TCK" <sip:JSR289_TCK@localhost:5060;lr>,<sip:localhost:5060;transport=udp;lr>
Application-Name: com.bea.sipservlet.tck.apps.apitestapp
Servlet-Name: SipServletMessage
Method-Name: testGetParameterableHeaders102
Content-Length: 0

 ---
[2013-04-15 20:20:32,529] SipServletMessageTest:1008 INFO  - === testGetProtocol001() ===
[2013-04-15 20:20:32,529] TestBase:351 DEBUG - === created message:MESSAGE sip:JSR289_TCK@localhost:5060 SIP/2.0
Call-ID: 634e42e22d4319f7e915a2d3394ce4e5@192.168.1.65
CSeq: 1 MESSAGE
From: "Alice" <sip:alice@192.168.1.65:5071>;tag=1944261685
To: "JSR289_TCK" <sip:JSR289_TCK@localhost:5060>
Via: SIP/2.0/UDP 192.168.1.65:5071;branch=somebranchvalue
Max-Forwards: 5
Content-Length: 0

 ===
[2013-04-15 20:20:32,533] TestBase:979 DEBUG - ---The Sip request is:MESSAGE sip:JSR289_TCK@localhost:5060 SIP/2.0
Call-ID: 634e42e22d4319f7e915a2d3394ce4e5@192.168.1.65
CSeq: 1 MESSAGE
From: "Alice" <sip:alice@192.168.1.65:5071>;tag=1944261685
To: "JSR289_TCK" <sip:JSR289_TCK@localhost:5060>
Via: SIP/2.0/UDP 192.168.1.65:5071;branch=z9hG4bK054daf6ac4dd4c72c4cdbea73e6c2c25
Max-Forwards: 5
Route: "JSR289_TCK" <sip:JSR289_TCK@localhost:5060;lr>,<sip:localhost:5060;transport=udp;lr>
Application-Name: com.bea.sipservlet.tck.apps.apitestapp
Servlet-Name: SipServletMessage
Method-Name: testGetProtocol001
Content-Length: 0

 ---
[2013-04-15 20:20:35,547] SipServletMessageTest:1008 INFO  - === testGetRawContent001() ===
[2013-04-15 20:20:35,548] TestBase:351 DEBUG - === created message:MESSAGE sip:JSR289_TCK@localhost:5060 SIP/2.0
Call-ID: 52e292b5e2d13ceebc7b2aad2ed0c3ad@192.168.1.65
CSeq: 1 MESSAGE
From: "Alice" <sip:alice@192.168.1.65:5071>;tag=549210770
To: "JSR289_TCK" <sip:JSR289_TCK@localhost:5060>
Via: SIP/2.0/UDP 192.168.1.65:5071;branch=somebranchvalue
Max-Forwards: 5
Content-Length: 0

 ===
[2013-04-15 20:20:38,566] SipServletMessageTest:1008 INFO  - === testGetRemoteAddr001() ===
[2013-04-15 20:20:38,566] TestBase:351 DEBUG - === created message:MESSAGE sip:JSR289_TCK@localhost:5060 SIP/2.0
Call-ID: cf6950e47bfac0227e0545765b6777ee@192.168.1.65
CSeq: 1 MESSAGE
From: "Alice" <sip:alice@192.168.1.65:5071>;tag=764700674
To: "JSR289_TCK" <sip:JSR289_TCK@localhost:5060>
Via: SIP/2.0/UDP 192.168.1.65:5071;branch=somebranchvalue
Max-Forwards: 5
Content-Length: 0

 ===
[2013-04-15 20:20:38,571] TestBase:979 DEBUG - ---The Sip request is:MESSAGE sip:JSR289_TCK@localhost:5060 SIP/2.0
Call-ID: cf6950e47bfac0227e0545765b6777ee@192.168.1.65
CSeq: 1 MESSAGE
From: "Alice" <sip:alice@192.168.1.65:5071>;tag=764700674
To: "JSR289_TCK" <sip:JSR289_TCK@localhost:5060>
Via: SIP/2.0/UDP 192.168.1.65:5071;branch=z9hG4bK9381340c51b86bfa06463c91e44a9b2f
Max-Forwards: 5
Route: "JSR289_TCK" <sip:JSR289_TCK@localhost:5060;lr>,<sip:localhost:5060;transport=udp;lr>
Application-Name: com.bea.sipservlet.tck.apps.apitestapp
Servlet-Name: SipServletMessage
Method-Name: testGetRemoteAddr001
Content-Length: 0

 ---
[2013-04-15 20:20:41,592] SipServletMessageTest:1008 INFO  - === testGetRemotePort001() ===
[2013-04-15 20:20:41,593] TestBase:351 DEBUG - === created message:MESSAGE sip:JSR289_TCK@localhost:5060 SIP/2.0
Call-ID: 42db098c53a73d43eb30ce63ccf17629@192.168.1.65
CSeq: 1 MESSAGE
From: "Alice" <sip:alice@192.168.1.65:5071>;tag=281632105
To: "JSR289_TCK" <sip:JSR289_TCK@localhost:5060>
Via: SIP/2.0/UDP 192.168.1.65:5071;branch=somebranchvalue
Max-Forwards: 5
Content-Length: 0

 ===
[2013-04-15 20:20:41,597] TestBase:979 DEBUG - ---The Sip request is:MESSAGE sip:JSR289_TCK@localhost:5060 SIP/2.0
Call-ID: 42db098c53a73d43eb30ce63ccf17629@192.168.1.65
CSeq: 1 MESSAGE
From: "Alice" <sip:alice@192.168.1.65:5071>;tag=281632105
To: "JSR289_TCK" <sip:JSR289_TCK@localhost:5060>
Via: SIP/2.0/UDP 192.168.1.65:5071;branch=z9hG4bK8386c8a4a2cf02d7e98db03ebb972a74
Max-Forwards: 5
Route: "JSR289_TCK" <sip:JSR289_TCK@localhost:5060;lr>,<sip:localhost:5060;transport=udp;lr>
Application-Name: com.bea.sipservlet.tck.apps.apitestapp
Servlet-Name: SipServletMessage
Method-Name: testGetRemotePort001
Content-Length: 0

 ---
[2013-04-15 20:20:44,621] SipServletMessageTest:1008 INFO  - === testGetSession001() ===
[2013-04-15 20:20:44,622] TestBase:351 DEBUG - === created message:MESSAGE sip:JSR289_TCK@localhost:5060 SIP/2.0
Call-ID: de40b60b356de6cbbe1377ab707d43b3@192.168.1.65
CSeq: 1 MESSAGE
From: "Alice" <sip:alice@192.168.1.65:5071>;tag=948674533
To: "JSR289_TCK" <sip:JSR289_TCK@localhost:5060>
Via: SIP/2.0/UDP 192.168.1.65:5071;branch=somebranchvalue
Max-Forwards: 5
Content-Length: 0

 ===
[2013-04-15 20:20:44,626] TestBase:979 DEBUG - ---The Sip request is:MESSAGE sip:JSR289_TCK@localhost:5060 SIP/2.0
Call-ID: de40b60b356de6cbbe1377ab707d43b3@192.168.1.65
CSeq: 1 MESSAGE
From: "Alice" <sip:alice@192.168.1.65:5071>;tag=948674533
To: "JSR289_TCK" <sip:JSR289_TCK@localhost:5060>
Via: SIP/2.0/UDP 192.168.1.65:5071;branch=z9hG4bKea7cbb89b9580bb29d15643d93b961bd
Max-Forwards: 5
Route: "JSR289_TCK" <sip:JSR289_TCK@localhost:5060;lr>,<sip:localhost:5060;transport=udp;lr>
Application-Name: com.bea.sipservlet.tck.apps.apitestapp
Servlet-Name: SipServletMessage
Method-Name: testGetSession001
Content-Length: 0

 ---
[2013-04-15 20:20:47,642] SipServletMessageTest:1008 INFO  - === testGetSession002() ===
[2013-04-15 20:20:47,642] TestBase:351 DEBUG - === created message:MESSAGE sip:JSR289_TCK@localhost:5060 SIP/2.0
Call-ID: 9e1ebe3b5db52ebc7ae72133460ac0bb@192.168.1.65
CSeq: 1 MESSAGE
From: "Alice" <sip:alice@192.168.1.65:5071>;tag=326724938
To: "JSR289_TCK" <sip:JSR289_TCK@localhost:5060>
Via: SIP/2.0/UDP 192.168.1.65:5071;branch=somebranchvalue
Max-Forwards: 5
Content-Length: 0

 ===
[2013-04-15 20:20:47,646] TestBase:979 DEBUG - ---The Sip request is:MESSAGE sip:JSR289_TCK@localhost:5060 SIP/2.0
Call-ID: 9e1ebe3b5db52ebc7ae72133460ac0bb@192.168.1.65
CSeq: 1 MESSAGE
From: "Alice" <sip:alice@192.168.1.65:5071>;tag=326724938
To: "JSR289_TCK" <sip:JSR289_TCK@localhost:5060>
Via: SIP/2.0/UDP 192.168.1.65:5071;branch=z9hG4bKe0fc313d4f9c4cf4885169c748776b46
Max-Forwards: 5
Route: "JSR289_TCK" <sip:JSR289_TCK@localhost:5060;lr>,<sip:localhost:5060;transport=udp;lr>
Application-Name: com.bea.sipservlet.tck.apps.apitestapp
Servlet-Name: SipServletMessage
Method-Name: testGetSession002
Content-Length: 0

 ---
[2013-04-15 20:20:50,661] SipServletMessageTest:1008 INFO  - === testGetTo001() ===
[2013-04-15 20:20:50,661] TestBase:351 DEBUG - === created message:MESSAGE sip:JSR289_TCK@localhost:5060 SIP/2.0
Call-ID: 1a4b87de909e1e393d09a9a468d523d4@192.168.1.65
CSeq: 1 MESSAGE
From: "Alice" <sip:alice@192.168.1.65:5071>;tag=1355123974
To: "JSR289_TCK" <sip:JSR289_TCK@localhost:5060>
Via: SIP/2.0/UDP 192.168.1.65:5071;branch=somebranchvalue
Max-Forwards: 5
Content-Length: 0

 ===
[2013-04-15 20:20:50,665] TestBase:979 DEBUG - ---The Sip request is:MESSAGE sip:JSR289_TCK@localhost:5060 SIP/2.0
Call-ID: 1a4b87de909e1e393d09a9a468d523d4@192.168.1.65
CSeq: 1 MESSAGE
From: "Alice" <sip:alice@192.168.1.65:5071>;tag=1355123974
To: "JSR289_TCK" <sip:JSR289_TCK@localhost:5060>
Via: SIP/2.0/UDP 192.168.1.65:5071;branch=z9hG4bK295b32ee76f69bc6d3c44e18a680f1e2
Max-Forwards: 5
Route: "JSR289_TCK" <sip:JSR289_TCK@localhost:5060;lr>,<sip:localhost:5060;transport=udp;lr>
Application-Name: com.bea.sipservlet.tck.apps.apitestapp
Servlet-Name: SipServletMessage
Method-Name: testGetTo001
My-Header: JSR289_TCK <sip:JSR289_TCK@localhost:5060>
Content-Length: 0

 ---
[2013-04-15 20:20:53,681] SipServletMessageTest:1008 INFO  - === testGetTransport001() ===
[2013-04-15 20:20:53,681] TestBase:351 DEBUG - === created message:MESSAGE sip:JSR289_TCK@localhost:5060 SIP/2.0
Call-ID: 437c5d152657b032d91501b2605894c5@192.168.1.65
CSeq: 1 MESSAGE
From: "Alice" <sip:alice@192.168.1.65:5071>;tag=1093993532
To: "JSR289_TCK" <sip:JSR289_TCK@localhost:5060>
Via: SIP/2.0/UDP 192.168.1.65:5071;branch=somebranchvalue
Max-Forwards: 5
Content-Length: 0

 ===
[2013-04-15 20:20:53,685] TestBase:979 DEBUG - ---The Sip request is:MESSAGE sip:JSR289_TCK@localhost:5060 SIP/2.0
Call-ID: 437c5d152657b032d91501b2605894c5@192.168.1.65
CSeq: 1 MESSAGE
From: "Alice" <sip:alice@192.168.1.65:5071>;tag=1093993532
To: "JSR289_TCK" <sip:JSR289_TCK@localhost:5060>
Via: SIP/2.0/UDP 192.168.1.65:5071;branch=z9hG4bKfcdf11d35c87853b462e41c1e97d0b4b
Max-Forwards: 5
Route: "JSR289_TCK" <sip:JSR289_TCK@localhost:5060;lr>,<sip:localhost:5060;transport=udp;lr>
Application-Name: com.bea.sipservlet.tck.apps.apitestapp
Servlet-Name: SipServletMessage
Method-Name: testGetTransport001
My-Header: udp
Content-Length: 0

 ---
[2013-04-15 20:20:56,707] SipServletMessageTest:1008 INFO  - === testIsCommitted001() ===
[2013-04-15 20:20:56,707] TestBase:351 DEBUG - === created message:MESSAGE sip:JSR289_TCK@localhost:5060 SIP/2.0
Call-ID: 6bb959ee62b629405d6210771dc86f71@192.168.1.65
CSeq: 1 MESSAGE
From: "Alice" <sip:alice@192.168.1.65:5071>;tag=1898768769
To: "JSR289_TCK" <sip:JSR289_TCK@localhost:5060>
Via: SIP/2.0/UDP 192.168.1.65:5071;branch=somebranchvalue
Max-Forwards: 5
Content-Length: 0

 ===
[2013-04-15 20:20:56,711] TestBase:979 DEBUG - ---The Sip request is:MESSAGE sip:JSR289_TCK@localhost:5060 SIP/2.0
Call-ID: 6bb959ee62b629405d6210771dc86f71@192.168.1.65
CSeq: 1 MESSAGE
From: "Alice" <sip:alice@192.168.1.65:5071>;tag=1898768769
To: "JSR289_TCK" <sip:JSR289_TCK@localhost:5060>
Via: SIP/2.0/UDP 192.168.1.65:5071;branch=z9hG4bK98ecfe0309be8c1f20fd2a9c99f0fc36
Max-Forwards: 5
Route: "JSR289_TCK" <sip:JSR289_TCK@localhost:5060;lr>,<sip:localhost:5060;transport=udp;lr>
Application-Name: com.bea.sipservlet.tck.apps.apitestapp
Servlet-Name: SipServletMessage
Method-Name: testIsCommitted001
Content-Length: 0

 ---
[2013-04-15 20:20:59,734] SipServletMessageTest:1008 INFO  - === testIsSecure001() ===
[2013-04-15 20:20:59,734] TestBase:351 DEBUG - === created message:MESSAGE sip:JSR289_TCK@localhost:5060 SIP/2.0
Call-ID: 911f5518d6fba168f81bf6f41b302186@192.168.1.65
CSeq: 1 MESSAGE
From: "Alice" <sip:alice@192.168.1.65:5071>;tag=991306765
To: "JSR289_TCK" <sip:JSR289_TCK@localhost:5060>
Via: SIP/2.0/UDP 192.168.1.65:5071;branch=somebranchvalue
Max-Forwards: 5
Content-Length: 0

 ===
[2013-04-15 20:20:59,738] TestBase:979 DEBUG - ---The Sip request is:MESSAGE sip:JSR289_TCK@localhost:5060 SIP/2.0
Call-ID: 911f5518d6fba168f81bf6f41b302186@192.168.1.65
CSeq: 1 MESSAGE
From: "Alice" <sip:alice@192.168.1.65:5071>;tag=991306765
To: "JSR289_TCK" <sip:JSR289_TCK@localhost:5060>
Via: SIP/2.0/UDP 192.168.1.65:5071;branch=z9hG4bK3a6b0cd942f27fbde7f44ff7a68e1de5
Max-Forwards: 5
Route: "JSR289_TCK" <sip:JSR289_TCK@localhost:5060;lr>,<sip:localhost:5060;transport=udp;lr>
Application-Name: com.bea.sipservlet.tck.apps.apitestapp
Servlet-Name: SipServletMessage
Method-Name: testIsSecure001
Content-Length: 0

 ---
[2013-04-15 20:21:02,763] SipServletMessageTest:1008 INFO  - === testRemoveHeader001() ===
[2013-04-15 20:21:02,764] TestBase:351 DEBUG - === created message:OPTIONS sip:JSR289_TCK@localhost:5060 SIP/2.0
Call-ID: 28f1860ec367512c5e4a1d32af7d9ffd@192.168.1.65
CSeq: 1 OPTIONS
From: "Alice" <sip:alice@192.168.1.65:5071>;tag=1409878504
To: "JSR289_TCK" <sip:JSR289_TCK@localhost:5060>
Via: SIP/2.0/UDP 192.168.1.65:5071;branch=somebranchvalue
Max-Forwards: 5
Content-Length: 0

 ===
[2013-04-15 20:21:02,768] TestBase:979 DEBUG - ---The Sip request is:OPTIONS sip:JSR289_TCK@localhost:5060 SIP/2.0
Call-ID: 28f1860ec367512c5e4a1d32af7d9ffd@192.168.1.65
CSeq: 1 OPTIONS
From: "Alice" <sip:alice@192.168.1.65:5071>;tag=1409878504
To: "JSR289_TCK" <sip:JSR289_TCK@localhost:5060>
Via: SIP/2.0/UDP 192.168.1.65:5071;branch=z9hG4bKa92d71fc75ce1c3d64f84dff447b2016
Max-Forwards: 5
Route: "JSR289_TCK" <sip:JSR289_TCK@localhost:5060;lr>,<sip:localhost:5060;transport=udp;lr>
Application-Name: com.bea.sipservlet.tck.apps.apitestapp
Servlet-Name: SipServletMessage
Method-Name: testRemoveHeader001
Accept-Language: en-US;q=0.8,zh-CN;q=1.0,fr-FR;q=0.5
Content-Length: 0

 ---
[2013-04-15 20:21:05,784] SipServletMessageTest:1008 INFO  - === testRemoveHeader101() ===
[2013-04-15 20:21:05,784] TestBase:351 DEBUG - === created message:MESSAGE sip:JSR289_TCK@localhost:5060 SIP/2.0
Call-ID: 3bf7dfb1b1f203bf947a8ff1c218c882@192.168.1.65
CSeq: 1 MESSAGE
From: "Alice" <sip:alice@192.168.1.65:5071>;tag=401283548
To: "JSR289_TCK" <sip:JSR289_TCK@localhost:5060>
Via: SIP/2.0/UDP 192.168.1.65:5071;branch=somebranchvalue
Max-Forwards: 5
Content-Length: 0

 ===
[2013-04-15 20:21:05,789] TestBase:979 DEBUG - ---The Sip request is:MESSAGE sip:JSR289_TCK@localhost:5060 SIP/2.0
Call-ID: 3bf7dfb1b1f203bf947a8ff1c218c882@192.168.1.65
CSeq: 1 MESSAGE
From: "Alice" <sip:alice@192.168.1.65:5071>;tag=401283548
To: "JSR289_TCK" <sip:JSR289_TCK@localhost:5060>
Via: SIP/2.0/UDP 192.168.1.65:5071;branch=z9hG4bK366ac38e2a4bc1405e86ef5554fad8c6
Max-Forwards: 5
Route: "JSR289_TCK" <sip:JSR289_TCK@localhost:5060;lr>,<sip:localhost:5060;transport=udp;lr>
Application-Name: com.bea.sipservlet.tck.apps.apitestapp
Servlet-Name: SipServletMessage
Method-Name: testRemoveHeader101
Content-Length: 0

 ---
[2013-04-15 20:21:08,804] TestBase:351 DEBUG - === created message:MESSAGE sip:JSR289_TCK@localhost:5060 SIP/2.0
Call-ID: 77364dc2ea7963a7d9a7909f17f7e3ec@192.168.1.65
CSeq: 1 MESSAGE
From: "Alice" <sip:alice@192.168.1.65:5071>;tag=1509278489
To: "JSR289_TCK" <sip:JSR289_TCK@localhost:5060>
Via: SIP/2.0/UDP 192.168.1.65:5071;branch=somebranchvalue
Max-Forwards: 5
Content-Length: 0

 ===
[2013-04-15 20:21:08,807] TestBase:979 DEBUG - ---The Sip request is:MESSAGE sip:JSR289_TCK@localhost:5060 SIP/2.0
Call-ID: 77364dc2ea7963a7d9a7909f17f7e3ec@192.168.1.65
CSeq: 1 MESSAGE
From: "Alice" <sip:alice@192.168.1.65:5071>;tag=1509278489
To: "JSR289_TCK" <sip:JSR289_TCK@localhost:5060>
Via: SIP/2.0/UDP 192.168.1.65:5071;branch=z9hG4bK5f76f1d8c9c35d46cc379fd530381e8f
Max-Forwards: 5
Route: "JSR289_TCK" <sip:JSR289_TCK@localhost:5060;lr>,<sip:localhost:5060;transport=udp;lr>
Application-Name: com.bea.sipservlet.tck.apps.apitestapp
Servlet-Name: SipServletMessage
Method-Name: testSend001
Content-Length: 0

 ---
[2013-04-15 20:21:08,813] TestBase:595 DEBUG - the responseEvent=null?javax.sip.ResponseEvent[source=gov.nist.javax.sip.SipProviderImpl@2c02bb74]
SIPUNIT TRACE:  1366053668813  SS.waitRequest() - about to block, waiting
SIPUNIT TRACE:  1366053668865  SipStack: request received !
SIPUNIT TRACE:  1366053668865  SipStack: calling listener
SIPUNIT TRACE:  1366053668866  SipSession: request received !
SIPUNIT TRACE:  1366053668866       me ('To' check) = sip:alice@192.168.1.65
SIPUNIT TRACE:  1366053668866       my local contact info ('Request URI' check) = sip:alice@192.168.1.65:5071;transport=udp;lr
SIPUNIT TRACE:  1366053668866       MESSAGE sip:alice@192.168.1.65:5071 SIP/2.0
To: "Alice" <sip:alice@192.168.1.65:5071>;tag=1509278489
From: <sip:JSR289_TCK@localhost:5060>;tag=nou5fxn04v
Via: SIP/2.0/UDP 192.168.1.65:5060;branch=z9hG4bKo545i6f-m-i5hjyh!g6e!u7ruf4bf7;maddr=192.168.1.65
Call-ID: 87zu!er4!eiam1x8a2gv
Max-Forwards: 70
CSeq: 51192 MESSAGE
Content-Length: 0


SIPUNIT TRACE:  1366053668866  SipSession: notifying block object
SIPUNIT TRACE:  1366053668866  SS.waitRequest() - we've come out of the block
SIPUNIT TRACE:  1366053668866  SS.waitRequest() - either we got the request, or timed out
[2013-04-15 20:21:11,879] SipServletMessageTest:1008 INFO  - === testSend101() ===
[2013-04-15 20:21:11,879] TestBase:351 DEBUG - === created message:MESSAGE sip:JSR289_TCK@localhost:5060 SIP/2.0
Call-ID: 3f22c3cfd29f969283741e78b5b1dd4f@192.168.1.65
CSeq: 1 MESSAGE
From: "Alice" <sip:alice@192.168.1.65:5071>;tag=2081604660
To: "JSR289_TCK" <sip:JSR289_TCK@localhost:5060>
Via: SIP/2.0/UDP 192.168.1.65:5071;branch=somebranchvalue
Max-Forwards: 5
Content-Length: 0

 ===
[2013-04-15 20:21:11,883] TestBase:979 DEBUG - ---The Sip request is:MESSAGE sip:JSR289_TCK@localhost:5060 SIP/2.0
Call-ID: 3f22c3cfd29f969283741e78b5b1dd4f@192.168.1.65
CSeq: 1 MESSAGE
From: "Alice" <sip:alice@192.168.1.65:5071>;tag=2081604660
To: "JSR289_TCK" <sip:JSR289_TCK@localhost:5060>
Via: SIP/2.0/UDP 192.168.1.65:5071;branch=z9hG4bK6e50ed5a5f137cafc176b8b7666eb404
Max-Forwards: 5
Route: "JSR289_TCK" <sip:JSR289_TCK@localhost:5060;lr>,<sip:localhost:5060;transport=udp;lr>
Application-Name: com.bea.sipservlet.tck.apps.apitestapp
Servlet-Name: SipServletMessage
Method-Name: testSend101
Content-Length: 0

 ---
[2013-04-15 20:21:14,897] SipServletMessageTest:1008 INFO  - === testSetAcceptLanguage001() ===
[2013-04-15 20:21:14,898] TestBase:351 DEBUG - === created message:MESSAGE sip:JSR289_TCK@localhost:5060 SIP/2.0
Call-ID: c0503db4488b43a3ae74c8fa8eedf9b7@192.168.1.65
CSeq: 1 MESSAGE
From: "Alice" <sip:alice@192.168.1.65:5071>;tag=1742891538
To: "JSR289_TCK" <sip:JSR289_TCK@localhost:5060>
Via: SIP/2.0/UDP 192.168.1.65:5071;branch=somebranchvalue
Max-Forwards: 5
Content-Length: 0

 ===
[2013-04-15 20:21:14,902] TestBase:979 DEBUG - ---The Sip request is:MESSAGE sip:JSR289_TCK@localhost:5060 SIP/2.0
Call-ID: c0503db4488b43a3ae74c8fa8eedf9b7@192.168.1.65
CSeq: 1 MESSAGE
From: "Alice" <sip:alice@192.168.1.65:5071>;tag=1742891538
To: "JSR289_TCK" <sip:JSR289_TCK@localhost:5060>
Via: SIP/2.0/UDP 192.168.1.65:5071;branch=z9hG4bKd220261908756750b4866b66854e4226
Max-Forwards: 5
Route: "JSR289_TCK" <sip:JSR289_TCK@localhost:5060;lr>,<sip:localhost:5060;transport=udp;lr>
Application-Name: com.bea.sipservlet.tck.apps.apitestapp
Servlet-Name: SipServletMessage
Method-Name: testSetAcceptLanguage001
Content-Length: 0

 ---
[2013-04-15 20:21:17,933] SipServletMessageTest:1008 INFO  - === testSetAddressHeader001() ===
[2013-04-15 20:21:17,934] TestBase:351 DEBUG - === created message:MESSAGE sip:JSR289_TCK@localhost:5060 SIP/2.0
Call-ID: bb9331218d213fac5d8176717f856149@192.168.1.65
CSeq: 1 MESSAGE
From: "Alice" <sip:alice@192.168.1.65:5071>;tag=883361772
To: "JSR289_TCK" <sip:JSR289_TCK@localhost:5060>
Via: SIP/2.0/UDP 192.168.1.65:5071;branch=somebranchvalue
Max-Forwards: 5
Content-Length: 0

 ===
[2013-04-15 20:21:17,938] TestBase:979 DEBUG - ---The Sip request is:MESSAGE sip:JSR289_TCK@localhost:5060 SIP/2.0
Call-ID: bb9331218d213fac5d8176717f856149@192.168.1.65
CSeq: 1 MESSAGE
From: "Alice" <sip:alice@192.168.1.65:5071>;tag=883361772
To: "JSR289_TCK" <sip:JSR289_TCK@localhost:5060>
Via: SIP/2.0/UDP 192.168.1.65:5071;branch=z9hG4bK489873e1e45f4c30a77830a0f0fc3ca7
Max-Forwards: 5
Route: "JSR289_TCK" <sip:JSR289_TCK@localhost:5060;lr>,<sip:localhost:5060;transport=udp;lr>
Application-Name: com.bea.sipservlet.tck.apps.apitestapp
Servlet-Name: SipServletMessage
Method-Name: testSetAddressHeader001
Content-Length: 0

 ---
[2013-04-15 20:21:17,945] SipServletMessageTest:935 INFO  - === got header:my-address: sip:tck2@domain.com
===
[2013-04-15 20:21:20,954] SipServletMessageTest:1008 INFO  - === testSetAddressHeader101() ===
[2013-04-15 20:21:20,955] TestBase:351 DEBUG - === created message:MESSAGE sip:JSR289_TCK@localhost:5060 SIP/2.0
Call-ID: 172ac02ae2bf5cf4169a49a7556f3079@192.168.1.65
CSeq: 1 MESSAGE
From: "Alice" <sip:alice@192.168.1.65:5071>;tag=915441287
To: "JSR289_TCK" <sip:JSR289_TCK@localhost:5060>
Via: SIP/2.0/UDP 192.168.1.65:5071;branch=somebranchvalue
Max-Forwards: 5
Content-Length: 0

 ===
[2013-04-15 20:21:20,960] TestBase:979 DEBUG - ---The Sip request is:MESSAGE sip:JSR289_TCK@localhost:5060 SIP/2.0
Call-ID: 172ac02ae2bf5cf4169a49a7556f3079@192.168.1.65
CSeq: 1 MESSAGE
From: "Alice" <sip:alice@192.168.1.65:5071>;tag=915441287
To: "JSR289_TCK" <sip:JSR289_TCK@localhost:5060>
Via: SIP/2.0/UDP 192.168.1.65:5071;branch=z9hG4bK7dbdebe7af4820eff0625acf9e42107c
Max-Forwards: 5
Route: "JSR289_TCK" <sip:JSR289_TCK@localhost:5060;lr>,<sip:localhost:5060;transport=udp;lr>
Application-Name: com.bea.sipservlet.tck.apps.apitestapp
Servlet-Name: SipServletMessage
Method-Name: testSetAddressHeader101
Content-Length: 0

 ---
[2013-04-15 20:21:23,975] SipServletMessageTest:1008 INFO  - === testSetAttribute101() ===
[2013-04-15 20:21:23,976] TestBase:351 DEBUG - === created message:MESSAGE sip:JSR289_TCK@localhost:5060 SIP/2.0
Call-ID: 334679b6fed19c607fde105974872f3a@192.168.1.65
CSeq: 1 MESSAGE
From: "Alice" <sip:alice@192.168.1.65:5071>;tag=482354444
To: "JSR289_TCK" <sip:JSR289_TCK@localhost:5060>
Via: SIP/2.0/UDP 192.168.1.65:5071;branch=somebranchvalue
Max-Forwards: 5
Content-Length: 0

 ===
[2013-04-15 20:21:23,980] TestBase:979 DEBUG - ---The Sip request is:MESSAGE sip:JSR289_TCK@localhost:5060 SIP/2.0
Call-ID: 334679b6fed19c607fde105974872f3a@192.168.1.65
CSeq: 1 MESSAGE
From: "Alice" <sip:alice@192.168.1.65:5071>;tag=482354444
To: "JSR289_TCK" <sip:JSR289_TCK@localhost:5060>
Via: SIP/2.0/UDP 192.168.1.65:5071;branch=z9hG4bK4b6914262fdbf5a459505179c5b5abf7
Max-Forwards: 5
Route: "JSR289_TCK" <sip:JSR289_TCK@localhost:5060;lr>,<sip:localhost:5060;transport=udp;lr>
Application-Name: com.bea.sipservlet.tck.apps.apitestapp
Servlet-Name: SipServletMessage
Method-Name: testSetAttribute101
Content-Length: 0

 ---
[2013-04-15 20:21:26,995] SipServletMessageTest:1008 INFO  - === testSetCharacterEncoding101() ===
[2013-04-15 20:21:26,995] TestBase:351 DEBUG - === created message:MESSAGE sip:JSR289_TCK@localhost:5060 SIP/2.0
Call-ID: 264b0441677b4192c1b820e1e323b133@192.168.1.65
CSeq: 1 MESSAGE
From: "Alice" <sip:alice@192.168.1.65:5071>;tag=1097133695
To: "JSR289_TCK" <sip:JSR289_TCK@localhost:5060>
Via: SIP/2.0/UDP 192.168.1.65:5071;branch=somebranchvalue
Max-Forwards: 5
Content-Length: 0

 ===
[2013-04-15 20:21:26,999] TestBase:979 DEBUG - ---The Sip request is:MESSAGE sip:JSR289_TCK@localhost:5060 SIP/2.0
Call-ID: 264b0441677b4192c1b820e1e323b133@192.168.1.65
CSeq: 1 MESSAGE
From: "Alice" <sip:alice@192.168.1.65:5071>;tag=1097133695
To: "JSR289_TCK" <sip:JSR289_TCK@localhost:5060>
Via: SIP/2.0/UDP 192.168.1.65:5071;branch=z9hG4bK702eb35a15d036e8f6d924c3779cf3b7
Max-Forwards: 5
Route: "JSR289_TCK" <sip:JSR289_TCK@localhost:5060;lr>,<sip:localhost:5060;transport=udp;lr>
Application-Name: com.bea.sipservlet.tck.apps.apitestapp
Servlet-Name: SipServletMessage
Method-Name: testSetCharacterEncoding101
Content-Length: 0

 ---
[2013-04-15 20:21:30,024] SipServletMessageTest:1008 INFO  - === testSetContent001() ===
[2013-04-15 20:21:30,024] TestBase:351 DEBUG - === created message:MESSAGE sip:JSR289_TCK@localhost:5060 SIP/2.0
Call-ID: 14563a2b9e68d9d65cc324f52e2b99fa@192.168.1.65
CSeq: 1 MESSAGE
From: "Alice" <sip:alice@192.168.1.65:5071>;tag=1167440969
To: "JSR289_TCK" <sip:JSR289_TCK@localhost:5060>
Via: SIP/2.0/UDP 192.168.1.65:5071;branch=somebranchvalue
Max-Forwards: 5
Content-Length: 0

 ===
[2013-04-15 20:21:30,028] TestBase:979 DEBUG - ---The Sip request is:MESSAGE sip:JSR289_TCK@localhost:5060 SIP/2.0
Call-ID: 14563a2b9e68d9d65cc324f52e2b99fa@192.168.1.65
CSeq: 1 MESSAGE
From: "Alice" <sip:alice@192.168.1.65:5071>;tag=1167440969
To: "JSR289_TCK" <sip:JSR289_TCK@localhost:5060>
Via: SIP/2.0/UDP 192.168.1.65:5071;branch=z9hG4bKc9d90d0430b04da5b3dbe10acae010e3
Max-Forwards: 5
Route: "JSR289_TCK" <sip:JSR289_TCK@localhost:5060;lr>,<sip:localhost:5060;transport=udp;lr>
Application-Name: com.bea.sipservlet.tck.apps.apitestapp
Servlet-Name: SipServletMessage
Method-Name: testSetContent001
Content-Length: 0

 ---
[2013-04-15 20:21:30,034] SipServletMessageTest:1296 DEBUG - === set listen request message:true===
SIPUNIT TRACE:  1366053690035  SS.waitRequest() - about to block, waiting
SIPUNIT TRACE:  1366053700036  SS.waitRequest() - we've come out of the block
SIPUNIT TRACE:  1366053700036  SS.waitRequest() - either we got the request, or timed out
[2013-04-15 20:21:43,046] SipServletMessageTest:1008 INFO  - === testSetContent101() ===
[2013-04-15 20:21:43,047] TestBase:351 DEBUG - === created message:MESSAGE sip:JSR289_TCK@localhost:5060 SIP/2.0
Call-ID: db16eb1763b3324afbd48206babb51f1@192.168.1.65
CSeq: 1 MESSAGE
From: "Alice" <sip:alice@192.168.1.65:5071>;tag=833996323
To: "JSR289_TCK" <sip:JSR289_TCK@localhost:5060>
Via: SIP/2.0/UDP 192.168.1.65:5071;branch=somebranchvalue
Max-Forwards: 5
Content-Length: 0

 ===
[2013-04-15 20:21:43,051] TestBase:979 DEBUG - ---The Sip request is:MESSAGE sip:JSR289_TCK@localhost:5060 SIP/2.0
Call-ID: db16eb1763b3324afbd48206babb51f1@192.168.1.65
CSeq: 1 MESSAGE
From: "Alice" <sip:alice@192.168.1.65:5071>;tag=833996323
To: "JSR289_TCK" <sip:JSR289_TCK@localhost:5060>
Via: SIP/2.0/UDP 192.168.1.65:5071;branch=z9hG4bKaca8f83a4529b6ec1ea0fd1eefaf6b05
Max-Forwards: 5
Route: "JSR289_TCK" <sip:JSR289_TCK@localhost:5060;lr>,<sip:localhost:5060;transport=udp;lr>
Application-Name: com.bea.sipservlet.tck.apps.apitestapp
Servlet-Name: SipServletMessage
Method-Name: testSetContent101
Content-Length: 0

 ---
[2013-04-15 20:21:46,078] SipServletMessageTest:1008 INFO  - === testSetContent102() ===
[2013-04-15 20:21:46,078] TestBase:351 DEBUG - === created message:MESSAGE sip:JSR289_TCK@localhost:5060 SIP/2.0
Call-ID: 4ffc151ef093a1e4a192cb3544038644@192.168.1.65
CSeq: 1 MESSAGE
From: "Alice" <sip:alice@192.168.1.65:5071>;tag=280546946
To: "JSR289_TCK" <sip:JSR289_TCK@localhost:5060>
Via: SIP/2.0/UDP 192.168.1.65:5071;branch=somebranchvalue
Max-Forwards: 5
Content-Length: 0

 ===
[2013-04-15 20:21:46,082] TestBase:979 DEBUG - ---The Sip request is:MESSAGE sip:JSR289_TCK@localhost:5060 SIP/2.0
Call-ID: 4ffc151ef093a1e4a192cb3544038644@192.168.1.65
CSeq: 1 MESSAGE
From: "Alice" <sip:alice@192.168.1.65:5071>;tag=280546946
To: "JSR289_TCK" <sip:JSR289_TCK@localhost:5060>
Via: SIP/2.0/UDP 192.168.1.65:5071;branch=z9hG4bKc186ff706db571b030c679069220ef6e
Max-Forwards: 5
Route: "JSR289_TCK" <sip:JSR289_TCK@localhost:5060;lr>,<sip:localhost:5060;transport=udp;lr>
Application-Name: com.bea.sipservlet.tck.apps.apitestapp
Servlet-Name: SipServletMessage
Method-Name: testSetContent102
Content-Length: 0

 ---
[2013-04-15 20:21:49,107] TestBase:351 DEBUG - === created message:MESSAGE sip:JSR289_TCK@localhost:5060 SIP/2.0
Call-ID: 1320a0af259e21a96d180ca2a0631682@192.168.1.65
CSeq: 1 MESSAGE
From: "Alice" <sip:alice@192.168.1.65:5071>;tag=1166592730
To: "JSR289_TCK" <sip:JSR289_TCK@localhost:5060>
Via: SIP/2.0/UDP 192.168.1.65:5071;branch=somebranchvalue
Max-Forwards: 5
Content-Length: 0

 ===
[2013-04-15 20:21:49,111] TestBase:979 DEBUG - ---The Sip request is:MESSAGE sip:JSR289_TCK@localhost:5060 SIP/2.0
Call-ID: 1320a0af259e21a96d180ca2a0631682@192.168.1.65
CSeq: 1 MESSAGE
From: "Alice" <sip:alice@192.168.1.65:5071>;tag=1166592730
To: "JSR289_TCK" <sip:JSR289_TCK@localhost:5060>
Via: SIP/2.0/UDP 192.168.1.65:5071;branch=z9hG4bK09038de8269b405a47045f530ed38efd
Max-Forwards: 5
Route: "JSR289_TCK" <sip:JSR289_TCK@localhost:5060;lr>,<sip:localhost:5060;transport=udp;lr>
Application-Name: com.bea.sipservlet.tck.apps.apitestapp
Servlet-Name: SipServletMessage
Method-Name: testSetContent103
Content-Length: 0

 ---
[2013-04-15 20:21:49,118] TestBase:595 DEBUG - the responseEvent=null?javax.sip.ResponseEvent[source=gov.nist.javax.sip.SipProviderImpl@b1c705b]
SIPUNIT TRACE:  1366053709118  SS.waitRequest() - about to block, waiting
SIPUNIT TRACE:  1366053709120  SipStack: request received !
SIPUNIT TRACE:  1366053709121  SipStack: calling listener
SIPUNIT TRACE:  1366053709121  SipSession: request received !
SIPUNIT TRACE:  1366053709121       me ('To' check) = sip:alice@192.168.1.65
SIPUNIT TRACE:  1366053709121       my local contact info ('Request URI' check) = sip:alice@192.168.1.65:5071;transport=udp;lr
SIPUNIT TRACE:  1366053709121       MESSAGE sip:alice@192.168.1.65:5071 SIP/2.0
To: "Alice" <sip:alice@192.168.1.65:5071>;tag=1166592730
From: <sip:JSR289_TCK@localhost:5060>;tag=t9p_x.o9px
Via: SIP/2.0/UDP 192.168.1.65:5060;branch=z9hG4bKtybyf7-ued6..tj7028w2iqmq8j916;maddr=192.168.1.65
Call-ID: pv!p2s+ib40tnzwdq3-_
Max-Forwards: 70
CSeq: 25915 MESSAGE
Content-Length: 0


SIPUNIT TRACE:  1366053709121  SipSession: notifying block object
SIPUNIT TRACE:  1366053709121  SS.waitRequest() - we've come out of the block
SIPUNIT TRACE:  1366053709121  SS.waitRequest() - either we got the request, or timed out
[2013-04-15 20:21:52,135] SipServletMessageTest:1008 INFO  - === testSetContentLanguage001() ===
[2013-04-15 20:21:52,136] TestBase:351 DEBUG - === created message:MESSAGE sip:JSR289_TCK@localhost:5060 SIP/2.0
Call-ID: 344380e348191a18bfbeab66c5849355@192.168.1.65
CSeq: 1 MESSAGE
From: "Alice" <sip:alice@192.168.1.65:5071>;tag=1097981934
To: "JSR289_TCK" <sip:JSR289_TCK@localhost:5060>
Via: SIP/2.0/UDP 192.168.1.65:5071;branch=somebranchvalue
Max-Forwards: 5
Content-Length: 0

 ===
[2013-04-15 20:21:52,139] TestBase:979 DEBUG - ---The Sip request is:MESSAGE sip:JSR289_TCK@localhost:5060 SIP/2.0
Call-ID: 344380e348191a18bfbeab66c5849355@192.168.1.65
CSeq: 1 MESSAGE
From: "Alice" <sip:alice@192.168.1.65:5071>;tag=1097981934
To: "JSR289_TCK" <sip:JSR289_TCK@localhost:5060>
Via: SIP/2.0/UDP 192.168.1.65:5071;branch=z9hG4bKfab1ec9ce188e724963aabcd9b7fc617
Max-Forwards: 5
Route: "JSR289_TCK" <sip:JSR289_TCK@localhost:5060;lr>,<sip:localhost:5060;transport=udp;lr>
Application-Name: com.bea.sipservlet.tck.apps.apitestapp
Servlet-Name: SipServletMessage
Method-Name: testSetContentLanguage001
Content-Length: 0

 ---
[2013-04-15 20:21:52,146] SipServletMessageTest:1296 DEBUG - === set listen request message:true===
SIPUNIT TRACE:  1366053712146  SS.waitRequest() - about to block, waiting
SIPUNIT TRACE:  1366053712149  SipStack: request received !
SIPUNIT TRACE:  1366053712149  SipStack: calling listener
SIPUNIT TRACE:  1366053712149  SipSession: request received !
SIPUNIT TRACE:  1366053712149       me ('To' check) = sip:alice@192.168.1.65
SIPUNIT TRACE:  1366053712149       my local contact info ('Request URI' check) = sip:alice@192.168.1.65:5071;transport=udp;lr
SIPUNIT TRACE:  1366053712149       MESSAGE sip:alice@192.168.1.65:5071 SIP/2.0
To: "Alice" <sip:alice@192.168.1.65:5071>;tag=1097981934
From: <sip:JSR289_TCK@localhost:5060>;tag=motl33a-w6
Content-Language: zh
Via: SIP/2.0/UDP 192.168.1.65:5060;branch=z9hG4bKtnc.w_norx9e5ym59r-tl8f_c5jo4v;maddr=192.168.1.65
Call-ID: 2mf+1oqea5_x_ran!z7+
Max-Forwards: 70
CSeq: 28944 MESSAGE
Content-Length: 0


SIPUNIT TRACE:  1366053712149  SipSession: notifying block object
SIPUNIT TRACE:  1366053712149  SS.waitRequest() - we've come out of the block
SIPUNIT TRACE:  1366053712149  SS.waitRequest() - either we got the request, or timed out
SIPUNIT TRACE:  1366053712150  Response before sending out through stack..........
SIPUNIT TRACE:  1366053712150  SIP/2.0 200 OK
To: "Alice" <sip:alice@192.168.1.65:5071>;tag=1097981934
From: <sip:JSR289_TCK@localhost:5060>;tag=motl33a-w6
Via: SIP/2.0/UDP 192.168.1.65:5060;branch=z9hG4bKtnc.w_norx9e5ym59r-tl8f_c5jo4v;maddr=192.168.1.65
Call-ID: 2mf+1oqea5_x_ran!z7+
CSeq: 28944 MESSAGE
Content-Length: 0


[2013-04-15 20:21:52,151] SipServletMessageTest:1306 INFO  - === sending out 200 response ===
[2013-04-15 20:21:52,152] SipServletMessageTest:1308 INFO  - === send response successfully ===
[2013-04-15 20:21:55,162] SipServletMessageTest:1008 INFO  - === testSetContentLength001() ===
[2013-04-15 20:21:55,163] TestBase:351 DEBUG - === created message:MESSAGE sip:JSR289_TCK@localhost:5060 SIP/2.0
Call-ID: 204a039c4ea137e462cb6d8b0c2c446a@192.168.1.65
CSeq: 1 MESSAGE
From: "Alice" <sip:alice@192.168.1.65:5071>;tag=2058755229
To: "JSR289_TCK" <sip:JSR289_TCK@localhost:5060>
Via: SIP/2.0/UDP 192.168.1.65:5071;branch=somebranchvalue
Max-Forwards: 5
Content-Length: 0

 ===
[2013-04-15 20:21:55,167] TestBase:979 DEBUG - ---The Sip request is:MESSAGE sip:JSR289_TCK@localhost:5060 SIP/2.0
Call-ID: 204a039c4ea137e462cb6d8b0c2c446a@192.168.1.65
CSeq: 1 MESSAGE
From: "Alice" <sip:alice@192.168.1.65:5071>;tag=2058755229
To: "JSR289_TCK" <sip:JSR289_TCK@localhost:5060>
Via: SIP/2.0/UDP 192.168.1.65:5071;branch=z9hG4bK9d96a5b9069b3acbe0f649390a62d70e
Max-Forwards: 5
Route: "JSR289_TCK" <sip:JSR289_TCK@localhost:5060;lr>,<sip:localhost:5060;transport=udp;lr>
Application-Name: com.bea.sipservlet.tck.apps.apitestapp
Servlet-Name: SipServletMessage
Method-Name: testSetContentLength001
Content-Length: 0

 ---
[2013-04-15 20:21:58,181] TestBase:351 DEBUG - === created message:MESSAGE sip:JSR289_TCK@localhost:5060 SIP/2.0
Call-ID: 02357c5a46860881c13aec0abb5ecc28@192.168.1.65
CSeq: 1 MESSAGE
From: "Alice" <sip:alice@192.168.1.65:5071>;tag=754290064
To: "JSR289_TCK" <sip:JSR289_TCK@localhost:5060>
Via: SIP/2.0/UDP 192.168.1.65:5071;branch=somebranchvalue
Max-Forwards: 5
Content-Length: 0

 ===
[2013-04-15 20:21:58,185] TestBase:979 DEBUG - ---The Sip request is:MESSAGE sip:JSR289_TCK@localhost:5060 SIP/2.0
Call-ID: 02357c5a46860881c13aec0abb5ecc28@192.168.1.65
CSeq: 1 MESSAGE
From: "Alice" <sip:alice@192.168.1.65:5071>;tag=754290064
To: "JSR289_TCK" <sip:JSR289_TCK@localhost:5060>
Via: SIP/2.0/UDP 192.168.1.65:5071;branch=z9hG4bK0ee959b688abbb8db1e5f1c434f4a96e
Max-Forwards: 5
Route: "JSR289_TCK" <sip:JSR289_TCK@localhost:5060;lr>,<sip:localhost:5060;transport=udp;lr>
Application-Name: com.bea.sipservlet.tck.apps.apitestapp
Servlet-Name: SipServletMessage
Method-Name: testSetContentLength101
Content-Length: 0

 ---
[2013-04-15 20:21:58,192] TestBase:595 DEBUG - the responseEvent=null?javax.sip.ResponseEvent[source=gov.nist.javax.sip.SipProviderImpl@55646e98]
SIPUNIT TRACE:  1366053718192  SS.waitRequest() - about to block, waiting
SIPUNIT TRACE:  1366053718194  SipStack: request received !
SIPUNIT TRACE:  1366053718194  SipStack: calling listener
SIPUNIT TRACE:  1366053718195  SipSession: request received !
SIPUNIT TRACE:  1366053718195       me ('To' check) = sip:alice@192.168.1.65
SIPUNIT TRACE:  1366053718195       my local contact info ('Request URI' check) = sip:alice@192.168.1.65:5071;transport=udp;lr
SIPUNIT TRACE:  1366053718195       MESSAGE sip:alice@192.168.1.65:5071 SIP/2.0
To: "Alice" <sip:alice@192.168.1.65:5071>;tag=754290064
From: <sip:JSR289_TCK@localhost:5060>;tag=xhia_!1bc.
Via: SIP/2.0/UDP 192.168.1.65:5060;branch=z9hG4bKdmazarj_6jf6qj3i-xnkhhci.w.dbi;maddr=192.168.1.65
Call-ID: cr2au0t+m1cstphg3gzw
Max-Forwards: 70
CSeq: 34989 MESSAGE
Content-Length: 0


SIPUNIT TRACE:  1366053718195  SipSession: notifying block object
SIPUNIT TRACE:  1366053718195  SS.waitRequest() - we've come out of the block
SIPUNIT TRACE:  1366053718195  SS.waitRequest() - either we got the request, or timed out
[2013-04-15 20:22:01,207] SipServletMessageTest:1008 INFO  - === testSetContentType001() ===
[2013-04-15 20:22:01,208] TestBase:351 DEBUG - === created message:MESSAGE sip:JSR289_TCK@localhost:5060 SIP/2.0
Call-ID: 1f7c0d8e3252b1500a577bc79143d4fe@192.168.1.65
CSeq: 1 MESSAGE
From: "Alice" <sip:alice@192.168.1.65:5071>;tag=998276679
To: "JSR289_TCK" <sip:JSR289_TCK@localhost:5060>
Via: SIP/2.0/UDP 192.168.1.65:5071;branch=somebranchvalue
Max-Forwards: 5
Content-Length: 0

 ===
[2013-04-15 20:22:01,212] TestBase:979 DEBUG - ---The Sip request is:MESSAGE sip:JSR289_TCK@localhost:5060 SIP/2.0
Call-ID: 1f7c0d8e3252b1500a577bc79143d4fe@192.168.1.65
CSeq: 1 MESSAGE
From: "Alice" <sip:alice@192.168.1.65:5071>;tag=998276679
To: "JSR289_TCK" <sip:JSR289_TCK@localhost:5060>
Via: SIP/2.0/UDP 192.168.1.65:5071;branch=z9hG4bK69a0b151c994be449b8c1ebc9210cff8
Max-Forwards: 5
Route: "JSR289_TCK" <sip:JSR289_TCK@localhost:5060;lr>,<sip:localhost:5060;transport=udp;lr>
Application-Name: com.bea.sipservlet.tck.apps.apitestapp
Servlet-Name: SipServletMessage
Method-Name: testSetContentType001
Content-Length: 0

 ---
[2013-04-15 20:22:04,225] SipServletMessageTest:1008 INFO  - === testSetExpires001() ===
[2013-04-15 20:22:04,225] TestBase:351 DEBUG - === created message:MESSAGE sip:JSR289_TCK@localhost:5060 SIP/2.0
Call-ID: 78ecf28e29d3063567e1e958d89f704a@192.168.1.65
CSeq: 1 MESSAGE
From: "Alice" <sip:alice@192.168.1.65:5071>;tag=22952014
To: "JSR289_TCK" <sip:JSR289_TCK@localhost:5060>
Via: SIP/2.0/UDP 192.168.1.65:5071;branch=somebranchvalue
Max-Forwards: 5
Content-Length: 0

 ===
[2013-04-15 20:22:04,230] TestBase:979 DEBUG - ---The Sip request is:MESSAGE sip:JSR289_TCK@localhost:5060 SIP/2.0
Call-ID: 78ecf28e29d3063567e1e958d89f704a@192.168.1.65
CSeq: 1 MESSAGE
From: "Alice" <sip:alice@192.168.1.65:5071>;tag=22952014
To: "JSR289_TCK" <sip:JSR289_TCK@localhost:5060>
Via: SIP/2.0/UDP 192.168.1.65:5071;branch=z9hG4bK43d31864b90c286f6ecdbf385180f505
Max-Forwards: 5
Route: "JSR289_TCK" <sip:JSR289_TCK@localhost:5060;lr>,<sip:localhost:5060;transport=udp;lr>
Application-Name: com.bea.sipservlet.tck.apps.apitestapp
Servlet-Name: SipServletMessage
Method-Name: testSetExpires001
Content-Length: 0

 ---
[2013-04-15 20:22:04,238] SipServletMessageTest:1296 DEBUG - === set listen request message:true===
SIPUNIT TRACE:  1366053724238  SS.waitRequest() - about to block, waiting
SIPUNIT TRACE:  1366053724242  SipStack: request received !
SIPUNIT TRACE:  1366053724242  SipStack: calling listener
SIPUNIT TRACE:  1366053724242  SipSession: request received !
SIPUNIT TRACE:  1366053724242       me ('To' check) = sip:alice@192.168.1.65
SIPUNIT TRACE:  1366053724242       my local contact info ('Request URI' check) = sip:alice@192.168.1.65:5071;transport=udp;lr
SIPUNIT TRACE:  1366053724242       MESSAGE sip:alice@192.168.1.65:5071 SIP/2.0
Expires: 3
To: "Alice" <sip:alice@192.168.1.65:5071>;tag=22952014
From: <sip:JSR289_TCK@localhost:5060>;tag=5cnw90j57d
Via: SIP/2.0/UDP 192.168.1.65:5060;branch=z9hG4bKrb8..j9vb9wt_i2480gkp8-td6x8-4;maddr=192.168.1.65
Call-ID: _8shk0gq5w4p+.hrv7je
Max-Forwards: 70
CSeq: 41035 MESSAGE
Content-Length: 0


SIPUNIT TRACE:  1366053724242  SipSession: notifying block object
SIPUNIT TRACE:  1366053724242  SS.waitRequest() - we've come out of the block
SIPUNIT TRACE:  1366053724242  SS.waitRequest() - either we got the request, or timed out
SIPUNIT TRACE:  1366053724243  Response before sending out through stack..........
SIPUNIT TRACE:  1366053724243  SIP/2.0 200 OK
To: "Alice" <sip:alice@192.168.1.65:5071>;tag=22952014
From: <sip:JSR289_TCK@localhost:5060>;tag=5cnw90j57d
Via: SIP/2.0/UDP 192.168.1.65:5060;branch=z9hG4bKrb8..j9vb9wt_i2480gkp8-td6x8-4;maddr=192.168.1.65
Call-ID: _8shk0gq5w4p+.hrv7je
CSeq: 41035 MESSAGE
Content-Length: 0


[2013-04-15 20:22:04,244] SipServletMessageTest:1306 INFO  - === sending out 200 response ===
[2013-04-15 20:22:04,244] SipServletMessageTest:1308 INFO  - === send response successfully ===
[2013-04-15 20:22:07,254] SipServletMessageTest:1008 INFO  - === testSetHeader001() ===
[2013-04-15 20:22:07,254] TestBase:351 DEBUG - === created message:MESSAGE sip:JSR289_TCK@localhost:5060 SIP/2.0
Call-ID: b0e808692b035320edab9236782f23d4@192.168.1.65
CSeq: 1 MESSAGE
From: "Alice" <sip:alice@192.168.1.65:5071>;tag=338268001
To: "JSR289_TCK" <sip:JSR289_TCK@localhost:5060>
Via: SIP/2.0/UDP 192.168.1.65:5071;branch=somebranchvalue
Max-Forwards: 5
Content-Length: 0

 ===
[2013-04-15 20:22:07,258] TestBase:979 DEBUG - ---The Sip request is:MESSAGE sip:JSR289_TCK@localhost:5060 SIP/2.0
Call-ID: b0e808692b035320edab9236782f23d4@192.168.1.65
CSeq: 1 MESSAGE
From: "Alice" <sip:alice@192.168.1.65:5071>;tag=338268001
To: "JSR289_TCK" <sip:JSR289_TCK@localhost:5060>
Via: SIP/2.0/UDP 192.168.1.65:5071;branch=z9hG4bK1df4242d3873fc3ec6df0fea575eb305
Max-Forwards: 5
Route: "JSR289_TCK" <sip:JSR289_TCK@localhost:5060;lr>,<sip:localhost:5060;transport=udp;lr>
Application-Name: com.bea.sipservlet.tck.apps.apitestapp
Servlet-Name: SipServletMessage
Method-Name: testSetHeader001
Content-Length: 0

 ---
[2013-04-15 20:22:07,264] SipServletMessageTest:1296 DEBUG - === set listen request message:true===
SIPUNIT TRACE:  1366053727265  SS.waitRequest() - about to block, waiting
SIPUNIT TRACE:  1366053727267  SipStack: request received !
SIPUNIT TRACE:  1366053727267  SipStack: calling listener
SIPUNIT TRACE:  1366053727267  SipSession: request received !
SIPUNIT TRACE:  1366053727267       me ('To' check) = sip:alice@192.168.1.65
SIPUNIT TRACE:  1366053727267       my local contact info ('Request URI' check) = sip:alice@192.168.1.65:5071;transport=udp;lr
SIPUNIT TRACE:  1366053727267       MESSAGE sip:alice@192.168.1.65:5071 SIP/2.0
Expires: 3
To: "Alice" <sip:alice@192.168.1.65:5071>;tag=338268001
From: <sip:JSR289_TCK@localhost:5060>;tag=6!uf2twxlz
Via: SIP/2.0/UDP 192.168.1.65:5060;branch=z9hG4bKj5xp23wb4dnzcl9w4optv+_m3e3jzr;maddr=192.168.1.65
Call-ID: atcfjdtfmqbkxrz6a_df
Max-Forwards: 70
CSeq: 44062 MESSAGE
Content-Length: 0


SIPUNIT TRACE:  1366053727267  SipSession: notifying block object
SIPUNIT TRACE:  1366053727267  SS.waitRequest() - we've come out of the block
SIPUNIT TRACE:  1366053727267  SS.waitRequest() - either we got the request, or timed out
SIPUNIT TRACE:  1366053727268  Response before sending out through stack..........
SIPUNIT TRACE:  1366053727268  SIP/2.0 200 OK
To: "Alice" <sip:alice@192.168.1.65:5071>;tag=338268001
From: <sip:JSR289_TCK@localhost:5060>;tag=6!uf2twxlz
Via: SIP/2.0/UDP 192.168.1.65:5060;branch=z9hG4bKj5xp23wb4dnzcl9w4optv+_m3e3jzr;maddr=192.168.1.65
Call-ID: atcfjdtfmqbkxrz6a_df
CSeq: 44062 MESSAGE
Content-Length: 0


[2013-04-15 20:22:07,269] SipServletMessageTest:1306 INFO  - === sending out 200 response ===
[2013-04-15 20:22:07,270] SipServletMessageTest:1308 INFO  - === send response successfully ===
[2013-04-15 20:22:10,280] SipServletMessageTest:1008 INFO  - === testSetHeader101() ===
[2013-04-15 20:22:10,280] TestBase:351 DEBUG - === created message:MESSAGE sip:JSR289_TCK@localhost:5060 SIP/2.0
Call-ID: 44acc31ad96b048490b839fd8a6d4afe@192.168.1.65
CSeq: 1 MESSAGE
From: "Alice" <sip:alice@192.168.1.65:5071>;tag=1727602283
To: "JSR289_TCK" <sip:JSR289_TCK@localhost:5060>
Via: SIP/2.0/UDP 192.168.1.65:5071;branch=somebranchvalue
Max-Forwards: 5
Content-Length: 0

 ===
[2013-04-15 20:22:10,284] TestBase:979 DEBUG - ---The Sip request is:MESSAGE sip:JSR289_TCK@localhost:5060 SIP/2.0
Call-ID: 44acc31ad96b048490b839fd8a6d4afe@192.168.1.65
CSeq: 1 MESSAGE
From: "Alice" <sip:alice@192.168.1.65:5071>;tag=1727602283
To: "JSR289_TCK" <sip:JSR289_TCK@localhost:5060>
Via: SIP/2.0/UDP 192.168.1.65:5071;branch=z9hG4bKcc82b1fab6ac69f4268963f3767313e8
Max-Forwards: 5
Route: "JSR289_TCK" <sip:JSR289_TCK@localhost:5060;lr>,<sip:localhost:5060;transport=udp;lr>
Application-Name: com.bea.sipservlet.tck.apps.apitestapp
Servlet-Name: SipServletMessage
Method-Name: testSetHeader101
Content-Length: 0

 ---
[2013-04-15 20:22:13,299] SipServletMessageTest:1008 INFO  - === testSetHeader102() ===
[2013-04-15 20:22:13,300] TestBase:351 DEBUG - === created message:MESSAGE sip:JSR289_TCK@localhost:5060 SIP/2.0
Call-ID: 351aa580ed26a44378af237d60a60249@192.168.1.65
CSeq: 1 MESSAGE
From: "Alice" <sip:alice@192.168.1.65:5071>;tag=1360402701
To: "JSR289_TCK" <sip:JSR289_TCK@localhost:5060>
Via: SIP/2.0/UDP 192.168.1.65:5071;branch=somebranchvalue
Max-Forwards: 5
Content-Length: 0

 ===
[2013-04-15 20:22:13,304] TestBase:979 DEBUG - ---The Sip request is:MESSAGE sip:JSR289_TCK@localhost:5060 SIP/2.0
Call-ID: 351aa580ed26a44378af237d60a60249@192.168.1.65
CSeq: 1 MESSAGE
From: "Alice" <sip:alice@192.168.1.65:5071>;tag=1360402701
To: "JSR289_TCK" <sip:JSR289_TCK@localhost:5060>
Via: SIP/2.0/UDP 192.168.1.65:5071;branch=z9hG4bK24ec5eeee0129634de134bcdb130fa5d
Max-Forwards: 5
Route: "JSR289_TCK" <sip:JSR289_TCK@localhost:5060;lr>,<sip:localhost:5060;transport=udp;lr>
Application-Name: com.bea.sipservlet.tck.apps.apitestapp
Servlet-Name: SipServletMessage
Method-Name: testSetHeader102
Content-Length: 0

 ---
[2013-04-15 20:22:16,320] SipServletMessageTest:1008 INFO  - === testSetHeader103() ===
[2013-04-15 20:22:16,321] TestBase:351 DEBUG - === created message:MESSAGE sip:JSR289_TCK@localhost:5060 SIP/2.0
Call-ID: 224ae90c2d919b5eb1067ff9af05599f@192.168.1.65
CSeq: 1 MESSAGE
From: "Alice" <sip:alice@192.168.1.65:5071>;tag=506015069
To: "JSR289_TCK" <sip:JSR289_TCK@localhost:5060>
Via: SIP/2.0/UDP 192.168.1.65:5071;branch=somebranchvalue
Max-Forwards: 5
Content-Length: 0

 ===
[2013-04-15 20:22:16,327] TestBase:979 DEBUG - ---The Sip request is:MESSAGE sip:JSR289_TCK@localhost:5060 SIP/2.0
Call-ID: 224ae90c2d919b5eb1067ff9af05599f@192.168.1.65
CSeq: 1 MESSAGE
From: "Alice" <sip:alice@192.168.1.65:5071>;tag=506015069
To: "JSR289_TCK" <sip:JSR289_TCK@localhost:5060>
Via: SIP/2.0/UDP 192.168.1.65:5071;branch=z9hG4bK3b11e99efcdc327eca3e9eafc9e54737
Max-Forwards: 5
Route: "JSR289_TCK" <sip:JSR289_TCK@localhost:5060;lr>,<sip:localhost:5060;transport=udp;lr>
Application-Name: com.bea.sipservlet.tck.apps.apitestapp
Servlet-Name: SipServletMessage
Method-Name: testSetHeader103
Content-Length: 0

 ---
[2013-04-15 20:22:19,345] SipServletMessageTest:1008 INFO  - === testSetParameterableHeader001() ===
[2013-04-15 20:22:19,346] TestBase:351 DEBUG - === created message:MESSAGE sip:JSR289_TCK@localhost:5060 SIP/2.0
Call-ID: 6565f051c92c6ec028e3c1a9fcd38b5f@192.168.1.65
CSeq: 1 MESSAGE
From: "Alice" <sip:alice@192.168.1.65:5071>;tag=1166982563
To: "JSR289_TCK" <sip:JSR289_TCK@localhost:5060>
Via: SIP/2.0/UDP 192.168.1.65:5071;branch=somebranchvalue
Max-Forwards: 5
Content-Length: 0

 ===
[2013-04-15 20:22:19,349] TestBase:979 DEBUG - ---The Sip request is:MESSAGE sip:JSR289_TCK@localhost:5060 SIP/2.0
Call-ID: 6565f051c92c6ec028e3c1a9fcd38b5f@192.168.1.65
CSeq: 1 MESSAGE
From: "Alice" <sip:alice@192.168.1.65:5071>;tag=1166982563
To: "JSR289_TCK" <sip:JSR289_TCK@localhost:5060>
Via: SIP/2.0/UDP 192.168.1.65:5071;branch=z9hG4bKadf65fb61aea61cbd7f3f41cf56e7fca
Max-Forwards: 5
Route: "JSR289_TCK" <sip:JSR289_TCK@localhost:5060;lr>,<sip:localhost:5060;transport=udp;lr>
Application-Name: com.bea.sipservlet.tck.apps.apitestapp
Servlet-Name: SipServletMessage
Method-Name: testSetParameterableHeader001
Content-Length: 0

 ---
[2013-04-15 20:22:22,364] SipServletMessageTest:1008 INFO  - === testSetParameterableHeader101() ===
[2013-04-15 20:22:22,365] TestBase:351 DEBUG - === created message:MESSAGE sip:JSR289_TCK@localhost:5060 SIP/2.0
Call-ID: d4cbcdbf9ca5efe6b8be62596bb5373f@192.168.1.65
CSeq: 1 MESSAGE
From: "Alice" <sip:alice@192.168.1.65:5071>;tag=267844635
To: "JSR289_TCK" <sip:JSR289_TCK@localhost:5060>
Via: SIP/2.0/UDP 192.168.1.65:5071;branch=somebranchvalue
Max-Forwards: 5
Content-Length: 0

 ===
[2013-04-15 20:22:22,368] TestBase:979 DEBUG - ---The Sip request is:MESSAGE sip:JSR289_TCK@localhost:5060 SIP/2.0
Call-ID: d4cbcdbf9ca5efe6b8be62596bb5373f@192.168.1.65
CSeq: 1 MESSAGE
From: "Alice" <sip:alice@192.168.1.65:5071>;tag=267844635
To: "JSR289_TCK" <sip:JSR289_TCK@localhost:5060>
Via: SIP/2.0/UDP 192.168.1.65:5071;branch=z9hG4bK36377b8085ea0320f654885226ca7361
Max-Forwards: 5
Route: "JSR289_TCK" <sip:JSR289_TCK@localhost:5060;lr>,<sip:localhost:5060;transport=udp;lr>
Application-Name: com.bea.sipservlet.tck.apps.apitestapp
Servlet-Name: SipServletMessage
Method-Name: testSetParameterableHeader101
Content-Length: 0

 ---
[2013-04-15 20:22:25,385] SipServletMessageTest:1008 INFO  - === testGetInitialRemoteAddr001() ===
[2013-04-15 20:22:25,385] TestBase:351 DEBUG - === created message:MESSAGE sip:JSR289_TCK@localhost:5060 SIP/2.0
Call-ID: 71c9fd57c4edecc1ee51b1fbc1357025@192.168.1.65
CSeq: 1 MESSAGE
From: "Alice" <sip:alice@192.168.1.65:5071>;tag=686374594
To: "JSR289_TCK" <sip:JSR289_TCK@localhost:5060>
Via: SIP/2.0/UDP 192.168.1.65:5071;branch=somebranchvalue
Max-Forwards: 5
Content-Length: 0

 ===
[2013-04-15 20:22:25,389] TestBase:979 DEBUG - ---The Sip request is:MESSAGE sip:JSR289_TCK@localhost:5060 SIP/2.0
Call-ID: 71c9fd57c4edecc1ee51b1fbc1357025@192.168.1.65
CSeq: 1 MESSAGE
From: "Alice" <sip:alice@192.168.1.65:5071>;tag=686374594
To: "JSR289_TCK" <sip:JSR289_TCK@localhost:5060>
Via: SIP/2.0/UDP 192.168.1.65:5071;branch=z9hG4bK7c45df705a08e44f2beefcdc9907905c
Max-Forwards: 5
Route: "JSR289_TCK" <sip:JSR289_TCK@localhost:5060;lr>,<sip:localhost:5060;transport=udp;lr>
Application-Name: com.bea.sipservlet.tck.apps.apitestapp
Servlet-Name: SipServletMessage
Method-Name: testGetInitialRemoteAddr001
Content-Length: 0

 ---
[2013-04-15 20:22:25,395] SipServletMessageTest:1250 INFO  - === remote address got by the UAS:192.168.1.65===
[2013-04-15 20:22:28,401] SipServletMessageTest:1008 INFO  - === testGetInitialRemotePort001() ===
[2013-04-15 20:22:28,402] TestBase:351 DEBUG - === created message:MESSAGE sip:JSR289_TCK@localhost:5060 SIP/2.0
Call-ID: 412af393a28f2ff08cb848f4efcc6a99@192.168.1.65
CSeq: 1 MESSAGE
From: "Alice" <sip:alice@192.168.1.65:5071>;tag=1159475195
To: "JSR289_TCK" <sip:JSR289_TCK@localhost:5060>
Via: SIP/2.0/UDP 192.168.1.65:5071;branch=somebranchvalue
Max-Forwards: 5
Content-Length: 0

 ===
[2013-04-15 20:22:28,405] TestBase:979 DEBUG - ---The Sip request is:MESSAGE sip:JSR289_TCK@localhost:5060 SIP/2.0
Call-ID: 412af393a28f2ff08cb848f4efcc6a99@192.168.1.65
CSeq: 1 MESSAGE
From: "Alice" <sip:alice@192.168.1.65:5071>;tag=1159475195
To: "JSR289_TCK" <sip:JSR289_TCK@localhost:5060>
Via: SIP/2.0/UDP 192.168.1.65:5071;branch=z9hG4bK805fb09b38d89eee40add3d28e01b575
Max-Forwards: 5
Route: "JSR289_TCK" <sip:JSR289_TCK@localhost:5060;lr>,<sip:localhost:5060;transport=udp;lr>
Application-Name: com.bea.sipservlet.tck.apps.apitestapp
Servlet-Name: SipServletMessage
Method-Name: testGetInitialRemotePort001
Content-Length: 0

 ---
[2013-04-15 20:22:28,411] SipServletMessageTest:1270 INFO  - === remote port got by the UAS:5071===
[2013-04-15 20:22:31,420] SipServletMessageTest:1008 INFO  - === testGetInitialTransport001() ===
[2013-04-15 20:22:31,421] TestBase:351 DEBUG - === created message:MESSAGE sip:JSR289_TCK@localhost:5060 SIP/2.0
Call-ID: bc087610750ad7a9fa68cb28f2226aaf@192.168.1.65
CSeq: 1 MESSAGE
From: "Alice" <sip:alice@192.168.1.65:5071>;tag=1957364302
To: "JSR289_TCK" <sip:JSR289_TCK@localhost:5060>
Via: SIP/2.0/UDP 192.168.1.65:5071;branch=somebranchvalue
Max-Forwards: 5
Content-Length: 0

 ===
[2013-04-15 20:22:31,425] TestBase:979 DEBUG - ---The Sip request is:MESSAGE sip:JSR289_TCK@localhost:5060 SIP/2.0
Call-ID: bc087610750ad7a9fa68cb28f2226aaf@192.168.1.65
CSeq: 1 MESSAGE
From: "Alice" <sip:alice@192.168.1.65:5071>;tag=1957364302
To: "JSR289_TCK" <sip:JSR289_TCK@localhost:5060>
Via: SIP/2.0/UDP 192.168.1.65:5071;branch=z9hG4bK4fac3e0d3799222e9beedd142f0b4e0f
Max-Forwards: 5
Route: "JSR289_TCK" <sip:JSR289_TCK@localhost:5060;lr>,<sip:localhost:5060;transport=udp;lr>
Application-Name: com.bea.sipservlet.tck.apps.apitestapp
Servlet-Name: SipServletMessage
Method-Name: testGetInitialTransport001
My-Header: udp
Content-Length: 0

 ---
]]></system-out>
  <system-err><![CDATA[]]></system-err>
</testsuite>
