<?xml version="1.0" encoding="UTF-8" ?>
<testsuite errors="0" failures="12" name="com.bea.sipservlet.tck.agents.api.javax_servlet_sip.ProxyTest" tests="30" time="153.102">
  <properties>
    <property name="java.vendor" value="Oracle Corporation" />
    <property name="env.SIPUNIT_LIB" value="/Users/andrew/Documents/reference/sip/sipservlet-1_1-tck/tck/../sipunit/lib" />
    <property name="env.SIGNATURE_FILE_NAME" value="/Users/andrew/Documents/reference/sip/sipservlet-1_1-tck/tck/bin/jsr289_api.sig" />
    <property name="sun.java.launcher" value="SUN_STANDARD" />
    <property name="env.TCK_LIB" value="/Users/andrew/Documents/reference/sip/sipservlet-1_1-tck/tck/../tck/lib" />
    <property name="sun.management.compiler" value="HotSpot 64-Bit Tiered Compilers" />
    <property name="spec.report" value="/Users/andrew/Documents/reference/sip/sipservlet-1_1-tck/tck/report/spec_report" />
    <property name="lib" value="/Users/andrew/Documents/reference/sip/sipservlet-1_1-tck/tck/lib" />
    <property name="env.TCK_DIRECTORY" value="/Users/andrew/Documents/reference/sip/sipservlet-1_1-tck/tck" />
    <property name="os.name" value="Mac OS X" />
    <property name="sun.boot.class.path" value="/Library/Java/JavaVirtualMachines/jdk1.7.0_10.jdk/Contents/Home/jre/lib/resources.jar:/Library/Java/JavaVirtualMachines/jdk1.7.0_10.jdk/Contents/Home/jre/lib/rt.jar:/Library/Java/JavaVirtualMachines/jdk1.7.0_10.jdk/Contents/Home/jre/lib/sunrsasign.jar:/Library/Java/JavaVirtualMachines/jdk1.7.0_10.jdk/Contents/Home/jre/lib/jsse.jar:/Library/Java/JavaVirtualMachines/jdk1.7.0_10.jdk/Contents/Home/jre/lib/jce.jar:/Library/Java/JavaVirtualMachines/jdk1.7.0_10.jdk/Contents/Home/jre/lib/charsets.jar:/Library/Java/JavaVirtualMachines/jdk1.7.0_10.jdk/Contents/Home/jre/lib/jfr.jar:/Library/Java/JavaVirtualMachines/jdk1.7.0_10.jdk/Contents/Home/jre/lib/JObjC.jar:/Library/Java/JavaVirtualMachines/jdk1.7.0_10.jdk/Contents/Home/jre/classes" />
    <property name="env.TMPDIR" value="/var/folders/qt/j9kz_nw12bqfytwz9kfyjvq00000gn/T/" />
    <property name="env.Apple_Ubiquity_Message" value="/tmp/launch-s2GBEw/Apple_Ubiquity_Message" />
    <property name="env.SIPUNIT_DIRECTORY" value="/Users/andrew/Documents/reference/sip/sipservlet-1_1-tck/sipunit" />
    <property name="env.PWD" value="/Users/andrew/Documents/reference/sip/sipservlet-1_1-tck/tck" />
    <property name="user.country.format" value="GB" />
    <property name="report" value="/Users/andrew/Documents/reference/sip/sipservlet-1_1-tck/tck/report" />
    <property name="env.LANG" value="en_GB.UTF-8" />
    <property name="signature.report" value="/Users/andrew/Documents/reference/sip/sipservlet-1_1-tck/tck/report/sig_report" />
    <property name="java.vm.specification.vendor" value="Oracle Corporation" />
    <property name="ant.home" value="/usr/share/ant" />
    <property name="java.runtime.version" value="1.7.0_10-ea-b09" />
    <property name="env.TCK_HOME" value="/Users/andrew/Documents/reference/sip/sipservlet-1_1-tck/tck/../tck" />
    <property name="env.Apple_PubSub_Socket_Render" value="/tmp/launch-w5MTVj/Render" />
    <property name="approuter.src" value="com/bea/sipservlet/tck/ar" />
    <property name="user.name" value="andrew" />
    <property name="env.USER" value="andrew" />
    <property name="env.SHELL" value="/bin/bash" />
    <property name="env.__CF_USER_TEXT_ENCODING" value="0x1F5:0:0" />
    <property name="env.XMLLINT_INDENT" value="    " />
    <property name="env.PATH" value="/Library/Java/JavaVirtualMachines/jdk1.7.0_10.jdk/Contents/Home/jre/bin:/usr/share/ant/bin:/usr/bin:/bin:/usr/sbin:/sbin:/usr/local/bin" />
    <property name="user.language" value="en" />
    <property name="build" value="/Users/andrew/Documents/reference/sip/sipservlet-1_1-tck/tck/build" />
    <property name="sun.boot.library.path" value="/Library/Java/JavaVirtualMachines/jdk1.7.0_10.jdk/Contents/Home/jre/lib" />
    <property name="ant.project.default-target" value="usage" />
    <property name="ant.project.name" value="SIP Servlet 1.1 API Technology Compatibility Kit (TCK)" />
    <property name="env.REPORT_HOME" value="/Users/andrew/Documents/reference/sip/sipservlet-1_1-tck/tck/../tck/report" />
    <property name="java.version" value="1.7.0_10-ea" />
    <property name="classes" value="/Users/andrew/Documents/reference/sip/sipservlet-1_1-tck/tck/build/classes" />
    <property name="user.timezone" value="" />
    <property name="apiapp.dir" value="/Users/andrew/Documents/reference/sip/sipservlet-1_1-tck/tck/applications/apitestapp" />
    <property name="tck.zip" value="../sipservlet-1_1-tck.zip" />
    <property name="sun.arch.data.model" value="64" />
    <property name="log4j" value="/Users/andrew/Documents/reference/sip/sipservlet-1_1-tck/tck/conf/log4j.properties" />
    <property name="http.nonProxyHosts" value="local|*.local|169.254/16|*.169.254/16" />
    <property name="java.endorsed.dirs" value="/Library/Java/JavaVirtualMachines/jdk1.7.0_10.jdk/Contents/Home/jre/lib/endorsed" />
    <property name="signaturefile" value="jsr289_api.sig" />
    <property name="sun.cpu.isalist" value="" />
    <property name="sun.jnu.encoding" value="UTF-8" />
    <property name="file.encoding.pkg" value="sun.io" />
    <property name="env.SHLVL" value="2" />
    <property name="file.separator" value="/" />
    <property name="java.specification.name" value="Java Platform API Specification" />
    <property name="java.class.version" value="51.0" />
    <property name="src" value="/Users/andrew/Documents/reference/sip/sipservlet-1_1-tck/tck/src" />
    <property name="sipunit.dir" value="../sipunit" />
    <property name="ar.build" value="/Users/andrew/Documents/reference/sip/sipservlet-1_1-tck/tck/build/ar-build" />
    <property name="user.country" value="US" />
    <property name="java.home" value="/Library/Java/JavaVirtualMachines/jdk1.7.0_10.jdk/Contents/Home/jre" />
    <property name="dist.dir" value="/Users/andrew/Documents/reference/sip/sipservlet-1_1-tck/tck/dist" />
    <property name="java.vm.info" value="mixed mode" />
    <property name="env.LOGNAME" value="andrew" />
    <property name="ant.file" value="/Users/andrew/Documents/reference/sip/sipservlet-1_1-tck/tck/build.xml" />
    <property name="os.version" value="10.8.3" />
    <property name="env.TERM_PROGRAM_VERSION" value="309" />
    <property name="path.separator" value=":" />
    <property name="java.vm.version" value="23.6-b03" />
    <property name="ant.library.dir" value="/usr/share/ant/lib" />
    <property name="env.SIPUNIT_HOME" value="/Users/andrew/Documents/reference/sip/sipservlet-1_1-tck/tck/../sipunit" />
    <property name="env.JAVA_HOME" value="/Library/Java/JavaVirtualMachines/jdk1.7.0_10.jdk/Contents/Home" />
    <property name="env.SIGCONFIG" value="/Users/andrew/Documents/reference/sip/sipservlet-1_1-tck/tck/conf/signature.properties" />
    <property name="env.TERM" value="xterm-256color" />
    <property name="java.awt.printerjob" value="sun.lwawt.macosx.CPrinterJob" />
    <property name="env.SIGTEST_LIB" value="/Users/andrew/Documents/reference/sip/sipservlet-1_1-tck/tck/../tck/lib/sigtest.jar" />
    <property name="sun.io.unicode.encoding" value="UnicodeBig" />
    <property name="ant.file.SIP Servlet 1.1 API Technology Compatibility Kit (TCK)" value="/Users/andrew/Documents/reference/sip/sipservlet-1_1-tck/tck/build.xml" />
    <property name="awt.toolkit" value="sun.lwawt.macosx.LWCToolkit" />
    <property name="socksNonProxyHosts" value="local|*.local|169.254/16|*.169.254/16" />
    <property name="ftp.nonProxyHosts" value="local|*.local|169.254/16|*.169.254/16" />
    <property name="env.APIJAR" value="/Users/andrew/Documents/reference/sip/sipservlet-1_1-tck/tck/../tck/lib/servlet-2_5-api.jar:/Users/andrew/Documents/reference/sip/sipservlet-1_1-tck/tck/../tck/lib/sipservlet-1_1-api.jar" />
    <property name="user.home" value="/Users/andrew" />
    <property name="env.CLASSPATH" value="/Library/Java/JavaVirtualMachines/jdk1.7.0_10.jdk/Contents/Home/lib/tools.jar:/Users/andrew/Documents/reference/sip/sipservlet-1_1-tck/tck/../tck/lib/tck-junit.jar:/Users/andrew/Documents/reference/sip/sipservlet-1_1-tck/tck/../sipunit/lib/junit.jar:/Users/andrew/Documents/reference/sip/sipservlet-1_1-tck/tck/../tck/lib/sigtest.jar:/Users/andrew/Documents/reference/sip/sipservlet-1_1-tck/tck/../tck/conf" />
    <property name="java.specification.vendor" value="Oracle Corporation" />
    <property name="env.TERM_PROGRAM" value="Apple_Terminal" />
    <property name="env.TCKJUNIT_LIB" value="/Users/andrew/Documents/reference/sip/sipservlet-1_1-tck/tck/../tck/lib/tck-junit.jar" />
    <property name="java.library.path" value="/Users/andrew/Library/Java/Extensions:/Library/Java/Extensions:/Network/Library/Java/Extensions:/System/Library/Java/Extensions:/usr/lib/java:." />
    <property name="java.vendor.url" value="http://java.oracle.com/" />
    <property name="gopherProxySet" value="false" />
    <property name="java.vm.vendor" value="Oracle Corporation" />
    <property name="java.runtime.name" value="Java(TM) SE Runtime Environment" />
    <property name="java.class.path" value="/Users/andrew/Documents/reference/sip/sipservlet-1_1-tck/tck/lib/ant-contrib-1.0b3.jar:/Users/andrew/Documents/reference/sip/sipservlet-1_1-tck/tck/lib/javax.annotation_1.0.jar:/Users/andrew/Documents/reference/sip/sipservlet-1_1-tck/tck/lib/servlet-2_5-api.jar:/Users/andrew/Documents/reference/sip/sipservlet-1_1-tck/tck/lib/sigtest.jar:/Users/andrew/Documents/reference/sip/sipservlet-1_1-tck/tck/lib/sipservlet-1_1-api.jar:/Users/andrew/Documents/reference/sip/sipservlet-1_1-tck/tck/lib/sipunit.jar:/Users/andrew/Documents/reference/sip/sipservlet-1_1-tck/tck/lib/tck-junit.jar:/Users/andrew/Documents/reference/sip/sipservlet-1_1-tck/sipunit/lib/JainSipApi1.2.jar:/Users/andrew/Documents/reference/sip/sipservlet-1_1-tck/sipunit/lib/JainSipRi1.2.jar:/Users/andrew/Documents/reference/sip/sipservlet-1_1-tck/sipunit/lib/concurrent.jar:/Users/andrew/Documents/reference/sip/sipservlet-1_1-tck/sipunit/lib/dom.jar:/Users/andrew/Documents/reference/sip/sipservlet-1_1-tck/sipunit/lib/jax-qname.jar:/Users/andrew/Documents/reference/sip/sipservlet-1_1-tck/sipunit/lib/jaxb-api.jar:/Users/andrew/Documents/reference/sip/sipservlet-1_1-tck/sipunit/lib/jaxb-impl.jar:/Users/andrew/Documents/reference/sip/sipservlet-1_1-tck/sipunit/lib/jaxb-libs.jar:/Users/andrew/Documents/reference/sip/sipservlet-1_1-tck/sipunit/lib/junit.jar:/Users/andrew/Documents/reference/sip/sipservlet-1_1-tck/sipunit/lib/log4j-1.2.8.jar:/Users/andrew/Documents/reference/sip/sipservlet-1_1-tck/sipunit/lib/namespace.jar:/Users/andrew/Documents/reference/sip/sipservlet-1_1-tck/sipunit/lib/nist-sdp-1.0.jar:/Users/andrew/Documents/reference/sip/sipservlet-1_1-tck/sipunit/lib/relaxngDatatype.jar:/Users/andrew/Documents/reference/sip/sipservlet-1_1-tck/sipunit/lib/tracesviewer.jar:/Users/andrew/Documents/reference/sip/sipservlet-1_1-tck/sipunit/lib/xalan.jar:/Users/andrew/Documents/reference/sip/sipservlet-1_1-tck/sipunit/lib/xercesImpl.jar:/Users/andrew/Documents/reference/sip/sipservlet-1_1-tck/sipunit/lib/xsdlib.jar:/Users/andrew/Documents/reference/sip/sipservlet-1_1-tck/tck/build/classes:/Library/Java/JavaVirtualMachines/jdk1.7.0_10.jdk/Contents/Home/lib/tools.jar:/Users/andrew/Documents/reference/sip/sipservlet-1_1-tck/tck/conf:/usr/share/java/ant-1.8.2/lib/ant-launcher.jar:/usr/share/ant/lib/ant.jar:/usr/share/ant/lib/ant-junit.jar" />
    <property name="sun.java.command" value="com.bea.wcp.ant.ext.junit.TckJUnitTestRunner com.bea.sipservlet.tck.agents.api.javax_servlet_sip.ProxyTest filtertrace=true haltOnError=false haltOnFailure=false formatter=org.apache.tools.ant.taskdefs.optional.junit.SummaryJUnitResultFormatter showoutput=false formatter=com.bea.wcp.ant.ext.junit.TckXMLFormatter,/Users/andrew/Documents/reference/sip/sipservlet-1_1-tck/tck/report/api_report/TEST-com.bea.sipservlet.tck.agents.api.javax_servlet_sip.ProxyTest.xml propsfile=/Users/andrew/Documents/reference/sip/sipservlet-1_1-tck/tck/junit707180123.properties" />
    <property name="ant.version" value="Apache Ant(TM) version 1.8.2 compiled on June 20 2012" />
    <property name="env.TERM_SESSION_ID" value="992028FA-2937-460F-90A8-E989AB5B64C8" />
    <property name="env.JSR289TCK_HOME" value="/Users/andrew/Documents/reference/sip/sipservlet-1_1-tck/tck/.." />
    <property name="env.JBOSS_HOME" value="/opt/jboss-eap-6.1" />
    <property name="signature.property" value="/Users/andrew/Documents/reference/sip/sipservlet-1_1-tck/tck/conf/signature.properties" />
    <property name="jsr289.dir" value=".." />
    <property name="api.report" value="/Users/andrew/Documents/reference/sip/sipservlet-1_1-tck/tck/report/api_report" />
    <property name="java.vm.specification.name" value="Java Virtual Machine Specification" />
    <property name="env.JAVA_MAIN_CLASS_54325" value="org.apache.tools.ant.launch.Launcher" />
    <property name="ant.file.type" value="file" />
    <property name="java.vm.specification.version" value="1.7" />
    <property name="conf" value="/Users/andrew/Documents/reference/sip/sipservlet-1_1-tck/tck/conf" />
    <property name="sun.cpu.endian" value="little" />
    <property name="sun.os.patch.level" value="unknown" />
    <property name="env.HOME" value="/Users/andrew" />
    <property name="env.ANT_HOME" value="/usr/share/ant" />
    <property name="java.io.tmpdir" value="/var/folders/qt/j9kz_nw12bqfytwz9kfyjvq00000gn/T/" />
    <property name="java.vendor.url.bug" value="http://bugreport.sun.com/bugreport/" />
    <property name="env.SSH_AUTH_SOCK" value="/tmp/launch-JxY2DM/Listeners" />
    <property name="env.MAVEN_OPTS" value="-Xmx512M -XX:MaxPermSize=512M" />
    <property name="signature.report.filename" value="jsr289SignatureReport.txt" />
    <property name="env.COMMAND_MODE" value="unix2003" />
    <property name="applications.src.dir" value="/Users/andrew/Documents/reference/sip/sipservlet-1_1-tck/tck/applications/spectestapps/ar-continue,/Users/andrew/Documents/reference/sip/sipservlet-1_1-tck/tck/applications/spectestapps/ar-internalroutemodifier,/Users/andrew/Documents/reference/sip/sipservlet-1_1-tck/tck/applications/spectestapps/ar-reverse,/Users/andrew/Documents/reference/sip/sipservlet-1_1-tck/tck/applications/spectestapps/ar-suburiregion,/Users/andrew/Documents/reference/sip/sipservlet-1_1-tck/tck/applications/spectestapps/ar-success,/Users/andrew/Documents/reference/sip/sipservlet-1_1-tck/tck/applications/spectestapps/uas,/Users/andrew/Documents/reference/sip/sipservlet-1_1-tck/tck/applications/spectestapps/uac,/Users/andrew/Documents/reference/sip/sipservlet-1_1-tck/tck/applications/spectestapps/b2bua,/Users/andrew/Documents/reference/sip/sipservlet-1_1-tck/tck/applications/spectestapps/proxy" />
    <property name="os.arch" value="x86_64" />
    <property name="java.awt.graphicsenv" value="sun.awt.CGraphicsEnvironment" />
    <property name="java.ext.dirs" value="/Users/andrew/Library/Java/Extensions:/Library/Java/JavaVirtualMachines/jdk1.7.0_10.jdk/Contents/Home/jre/lib/ext:/Library/Java/Extensions:/Network/Library/Java/Extensions:/System/Library/Java/Extensions:/usr/lib/java" />
    <property name="ar.appname" value="/Users/andrew/Documents/reference/sip/sipservlet-1_1-tck/tck/dist/tck-approuter.jar" />
    <property name="user.dir" value="/Users/andrew/Documents/reference/sip/sipservlet-1_1-tck/tck" />
    <property name="applications.dir" value="/Users/andrew/Documents/reference/sip/sipservlet-1_1-tck/tck/applications" />
    <property name="line.separator" value="&#xa;" />
    <property name="java.vm.name" value="Java HotSpot(TM) 64-Bit Server VM" />
    <property name="ant.file.type.SIP Servlet 1.1 API Technology Compatibility Kit (TCK)" value="file" />
    <property name="env.RJAR_HOME" value="/Users/andrew/Dev/rjar/" />
    <property name="basedir" value="/Users/andrew/Documents/reference/sip/sipservlet-1_1-tck/tck" />
    <property name="ant.java.version" value="1.7" />
    <property name="ant.core.lib" value="/usr/share/ant/lib/ant.jar" />
    <property name="env.SIGNATURE_REPORT_NAME" value="jsr289SignatureReport.txt" />
    <property name="file.encoding" value="UTF-8" />
    <property name="env.SIGREPORT_HOME" value="/Users/andrew/Documents/reference/sip/sipservlet-1_1-tck/tck/../tck/report/sig_report" />
    <property name="env.JUNIT_LIB" value="/Users/andrew/Documents/reference/sip/sipservlet-1_1-tck/tck/../sipunit/lib/junit.jar" />
    <property name="java.specification.version" value="1.7" />
    <property name="env.REFERENCE_JAR" value="/Users/andrew/Documents/reference/sip/sipservlet-1_1-tck/tck/lib/sigtest.jar" />
    <property name="ant.project.invoked-targets" value="run-api-tests" />
    <property name="tck.earname" value="/Users/andrew/Documents/reference/sip/sipservlet-1_1-tck/tck/dist/tck-apps.ear" />
  </properties>
  <testcase assertions="[SipServlet:JAVADOC:Proxy8] - User agents can test getPathURI in proxy,test throw IllegalStateException" classname="com.bea.sipservlet.tck.agents.api.javax_servlet_sip.ProxyTest" name="testGetPathURI101" time="3.623" />
  <testcase assertions="[SipServlet:JAVADOC:Proxy12] - User agents can create proxy and get RecordRoute URI,test throw IllegalStateException" classname="com.bea.sipservlet.tck.agents.api.javax_servlet_sip.ProxyTest" name="testGetRecordRouteURI101" time="3.182" />
  <testcase assertions="[SipServlet:JAVADOC:Proxy19] - User agents can proxy a SIP request to the specified destination.test throw NullPointerException" classname="com.bea.sipservlet.tck.agents.api.javax_servlet_sip.ProxyTest" name="testProxyTo101" time="3.184" />
  <testcase assertions="[SipServlet:JAVADOC:Proxy19] - User agents can proxy a SIP request to the specified destination.test throw IllegalStateException" classname="com.bea.sipservlet.tck.agents.api.javax_servlet_sip.ProxyTest" name="testProxyTo102" time="3.17">
    <failure type="junit.framework.AssertionFailedError">junit.framework.AssertionFailedError
	at com.bea.sipservlet.tck.agents.api.javax_servlet_sip.ProxyTest.assertSipInviteProxyOK(ProxyTest.java:733)
	at com.bea.sipservlet.tck.agents.api.javax_servlet_sip.ProxyTest.testProxyTo102(ProxyTest.java:177)
	at com.bea.wcp.ant.ext.junit.TestHandler.runTest(TestHandler.java:73)
	at com.bea.wcp.ant.ext.junit.TestHandler.run(TestHandler.java:58)
	at com.bea.wcp.ant.ext.junit.TestHandler.invoke(TestHandler.java:34)
	at $Proxy0.run(Unknown Source)
	at com.bea.wcp.ant.ext.junit.TestProxy.run(TestProxy.java:24)
	at com.bea.wcp.ant.ext.junit.TckJUnitTestRunner.run(TckJUnitTestRunner.java:272)
	at com.bea.wcp.ant.ext.junit.TckJUnitTestRunner.launch(TckJUnitTestRunner.java:647)
	at com.bea.wcp.ant.ext.junit.TckJUnitTestRunner.main(TckJUnitTestRunner.java:542)
</failure>
  </testcase>
  <testcase assertions="[SipServlet:JAVADOC:Proxy19] - User agents can proxy a SIP request to the specified destination.test throw IllegalArgumentException" classname="com.bea.sipservlet.tck.agents.api.javax_servlet_sip.ProxyTest" name="testProxyTo103" time="3.169" />
  <testcase assertions="[SipServlet:JAVADOC:Proxy18] - User agents can proxy a SIP request to the specified set of destinations.test throw NullPointerException" classname="com.bea.sipservlet.tck.agents.api.javax_servlet_sip.ProxyTest" name="testProxyTo104" time="3.186" />
  <testcase assertions="[SipServlet:JAVADOC:Proxy18] - User agents can proxy a SIP request to the specified set of destinations.test throw IllegalStateException" classname="com.bea.sipservlet.tck.agents.api.javax_servlet_sip.ProxyTest" name="testProxyTo105" time="3.155">
    <failure type="junit.framework.AssertionFailedError">junit.framework.AssertionFailedError
	at com.bea.sipservlet.tck.agents.api.javax_servlet_sip.ProxyTest.assertSipInviteProxyOK(ProxyTest.java:733)
	at com.bea.sipservlet.tck.agents.api.javax_servlet_sip.ProxyTest.testProxyTo105(ProxyTest.java:201)
	at com.bea.wcp.ant.ext.junit.TestHandler.runTest(TestHandler.java:73)
	at com.bea.wcp.ant.ext.junit.TestHandler.run(TestHandler.java:58)
	at com.bea.wcp.ant.ext.junit.TestHandler.invoke(TestHandler.java:34)
	at $Proxy0.run(Unknown Source)
	at com.bea.wcp.ant.ext.junit.TestProxy.run(TestProxy.java:24)
	at com.bea.wcp.ant.ext.junit.TckJUnitTestRunner.run(TckJUnitTestRunner.java:272)
	at com.bea.wcp.ant.ext.junit.TckJUnitTestRunner.launch(TckJUnitTestRunner.java:647)
	at com.bea.wcp.ant.ext.junit.TckJUnitTestRunner.main(TckJUnitTestRunner.java:542)
</failure>
  </testcase>
  <testcase assertions="[SipServlet:JAVADOC:Proxy18] - User agents can proxy a SIP request to the specified set of destinations.test throw IllegalArgumentException" classname="com.bea.sipservlet.tck.agents.api.javax_servlet_sip.ProxyTest" name="testProxyTo106" time="3.159" />
  <testcase assertions="[SipServlet:JAVADOC:Proxy22] - If multihoming is supported, user agents can select the outbound interface to use when sending requests for proxy branches. test throw NullPointerException in set InetAddress" classname="com.bea.sipservlet.tck.agents.api.javax_servlet_sip.ProxyTest" name="testSetOutboundInterface101" time="3.019" />
  <testcase assertions="[SipServlet:JAVADOC:Proxy23] - If multihoming is supported, user agents can select the outbound interface to use when sending requests for proxy branches.test throw NullPointerException in set InetSocketAddress" classname="com.bea.sipservlet.tck.agents.api.javax_servlet_sip.ProxyTest" name="testSetOutboundInterface102" time="3.047" />
  <testcase assertions="[SipServlet:JAVADOC:Proxy1] - User agents can cancel this proxy transaction and any of its child branches if recursion was enabled." classname="com.bea.sipservlet.tck.agents.api.javax_servlet_sip.ProxyTest" name="testCancel001" time="13.032">
    <failure type="junit.framework.AssertionFailedError">junit.framework.AssertionFailedError
	at com.bea.sipservlet.tck.agents.TestBase.assertSipInviteProxyCancel(TestBase.java:1086)
	at com.bea.sipservlet.tck.agents.api.javax_servlet_sip.ProxyTest.testCancel001(ProxyTest.java:74)
	at com.bea.wcp.ant.ext.junit.TestHandler.runTest(TestHandler.java:73)
	at com.bea.wcp.ant.ext.junit.TestHandler.run(TestHandler.java:58)
	at com.bea.wcp.ant.ext.junit.TestHandler.invoke(TestHandler.java:34)
	at $Proxy0.run(Unknown Source)
	at com.bea.wcp.ant.ext.junit.TestProxy.run(TestProxy.java:24)
	at com.bea.wcp.ant.ext.junit.TckJUnitTestRunner.run(TckJUnitTestRunner.java:272)
	at com.bea.wcp.ant.ext.junit.TckJUnitTestRunner.launch(TckJUnitTestRunner.java:647)
	at com.bea.wcp.ant.ext.junit.TckJUnitTestRunner.main(TckJUnitTestRunner.java:542)
</failure>
  </testcase>
  <testcase assertions="[SipServlet:JAVADOC:Proxy1] - User agents can cancel this proxy transaction and any of its child branches if recursion was enabled,test throw IllegalStateException" classname="com.bea.sipservlet.tck.agents.api.javax_servlet_sip.ProxyTest" name="testCancel101" time="3.156">
    <failure type="junit.framework.AssertionFailedError">junit.framework.AssertionFailedError
	at com.bea.sipservlet.tck.agents.api.javax_servlet_sip.ProxyTest.assertSipInviteProxyOK(ProxyTest.java:733)
	at com.bea.sipservlet.tck.agents.api.javax_servlet_sip.ProxyTest.testCancel101(ProxyTest.java:129)
	at com.bea.wcp.ant.ext.junit.TestHandler.runTest(TestHandler.java:73)
	at com.bea.wcp.ant.ext.junit.TestHandler.run(TestHandler.java:58)
	at com.bea.wcp.ant.ext.junit.TestHandler.invoke(TestHandler.java:34)
	at $Proxy0.run(Unknown Source)
	at com.bea.wcp.ant.ext.junit.TestProxy.run(TestProxy.java:24)
	at com.bea.wcp.ant.ext.junit.TckJUnitTestRunner.run(TckJUnitTestRunner.java:272)
	at com.bea.wcp.ant.ext.junit.TckJUnitTestRunner.launch(TckJUnitTestRunner.java:647)
	at com.bea.wcp.ant.ext.junit.TckJUnitTestRunner.main(TckJUnitTestRunner.java:542)
</failure>
  </testcase>
  <testcase assertions="[SipServlet:JAVADOC:Proxy31] - User agents can create and get ProxyBranch objects, and start proxy,test throw IllegalStateException" classname="com.bea.sipservlet.tck.agents.api.javax_servlet_sip.ProxyTest" name="testStartProxy101" time="3.154">
    <failure type="junit.framework.AssertionFailedError">junit.framework.AssertionFailedError
	at com.bea.sipservlet.tck.agents.api.javax_servlet_sip.ProxyTest.assertSipInviteProxyOK(ProxyTest.java:733)
	at com.bea.sipservlet.tck.agents.api.javax_servlet_sip.ProxyTest.testStartProxy101(ProxyTest.java:137)
	at com.bea.wcp.ant.ext.junit.TestHandler.runTest(TestHandler.java:73)
	at com.bea.wcp.ant.ext.junit.TestHandler.run(TestHandler.java:58)
	at com.bea.wcp.ant.ext.junit.TestHandler.invoke(TestHandler.java:34)
	at $Proxy0.run(Unknown Source)
	at com.bea.wcp.ant.ext.junit.TestProxy.run(TestProxy.java:24)
	at com.bea.wcp.ant.ext.junit.TckJUnitTestRunner.run(TckJUnitTestRunner.java:272)
	at com.bea.wcp.ant.ext.junit.TckJUnitTestRunner.launch(TckJUnitTestRunner.java:647)
	at com.bea.wcp.ant.ext.junit.TckJUnitTestRunner.main(TckJUnitTestRunner.java:542)
</failure>
  </testcase>
  <testcase assertions="[SipServlet:JAVADOC:Proxy3] - User agents can create and get ProxyBranch objects, and start proxy,test throw IllegalArgumentException" classname="com.bea.sipservlet.tck.agents.api.javax_servlet_sip.ProxyTest" name="testCreateProxyBranches101" time="3.161" />
  <testcase assertions="[SipServlet:JAVADOC:Proxy2] - User agents can cancel this proxy transaction with a reason." classname="com.bea.sipservlet.tck.agents.api.javax_servlet_sip.ProxyTest" name="testCancel002" time="13.037">
    <failure type="junit.framework.AssertionFailedError">junit.framework.AssertionFailedError
	at com.bea.sipservlet.tck.agents.TestBase.assertSipInviteProxyCancel(TestBase.java:1086)
	at com.bea.sipservlet.tck.agents.api.javax_servlet_sip.ProxyTest.testCancel002(ProxyTest.java:98)
	at com.bea.wcp.ant.ext.junit.TestHandler.runTest(TestHandler.java:73)
	at com.bea.wcp.ant.ext.junit.TestHandler.run(TestHandler.java:58)
	at com.bea.wcp.ant.ext.junit.TestHandler.invoke(TestHandler.java:34)
	at $Proxy0.run(Unknown Source)
	at com.bea.wcp.ant.ext.junit.TestProxy.run(TestProxy.java:24)
	at com.bea.wcp.ant.ext.junit.TckJUnitTestRunner.run(TckJUnitTestRunner.java:272)
	at com.bea.wcp.ant.ext.junit.TckJUnitTestRunner.launch(TckJUnitTestRunner.java:647)
	at com.bea.wcp.ant.ext.junit.TckJUnitTestRunner.main(TckJUnitTestRunner.java:542)
</failure>
  </testcase>
  <testcase assertions="[SipServlet:JAVADOC:Proxy3][SipServlet:JAVADOC:Proxy9][SipServlet:JAVADOC:Proxy10][SipServlet:JAVADOC:Proxy31] - User agents can create and get ProxyBranch objects, and start proxy." classname="com.bea.sipservlet.tck.agents.api.javax_servlet_sip.ProxyTest" name="testGetCreateProxyBranches001" time="13.023">
    <failure type="junit.framework.AssertionFailedError">junit.framework.AssertionFailedError
	at com.bea.sipservlet.tck.agents.api.javax_servlet_sip.ProxyTest.assertSipMessageProxy(ProxyTest.java:569)
	at com.bea.sipservlet.tck.agents.api.javax_servlet_sip.ProxyTest.assertSipMessageProxy(ProxyTest.java:532)
	at com.bea.sipservlet.tck.agents.api.javax_servlet_sip.ProxyTest.testGetCreateProxyBranches001(ProxyTest.java:120)
	at com.bea.wcp.ant.ext.junit.TestHandler.runTest(TestHandler.java:73)
	at com.bea.wcp.ant.ext.junit.TestHandler.run(TestHandler.java:58)
	at com.bea.wcp.ant.ext.junit.TestHandler.invoke(TestHandler.java:34)
	at $Proxy0.run(Unknown Source)
	at com.bea.wcp.ant.ext.junit.TestProxy.run(TestProxy.java:24)
	at com.bea.wcp.ant.ext.junit.TckJUnitTestRunner.run(TckJUnitTestRunner.java:272)
	at com.bea.wcp.ant.ext.junit.TckJUnitTestRunner.launch(TckJUnitTestRunner.java:647)
	at com.bea.wcp.ant.ext.junit.TckJUnitTestRunner.main(TckJUnitTestRunner.java:542)
</failure>
  </testcase>
  <testcase assertions="[SipServlet:JAVADOC:Proxy25] - User agents can set current value of the overall proxy timeout value.test throw IllegalArgumentException" classname="com.bea.sipservlet.tck.agents.api.javax_servlet_sip.ProxyTest" name="testSetProxyTimeout101" time="3.156" />
  <testcase assertions="[SipServlet:JAVADOC:Proxy26] - User agents can set the SipURI that the application can use to add parameters to the Record-Route header.test throw IllegalStateException" classname="com.bea.sipservlet.tck.agents.api.javax_servlet_sip.ProxyTest" name="testSetRecordRoute101" time="3.037">
    <failure type="junit.framework.AssertionFailedError">junit.framework.AssertionFailedError
	at com.bea.sipservlet.tck.agents.api.javax_servlet_sip.ProxyTest.assertSipInviteProxy180OK(ProxyTest.java:799)
	at com.bea.sipservlet.tck.agents.api.javax_servlet_sip.ProxyTest.testSetRecordRoute101(ProxyTest.java:242)
	at com.bea.wcp.ant.ext.junit.TestHandler.runTest(TestHandler.java:73)
	at com.bea.wcp.ant.ext.junit.TestHandler.run(TestHandler.java:58)
	at com.bea.wcp.ant.ext.junit.TestHandler.invoke(TestHandler.java:34)
	at $Proxy0.run(Unknown Source)
	at com.bea.wcp.ant.ext.junit.TestProxy.run(TestProxy.java:24)
	at com.bea.wcp.ant.ext.junit.TckJUnitTestRunner.run(TckJUnitTestRunner.java:272)
	at com.bea.wcp.ant.ext.junit.TckJUnitTestRunner.launch(TckJUnitTestRunner.java:647)
	at com.bea.wcp.ant.ext.junit.TckJUnitTestRunner.main(TckJUnitTestRunner.java:542)
</failure>
  </testcase>
  <testcase assertions="[SipServlet:JAVADOC:Proxy6] - User agents can get the request received from the upstream caller." classname="com.bea.sipservlet.tck.agents.api.javax_servlet_sip.ProxyTest" name="testGetOriginalRequest001" time="3.033" />
  <testcase assertions="[SipServlet:JAVADOC:Proxy7][SipServlet:JAVADOC:Proxy24] - User agents can determine if this proxy object is set to proxy in parallel." classname="com.bea.sipservlet.tck.agents.api.javax_servlet_sip.ProxyTest" name="testGetSetParallel001" time="3.03" />
  <testcase assertions="[SipServlet:JAVADOC:Proxy11][SipServlet:JAVADOC:Proxy25] - User agents can set and get the current value of the overall proxy timeout value." classname="com.bea.sipservlet.tck.agents.api.javax_servlet_sip.ProxyTest" name="testGetSetProxyTimeout001" time="3.023">
    <failure message="Fail to set and get &quot;ProxyTimeout&quot; parameter of Proxy." type="junit.framework.AssertionFailedError">junit.framework.AssertionFailedError: Fail to set and get &quot;ProxyTimeout&quot; parameter of Proxy.
	at com.bea.sipservlet.tck.agents.TestBase$SipRequestAssertionProxy.assertRequest(TestBase.java:778)
	at com.bea.sipservlet.tck.agents.api.javax_servlet_sip.ProxyTest.assertSipMessageProxy(ProxyTest.java:573)
	at com.bea.sipservlet.tck.agents.api.javax_servlet_sip.ProxyTest.assertSipMessageProxy(ProxyTest.java:532)
	at com.bea.sipservlet.tck.agents.api.javax_servlet_sip.ProxyTest.testGetSetProxyTimeout001(ProxyTest.java:412)
	at com.bea.wcp.ant.ext.junit.TestHandler.runTest(TestHandler.java:73)
	at com.bea.wcp.ant.ext.junit.TestHandler.run(TestHandler.java:58)
	at com.bea.wcp.ant.ext.junit.TestHandler.invoke(TestHandler.java:34)
	at $Proxy0.run(Unknown Source)
	at com.bea.wcp.ant.ext.junit.TestProxy.run(TestProxy.java:24)
	at com.bea.wcp.ant.ext.junit.TckJUnitTestRunner.run(TckJUnitTestRunner.java:272)
	at com.bea.wcp.ant.ext.junit.TckJUnitTestRunner.launch(TckJUnitTestRunner.java:647)
	at com.bea.wcp.ant.ext.junit.TckJUnitTestRunner.main(TckJUnitTestRunner.java:542)
</failure>
  </testcase>
  <testcase assertions="[SipServlet:JAVADOC:Proxy12][SipServlet:JAVADOC:Proxy13][SipServlet:JAVADOC:Proxy26] - User agents can set and get the SipURI that the application can use to add parameters to the Record-Route header." classname="com.bea.sipservlet.tck.agents.api.javax_servlet_sip.ProxyTest" name="testGetSetRecordRoute001" time="13.017">
    <failure type="junit.framework.AssertionFailedError">junit.framework.AssertionFailedError
	at com.bea.sipservlet.tck.agents.api.javax_servlet_sip.ProxyTest.assertSipMessageProxy(ProxyTest.java:569)
	at com.bea.sipservlet.tck.agents.api.javax_servlet_sip.ProxyTest.assertSipMessageProxy(ProxyTest.java:532)
	at com.bea.sipservlet.tck.agents.api.javax_servlet_sip.ProxyTest.testGetSetRecordRoute001(ProxyTest.java:422)
	at com.bea.wcp.ant.ext.junit.TestHandler.runTest(TestHandler.java:73)
	at com.bea.wcp.ant.ext.junit.TestHandler.run(TestHandler.java:58)
	at com.bea.wcp.ant.ext.junit.TestHandler.invoke(TestHandler.java:34)
	at $Proxy0.run(Unknown Source)
	at com.bea.wcp.ant.ext.junit.TestProxy.run(TestProxy.java:24)
	at com.bea.wcp.ant.ext.junit.TckJUnitTestRunner.run(TckJUnitTestRunner.java:272)
	at com.bea.wcp.ant.ext.junit.TckJUnitTestRunner.launch(TckJUnitTestRunner.java:647)
	at com.bea.wcp.ant.ext.junit.TckJUnitTestRunner.main(TckJUnitTestRunner.java:542)
</failure>
  </testcase>
  <testcase assertions="[SipServlet:JAVADOC:Proxy14][SipServlet:JAVADOC:Proxy27] - User agents can determine if this proxy object is set to recurse." classname="com.bea.sipservlet.tck.agents.api.javax_servlet_sip.ProxyTest" name="testGetSetRecurse001" time="3.032" />
  <testcase assertions="[SipServlet:JAVADOC:Proxy15][SipServlet:JAVADOC:Proxy28] - Deprecated. use a more general purpose getProxyTimeout()." classname="com.bea.sipservlet.tck.agents.api.javax_servlet_sip.ProxyTest" name="testGetSetSequentialSearchTimeout001" time="3.008" />
  <testcase assertions="[SipServlet:JAVADOC:Proxy16][SipServlet:JAVADOC:Proxy29] - Deprecated. stateless proxy is no longer supported." classname="com.bea.sipservlet.tck.agents.api.javax_servlet_sip.ProxyTest" name="testGetSetStateful001" time="3.011" />
  <testcase assertions="[SipServlet:JAVADOC:Proxy17][SipServlet:JAVADOC:Proxy30] - User agents can determine if the controlling servlet will be invoked on incoming responses for this proxying operation." classname="com.bea.sipservlet.tck.agents.api.javax_servlet_sip.ProxyTest" name="testGetSetSupervised001" time="3.03" />
  <testcase assertions="[SipServlet:JAVADOC:Proxy18] - User agents can proxy a SIP request to the specified set of destinations." classname="com.bea.sipservlet.tck.agents.api.javax_servlet_sip.ProxyTest" name="testProxyTo001" time="3.03" />
  <testcase assertions="[SipServlet:JAVADOC:Proxy19] - User agents can proxy a SIP request to the specified destination." classname="com.bea.sipservlet.tck.agents.api.javax_servlet_sip.ProxyTest" name="testProxyTo002" time="3.029" />
  <testcase assertions="[SipServlet:JAVADOC:Proxy22] - If multihoming is supported, user agents can select the outbound interface to use when sending requests for proxy branches." classname="com.bea.sipservlet.tck.agents.api.javax_servlet_sip.ProxyTest" name="testSetOutboundInterface001" time="13.015">
    <failure type="junit.framework.AssertionFailedError">junit.framework.AssertionFailedError
	at com.bea.sipservlet.tck.agents.api.javax_servlet_sip.ProxyTest.assertSipMessageProxy(ProxyTest.java:569)
	at com.bea.sipservlet.tck.agents.api.javax_servlet_sip.ProxyTest.assertSipMessageProxy(ProxyTest.java:532)
	at com.bea.sipservlet.tck.agents.api.javax_servlet_sip.ProxyTest.testSetOutboundInterface001(ProxyTest.java:494)
	at com.bea.wcp.ant.ext.junit.TestHandler.runTest(TestHandler.java:73)
	at com.bea.wcp.ant.ext.junit.TestHandler.run(TestHandler.java:58)
	at com.bea.wcp.ant.ext.junit.TestHandler.invoke(TestHandler.java:34)
	at $Proxy0.run(Unknown Source)
	at com.bea.wcp.ant.ext.junit.TestProxy.run(TestProxy.java:24)
	at com.bea.wcp.ant.ext.junit.TckJUnitTestRunner.run(TckJUnitTestRunner.java:272)
	at com.bea.wcp.ant.ext.junit.TckJUnitTestRunner.launch(TckJUnitTestRunner.java:647)
	at com.bea.wcp.ant.ext.junit.TckJUnitTestRunner.main(TckJUnitTestRunner.java:542)
</failure>
  </testcase>
  <testcase assertions="[SipServlet:JAVADOC:Proxy23] - If multihoming is supported, user agents can select the outbound interface and port number to use for proxy branches." classname="com.bea.sipservlet.tck.agents.api.javax_servlet_sip.ProxyTest" name="testSetOutboundInterface002" time="13.017">
    <failure type="junit.framework.AssertionFailedError">junit.framework.AssertionFailedError
	at com.bea.sipservlet.tck.agents.api.javax_servlet_sip.ProxyTest.assertSipMessageProxy(ProxyTest.java:569)
	at com.bea.sipservlet.tck.agents.api.javax_servlet_sip.ProxyTest.assertSipMessageProxy(ProxyTest.java:532)
	at com.bea.sipservlet.tck.agents.api.javax_servlet_sip.ProxyTest.testSetOutboundInterface002(ProxyTest.java:502)
	at com.bea.wcp.ant.ext.junit.TestHandler.runTest(TestHandler.java:73)
	at com.bea.wcp.ant.ext.junit.TestHandler.run(TestHandler.java:58)
	at com.bea.wcp.ant.ext.junit.TestHandler.invoke(TestHandler.java:34)
	at $Proxy0.run(Unknown Source)
	at com.bea.wcp.ant.ext.junit.TestProxy.run(TestProxy.java:24)
	at com.bea.wcp.ant.ext.junit.TckJUnitTestRunner.run(TckJUnitTestRunner.java:272)
	at com.bea.wcp.ant.ext.junit.TckJUnitTestRunner.launch(TckJUnitTestRunner.java:647)
	at com.bea.wcp.ant.ext.junit.TckJUnitTestRunner.main(TckJUnitTestRunner.java:542)
</failure>
  </testcase>
  <system-out><![CDATA[[2013-04-15 20:09:10,000] ProxyTest:1008 INFO  - === testGetPathURI101() ===
SIPUNIT TRACE:  1366052950174  INVITE after sending out through stack..........
SIPUNIT TRACE:  1366052950174  INVITE sip:bob@192.168.1.65:5072 SIP/2.0
Call-ID: 3f04ad204fc165ebee9ef4879f1c4b89@192.168.1.65
CSeq: 1 INVITE
From: <sip:alice@192.168.1.65>;tag=1111658977
To: <sip:bob@192.168.1.65:5072>
Via: SIP/2.0/UDP 192.168.1.65:5071;branch=z9hG4bKd425f57260857fff6473f0a2fc567ac7
Max-Forwards: 70
Contact: <sip:alice@192.168.1.65:5071;transport=udp;lr>
Route: <sip:localhost:5060;lr;transport=udp>,"Bob" <sip:bob@192.168.1.65:5072;lr>
Servlet-Name: Proxy
Method-Name: testGetPathURI101
Application-Name: com.bea.sipservlet.tck.apps.apitestapp
Content-Length: 0


SIPUNIT TRACE:  1366052950175  RouteHeader address: <sip:localhost:5060;lr;transport=udp>
SIPUNIT TRACE:  1366052950175  RouteHeader address: "Bob" <sip:bob@192.168.1.65:5072;lr>
SIPUNIT TRACE:  1366052950175  SS.waitRequest() - about to block, waiting
SIPUNIT TRACE:  1366052950225  SipStack: request received !
SIPUNIT TRACE:  1366052950225  SipStack: calling listener
SIPUNIT TRACE:  1366052950225  SipSession: request received !
SIPUNIT TRACE:  1366052950225       me ('To' check) = sip:bob@192.168.1.65
SIPUNIT TRACE:  1366052950225       my local contact info ('Request URI' check) = sip:bob@192.168.1.65:5072;transport=udp;lr
SIPUNIT TRACE:  1366052950226       INVITE sip:bob@192.168.1.65:5072 SIP/2.0
Servlet-Name: Proxy
To: <sip:bob@192.168.1.65:5072>
Contact: <sip:alice@192.168.1.65:5071;lr;transport=udp>
Method-Name: testGetPathURI101
From: <sip:alice@192.168.1.65>;tag=1111658977
Call-ID: 3f04ad204fc165ebee9ef4879f1c4b89@192.168.1.65
Via: SIP/2.0/UDP 192.168.1.65:5060;branch=z9hG4bKs29sdnish5.8._09keh9k9.swc5-io;maddr=192.168.1.65,SIP/2.0/UDP 192.168.1.65:5071;branch=z9hG4bKd425f57260857fff6473f0a2fc567ac7
Route: <sip:localhost:5060;transport=udp;lr>,"Bob" <sip:bob@192.168.1.65:5072;lr>
Max-Forwards: 69
Test-Result: OK
CSeq: 1 INVITE
Content-Length: 0


SIPUNIT TRACE:  1366052950226  SipSession: notifying block object
SIPUNIT TRACE:  1366052950227  SS.waitRequest() - we've come out of the block
SIPUNIT TRACE:  1366052950227  SS.waitRequest() - either we got the request, or timed out
SIPUNIT TRACE:  1366052950228  INVITE after received by stack..........
SIPUNIT TRACE:  1366052950228  INVITE sip:bob@192.168.1.65:5072 SIP/2.0
Servlet-Name: Proxy
To: <sip:bob@192.168.1.65:5072>
Contact: <sip:alice@192.168.1.65:5071;lr;transport=udp>
Method-Name: testGetPathURI101
From: <sip:alice@192.168.1.65>;tag=1111658977
Call-ID: 3f04ad204fc165ebee9ef4879f1c4b89@192.168.1.65
Via: SIP/2.0/UDP 192.168.1.65:5060;branch=z9hG4bKs29sdnish5.8._09keh9k9.swc5-io;maddr=192.168.1.65,SIP/2.0/UDP 192.168.1.65:5071;branch=z9hG4bKd425f57260857fff6473f0a2fc567ac7
Route: <sip:localhost:5060;transport=udp;lr>,"Bob" <sip:bob@192.168.1.65:5072;lr>
Max-Forwards: 69
Test-Result: OK
CSeq: 1 INVITE
Content-Length: 0


SIPUNIT TRACE:  1366052950228  RouteHeader address: <sip:localhost:5060;transport=udp;lr>
SIPUNIT TRACE:  1366052950228  RouteHeader address: "Bob" <sip:bob@192.168.1.65:5072;lr>
SIPUNIT TRACE:  1366052950232  Response before sending out through stack..........
SIPUNIT TRACE:  1366052950233  SIP/2.0 200 OK
To: <sip:bob@192.168.1.65:5072>;tag=553794243
From: <sip:alice@192.168.1.65>;tag=1111658977
Call-ID: 3f04ad204fc165ebee9ef4879f1c4b89@192.168.1.65
Via: SIP/2.0/UDP 192.168.1.65:5060;branch=z9hG4bKs29sdnish5.8._09keh9k9.swc5-io;maddr=192.168.1.65,SIP/2.0/UDP 192.168.1.65:5071;branch=z9hG4bKd425f57260857fff6473f0a2fc567ac7
CSeq: 1 INVITE
Contact: <sip:bob@192.168.1.65:5072;transport=udp;lr>
Expires: 0
Servlet-Name: Proxy
Method-Name: testGetPathURI101
Content-Length: 0


SIPUNIT TRACE:  1366052950241  Outgoing call response received: SIP/2.0 100 Trying
To: <sip:bob@192.168.1.65:5072>
From: <sip:alice@192.168.1.65>;tag=1111658977
Via: SIP/2.0/UDP 192.168.1.65:5071;branch=z9hG4bKd425f57260857fff6473f0a2fc567ac7
Call-ID: 3f04ad204fc165ebee9ef4879f1c4b89@192.168.1.65
Server: Elaina
CSeq: 1 INVITE
Content-Length: 0


SIPUNIT TRACE:  1366052950257  Outgoing call response received: SIP/2.0 200 OK
Servlet-Name: Proxy
Expires: 0
Contact: <sip:bob@192.168.1.65:5072;lr;transport=udp>
To: <sip:bob@192.168.1.65:5072>;tag=553794243
Method-Name: testGetPathURI101
From: <sip:alice@192.168.1.65>;tag=1111658977
Via: SIP/2.0/UDP 192.168.1.65:5071;branch=z9hG4bKd425f57260857fff6473f0a2fc567ac7
Call-ID: 3f04ad204fc165ebee9ef4879f1c4b89@192.168.1.65
CSeq: 1 INVITE
Content-Length: 0


SIPUNIT TRACE:  1366052950362  SS.waitRequest() - about to block, waiting
SIPUNIT TRACE:  1366052950367  SipStack: request received !
SIPUNIT TRACE:  1366052950367  SipStack: calling listener
SIPUNIT TRACE:  1366052950367  SipSession: request received !
SIPUNIT TRACE:  1366052950367       me ('To' check) = sip:bob@192.168.1.65
SIPUNIT TRACE:  1366052950367       my local contact info ('Request URI' check) = sip:bob@192.168.1.65:5072;transport=udp;lr
SIPUNIT TRACE:  1366052950367       ACK sip:bob@192.168.1.65:5072;lr;transport=udp SIP/2.0
Via: SIP/2.0/UDP 192.168.1.65:5071;branch=z9hG4bKfdde2cc08d3d67a3e1953359907b2076
CSeq: 1 ACK
Servlet-Name: Proxy
Expires: 0
To: <sip:bob@192.168.1.65:5072>;tag=553794243
Method-Name: testGetPathURI101
From: <sip:alice@192.168.1.65>;tag=1111658977
Call-ID: 3f04ad204fc165ebee9ef4879f1c4b89@192.168.1.65
Max-Forwards: 70
Route: "Bob" <sip:bob@192.168.1.65:5072;lr>
Content-Length: 0


SIPUNIT TRACE:  1366052950367  SipSession: notifying block object
SIPUNIT TRACE:  1366052950368  SS.waitRequest() - we've come out of the block
SIPUNIT TRACE:  1366052950368  SS.waitRequest() - either we got the request, or timed out
SIPUNIT TRACE:  1366052950374  SS.waitRequest() - about to block, waiting
SIPUNIT TRACE:  1366052950378  SipStack: request received !
SIPUNIT TRACE:  1366052950378  SipStack: calling listener
SIPUNIT TRACE:  1366052950378  SipSession: request received !
SIPUNIT TRACE:  1366052950378       me ('To' check) = sip:bob@192.168.1.65
SIPUNIT TRACE:  1366052950378       my local contact info ('Request URI' check) = sip:bob@192.168.1.65:5072;transport=udp;lr
SIPUNIT TRACE:  1366052950378       BYE sip:bob@192.168.1.65:5072;lr;transport=udp SIP/2.0
Via: SIP/2.0/UDP 192.168.1.65:5071;branch=z9hG4bKd2845200776e53d8a978b09962d7863c
CSeq: 2 BYE
Servlet-Name: Proxy
Expires: 0
To: <sip:bob@192.168.1.65:5072>;tag=553794243
Method-Name: testGetPathURI101
From: <sip:alice@192.168.1.65>;tag=1111658977
Call-ID: 3f04ad204fc165ebee9ef4879f1c4b89@192.168.1.65
Max-Forwards: 70
Content-Length: 0


SIPUNIT TRACE:  1366052950378  SipSession: notifying block object
SIPUNIT TRACE:  1366052950378  SS.waitRequest() - we've come out of the block
SIPUNIT TRACE:  1366052950378  SS.waitRequest() - either we got the request, or timed out
SIPUNIT TRACE:  1366052950378  Response before sending out through stack..........
SIPUNIT TRACE:  1366052950378  SIP/2.0 200 OK
Via: SIP/2.0/UDP 192.168.1.65:5071;branch=z9hG4bKd2845200776e53d8a978b09962d7863c
CSeq: 2 BYE
To: <sip:bob@192.168.1.65:5072>;tag=553794243
From: <sip:alice@192.168.1.65>;tag=1111658977
Call-ID: 3f04ad204fc165ebee9ef4879f1c4b89@192.168.1.65
Contact: <sip:bob@192.168.1.65:5072;transport=udp;lr>
Expires: 0
Content-Length: 0


SIPUNIT TRACE:  1366052950388  Asynchronous response received: SIP/2.0 200 OK
Via: SIP/2.0/UDP 192.168.1.65:5071;branch=z9hG4bKd2845200776e53d8a978b09962d7863c
CSeq: 2 BYE
To: <sip:bob@192.168.1.65:5072>;tag=553794243
From: <sip:alice@192.168.1.65>;tag=1111658977
Call-ID: 3f04ad204fc165ebee9ef4879f1c4b89@192.168.1.65
Contact: <sip:bob@192.168.1.65:5072;lr;transport=udp>
Expires: 0
Content-Length: 0


SIPUNIT TRACE:  1366052950397  SipStack: request received !
[2013-04-15 20:09:13,404] ProxyTest:1008 INFO  - === testGetRecordRouteURI101() ===
SIPUNIT TRACE:  1366052953413  INVITE after sending out through stack..........
SIPUNIT TRACE:  1366052953413  INVITE sip:bob@192.168.1.65:5072 SIP/2.0
Call-ID: 53b8185cb656179e5991efd26f5761f0@192.168.1.65
CSeq: 1 INVITE
From: <sip:alice@192.168.1.65>;tag=1057694363
To: <sip:bob@192.168.1.65:5072>
Via: SIP/2.0/UDP 192.168.1.65:5071;branch=z9hG4bKeaec7ff6b8be7da91e04e2b749c4702a
Max-Forwards: 70
Contact: <sip:alice@192.168.1.65:5071;transport=udp;lr>
Route: <sip:localhost:5060;lr;transport=udp>,"Bob" <sip:bob@192.168.1.65:5072;lr>
Servlet-Name: Proxy
Method-Name: testGetRecordRouteURI101
Application-Name: com.bea.sipservlet.tck.apps.apitestapp
Content-Length: 0


SIPUNIT TRACE:  1366052953413  RouteHeader address: <sip:localhost:5060;lr;transport=udp>
SIPUNIT TRACE:  1366052953413  RouteHeader address: "Bob" <sip:bob@192.168.1.65:5072;lr>
SIPUNIT TRACE:  1366052953413  SS.waitRequest() - about to block, waiting
SIPUNIT TRACE:  1366052953427  SipStack: request received !
SIPUNIT TRACE:  1366052953427  SipStack: calling listener
SIPUNIT TRACE:  1366052953427  SipSession: request received !
SIPUNIT TRACE:  1366052953427       me ('To' check) = sip:bob@192.168.1.65
SIPUNIT TRACE:  1366052953427       my local contact info ('Request URI' check) = sip:bob@192.168.1.65:5072;transport=udp;lr
SIPUNIT TRACE:  1366052953427       INVITE sip:bob@192.168.1.65:5072 SIP/2.0
Servlet-Name: Proxy
To: <sip:bob@192.168.1.65:5072>
Contact: <sip:alice@192.168.1.65:5071;lr;transport=udp>
Method-Name: testGetRecordRouteURI101
From: <sip:alice@192.168.1.65>;tag=1057694363
Call-ID: 53b8185cb656179e5991efd26f5761f0@192.168.1.65
Via: SIP/2.0/UDP 192.168.1.65:5060;branch=z9hG4bK+ir2_n3fnl.xfsgnz66kh6ht9k_+ym;maddr=192.168.1.65,SIP/2.0/UDP 192.168.1.65:5071;branch=z9hG4bKeaec7ff6b8be7da91e04e2b749c4702a
Route: <sip:localhost:5060;transport=udp;lr>,"Bob" <sip:bob@192.168.1.65:5072;lr>
Max-Forwards: 69
Test-Result: OK
CSeq: 1 INVITE
Content-Length: 0


SIPUNIT TRACE:  1366052953427  SipSession: notifying block object
SIPUNIT TRACE:  1366052953427  SS.waitRequest() - we've come out of the block
SIPUNIT TRACE:  1366052953427  SS.waitRequest() - either we got the request, or timed out
SIPUNIT TRACE:  1366052953427  INVITE after received by stack..........
SIPUNIT TRACE:  1366052953427  INVITE sip:bob@192.168.1.65:5072 SIP/2.0
Servlet-Name: Proxy
To: <sip:bob@192.168.1.65:5072>
Contact: <sip:alice@192.168.1.65:5071;lr;transport=udp>
Method-Name: testGetRecordRouteURI101
From: <sip:alice@192.168.1.65>;tag=1057694363
Call-ID: 53b8185cb656179e5991efd26f5761f0@192.168.1.65
Via: SIP/2.0/UDP 192.168.1.65:5060;branch=z9hG4bK+ir2_n3fnl.xfsgnz66kh6ht9k_+ym;maddr=192.168.1.65,SIP/2.0/UDP 192.168.1.65:5071;branch=z9hG4bKeaec7ff6b8be7da91e04e2b749c4702a
Route: <sip:localhost:5060;transport=udp;lr>,"Bob" <sip:bob@192.168.1.65:5072;lr>
Max-Forwards: 69
Test-Result: OK
CSeq: 1 INVITE
Content-Length: 0


SIPUNIT TRACE:  1366052953427  RouteHeader address: <sip:localhost:5060;transport=udp;lr>
SIPUNIT TRACE:  1366052953427  RouteHeader address: "Bob" <sip:bob@192.168.1.65:5072;lr>
SIPUNIT TRACE:  1366052953430  Response before sending out through stack..........
SIPUNIT TRACE:  1366052953430  SIP/2.0 200 OK
To: <sip:bob@192.168.1.65:5072>;tag=1052710021
From: <sip:alice@192.168.1.65>;tag=1057694363
Call-ID: 53b8185cb656179e5991efd26f5761f0@192.168.1.65
Via: SIP/2.0/UDP 192.168.1.65:5060;branch=z9hG4bK+ir2_n3fnl.xfsgnz66kh6ht9k_+ym;maddr=192.168.1.65,SIP/2.0/UDP 192.168.1.65:5071;branch=z9hG4bKeaec7ff6b8be7da91e04e2b749c4702a
CSeq: 1 INVITE
Contact: <sip:bob@192.168.1.65:5072;transport=udp;lr>
Expires: 0
Servlet-Name: Proxy
Method-Name: testGetRecordRouteURI101
Content-Length: 0


SIPUNIT TRACE:  1366052953433  Outgoing call response received: SIP/2.0 100 Trying
To: <sip:bob@192.168.1.65:5072>
From: <sip:alice@192.168.1.65>;tag=1057694363
Via: SIP/2.0/UDP 192.168.1.65:5071;branch=z9hG4bKeaec7ff6b8be7da91e04e2b749c4702a
Call-ID: 53b8185cb656179e5991efd26f5761f0@192.168.1.65
Server: Elaina
CSeq: 1 INVITE
Content-Length: 0


SIPUNIT TRACE:  1366052953445  Outgoing call response received: SIP/2.0 200 OK
Servlet-Name: Proxy
Expires: 0
Contact: <sip:bob@192.168.1.65:5072;lr;transport=udp>
To: <sip:bob@192.168.1.65:5072>;tag=1052710021
Method-Name: testGetRecordRouteURI101
From: <sip:alice@192.168.1.65>;tag=1057694363
Via: SIP/2.0/UDP 192.168.1.65:5071;branch=z9hG4bKeaec7ff6b8be7da91e04e2b749c4702a
Call-ID: 53b8185cb656179e5991efd26f5761f0@192.168.1.65
CSeq: 1 INVITE
Content-Length: 0


SIPUNIT TRACE:  1366052953549  SS.waitRequest() - about to block, waiting
SIPUNIT TRACE:  1366052953554  SipStack: request received !
SIPUNIT TRACE:  1366052953554  SipStack: calling listener
SIPUNIT TRACE:  1366052953554  SipSession: request received !
SIPUNIT TRACE:  1366052953554       me ('To' check) = sip:bob@192.168.1.65
SIPUNIT TRACE:  1366052953554       my local contact info ('Request URI' check) = sip:bob@192.168.1.65:5072;transport=udp;lr
SIPUNIT TRACE:  1366052953555       ACK sip:bob@192.168.1.65:5072;lr;transport=udp SIP/2.0
Via: SIP/2.0/UDP 192.168.1.65:5071;branch=z9hG4bK36da3c78a6e0d2099650f4e6bce34d5d
CSeq: 1 ACK
Servlet-Name: Proxy
Expires: 0
To: <sip:bob@192.168.1.65:5072>;tag=1052710021
Method-Name: testGetRecordRouteURI101
From: <sip:alice@192.168.1.65>;tag=1057694363
Call-ID: 53b8185cb656179e5991efd26f5761f0@192.168.1.65
Max-Forwards: 70
Route: "Bob" <sip:bob@192.168.1.65:5072;lr>
Content-Length: 0


SIPUNIT TRACE:  1366052953555  SipSession: notifying block object
SIPUNIT TRACE:  1366052953555  SS.waitRequest() - we've come out of the block
SIPUNIT TRACE:  1366052953555  SS.waitRequest() - either we got the request, or timed out
SIPUNIT TRACE:  1366052953560  SS.waitRequest() - about to block, waiting
SIPUNIT TRACE:  1366052953565  SipStack: request received !
SIPUNIT TRACE:  1366052953565  SipStack: calling listener
SIPUNIT TRACE:  1366052953565  SipSession: request received !
SIPUNIT TRACE:  1366052953566       me ('To' check) = sip:bob@192.168.1.65
SIPUNIT TRACE:  1366052953566       my local contact info ('Request URI' check) = sip:bob@192.168.1.65:5072;transport=udp;lr
SIPUNIT TRACE:  1366052953566       BYE sip:bob@192.168.1.65:5072;lr;transport=udp SIP/2.0
Via: SIP/2.0/UDP 192.168.1.65:5071;branch=z9hG4bK7af2f45e2a4391ed22719411042ffa25
CSeq: 2 BYE
Servlet-Name: Proxy
Expires: 0
To: <sip:bob@192.168.1.65:5072>;tag=1052710021
Method-Name: testGetRecordRouteURI101
From: <sip:alice@192.168.1.65>;tag=1057694363
Call-ID: 53b8185cb656179e5991efd26f5761f0@192.168.1.65
Max-Forwards: 70
Content-Length: 0


SIPUNIT TRACE:  1366052953567  SipSession: notifying block object
SIPUNIT TRACE:  1366052953567  SS.waitRequest() - we've come out of the block
SIPUNIT TRACE:  1366052953567  SS.waitRequest() - either we got the request, or timed out
SIPUNIT TRACE:  1366052953567  Response before sending out through stack..........
SIPUNIT TRACE:  1366052953567  SIP/2.0 200 OK
Via: SIP/2.0/UDP 192.168.1.65:5071;branch=z9hG4bK7af2f45e2a4391ed22719411042ffa25
CSeq: 2 BYE
To: <sip:bob@192.168.1.65:5072>;tag=1052710021
From: <sip:alice@192.168.1.65>;tag=1057694363
Call-ID: 53b8185cb656179e5991efd26f5761f0@192.168.1.65
Contact: <sip:bob@192.168.1.65:5072;transport=udp;lr>
Expires: 0
Content-Length: 0


SIPUNIT TRACE:  1366052953575  Asynchronous response received: SIP/2.0 200 OK
Via: SIP/2.0/UDP 192.168.1.65:5071;branch=z9hG4bK7af2f45e2a4391ed22719411042ffa25
CSeq: 2 BYE
To: <sip:bob@192.168.1.65:5072>;tag=1052710021
From: <sip:alice@192.168.1.65>;tag=1057694363
Call-ID: 53b8185cb656179e5991efd26f5761f0@192.168.1.65
Contact: <sip:bob@192.168.1.65:5072;lr;transport=udp>
Expires: 0
Content-Length: 0


SIPUNIT TRACE:  1366052953586  SipStack: request received !
[2013-04-15 20:09:16,595] ProxyTest:1008 INFO  - === testProxyTo101() ===
SIPUNIT TRACE:  1366052956600  INVITE after sending out through stack..........
SIPUNIT TRACE:  1366052956601  INVITE sip:bob@192.168.1.65:5072 SIP/2.0
Call-ID: 5cd9df8e1e07e087a5b388c4f6f7bab6@192.168.1.65
CSeq: 1 INVITE
From: <sip:alice@192.168.1.65>;tag=2128488077
To: <sip:bob@192.168.1.65:5072>
Via: SIP/2.0/UDP 192.168.1.65:5071;branch=z9hG4bK100d2a129bf2b48869b35721fb78f6a1
Max-Forwards: 70
Contact: <sip:alice@192.168.1.65:5071;transport=udp;lr>
Route: <sip:localhost:5060;lr;transport=udp>,"Bob" <sip:bob@192.168.1.65:5072;lr>
Servlet-Name: Proxy
Method-Name: testProxyTo101
Application-Name: com.bea.sipservlet.tck.apps.apitestapp
Content-Length: 0


SIPUNIT TRACE:  1366052956601  RouteHeader address: <sip:localhost:5060;lr;transport=udp>
SIPUNIT TRACE:  1366052956601  RouteHeader address: "Bob" <sip:bob@192.168.1.65:5072;lr>
SIPUNIT TRACE:  1366052956601  SS.waitRequest() - about to block, waiting
SIPUNIT TRACE:  1366052956616  SipStack: request received !
SIPUNIT TRACE:  1366052956616  SipStack: calling listener
SIPUNIT TRACE:  1366052956616  SipSession: request received !
SIPUNIT TRACE:  1366052956617       me ('To' check) = sip:bob@192.168.1.65
SIPUNIT TRACE:  1366052956617       my local contact info ('Request URI' check) = sip:bob@192.168.1.65:5072;transport=udp;lr
SIPUNIT TRACE:  1366052956617       INVITE sip:bob@192.168.1.65:5072 SIP/2.0
Servlet-Name: Proxy
To: <sip:bob@192.168.1.65:5072>
Contact: <sip:alice@192.168.1.65:5071;lr;transport=udp>
Method-Name: testProxyTo101
From: <sip:alice@192.168.1.65>;tag=2128488077
Call-ID: 5cd9df8e1e07e087a5b388c4f6f7bab6@192.168.1.65
Via: SIP/2.0/UDP 192.168.1.65:5060;branch=z9hG4bKgsnz!-sno083l.9b!4gzvzy3mglvlt;maddr=192.168.1.65,SIP/2.0/UDP 192.168.1.65:5071;branch=z9hG4bK100d2a129bf2b48869b35721fb78f6a1
Route: <sip:localhost:5060;transport=udp;lr>,"Bob" <sip:bob@192.168.1.65:5072;lr>
Max-Forwards: 69
Test-Result: OK
CSeq: 1 INVITE
Content-Length: 0


SIPUNIT TRACE:  1366052956617  SipSession: notifying block object
SIPUNIT TRACE:  1366052956617  SS.waitRequest() - we've come out of the block
SIPUNIT TRACE:  1366052956617  SS.waitRequest() - either we got the request, or timed out
SIPUNIT TRACE:  1366052956617  INVITE after received by stack..........
SIPUNIT TRACE:  1366052956617  INVITE sip:bob@192.168.1.65:5072 SIP/2.0
Servlet-Name: Proxy
To: <sip:bob@192.168.1.65:5072>
Contact: <sip:alice@192.168.1.65:5071;lr;transport=udp>
Method-Name: testProxyTo101
From: <sip:alice@192.168.1.65>;tag=2128488077
Call-ID: 5cd9df8e1e07e087a5b388c4f6f7bab6@192.168.1.65
Via: SIP/2.0/UDP 192.168.1.65:5060;branch=z9hG4bKgsnz!-sno083l.9b!4gzvzy3mglvlt;maddr=192.168.1.65,SIP/2.0/UDP 192.168.1.65:5071;branch=z9hG4bK100d2a129bf2b48869b35721fb78f6a1
Route: <sip:localhost:5060;transport=udp;lr>,"Bob" <sip:bob@192.168.1.65:5072;lr>
Max-Forwards: 69
Test-Result: OK
CSeq: 1 INVITE
Content-Length: 0


SIPUNIT TRACE:  1366052956617  RouteHeader address: <sip:localhost:5060;transport=udp;lr>
SIPUNIT TRACE:  1366052956617  RouteHeader address: "Bob" <sip:bob@192.168.1.65:5072;lr>
SIPUNIT TRACE:  1366052956620  Response before sending out through stack..........
SIPUNIT TRACE:  1366052956620  SIP/2.0 200 OK
To: <sip:bob@192.168.1.65:5072>;tag=2092320692
From: <sip:alice@192.168.1.65>;tag=2128488077
Call-ID: 5cd9df8e1e07e087a5b388c4f6f7bab6@192.168.1.65
Via: SIP/2.0/UDP 192.168.1.65:5060;branch=z9hG4bKgsnz!-sno083l.9b!4gzvzy3mglvlt;maddr=192.168.1.65,SIP/2.0/UDP 192.168.1.65:5071;branch=z9hG4bK100d2a129bf2b48869b35721fb78f6a1
CSeq: 1 INVITE
Contact: <sip:bob@192.168.1.65:5072;transport=udp;lr>
Expires: 0
Servlet-Name: Proxy
Method-Name: testProxyTo101
Content-Length: 0


SIPUNIT TRACE:  1366052956630  Outgoing call response received: SIP/2.0 100 Trying
To: <sip:bob@192.168.1.65:5072>
From: <sip:alice@192.168.1.65>;tag=2128488077
Via: SIP/2.0/UDP 192.168.1.65:5071;branch=z9hG4bK100d2a129bf2b48869b35721fb78f6a1
Call-ID: 5cd9df8e1e07e087a5b388c4f6f7bab6@192.168.1.65
Server: Elaina
CSeq: 1 INVITE
Content-Length: 0


SIPUNIT TRACE:  1366052956638  Outgoing call response received: SIP/2.0 200 OK
Servlet-Name: Proxy
Expires: 0
Contact: <sip:bob@192.168.1.65:5072;lr;transport=udp>
To: <sip:bob@192.168.1.65:5072>;tag=2092320692
Method-Name: testProxyTo101
From: <sip:alice@192.168.1.65>;tag=2128488077
Via: SIP/2.0/UDP 192.168.1.65:5071;branch=z9hG4bK100d2a129bf2b48869b35721fb78f6a1
Call-ID: 5cd9df8e1e07e087a5b388c4f6f7bab6@192.168.1.65
CSeq: 1 INVITE
Content-Length: 0


SIPUNIT TRACE:  1366052956742  SS.waitRequest() - about to block, waiting
SIPUNIT TRACE:  1366052956746  SipStack: request received !
SIPUNIT TRACE:  1366052956746  SipStack: calling listener
SIPUNIT TRACE:  1366052956746  SipSession: request received !
SIPUNIT TRACE:  1366052956746       me ('To' check) = sip:bob@192.168.1.65
SIPUNIT TRACE:  1366052956746       my local contact info ('Request URI' check) = sip:bob@192.168.1.65:5072;transport=udp;lr
SIPUNIT TRACE:  1366052956746       ACK sip:bob@192.168.1.65:5072;lr;transport=udp SIP/2.0
Via: SIP/2.0/UDP 192.168.1.65:5071;branch=z9hG4bKbc0442fca3477a68c7ee5875df849d57
CSeq: 1 ACK
Servlet-Name: Proxy
Expires: 0
To: <sip:bob@192.168.1.65:5072>;tag=2092320692
Method-Name: testProxyTo101
From: <sip:alice@192.168.1.65>;tag=2128488077
Call-ID: 5cd9df8e1e07e087a5b388c4f6f7bab6@192.168.1.65
Max-Forwards: 70
Route: "Bob" <sip:bob@192.168.1.65:5072;lr>
Content-Length: 0


SIPUNIT TRACE:  1366052956746  SipSession: notifying block object
SIPUNIT TRACE:  1366052956746  SS.waitRequest() - we've come out of the block
SIPUNIT TRACE:  1366052956746  SS.waitRequest() - either we got the request, or timed out
SIPUNIT TRACE:  1366052956750  SS.waitRequest() - about to block, waiting
SIPUNIT TRACE:  1366052956753  SipStack: request received !
SIPUNIT TRACE:  1366052956753  SipStack: calling listener
SIPUNIT TRACE:  1366052956753  SipSession: request received !
SIPUNIT TRACE:  1366052956753       me ('To' check) = sip:bob@192.168.1.65
SIPUNIT TRACE:  1366052956753       my local contact info ('Request URI' check) = sip:bob@192.168.1.65:5072;transport=udp;lr
SIPUNIT TRACE:  1366052956753       BYE sip:bob@192.168.1.65:5072;lr;transport=udp SIP/2.0
Via: SIP/2.0/UDP 192.168.1.65:5071;branch=z9hG4bKce6095344ab36e32891eecf658758ef7
CSeq: 2 BYE
Servlet-Name: Proxy
Expires: 0
To: <sip:bob@192.168.1.65:5072>;tag=2092320692
Method-Name: testProxyTo101
From: <sip:alice@192.168.1.65>;tag=2128488077
Call-ID: 5cd9df8e1e07e087a5b388c4f6f7bab6@192.168.1.65
Max-Forwards: 70
Content-Length: 0


SIPUNIT TRACE:  1366052956753  SipSession: notifying block object
SIPUNIT TRACE:  1366052956753  SS.waitRequest() - we've come out of the block
SIPUNIT TRACE:  1366052956753  SS.waitRequest() - either we got the request, or timed out
SIPUNIT TRACE:  1366052956754  Response before sending out through stack..........
SIPUNIT TRACE:  1366052956754  SIP/2.0 200 OK
Via: SIP/2.0/UDP 192.168.1.65:5071;branch=z9hG4bKce6095344ab36e32891eecf658758ef7
CSeq: 2 BYE
To: <sip:bob@192.168.1.65:5072>;tag=2092320692
From: <sip:alice@192.168.1.65>;tag=2128488077
Call-ID: 5cd9df8e1e07e087a5b388c4f6f7bab6@192.168.1.65
Contact: <sip:bob@192.168.1.65:5072;transport=udp;lr>
Expires: 0
Content-Length: 0


SIPUNIT TRACE:  1366052956760  Asynchronous response received: SIP/2.0 200 OK
Via: SIP/2.0/UDP 192.168.1.65:5071;branch=z9hG4bKce6095344ab36e32891eecf658758ef7
CSeq: 2 BYE
To: <sip:bob@192.168.1.65:5072>;tag=2092320692
From: <sip:alice@192.168.1.65>;tag=2128488077
Call-ID: 5cd9df8e1e07e087a5b388c4f6f7bab6@192.168.1.65
Contact: <sip:bob@192.168.1.65:5072;lr;transport=udp>
Expires: 0
Content-Length: 0


SIPUNIT TRACE:  1366052956765  SipStack: request received !
[2013-04-15 20:09:19,770] ProxyTest:1008 INFO  - === testProxyTo102() ===
SIPUNIT TRACE:  1366052959775  INVITE after sending out through stack..........
SIPUNIT TRACE:  1366052959775  INVITE sip:bob@192.168.1.65:5072 SIP/2.0
Call-ID: c05f375bec0af57885c49f6a913925e4@192.168.1.65
CSeq: 1 INVITE
From: <sip:alice@192.168.1.65>;tag=1478484492
To: <sip:bob@192.168.1.65:5072>
Via: SIP/2.0/UDP 192.168.1.65:5071;branch=z9hG4bK3943b1b27830c2dc781913679143cb10
Max-Forwards: 70
Contact: <sip:alice@192.168.1.65:5071;transport=udp;lr>
Route: <sip:localhost:5060;lr;transport=udp>,"Bob" <sip:bob@192.168.1.65:5072;lr>
Servlet-Name: Proxy
Method-Name: testProxyTo102
Application-Name: com.bea.sipservlet.tck.apps.apitestapp
Content-Length: 0


SIPUNIT TRACE:  1366052959776  RouteHeader address: <sip:localhost:5060;lr;transport=udp>
SIPUNIT TRACE:  1366052959776  RouteHeader address: "Bob" <sip:bob@192.168.1.65:5072;lr>
SIPUNIT TRACE:  1366052959776  SS.waitRequest() - about to block, waiting
SIPUNIT TRACE:  1366052959788  SipStack: request received !
SIPUNIT TRACE:  1366052959788  SipStack: calling listener
SIPUNIT TRACE:  1366052959788  SipSession: request received !
SIPUNIT TRACE:  1366052959788       me ('To' check) = sip:bob@192.168.1.65
SIPUNIT TRACE:  1366052959788       my local contact info ('Request URI' check) = sip:bob@192.168.1.65:5072;transport=udp;lr
SIPUNIT TRACE:  1366052959788       INVITE sip:bob@192.168.1.65:5072 SIP/2.0
Servlet-Name: Proxy
To: <sip:bob@192.168.1.65:5072>
Contact: <sip:alice@192.168.1.65:5071;lr;transport=udp>
Method-Name: testProxyTo102
From: <sip:alice@192.168.1.65>;tag=1478484492
Call-ID: c05f375bec0af57885c49f6a913925e4@192.168.1.65
Via: SIP/2.0/UDP 192.168.1.65:5060;branch=z9hG4bKltmngak2vg-9oub-l2fo66ii2h!yeq;maddr=192.168.1.65,SIP/2.0/UDP 192.168.1.65:5071;branch=z9hG4bK3943b1b27830c2dc781913679143cb10
Route: <sip:localhost:5060;transport=udp;lr>,"Bob" <sip:bob@192.168.1.65:5072;lr>
Max-Forwards: 69
CSeq: 1 INVITE
Content-Length: 0


SIPUNIT TRACE:  1366052959789  SipSession: notifying block object
SIPUNIT TRACE:  1366052959789  SS.waitRequest() - we've come out of the block
SIPUNIT TRACE:  1366052959789  SS.waitRequest() - either we got the request, or timed out
SIPUNIT TRACE:  1366052959789  INVITE after received by stack..........
SIPUNIT TRACE:  1366052959789  INVITE sip:bob@192.168.1.65:5072 SIP/2.0
Servlet-Name: Proxy
To: <sip:bob@192.168.1.65:5072>
Contact: <sip:alice@192.168.1.65:5071;lr;transport=udp>
Method-Name: testProxyTo102
From: <sip:alice@192.168.1.65>;tag=1478484492
Call-ID: c05f375bec0af57885c49f6a913925e4@192.168.1.65
Via: SIP/2.0/UDP 192.168.1.65:5060;branch=z9hG4bKltmngak2vg-9oub-l2fo66ii2h!yeq;maddr=192.168.1.65,SIP/2.0/UDP 192.168.1.65:5071;branch=z9hG4bK3943b1b27830c2dc781913679143cb10
Route: <sip:localhost:5060;transport=udp;lr>,"Bob" <sip:bob@192.168.1.65:5072;lr>
Max-Forwards: 69
CSeq: 1 INVITE
Content-Length: 0


SIPUNIT TRACE:  1366052959789  RouteHeader address: <sip:localhost:5060;transport=udp;lr>
SIPUNIT TRACE:  1366052959789  RouteHeader address: "Bob" <sip:bob@192.168.1.65:5072;lr>
SIPUNIT TRACE:  1366052959791  Response before sending out through stack..........
SIPUNIT TRACE:  1366052959791  SIP/2.0 200 OK
To: <sip:bob@192.168.1.65:5072>;tag=2132513602
From: <sip:alice@192.168.1.65>;tag=1478484492
Call-ID: c05f375bec0af57885c49f6a913925e4@192.168.1.65
Via: SIP/2.0/UDP 192.168.1.65:5060;branch=z9hG4bKltmngak2vg-9oub-l2fo66ii2h!yeq;maddr=192.168.1.65,SIP/2.0/UDP 192.168.1.65:5071;branch=z9hG4bK3943b1b27830c2dc781913679143cb10
CSeq: 1 INVITE
Contact: <sip:bob@192.168.1.65:5072;transport=udp;lr>
Expires: 0
Route: "Bob" <sip:bob@192.168.1.65:5072;lr>
Content-Length: 0


SIPUNIT TRACE:  1366052959791  RouteHeader address: "Bob" <sip:bob@192.168.1.65:5072;lr>
SIPUNIT TRACE:  1366052959794  Outgoing call response received: SIP/2.0 100 Trying
To: <sip:bob@192.168.1.65:5072>
From: <sip:alice@192.168.1.65>;tag=1478484492
Via: SIP/2.0/UDP 192.168.1.65:5071;branch=z9hG4bK3943b1b27830c2dc781913679143cb10
Call-ID: c05f375bec0af57885c49f6a913925e4@192.168.1.65
Server: Elaina
CSeq: 1 INVITE
Content-Length: 0


SIPUNIT TRACE:  1366052959803  Outgoing call response received: SIP/2.0 200 OK
Expires: 0
Contact: <sip:bob@192.168.1.65:5072;lr;transport=udp>
To: <sip:bob@192.168.1.65:5072>;tag=2132513602
From: <sip:alice@192.168.1.65>;tag=1478484492
Via: SIP/2.0/UDP 192.168.1.65:5071;branch=z9hG4bK3943b1b27830c2dc781913679143cb10
Call-ID: c05f375bec0af57885c49f6a913925e4@192.168.1.65
Route: "Bob" <sip:bob@192.168.1.65:5072;lr>
CSeq: 1 INVITE
Content-Length: 0


SIPUNIT TRACE:  1366052959908  SS.waitRequest() - about to block, waiting
SIPUNIT TRACE:  1366052959913  SipStack: request received !
SIPUNIT TRACE:  1366052959913  SipStack: calling listener
SIPUNIT TRACE:  1366052959913  SipSession: request received !
SIPUNIT TRACE:  1366052959913       me ('To' check) = sip:bob@192.168.1.65
SIPUNIT TRACE:  1366052959913       my local contact info ('Request URI' check) = sip:bob@192.168.1.65:5072;transport=udp;lr
SIPUNIT TRACE:  1366052959913       ACK sip:bob@192.168.1.65:5072;lr;transport=udp SIP/2.0
Via: SIP/2.0/UDP 192.168.1.65:5071;branch=z9hG4bK49a63ba81d1a5a541dfd95b535a6f60c
CSeq: 1 ACK
Expires: 0
To: <sip:bob@192.168.1.65:5072>;tag=2132513602
From: <sip:alice@192.168.1.65>;tag=1478484492
Call-ID: c05f375bec0af57885c49f6a913925e4@192.168.1.65
Max-Forwards: 70
Servlet-Name: Proxy
private-uri: testProxyTo102
Content-Length: 0


SIPUNIT TRACE:  1366052959913  SipSession: notifying block object
SIPUNIT TRACE:  1366052959913  SS.waitRequest() - we've come out of the block
SIPUNIT TRACE:  1366052959913  SS.waitRequest() - either we got the request, or timed out
SIPUNIT TRACE:  1366052959923  SipStack: request received !
SIPUNIT TRACE:  1366052959923  SipStack: calling listener
SIPUNIT TRACE:  1366052959923  SipSession: request received !
SIPUNIT TRACE:  1366052959923       me ('To' check) = sip:bob@192.168.1.65
SIPUNIT TRACE:  1366052959923       my local contact info ('Request URI' check) = sip:bob@192.168.1.65:5072;transport=udp;lr
SIPUNIT TRACE:  1366052959923       BYE sip:bob@192.168.1.65:5072;lr;transport=udp SIP/2.0
Via: SIP/2.0/UDP 192.168.1.65:5071;branch=z9hG4bK2ac2fea634081f53e7b8a3825baac952
CSeq: 2 BYE
Expires: 0
To: <sip:bob@192.168.1.65:5072>;tag=2132513602
From: <sip:alice@192.168.1.65>;tag=1478484492
Call-ID: c05f375bec0af57885c49f6a913925e4@192.168.1.65
Max-Forwards: 70
Content-Length: 0


SIPUNIT TRACE:  1366052959923  SipSession: not interested in blocking requests
[2013-04-15 20:09:22,941] ProxyTest:1008 INFO  - === testProxyTo103() ===
SIPUNIT TRACE:  1366052962946  INVITE after sending out through stack..........
SIPUNIT TRACE:  1366052962946  INVITE sip:bob@192.168.1.65:5072 SIP/2.0
Call-ID: be1756a7f659864fe87b426623627693@192.168.1.65
CSeq: 1 INVITE
From: <sip:alice@192.168.1.65>;tag=748452676
To: <sip:bob@192.168.1.65:5072>
Via: SIP/2.0/UDP 192.168.1.65:5071;branch=z9hG4bKbe6a951dd3ac647ecc84ee221e947865
Max-Forwards: 70
Contact: <sip:alice@192.168.1.65:5071;transport=udp;lr>
Route: <sip:localhost:5060;lr;transport=udp>
Servlet-Name: Proxy
Method-Name: testProxyTo103
Application-Name: com.bea.sipservlet.tck.apps.apitestapp
Content-Length: 0


SIPUNIT TRACE:  1366052962946  RouteHeader address: <sip:localhost:5060;lr;transport=udp>
SIPUNIT TRACE:  1366052962946  SS.waitRequest() - about to block, waiting
SIPUNIT TRACE:  1366052962959  SipStack: request received !
SIPUNIT TRACE:  1366052962959  SipStack: calling listener
SIPUNIT TRACE:  1366052962959  SipSession: request received !
SIPUNIT TRACE:  1366052962959       me ('To' check) = sip:bob@192.168.1.65
SIPUNIT TRACE:  1366052962959       my local contact info ('Request URI' check) = sip:bob@192.168.1.65:5072;transport=udp;lr
SIPUNIT TRACE:  1366052962959       INVITE sip:bob@192.168.1.65:5072 SIP/2.0
Servlet-Name: Proxy
To: <sip:bob@192.168.1.65:5072>
Contact: <sip:alice@192.168.1.65:5071;lr;transport=udp>
Method-Name: testProxyTo103
From: <sip:alice@192.168.1.65>;tag=748452676
Call-ID: be1756a7f659864fe87b426623627693@192.168.1.65
Via: SIP/2.0/UDP 192.168.1.65:5060;branch=z9hG4bKof0n9q2qqk_u6um6!y89fekmqjwr5f;maddr=192.168.1.65,SIP/2.0/UDP 192.168.1.65:5071;branch=z9hG4bKbe6a951dd3ac647ecc84ee221e947865
Route: <sip:localhost:5060;transport=udp;lr>
Max-Forwards: 69
Test-Result: OK
CSeq: 1 INVITE
Content-Length: 0


SIPUNIT TRACE:  1366052962960  SipSession: notifying block object
SIPUNIT TRACE:  1366052962960  SS.waitRequest() - we've come out of the block
SIPUNIT TRACE:  1366052962960  SS.waitRequest() - either we got the request, or timed out
SIPUNIT TRACE:  1366052962960  INVITE after received by stack..........
SIPUNIT TRACE:  1366052962960  INVITE sip:bob@192.168.1.65:5072 SIP/2.0
Servlet-Name: Proxy
To: <sip:bob@192.168.1.65:5072>
Contact: <sip:alice@192.168.1.65:5071;lr;transport=udp>
Method-Name: testProxyTo103
From: <sip:alice@192.168.1.65>;tag=748452676
Call-ID: be1756a7f659864fe87b426623627693@192.168.1.65
Via: SIP/2.0/UDP 192.168.1.65:5060;branch=z9hG4bKof0n9q2qqk_u6um6!y89fekmqjwr5f;maddr=192.168.1.65,SIP/2.0/UDP 192.168.1.65:5071;branch=z9hG4bKbe6a951dd3ac647ecc84ee221e947865
Route: <sip:localhost:5060;transport=udp;lr>
Max-Forwards: 69
Test-Result: OK
CSeq: 1 INVITE
Content-Length: 0


SIPUNIT TRACE:  1366052962960  RouteHeader address: <sip:localhost:5060;transport=udp;lr>
SIPUNIT TRACE:  1366052962962  Response before sending out through stack..........
SIPUNIT TRACE:  1366052962962  SIP/2.0 200 OK
To: <sip:bob@192.168.1.65:5072>;tag=707922598
From: <sip:alice@192.168.1.65>;tag=748452676
Call-ID: be1756a7f659864fe87b426623627693@192.168.1.65
Via: SIP/2.0/UDP 192.168.1.65:5060;branch=z9hG4bKof0n9q2qqk_u6um6!y89fekmqjwr5f;maddr=192.168.1.65,SIP/2.0/UDP 192.168.1.65:5071;branch=z9hG4bKbe6a951dd3ac647ecc84ee221e947865
CSeq: 1 INVITE
Contact: <sip:bob@192.168.1.65:5072;transport=udp;lr>
Expires: 0
Servlet-Name: Proxy
Method-Name: testProxyTo103
Content-Length: 0


SIPUNIT TRACE:  1366052962965  Outgoing call response received: SIP/2.0 100 Trying
To: <sip:bob@192.168.1.65:5072>
From: <sip:alice@192.168.1.65>;tag=748452676
Via: SIP/2.0/UDP 192.168.1.65:5071;branch=z9hG4bKbe6a951dd3ac647ecc84ee221e947865
Call-ID: be1756a7f659864fe87b426623627693@192.168.1.65
Server: Elaina
CSeq: 1 INVITE
Content-Length: 0


SIPUNIT TRACE:  1366052962974  Outgoing call response received: SIP/2.0 200 OK
Servlet-Name: Proxy
Expires: 0
Contact: <sip:bob@192.168.1.65:5072;lr;transport=udp>
To: <sip:bob@192.168.1.65:5072>;tag=707922598
Method-Name: testProxyTo103
From: <sip:alice@192.168.1.65>;tag=748452676
Via: SIP/2.0/UDP 192.168.1.65:5071;branch=z9hG4bKbe6a951dd3ac647ecc84ee221e947865
Call-ID: be1756a7f659864fe87b426623627693@192.168.1.65
CSeq: 1 INVITE
Content-Length: 0


SIPUNIT TRACE:  1366052963080  SS.waitRequest() - about to block, waiting
SIPUNIT TRACE:  1366052963084  SipStack: request received !
SIPUNIT TRACE:  1366052963084  SipStack: calling listener
SIPUNIT TRACE:  1366052963084  SipSession: request received !
SIPUNIT TRACE:  1366052963084       me ('To' check) = sip:bob@192.168.1.65
SIPUNIT TRACE:  1366052963084       my local contact info ('Request URI' check) = sip:bob@192.168.1.65:5072;transport=udp;lr
SIPUNIT TRACE:  1366052963085       ACK sip:bob@192.168.1.65:5072;lr;transport=udp SIP/2.0
Via: SIP/2.0/UDP 192.168.1.65:5071;branch=z9hG4bK2e820281a07c58e1e9642c92066bd759
CSeq: 1 ACK
Servlet-Name: Proxy
Expires: 0
To: <sip:bob@192.168.1.65:5072>;tag=707922598
Method-Name: testProxyTo103
From: <sip:alice@192.168.1.65>;tag=748452676
Call-ID: be1756a7f659864fe87b426623627693@192.168.1.65
Max-Forwards: 70
Route: "Bob" <sip:bob@192.168.1.65:5072;lr>
Content-Length: 0


SIPUNIT TRACE:  1366052963085  SipSession: notifying block object
SIPUNIT TRACE:  1366052963085  SS.waitRequest() - we've come out of the block
SIPUNIT TRACE:  1366052963085  SS.waitRequest() - either we got the request, or timed out
SIPUNIT TRACE:  1366052963088  SS.waitRequest() - about to block, waiting
SIPUNIT TRACE:  1366052963091  SipStack: request received !
SIPUNIT TRACE:  1366052963091  SipStack: calling listener
SIPUNIT TRACE:  1366052963091  SipSession: request received !
SIPUNIT TRACE:  1366052963092       me ('To' check) = sip:bob@192.168.1.65
SIPUNIT TRACE:  1366052963092       my local contact info ('Request URI' check) = sip:bob@192.168.1.65:5072;transport=udp;lr
SIPUNIT TRACE:  1366052963092       BYE sip:bob@192.168.1.65:5072;lr;transport=udp SIP/2.0
Via: SIP/2.0/UDP 192.168.1.65:5071;branch=z9hG4bK8e1d2f86e31489e07f2b549dfb82f59b
CSeq: 2 BYE
Servlet-Name: Proxy
Expires: 0
To: <sip:bob@192.168.1.65:5072>;tag=707922598
Method-Name: testProxyTo103
From: <sip:alice@192.168.1.65>;tag=748452676
Call-ID: be1756a7f659864fe87b426623627693@192.168.1.65
Max-Forwards: 70
Content-Length: 0


SIPUNIT TRACE:  1366052963092  SipSession: notifying block object
SIPUNIT TRACE:  1366052963092  SS.waitRequest() - we've come out of the block
SIPUNIT TRACE:  1366052963092  SS.waitRequest() - either we got the request, or timed out
SIPUNIT TRACE:  1366052963092  Response before sending out through stack..........
SIPUNIT TRACE:  1366052963092  SIP/2.0 200 OK
Via: SIP/2.0/UDP 192.168.1.65:5071;branch=z9hG4bK8e1d2f86e31489e07f2b549dfb82f59b
CSeq: 2 BYE
To: <sip:bob@192.168.1.65:5072>;tag=707922598
From: <sip:alice@192.168.1.65>;tag=748452676
Call-ID: be1756a7f659864fe87b426623627693@192.168.1.65
Contact: <sip:bob@192.168.1.65:5072;transport=udp;lr>
Expires: 0
Content-Length: 0


SIPUNIT TRACE:  1366052963099  Asynchronous response received: SIP/2.0 200 OK
Via: SIP/2.0/UDP 192.168.1.65:5071;branch=z9hG4bK8e1d2f86e31489e07f2b549dfb82f59b
CSeq: 2 BYE
To: <sip:bob@192.168.1.65:5072>;tag=707922598
From: <sip:alice@192.168.1.65>;tag=748452676
Call-ID: be1756a7f659864fe87b426623627693@192.168.1.65
Contact: <sip:bob@192.168.1.65:5072;lr;transport=udp>
Expires: 0
Content-Length: 0


SIPUNIT TRACE:  1366052963105  SipStack: request received !
[2013-04-15 20:09:26,110] ProxyTest:1008 INFO  - === testProxyTo104() ===
SIPUNIT TRACE:  1366052966116  INVITE after sending out through stack..........
SIPUNIT TRACE:  1366052966116  INVITE sip:bob@192.168.1.65:5072 SIP/2.0
Call-ID: 11a23cd8b81bce84bd7938f5137ca207@192.168.1.65
CSeq: 1 INVITE
From: <sip:alice@192.168.1.65>;tag=321846222
To: <sip:bob@192.168.1.65:5072>
Via: SIP/2.0/UDP 192.168.1.65:5071;branch=z9hG4bK377754e29f07132422e72b4360d98fb6
Max-Forwards: 70
Contact: <sip:alice@192.168.1.65:5071;transport=udp;lr>
Route: <sip:localhost:5060;lr;transport=udp>,"Bob" <sip:bob@192.168.1.65:5072;lr>
Servlet-Name: Proxy
Method-Name: testProxyTo104
Application-Name: com.bea.sipservlet.tck.apps.apitestapp
Content-Length: 0


SIPUNIT TRACE:  1366052966117  RouteHeader address: <sip:localhost:5060;lr;transport=udp>
SIPUNIT TRACE:  1366052966117  RouteHeader address: "Bob" <sip:bob@192.168.1.65:5072;lr>
SIPUNIT TRACE:  1366052966117  SS.waitRequest() - about to block, waiting
SIPUNIT TRACE:  1366052966140  SipStack: request received !
SIPUNIT TRACE:  1366052966140  SipStack: calling listener
SIPUNIT TRACE:  1366052966140  SipSession: request received !
SIPUNIT TRACE:  1366052966140       me ('To' check) = sip:bob@192.168.1.65
SIPUNIT TRACE:  1366052966140       my local contact info ('Request URI' check) = sip:bob@192.168.1.65:5072;transport=udp;lr
SIPUNIT TRACE:  1366052966140       INVITE sip:bob@192.168.1.65:5072 SIP/2.0
Servlet-Name: Proxy
To: <sip:bob@192.168.1.65:5072>
Contact: <sip:alice@192.168.1.65:5071;lr;transport=udp>
Method-Name: testProxyTo104
From: <sip:alice@192.168.1.65>;tag=321846222
Call-ID: 11a23cd8b81bce84bd7938f5137ca207@192.168.1.65
Via: SIP/2.0/UDP 192.168.1.65:5060;branch=z9hG4bK_z7+zo8ti90futmf+rrvedbnch24v!;maddr=192.168.1.65,SIP/2.0/UDP 192.168.1.65:5071;branch=z9hG4bK377754e29f07132422e72b4360d98fb6
Route: <sip:localhost:5060;transport=udp;lr>,"Bob" <sip:bob@192.168.1.65:5072;lr>
Max-Forwards: 69
Test-Result: OK
CSeq: 1 INVITE
Content-Length: 0


SIPUNIT TRACE:  1366052966140  SipSession: notifying block object
SIPUNIT TRACE:  1366052966140  SS.waitRequest() - we've come out of the block
SIPUNIT TRACE:  1366052966140  SS.waitRequest() - either we got the request, or timed out
SIPUNIT TRACE:  1366052966140  INVITE after received by stack..........
SIPUNIT TRACE:  1366052966140  INVITE sip:bob@192.168.1.65:5072 SIP/2.0
Servlet-Name: Proxy
To: <sip:bob@192.168.1.65:5072>
Contact: <sip:alice@192.168.1.65:5071;lr;transport=udp>
Method-Name: testProxyTo104
From: <sip:alice@192.168.1.65>;tag=321846222
Call-ID: 11a23cd8b81bce84bd7938f5137ca207@192.168.1.65
Via: SIP/2.0/UDP 192.168.1.65:5060;branch=z9hG4bK_z7+zo8ti90futmf+rrvedbnch24v!;maddr=192.168.1.65,SIP/2.0/UDP 192.168.1.65:5071;branch=z9hG4bK377754e29f07132422e72b4360d98fb6
Route: <sip:localhost:5060;transport=udp;lr>,"Bob" <sip:bob@192.168.1.65:5072;lr>
Max-Forwards: 69
Test-Result: OK
CSeq: 1 INVITE
Content-Length: 0


SIPUNIT TRACE:  1366052966140  RouteHeader address: <sip:localhost:5060;transport=udp;lr>
SIPUNIT TRACE:  1366052966140  RouteHeader address: "Bob" <sip:bob@192.168.1.65:5072;lr>
SIPUNIT TRACE:  1366052966143  Response before sending out through stack..........
SIPUNIT TRACE:  1366052966143  SIP/2.0 200 OK
To: <sip:bob@192.168.1.65:5072>;tag=406341416
From: <sip:alice@192.168.1.65>;tag=321846222
Call-ID: 11a23cd8b81bce84bd7938f5137ca207@192.168.1.65
Via: SIP/2.0/UDP 192.168.1.65:5060;branch=z9hG4bK_z7+zo8ti90futmf+rrvedbnch24v!;maddr=192.168.1.65,SIP/2.0/UDP 192.168.1.65:5071;branch=z9hG4bK377754e29f07132422e72b4360d98fb6
CSeq: 1 INVITE
Contact: <sip:bob@192.168.1.65:5072;transport=udp;lr>
Expires: 0
Servlet-Name: Proxy
Method-Name: testProxyTo104
Content-Length: 0


SIPUNIT TRACE:  1366052966148  Outgoing call response received: SIP/2.0 100 Trying
To: <sip:bob@192.168.1.65:5072>
From: <sip:alice@192.168.1.65>;tag=321846222
Via: SIP/2.0/UDP 192.168.1.65:5071;branch=z9hG4bK377754e29f07132422e72b4360d98fb6
Call-ID: 11a23cd8b81bce84bd7938f5137ca207@192.168.1.65
Server: Elaina
CSeq: 1 INVITE
Content-Length: 0


SIPUNIT TRACE:  1366052966160  Outgoing call response received: SIP/2.0 200 OK
Servlet-Name: Proxy
Expires: 0
Contact: <sip:bob@192.168.1.65:5072;lr;transport=udp>
To: <sip:bob@192.168.1.65:5072>;tag=406341416
Method-Name: testProxyTo104
From: <sip:alice@192.168.1.65>;tag=321846222
Via: SIP/2.0/UDP 192.168.1.65:5071;branch=z9hG4bK377754e29f07132422e72b4360d98fb6
Call-ID: 11a23cd8b81bce84bd7938f5137ca207@192.168.1.65
CSeq: 1 INVITE
Content-Length: 0


SIPUNIT TRACE:  1366052966264  SS.waitRequest() - about to block, waiting
SIPUNIT TRACE:  1366052966269  SipStack: request received !
SIPUNIT TRACE:  1366052966269  SipStack: calling listener
SIPUNIT TRACE:  1366052966269  SipSession: request received !
SIPUNIT TRACE:  1366052966269       me ('To' check) = sip:bob@192.168.1.65
SIPUNIT TRACE:  1366052966269       my local contact info ('Request URI' check) = sip:bob@192.168.1.65:5072;transport=udp;lr
SIPUNIT TRACE:  1366052966269       ACK sip:bob@192.168.1.65:5072;lr;transport=udp SIP/2.0
Via: SIP/2.0/UDP 192.168.1.65:5071;branch=z9hG4bKb48a6fc76cbe46abecafc01abaf4c248
CSeq: 1 ACK
Servlet-Name: Proxy
Expires: 0
To: <sip:bob@192.168.1.65:5072>;tag=406341416
Method-Name: testProxyTo104
From: <sip:alice@192.168.1.65>;tag=321846222
Call-ID: 11a23cd8b81bce84bd7938f5137ca207@192.168.1.65
Max-Forwards: 70
Route: "Bob" <sip:bob@192.168.1.65:5072;lr>
Content-Length: 0


SIPUNIT TRACE:  1366052966269  SipSession: notifying block object
SIPUNIT TRACE:  1366052966269  SS.waitRequest() - we've come out of the block
SIPUNIT TRACE:  1366052966269  SS.waitRequest() - either we got the request, or timed out
SIPUNIT TRACE:  1366052966273  SS.waitRequest() - about to block, waiting
SIPUNIT TRACE:  1366052966276  SipStack: request received !
SIPUNIT TRACE:  1366052966276  SipStack: calling listener
SIPUNIT TRACE:  1366052966276  SipSession: request received !
SIPUNIT TRACE:  1366052966276       me ('To' check) = sip:bob@192.168.1.65
SIPUNIT TRACE:  1366052966276       my local contact info ('Request URI' check) = sip:bob@192.168.1.65:5072;transport=udp;lr
SIPUNIT TRACE:  1366052966276       BYE sip:bob@192.168.1.65:5072;lr;transport=udp SIP/2.0
Via: SIP/2.0/UDP 192.168.1.65:5071;branch=z9hG4bK607be55abae7e9aa56075fbee6504a00
CSeq: 2 BYE
Servlet-Name: Proxy
Expires: 0
To: <sip:bob@192.168.1.65:5072>;tag=406341416
Method-Name: testProxyTo104
From: <sip:alice@192.168.1.65>;tag=321846222
Call-ID: 11a23cd8b81bce84bd7938f5137ca207@192.168.1.65
Max-Forwards: 70
Content-Length: 0


SIPUNIT TRACE:  1366052966276  SipSession: notifying block object
SIPUNIT TRACE:  1366052966276  SS.waitRequest() - we've come out of the block
SIPUNIT TRACE:  1366052966277  SS.waitRequest() - either we got the request, or timed out
SIPUNIT TRACE:  1366052966277  Response before sending out through stack..........
SIPUNIT TRACE:  1366052966277  SIP/2.0 200 OK
Via: SIP/2.0/UDP 192.168.1.65:5071;branch=z9hG4bK607be55abae7e9aa56075fbee6504a00
CSeq: 2 BYE
To: <sip:bob@192.168.1.65:5072>;tag=406341416
From: <sip:alice@192.168.1.65>;tag=321846222
Call-ID: 11a23cd8b81bce84bd7938f5137ca207@192.168.1.65
Contact: <sip:bob@192.168.1.65:5072;transport=udp;lr>
Expires: 0
Content-Length: 0


SIPUNIT TRACE:  1366052966285  Asynchronous response received: SIP/2.0 200 OK
Via: SIP/2.0/UDP 192.168.1.65:5071;branch=z9hG4bK607be55abae7e9aa56075fbee6504a00
CSeq: 2 BYE
To: <sip:bob@192.168.1.65:5072>;tag=406341416
From: <sip:alice@192.168.1.65>;tag=321846222
Call-ID: 11a23cd8b81bce84bd7938f5137ca207@192.168.1.65
Contact: <sip:bob@192.168.1.65:5072;lr;transport=udp>
Expires: 0
Content-Length: 0


SIPUNIT TRACE:  1366052966290  SipStack: request received !
[2013-04-15 20:09:29,296] ProxyTest:1008 INFO  - === testProxyTo105() ===
SIPUNIT TRACE:  1366052969301  INVITE after sending out through stack..........
SIPUNIT TRACE:  1366052969301  INVITE sip:bob@192.168.1.65:5072 SIP/2.0
Call-ID: 79651b2a27dfab260c6305d81dc2b647@192.168.1.65
CSeq: 1 INVITE
From: <sip:alice@192.168.1.65>;tag=489414138
To: <sip:bob@192.168.1.65:5072>
Via: SIP/2.0/UDP 192.168.1.65:5071;branch=z9hG4bKa06badfdc337a73599ee15d567cdeb7e
Max-Forwards: 70
Contact: <sip:alice@192.168.1.65:5071;transport=udp;lr>
Route: <sip:localhost:5060;lr;transport=udp>,"Bob" <sip:bob@192.168.1.65:5072;lr>
Servlet-Name: Proxy
Method-Name: testProxyTo105
Application-Name: com.bea.sipservlet.tck.apps.apitestapp
Content-Length: 0


SIPUNIT TRACE:  1366052969301  RouteHeader address: <sip:localhost:5060;lr;transport=udp>
SIPUNIT TRACE:  1366052969301  RouteHeader address: "Bob" <sip:bob@192.168.1.65:5072;lr>
SIPUNIT TRACE:  1366052969301  SS.waitRequest() - about to block, waiting
SIPUNIT TRACE:  1366052969313  SipStack: request received !
SIPUNIT TRACE:  1366052969313  SipStack: calling listener
SIPUNIT TRACE:  1366052969313  SipSession: request received !
SIPUNIT TRACE:  1366052969313       me ('To' check) = sip:bob@192.168.1.65
SIPUNIT TRACE:  1366052969313       my local contact info ('Request URI' check) = sip:bob@192.168.1.65:5072;transport=udp;lr
SIPUNIT TRACE:  1366052969313       INVITE sip:bob@192.168.1.65:5072 SIP/2.0
Servlet-Name: Proxy
To: <sip:bob@192.168.1.65:5072>
Contact: <sip:alice@192.168.1.65:5071;lr;transport=udp>
Method-Name: testProxyTo105
From: <sip:alice@192.168.1.65>;tag=489414138
Call-ID: 79651b2a27dfab260c6305d81dc2b647@192.168.1.65
Via: SIP/2.0/UDP 192.168.1.65:5060;branch=z9hG4bKhy8_t709djyk3vxwul4md!mgru61z4;maddr=192.168.1.65,SIP/2.0/UDP 192.168.1.65:5071;branch=z9hG4bKa06badfdc337a73599ee15d567cdeb7e
Route: <sip:localhost:5060;transport=udp;lr>,"Bob" <sip:bob@192.168.1.65:5072;lr>
Max-Forwards: 69
CSeq: 1 INVITE
Content-Length: 0


SIPUNIT TRACE:  1366052969313  SipSession: notifying block object
SIPUNIT TRACE:  1366052969313  SS.waitRequest() - we've come out of the block
SIPUNIT TRACE:  1366052969313  SS.waitRequest() - either we got the request, or timed out
SIPUNIT TRACE:  1366052969313  INVITE after received by stack..........
SIPUNIT TRACE:  1366052969313  INVITE sip:bob@192.168.1.65:5072 SIP/2.0
Servlet-Name: Proxy
To: <sip:bob@192.168.1.65:5072>
Contact: <sip:alice@192.168.1.65:5071;lr;transport=udp>
Method-Name: testProxyTo105
From: <sip:alice@192.168.1.65>;tag=489414138
Call-ID: 79651b2a27dfab260c6305d81dc2b647@192.168.1.65
Via: SIP/2.0/UDP 192.168.1.65:5060;branch=z9hG4bKhy8_t709djyk3vxwul4md!mgru61z4;maddr=192.168.1.65,SIP/2.0/UDP 192.168.1.65:5071;branch=z9hG4bKa06badfdc337a73599ee15d567cdeb7e
Route: <sip:localhost:5060;transport=udp;lr>,"Bob" <sip:bob@192.168.1.65:5072;lr>
Max-Forwards: 69
CSeq: 1 INVITE
Content-Length: 0


SIPUNIT TRACE:  1366052969313  RouteHeader address: <sip:localhost:5060;transport=udp;lr>
SIPUNIT TRACE:  1366052969313  RouteHeader address: "Bob" <sip:bob@192.168.1.65:5072;lr>
SIPUNIT TRACE:  1366052969315  Response before sending out through stack..........
SIPUNIT TRACE:  1366052969315  SIP/2.0 200 OK
To: <sip:bob@192.168.1.65:5072>;tag=1945789412
From: <sip:alice@192.168.1.65>;tag=489414138
Call-ID: 79651b2a27dfab260c6305d81dc2b647@192.168.1.65
Via: SIP/2.0/UDP 192.168.1.65:5060;branch=z9hG4bKhy8_t709djyk3vxwul4md!mgru61z4;maddr=192.168.1.65,SIP/2.0/UDP 192.168.1.65:5071;branch=z9hG4bKa06badfdc337a73599ee15d567cdeb7e
CSeq: 1 INVITE
Contact: <sip:bob@192.168.1.65:5072;transport=udp;lr>
Expires: 0
Route: "Bob" <sip:bob@192.168.1.65:5072;lr>
Content-Length: 0


SIPUNIT TRACE:  1366052969315  RouteHeader address: "Bob" <sip:bob@192.168.1.65:5072;lr>
SIPUNIT TRACE:  1366052969318  Outgoing call response received: SIP/2.0 100 Trying
To: <sip:bob@192.168.1.65:5072>
From: <sip:alice@192.168.1.65>;tag=489414138
Via: SIP/2.0/UDP 192.168.1.65:5071;branch=z9hG4bKa06badfdc337a73599ee15d567cdeb7e
Call-ID: 79651b2a27dfab260c6305d81dc2b647@192.168.1.65
Server: Elaina
CSeq: 1 INVITE
Content-Length: 0


SIPUNIT TRACE:  1366052969326  Outgoing call response received: SIP/2.0 200 OK
Expires: 0
Contact: <sip:bob@192.168.1.65:5072;lr;transport=udp>
To: <sip:bob@192.168.1.65:5072>;tag=1945789412
From: <sip:alice@192.168.1.65>;tag=489414138
Via: SIP/2.0/UDP 192.168.1.65:5071;branch=z9hG4bKa06badfdc337a73599ee15d567cdeb7e
Call-ID: 79651b2a27dfab260c6305d81dc2b647@192.168.1.65
Route: "Bob" <sip:bob@192.168.1.65:5072;lr>
CSeq: 1 INVITE
Content-Length: 0


SIPUNIT TRACE:  1366052969430  SS.waitRequest() - about to block, waiting
SIPUNIT TRACE:  1366052969434  SipStack: request received !
SIPUNIT TRACE:  1366052969434  SipStack: calling listener
SIPUNIT TRACE:  1366052969434  SipSession: request received !
SIPUNIT TRACE:  1366052969435       me ('To' check) = sip:bob@192.168.1.65
SIPUNIT TRACE:  1366052969435       my local contact info ('Request URI' check) = sip:bob@192.168.1.65:5072;transport=udp;lr
SIPUNIT TRACE:  1366052969435       ACK sip:bob@192.168.1.65:5072;lr;transport=udp SIP/2.0
Via: SIP/2.0/UDP 192.168.1.65:5071;branch=z9hG4bK1d8d23b3641996c4869593ef47a6d06e
CSeq: 1 ACK
Expires: 0
To: <sip:bob@192.168.1.65:5072>;tag=1945789412
From: <sip:alice@192.168.1.65>;tag=489414138
Call-ID: 79651b2a27dfab260c6305d81dc2b647@192.168.1.65
Max-Forwards: 70
Servlet-Name: Proxy
private-uri: testProxyTo105
Content-Length: 0


SIPUNIT TRACE:  1366052969435  SipSession: notifying block object
SIPUNIT TRACE:  1366052969435  SS.waitRequest() - we've come out of the block
SIPUNIT TRACE:  1366052969435  SS.waitRequest() - either we got the request, or timed out
SIPUNIT TRACE:  1366052969442  SipStack: request received !
SIPUNIT TRACE:  1366052969442  SipStack: calling listener
SIPUNIT TRACE:  1366052969442  SipSession: request received !
SIPUNIT TRACE:  1366052969442       me ('To' check) = sip:bob@192.168.1.65
SIPUNIT TRACE:  1366052969442       my local contact info ('Request URI' check) = sip:bob@192.168.1.65:5072;transport=udp;lr
SIPUNIT TRACE:  1366052969442       BYE sip:bob@192.168.1.65:5072;lr;transport=udp SIP/2.0
Via: SIP/2.0/UDP 192.168.1.65:5071;branch=z9hG4bK89234c6d14592048a504762b6e6b0a4c
CSeq: 2 BYE
Expires: 0
To: <sip:bob@192.168.1.65:5072>;tag=1945789412
From: <sip:alice@192.168.1.65>;tag=489414138
Call-ID: 79651b2a27dfab260c6305d81dc2b647@192.168.1.65
Max-Forwards: 70
Content-Length: 0


SIPUNIT TRACE:  1366052969442  SipSession: not interested in blocking requests
[2013-04-15 20:09:32,450] ProxyTest:1008 INFO  - === testProxyTo106() ===
SIPUNIT TRACE:  1366052972455  INVITE after sending out through stack..........
SIPUNIT TRACE:  1366052972456  INVITE sip:bob@192.168.1.65:5072 SIP/2.0
Call-ID: 85429e9a4f9e49396b3720d9a6bfd97a@192.168.1.65
CSeq: 1 INVITE
From: <sip:alice@192.168.1.65>;tag=1489505866
To: <sip:bob@192.168.1.65:5072>
Via: SIP/2.0/UDP 192.168.1.65:5071;branch=z9hG4bK9a7e5c3abebefdca038433347462d10f
Max-Forwards: 70
Contact: <sip:alice@192.168.1.65:5071;transport=udp;lr>
Route: <sip:localhost:5060;lr;transport=udp>
Servlet-Name: Proxy
Method-Name: testProxyTo106
Application-Name: com.bea.sipservlet.tck.apps.apitestapp
Content-Length: 0


SIPUNIT TRACE:  1366052972456  RouteHeader address: <sip:localhost:5060;lr;transport=udp>
SIPUNIT TRACE:  1366052972456  SS.waitRequest() - about to block, waiting
SIPUNIT TRACE:  1366052972467  SipStack: request received !
SIPUNIT TRACE:  1366052972467  SipStack: calling listener
SIPUNIT TRACE:  1366052972467  SipSession: request received !
SIPUNIT TRACE:  1366052972467       me ('To' check) = sip:bob@192.168.1.65
SIPUNIT TRACE:  1366052972467       my local contact info ('Request URI' check) = sip:bob@192.168.1.65:5072;transport=udp;lr
SIPUNIT TRACE:  1366052972467       INVITE sip:bob@192.168.1.65:5072 SIP/2.0
Servlet-Name: Proxy
To: <sip:bob@192.168.1.65:5072>
Contact: <sip:alice@192.168.1.65:5071;lr;transport=udp>
Method-Name: testProxyTo106
From: <sip:alice@192.168.1.65>;tag=1489505866
Call-ID: 85429e9a4f9e49396b3720d9a6bfd97a@192.168.1.65
Via: SIP/2.0/UDP 192.168.1.65:5060;branch=z9hG4bKq8rs_0ow+uor40k263jiivpoflc3._;maddr=192.168.1.65,SIP/2.0/UDP 192.168.1.65:5071;branch=z9hG4bK9a7e5c3abebefdca038433347462d10f
Route: <sip:localhost:5060;transport=udp;lr>
Max-Forwards: 69
Test-Result: OK
CSeq: 1 INVITE
Content-Length: 0


SIPUNIT TRACE:  1366052972467  SipSession: notifying block object
SIPUNIT TRACE:  1366052972467  SS.waitRequest() - we've come out of the block
SIPUNIT TRACE:  1366052972467  SS.waitRequest() - either we got the request, or timed out
SIPUNIT TRACE:  1366052972468  INVITE after received by stack..........
SIPUNIT TRACE:  1366052972468  INVITE sip:bob@192.168.1.65:5072 SIP/2.0
Servlet-Name: Proxy
To: <sip:bob@192.168.1.65:5072>
Contact: <sip:alice@192.168.1.65:5071;lr;transport=udp>
Method-Name: testProxyTo106
From: <sip:alice@192.168.1.65>;tag=1489505866
Call-ID: 85429e9a4f9e49396b3720d9a6bfd97a@192.168.1.65
Via: SIP/2.0/UDP 192.168.1.65:5060;branch=z9hG4bKq8rs_0ow+uor40k263jiivpoflc3._;maddr=192.168.1.65,SIP/2.0/UDP 192.168.1.65:5071;branch=z9hG4bK9a7e5c3abebefdca038433347462d10f
Route: <sip:localhost:5060;transport=udp;lr>
Max-Forwards: 69
Test-Result: OK
CSeq: 1 INVITE
Content-Length: 0


SIPUNIT TRACE:  1366052972468  RouteHeader address: <sip:localhost:5060;transport=udp;lr>
SIPUNIT TRACE:  1366052972469  Response before sending out through stack..........
SIPUNIT TRACE:  1366052972469  SIP/2.0 200 OK
To: <sip:bob@192.168.1.65:5072>;tag=411820573
From: <sip:alice@192.168.1.65>;tag=1489505866
Call-ID: 85429e9a4f9e49396b3720d9a6bfd97a@192.168.1.65
Via: SIP/2.0/UDP 192.168.1.65:5060;branch=z9hG4bKq8rs_0ow+uor40k263jiivpoflc3._;maddr=192.168.1.65,SIP/2.0/UDP 192.168.1.65:5071;branch=z9hG4bK9a7e5c3abebefdca038433347462d10f
CSeq: 1 INVITE
Contact: <sip:bob@192.168.1.65:5072;transport=udp;lr>
Expires: 0
Servlet-Name: Proxy
Method-Name: testProxyTo106
Content-Length: 0


SIPUNIT TRACE:  1366052972472  Outgoing call response received: SIP/2.0 100 Trying
To: <sip:bob@192.168.1.65:5072>
From: <sip:alice@192.168.1.65>;tag=1489505866
Via: SIP/2.0/UDP 192.168.1.65:5071;branch=z9hG4bK9a7e5c3abebefdca038433347462d10f
Call-ID: 85429e9a4f9e49396b3720d9a6bfd97a@192.168.1.65
Server: Elaina
CSeq: 1 INVITE
Content-Length: 0


SIPUNIT TRACE:  1366052972481  Outgoing call response received: SIP/2.0 200 OK
Servlet-Name: Proxy
Expires: 0
Contact: <sip:bob@192.168.1.65:5072;lr;transport=udp>
To: <sip:bob@192.168.1.65:5072>;tag=411820573
Method-Name: testProxyTo106
From: <sip:alice@192.168.1.65>;tag=1489505866
Via: SIP/2.0/UDP 192.168.1.65:5071;branch=z9hG4bK9a7e5c3abebefdca038433347462d10f
Call-ID: 85429e9a4f9e49396b3720d9a6bfd97a@192.168.1.65
CSeq: 1 INVITE
Content-Length: 0


SIPUNIT TRACE:  1366052972584  SS.waitRequest() - about to block, waiting
SIPUNIT TRACE:  1366052972587  SipStack: request received !
SIPUNIT TRACE:  1366052972587  SipStack: calling listener
SIPUNIT TRACE:  1366052972587  SipSession: request received !
SIPUNIT TRACE:  1366052972587       me ('To' check) = sip:bob@192.168.1.65
SIPUNIT TRACE:  1366052972587       my local contact info ('Request URI' check) = sip:bob@192.168.1.65:5072;transport=udp;lr
SIPUNIT TRACE:  1366052972587       ACK sip:bob@192.168.1.65:5072;lr;transport=udp SIP/2.0
Via: SIP/2.0/UDP 192.168.1.65:5071;branch=z9hG4bK2b37b5b438dd19922e781100db3d7003
CSeq: 1 ACK
Servlet-Name: Proxy
Expires: 0
To: <sip:bob@192.168.1.65:5072>;tag=411820573
Method-Name: testProxyTo106
From: <sip:alice@192.168.1.65>;tag=1489505866
Call-ID: 85429e9a4f9e49396b3720d9a6bfd97a@192.168.1.65
Max-Forwards: 70
Route: "Bob" <sip:bob@192.168.1.65:5072;lr>
Content-Length: 0


SIPUNIT TRACE:  1366052972588  SipSession: notifying block object
SIPUNIT TRACE:  1366052972588  SS.waitRequest() - we've come out of the block
SIPUNIT TRACE:  1366052972588  SS.waitRequest() - either we got the request, or timed out
SIPUNIT TRACE:  1366052972591  SS.waitRequest() - about to block, waiting
SIPUNIT TRACE:  1366052972594  SipStack: request received !
SIPUNIT TRACE:  1366052972594  SipStack: calling listener
SIPUNIT TRACE:  1366052972594  SipSession: request received !
SIPUNIT TRACE:  1366052972594       me ('To' check) = sip:bob@192.168.1.65
SIPUNIT TRACE:  1366052972594       my local contact info ('Request URI' check) = sip:bob@192.168.1.65:5072;transport=udp;lr
SIPUNIT TRACE:  1366052972594       BYE sip:bob@192.168.1.65:5072;lr;transport=udp SIP/2.0
Via: SIP/2.0/UDP 192.168.1.65:5071;branch=z9hG4bK24dc12f90bbf7fd0459ca306528eb88a
CSeq: 2 BYE
Servlet-Name: Proxy
Expires: 0
To: <sip:bob@192.168.1.65:5072>;tag=411820573
Method-Name: testProxyTo106
From: <sip:alice@192.168.1.65>;tag=1489505866
Call-ID: 85429e9a4f9e49396b3720d9a6bfd97a@192.168.1.65
Max-Forwards: 70
Content-Length: 0


SIPUNIT TRACE:  1366052972594  SipSession: notifying block object
SIPUNIT TRACE:  1366052972594  SS.waitRequest() - we've come out of the block
SIPUNIT TRACE:  1366052972594  SS.waitRequest() - either we got the request, or timed out
SIPUNIT TRACE:  1366052972594  Response before sending out through stack..........
SIPUNIT TRACE:  1366052972594  SIP/2.0 200 OK
Via: SIP/2.0/UDP 192.168.1.65:5071;branch=z9hG4bK24dc12f90bbf7fd0459ca306528eb88a
CSeq: 2 BYE
To: <sip:bob@192.168.1.65:5072>;tag=411820573
From: <sip:alice@192.168.1.65>;tag=1489505866
Call-ID: 85429e9a4f9e49396b3720d9a6bfd97a@192.168.1.65
Contact: <sip:bob@192.168.1.65:5072;transport=udp;lr>
Expires: 0
Content-Length: 0


SIPUNIT TRACE:  1366052972599  Asynchronous response received: SIP/2.0 200 OK
Via: SIP/2.0/UDP 192.168.1.65:5071;branch=z9hG4bK24dc12f90bbf7fd0459ca306528eb88a
CSeq: 2 BYE
To: <sip:bob@192.168.1.65:5072>;tag=411820573
From: <sip:alice@192.168.1.65>;tag=1489505866
Call-ID: 85429e9a4f9e49396b3720d9a6bfd97a@192.168.1.65
Contact: <sip:bob@192.168.1.65:5072;lr;transport=udp>
Expires: 0
Content-Length: 0


SIPUNIT TRACE:  1366052972603  SipStack: request received !
[2013-04-15 20:09:35,609] ProxyTest:1008 INFO  - === testSetOutboundInterface101() ===
[2013-04-15 20:09:35,610] TestBase:351 DEBUG - === created message:MESSAGE sip:JSR289_TCK@localhost:5060 SIP/2.0
Call-ID: 528b2fe5e6463912cca74581b62cca0a@192.168.1.65
CSeq: 1 MESSAGE
From: "Alice" <sip:alice@192.168.1.65:5071>;tag=1444186732
To: "JSR289_TCK" <sip:JSR289_TCK@localhost:5060>
Via: SIP/2.0/UDP 192.168.1.65:5071;branch=somebranchvalue
Max-Forwards: 5
Content-Length: 0

 ===
[2013-04-15 20:09:35,614] TestBase:979 DEBUG - ---The Sip request is:MESSAGE sip:JSR289_TCK@localhost:5060 SIP/2.0
Call-ID: 528b2fe5e6463912cca74581b62cca0a@192.168.1.65
CSeq: 1 MESSAGE
From: "Alice" <sip:alice@192.168.1.65:5071>;tag=1444186732
To: "JSR289_TCK" <sip:JSR289_TCK@localhost:5060>
Via: SIP/2.0/UDP 192.168.1.65:5071;branch=z9hG4bK42145abb1dedebcff11aa2cd7c78570b
Max-Forwards: 5
Route: "JSR289_TCK" <sip:JSR289_TCK@localhost:5060;lr>,<sip:localhost:5060;transport=udp;lr>
Application-Name: com.bea.sipservlet.tck.apps.apitestapp
Servlet-Name: Proxy
Method-Name: testSetOutboundInterface101
Content-Length: 0

 ---
[2013-04-15 20:09:38,629] ProxyTest:1008 INFO  - === testSetOutboundInterface102() ===
[2013-04-15 20:09:38,631] TestBase:351 DEBUG - === created message:MESSAGE sip:JSR289_TCK@localhost:5060 SIP/2.0
Call-ID: d215d223f475726d56911e0ef982a6c4@192.168.1.65
CSeq: 1 MESSAGE
From: "Alice" <sip:alice@192.168.1.65:5071>;tag=684899531
To: "JSR289_TCK" <sip:JSR289_TCK@localhost:5060>
Via: SIP/2.0/UDP 192.168.1.65:5071;branch=somebranchvalue
Max-Forwards: 5
Content-Length: 0

 ===
[2013-04-15 20:09:38,636] TestBase:979 DEBUG - ---The Sip request is:MESSAGE sip:JSR289_TCK@localhost:5060 SIP/2.0
Call-ID: d215d223f475726d56911e0ef982a6c4@192.168.1.65
CSeq: 1 MESSAGE
From: "Alice" <sip:alice@192.168.1.65:5071>;tag=684899531
To: "JSR289_TCK" <sip:JSR289_TCK@localhost:5060>
Via: SIP/2.0/UDP 192.168.1.65:5071;branch=z9hG4bK3062cc3f9bd623bc3d66c5970f44b195
Max-Forwards: 5
Route: "JSR289_TCK" <sip:JSR289_TCK@localhost:5060;lr>,<sip:localhost:5060;transport=udp;lr>
Application-Name: com.bea.sipservlet.tck.apps.apitestapp
Servlet-Name: Proxy
Method-Name: testSetOutboundInterface102
Content-Length: 0

 ---
[2013-04-15 20:09:41,676] ProxyTest:1008 INFO  - === testCancel001() ===
[2013-04-15 20:09:41,677] TestBase:351 DEBUG - === created message:INVITE sip:bob@192.168.1.65:5072 SIP/2.0
Call-ID: f130751d1a285bac05da7ddebe611f4f@192.168.1.65
CSeq: 1 INVITE
From: "Alice" <sip:alice@192.168.1.65:5071>;tag=1503256436
To: "Bob" <sip:bob@192.168.1.65:5072>
Via: SIP/2.0/UDP 192.168.1.65:5071;branch=somebranchvalue
Max-Forwards: 5
Content-Length: 0

 ===
SIPUNIT TRACE:  1366052981682  SS.waitRequest() - about to block, waiting
SIPUNIT TRACE:  1366052981693  SipStack: request received !
SIPUNIT TRACE:  1366052981693  SipStack: calling listener
SIPUNIT TRACE:  1366052981694  SipSession: request received !
SIPUNIT TRACE:  1366052981694       me ('To' check) = sip:bob@192.168.1.65
SIPUNIT TRACE:  1366052981694       my local contact info ('Request URI' check) = sip:bob@192.168.1.65:5072;transport=udp;lr
SIPUNIT TRACE:  1366052981694       INVITE sip:bob@192.168.1.65:5072 SIP/2.0
Servlet-Name: Proxy
To: "Bob" <sip:bob@192.168.1.65:5072>
Contact: <sip:alice@192.168.1.65:5071;transport=udp;lr>
Method-Name: testCancel001
From: "Alice" <sip:alice@192.168.1.65:5071>;tag=1503256436
Call-ID: f130751d1a285bac05da7ddebe611f4f@192.168.1.65
Via: SIP/2.0/UDP 192.168.1.65:5060;branch=z9hG4bK1orfyesov86ap3uk4u.c4+v9d2u74+;maddr=192.168.1.65,SIP/2.0/UDP 192.168.1.65:5071;branch=z9hG4bKa64e262d5fc700aede6aa08cacedfbee
Route: "JSR289_TCK" <sip:JSR289_TCK@localhost:5060;lr>,"Bob" <sip:bob@192.168.1.65:5072;lr>
Max-Forwards: 4
CSeq: 1 INVITE
Content-Length: 0


SIPUNIT TRACE:  1366052981694  SipSession: notifying block object
SIPUNIT TRACE:  1366052981694  SS.waitRequest() - we've come out of the block
SIPUNIT TRACE:  1366052981694  SS.waitRequest() - either we got the request, or timed out
SIPUNIT TRACE:  1366052981698  SS.waitRequest() - about to block, waiting
SIPUNIT TRACE:  1366052991698  SS.waitRequest() - we've come out of the block
SIPUNIT TRACE:  1366052991699  SS.waitRequest() - either we got the request, or timed out
[2013-04-15 20:09:54,710] ProxyTest:1008 INFO  - === testCancel101() ===
SIPUNIT TRACE:  1366052994715  INVITE after sending out through stack..........
SIPUNIT TRACE:  1366052994715  INVITE sip:bob@192.168.1.65:5072 SIP/2.0
Call-ID: 74b2e08184a211c1896de63607c70143@192.168.1.65
CSeq: 1 INVITE
From: <sip:alice@192.168.1.65>;tag=1400985516
To: <sip:bob@192.168.1.65:5072>
Via: SIP/2.0/UDP 192.168.1.65:5071;branch=z9hG4bK3f90713e999983b7052ecaa6586d4344
Max-Forwards: 70
Contact: <sip:alice@192.168.1.65:5071;transport=udp;lr>
Route: <sip:localhost:5060;lr;transport=udp>,"Bob" <sip:bob@192.168.1.65:5072;lr>
Servlet-Name: Proxy
Method-Name: testCancel101
Application-Name: com.bea.sipservlet.tck.apps.apitestapp
Content-Length: 0


SIPUNIT TRACE:  1366052994715  RouteHeader address: <sip:localhost:5060;lr;transport=udp>
SIPUNIT TRACE:  1366052994715  RouteHeader address: "Bob" <sip:bob@192.168.1.65:5072;lr>
SIPUNIT TRACE:  1366052994715  SS.waitRequest() - about to block, waiting
SIPUNIT TRACE:  1366052994726  SipStack: request received !
SIPUNIT TRACE:  1366052994726  SipStack: calling listener
SIPUNIT TRACE:  1366052994726  SipSession: request received !
SIPUNIT TRACE:  1366052994726       me ('To' check) = sip:bob@192.168.1.65
SIPUNIT TRACE:  1366052994726       my local contact info ('Request URI' check) = sip:bob@192.168.1.65:5072;transport=udp;lr
SIPUNIT TRACE:  1366052994726       INVITE sip:bob@192.168.1.65:5072 SIP/2.0
Servlet-Name: Proxy
To: <sip:bob@192.168.1.65:5072>
Contact: <sip:alice@192.168.1.65:5071;lr;transport=udp>
Method-Name: testCancel101
From: <sip:alice@192.168.1.65>;tag=1400985516
Call-ID: 74b2e08184a211c1896de63607c70143@192.168.1.65
Via: SIP/2.0/UDP 192.168.1.65:5060;branch=z9hG4bKg51bncnh.-9.1fix!8d8f5c8nomagl;maddr=192.168.1.65,SIP/2.0/UDP 192.168.1.65:5071;branch=z9hG4bK3f90713e999983b7052ecaa6586d4344
Route: <sip:localhost:5060;transport=udp;lr>,"Bob" <sip:bob@192.168.1.65:5072;lr>
Max-Forwards: 69
CSeq: 1 INVITE
Content-Length: 0


SIPUNIT TRACE:  1366052994726  SipSession: notifying block object
SIPUNIT TRACE:  1366052994726  SS.waitRequest() - we've come out of the block
SIPUNIT TRACE:  1366052994726  SS.waitRequest() - either we got the request, or timed out
SIPUNIT TRACE:  1366052994726  INVITE after received by stack..........
SIPUNIT TRACE:  1366052994726  INVITE sip:bob@192.168.1.65:5072 SIP/2.0
Servlet-Name: Proxy
To: <sip:bob@192.168.1.65:5072>
Contact: <sip:alice@192.168.1.65:5071;lr;transport=udp>
Method-Name: testCancel101
From: <sip:alice@192.168.1.65>;tag=1400985516
Call-ID: 74b2e08184a211c1896de63607c70143@192.168.1.65
Via: SIP/2.0/UDP 192.168.1.65:5060;branch=z9hG4bKg51bncnh.-9.1fix!8d8f5c8nomagl;maddr=192.168.1.65,SIP/2.0/UDP 192.168.1.65:5071;branch=z9hG4bK3f90713e999983b7052ecaa6586d4344
Route: <sip:localhost:5060;transport=udp;lr>,"Bob" <sip:bob@192.168.1.65:5072;lr>
Max-Forwards: 69
CSeq: 1 INVITE
Content-Length: 0


SIPUNIT TRACE:  1366052994726  RouteHeader address: <sip:localhost:5060;transport=udp;lr>
SIPUNIT TRACE:  1366052994726  RouteHeader address: "Bob" <sip:bob@192.168.1.65:5072;lr>
SIPUNIT TRACE:  1366052994728  Response before sending out through stack..........
SIPUNIT TRACE:  1366052994728  SIP/2.0 200 OK
To: <sip:bob@192.168.1.65:5072>;tag=55389759
From: <sip:alice@192.168.1.65>;tag=1400985516
Call-ID: 74b2e08184a211c1896de63607c70143@192.168.1.65
Via: SIP/2.0/UDP 192.168.1.65:5060;branch=z9hG4bKg51bncnh.-9.1fix!8d8f5c8nomagl;maddr=192.168.1.65,SIP/2.0/UDP 192.168.1.65:5071;branch=z9hG4bK3f90713e999983b7052ecaa6586d4344
CSeq: 1 INVITE
Contact: <sip:bob@192.168.1.65:5072;transport=udp;lr>
Expires: 0
Route: "Bob" <sip:bob@192.168.1.65:5072;lr>
Content-Length: 0


SIPUNIT TRACE:  1366052994728  RouteHeader address: "Bob" <sip:bob@192.168.1.65:5072;lr>
SIPUNIT TRACE:  1366052994731  Outgoing call response received: SIP/2.0 100 Trying
To: <sip:bob@192.168.1.65:5072>
From: <sip:alice@192.168.1.65>;tag=1400985516
Via: SIP/2.0/UDP 192.168.1.65:5071;branch=z9hG4bK3f90713e999983b7052ecaa6586d4344
Call-ID: 74b2e08184a211c1896de63607c70143@192.168.1.65
Server: Elaina
CSeq: 1 INVITE
Content-Length: 0


SIPUNIT TRACE:  1366052994738  Outgoing call response received: SIP/2.0 200 OK
Expires: 0
Contact: <sip:bob@192.168.1.65:5072;lr;transport=udp>
To: <sip:bob@192.168.1.65:5072>;tag=55389759
From: <sip:alice@192.168.1.65>;tag=1400985516
Via: SIP/2.0/UDP 192.168.1.65:5071;branch=z9hG4bK3f90713e999983b7052ecaa6586d4344
Call-ID: 74b2e08184a211c1896de63607c70143@192.168.1.65
Route: "Bob" <sip:bob@192.168.1.65:5072;lr>
CSeq: 1 INVITE
Content-Length: 0


SIPUNIT TRACE:  1366052994843  SS.waitRequest() - about to block, waiting
SIPUNIT TRACE:  1366052994846  SipStack: request received !
SIPUNIT TRACE:  1366052994846  SipStack: calling listener
SIPUNIT TRACE:  1366052994846  SipSession: request received !
SIPUNIT TRACE:  1366052994846       me ('To' check) = sip:bob@192.168.1.65
SIPUNIT TRACE:  1366052994846       my local contact info ('Request URI' check) = sip:bob@192.168.1.65:5072;transport=udp;lr
SIPUNIT TRACE:  1366052994847       ACK sip:bob@192.168.1.65:5072;lr;transport=udp SIP/2.0
Via: SIP/2.0/UDP 192.168.1.65:5071;branch=z9hG4bKe8dd1e7f2ae7fc63cdf65b8a009c3dab
CSeq: 1 ACK
Expires: 0
To: <sip:bob@192.168.1.65:5072>;tag=55389759
From: <sip:alice@192.168.1.65>;tag=1400985516
Call-ID: 74b2e08184a211c1896de63607c70143@192.168.1.65
Max-Forwards: 70
Servlet-Name: Proxy
private-uri: testCancel101
Content-Length: 0


SIPUNIT TRACE:  1366052994847  SipSession: notifying block object
SIPUNIT TRACE:  1366052994847  SS.waitRequest() - we've come out of the block
SIPUNIT TRACE:  1366052994847  SS.waitRequest() - either we got the request, or timed out
SIPUNIT TRACE:  1366052994853  SipStack: request received !
SIPUNIT TRACE:  1366052994853  SipStack: calling listener
SIPUNIT TRACE:  1366052994853  SipSession: request received !
SIPUNIT TRACE:  1366052994853       me ('To' check) = sip:bob@192.168.1.65
SIPUNIT TRACE:  1366052994853       my local contact info ('Request URI' check) = sip:bob@192.168.1.65:5072;transport=udp;lr
SIPUNIT TRACE:  1366052994853       BYE sip:bob@192.168.1.65:5072;lr;transport=udp SIP/2.0
Via: SIP/2.0/UDP 192.168.1.65:5071;branch=z9hG4bK1aad3260b8da53a57b4b4c15c3a6c591
CSeq: 2 BYE
Expires: 0
To: <sip:bob@192.168.1.65:5072>;tag=55389759
From: <sip:alice@192.168.1.65>;tag=1400985516
Call-ID: 74b2e08184a211c1896de63607c70143@192.168.1.65
Max-Forwards: 70
Content-Length: 0


SIPUNIT TRACE:  1366052994853  SipSession: not interested in blocking requests
[2013-04-15 20:09:57,864] ProxyTest:1008 INFO  - === testStartProxy101() ===
SIPUNIT TRACE:  1366052997869  INVITE after sending out through stack..........
SIPUNIT TRACE:  1366052997869  INVITE sip:bob@192.168.1.65:5072 SIP/2.0
Call-ID: 623ed42bb30feb7108e1cad39758f3da@192.168.1.65
CSeq: 1 INVITE
From: <sip:alice@192.168.1.65>;tag=1110584069
To: <sip:bob@192.168.1.65:5072>
Via: SIP/2.0/UDP 192.168.1.65:5071;branch=z9hG4bK703cd119276b758c26e49e15b72ef7f4
Max-Forwards: 70
Contact: <sip:alice@192.168.1.65:5071;transport=udp;lr>
Route: <sip:localhost:5060;lr;transport=udp>,"Bob" <sip:bob@192.168.1.65:5072;lr>
Servlet-Name: Proxy
Method-Name: testStartProxy101
Application-Name: com.bea.sipservlet.tck.apps.apitestapp
Content-Length: 0


SIPUNIT TRACE:  1366052997869  RouteHeader address: <sip:localhost:5060;lr;transport=udp>
SIPUNIT TRACE:  1366052997869  RouteHeader address: "Bob" <sip:bob@192.168.1.65:5072;lr>
SIPUNIT TRACE:  1366052997869  SS.waitRequest() - about to block, waiting
SIPUNIT TRACE:  1366052997880  SipStack: request received !
SIPUNIT TRACE:  1366052997880  SipStack: calling listener
SIPUNIT TRACE:  1366052997880  SipSession: request received !
SIPUNIT TRACE:  1366052997880       me ('To' check) = sip:bob@192.168.1.65
SIPUNIT TRACE:  1366052997880       my local contact info ('Request URI' check) = sip:bob@192.168.1.65:5072;transport=udp;lr
SIPUNIT TRACE:  1366052997880       INVITE sip:bob@192.168.1.65:5072 SIP/2.0
Servlet-Name: Proxy
To: <sip:bob@192.168.1.65:5072>
Contact: <sip:alice@192.168.1.65:5071;lr;transport=udp>
Method-Name: testStartProxy101
From: <sip:alice@192.168.1.65>;tag=1110584069
Call-ID: 623ed42bb30feb7108e1cad39758f3da@192.168.1.65
Via: SIP/2.0/UDP 192.168.1.65:5060;branch=z9hG4bK+rm6u6po-xpsjqtcsq22.3!u1wb5cn;maddr=192.168.1.65,SIP/2.0/UDP 192.168.1.65:5071;branch=z9hG4bK703cd119276b758c26e49e15b72ef7f4
Route: <sip:localhost:5060;transport=udp;lr>,"Bob" <sip:bob@192.168.1.65:5072;lr>
Max-Forwards: 69
CSeq: 1 INVITE
Content-Length: 0


SIPUNIT TRACE:  1366052997880  SipSession: notifying block object
SIPUNIT TRACE:  1366052997880  SS.waitRequest() - we've come out of the block
SIPUNIT TRACE:  1366052997880  SS.waitRequest() - either we got the request, or timed out
SIPUNIT TRACE:  1366052997880  INVITE after received by stack..........
SIPUNIT TRACE:  1366052997880  INVITE sip:bob@192.168.1.65:5072 SIP/2.0
Servlet-Name: Proxy
To: <sip:bob@192.168.1.65:5072>
Contact: <sip:alice@192.168.1.65:5071;lr;transport=udp>
Method-Name: testStartProxy101
From: <sip:alice@192.168.1.65>;tag=1110584069
Call-ID: 623ed42bb30feb7108e1cad39758f3da@192.168.1.65
Via: SIP/2.0/UDP 192.168.1.65:5060;branch=z9hG4bK+rm6u6po-xpsjqtcsq22.3!u1wb5cn;maddr=192.168.1.65,SIP/2.0/UDP 192.168.1.65:5071;branch=z9hG4bK703cd119276b758c26e49e15b72ef7f4
Route: <sip:localhost:5060;transport=udp;lr>,"Bob" <sip:bob@192.168.1.65:5072;lr>
Max-Forwards: 69
CSeq: 1 INVITE
Content-Length: 0


SIPUNIT TRACE:  1366052997880  RouteHeader address: <sip:localhost:5060;transport=udp;lr>
SIPUNIT TRACE:  1366052997880  RouteHeader address: "Bob" <sip:bob@192.168.1.65:5072;lr>
SIPUNIT TRACE:  1366052997882  Response before sending out through stack..........
SIPUNIT TRACE:  1366052997882  SIP/2.0 200 OK
To: <sip:bob@192.168.1.65:5072>;tag=1728007953
From: <sip:alice@192.168.1.65>;tag=1110584069
Call-ID: 623ed42bb30feb7108e1cad39758f3da@192.168.1.65
Via: SIP/2.0/UDP 192.168.1.65:5060;branch=z9hG4bK+rm6u6po-xpsjqtcsq22.3!u1wb5cn;maddr=192.168.1.65,SIP/2.0/UDP 192.168.1.65:5071;branch=z9hG4bK703cd119276b758c26e49e15b72ef7f4
CSeq: 1 INVITE
Contact: <sip:bob@192.168.1.65:5072;transport=udp;lr>
Expires: 0
Route: "Bob" <sip:bob@192.168.1.65:5072;lr>
Content-Length: 0


SIPUNIT TRACE:  1366052997882  RouteHeader address: "Bob" <sip:bob@192.168.1.65:5072;lr>
SIPUNIT TRACE:  1366052997885  Outgoing call response received: SIP/2.0 100 Trying
To: <sip:bob@192.168.1.65:5072>
From: <sip:alice@192.168.1.65>;tag=1110584069
Via: SIP/2.0/UDP 192.168.1.65:5071;branch=z9hG4bK703cd119276b758c26e49e15b72ef7f4
Call-ID: 623ed42bb30feb7108e1cad39758f3da@192.168.1.65
Server: Elaina
CSeq: 1 INVITE
Content-Length: 0


SIPUNIT TRACE:  1366052997892  Outgoing call response received: SIP/2.0 200 OK
Expires: 0
Contact: <sip:bob@192.168.1.65:5072;lr;transport=udp>
To: <sip:bob@192.168.1.65:5072>;tag=1728007953
From: <sip:alice@192.168.1.65>;tag=1110584069
Via: SIP/2.0/UDP 192.168.1.65:5071;branch=z9hG4bK703cd119276b758c26e49e15b72ef7f4
Call-ID: 623ed42bb30feb7108e1cad39758f3da@192.168.1.65
Route: "Bob" <sip:bob@192.168.1.65:5072;lr>
CSeq: 1 INVITE
Content-Length: 0


SIPUNIT TRACE:  1366052997997  SS.waitRequest() - about to block, waiting
SIPUNIT TRACE:  1366052998001  SipStack: request received !
SIPUNIT TRACE:  1366052998001  SipStack: calling listener
SIPUNIT TRACE:  1366052998001  SipSession: request received !
SIPUNIT TRACE:  1366052998001       me ('To' check) = sip:bob@192.168.1.65
SIPUNIT TRACE:  1366052998001       my local contact info ('Request URI' check) = sip:bob@192.168.1.65:5072;transport=udp;lr
SIPUNIT TRACE:  1366052998002       ACK sip:bob@192.168.1.65:5072;lr;transport=udp SIP/2.0
Via: SIP/2.0/UDP 192.168.1.65:5071;branch=z9hG4bK9b6807fa6bb90380a8d3519e4dd8f237
CSeq: 1 ACK
Expires: 0
To: <sip:bob@192.168.1.65:5072>;tag=1728007953
From: <sip:alice@192.168.1.65>;tag=1110584069
Call-ID: 623ed42bb30feb7108e1cad39758f3da@192.168.1.65
Max-Forwards: 70
Servlet-Name: Proxy
private-uri: testStartProxy101
Content-Length: 0


SIPUNIT TRACE:  1366052998002  SipSession: notifying block object
SIPUNIT TRACE:  1366052998002  SS.waitRequest() - we've come out of the block
SIPUNIT TRACE:  1366052998002  SS.waitRequest() - either we got the request, or timed out
SIPUNIT TRACE:  1366052998008  SipStack: request received !
SIPUNIT TRACE:  1366052998008  SipStack: calling listener
SIPUNIT TRACE:  1366052998008  SipSession: request received !
SIPUNIT TRACE:  1366052998008       me ('To' check) = sip:bob@192.168.1.65
SIPUNIT TRACE:  1366052998008       my local contact info ('Request URI' check) = sip:bob@192.168.1.65:5072;transport=udp;lr
SIPUNIT TRACE:  1366052998008       BYE sip:bob@192.168.1.65:5072;lr;transport=udp SIP/2.0
Via: SIP/2.0/UDP 192.168.1.65:5071;branch=z9hG4bK80bd387b4328164717837137da6314c5
CSeq: 2 BYE
Expires: 0
To: <sip:bob@192.168.1.65:5072>;tag=1728007953
From: <sip:alice@192.168.1.65>;tag=1110584069
Call-ID: 623ed42bb30feb7108e1cad39758f3da@192.168.1.65
Max-Forwards: 70
Content-Length: 0


SIPUNIT TRACE:  1366052998008  SipSession: not interested in blocking requests
[2013-04-15 20:10:01,019] ProxyTest:1008 INFO  - === testCreateProxyBranches101() ===
SIPUNIT TRACE:  1366053001024  INVITE after sending out through stack..........
SIPUNIT TRACE:  1366053001024  INVITE sip:bob@192.168.1.65:5072 SIP/2.0
Call-ID: 5c3dca3df3eee7d1a29c6fdf3ca408d2@192.168.1.65
CSeq: 1 INVITE
From: <sip:alice@192.168.1.65>;tag=2045963548
To: <sip:bob@192.168.1.65:5072>
Via: SIP/2.0/UDP 192.168.1.65:5071;branch=z9hG4bK3b5724ce3b22f8b169bca6eb57707d24
Max-Forwards: 70
Contact: <sip:alice@192.168.1.65:5071;transport=udp;lr>
Route: <sip:localhost:5060;lr;transport=udp>
Servlet-Name: Proxy
Method-Name: testCreateProxyBranches101
Application-Name: com.bea.sipservlet.tck.apps.apitestapp
Content-Length: 0


SIPUNIT TRACE:  1366053001024  RouteHeader address: <sip:localhost:5060;lr;transport=udp>
SIPUNIT TRACE:  1366053001024  SS.waitRequest() - about to block, waiting
SIPUNIT TRACE:  1366053001036  SipStack: request received !
SIPUNIT TRACE:  1366053001036  SipStack: calling listener
SIPUNIT TRACE:  1366053001036  SipSession: request received !
SIPUNIT TRACE:  1366053001036       me ('To' check) = sip:bob@192.168.1.65
SIPUNIT TRACE:  1366053001036       my local contact info ('Request URI' check) = sip:bob@192.168.1.65:5072;transport=udp;lr
SIPUNIT TRACE:  1366053001036       INVITE sip:bob@192.168.1.65:5072 SIP/2.0
Servlet-Name: Proxy
To: <sip:bob@192.168.1.65:5072>
Contact: <sip:alice@192.168.1.65:5071;lr;transport=udp>
Method-Name: testCreateProxyBranches101
From: <sip:alice@192.168.1.65>;tag=2045963548
Call-ID: 5c3dca3df3eee7d1a29c6fdf3ca408d2@192.168.1.65
Via: SIP/2.0/UDP 192.168.1.65:5060;branch=z9hG4bK70dwml8q5ggj-1kn7h.n97zk-ldeed;maddr=192.168.1.65,SIP/2.0/UDP 192.168.1.65:5071;branch=z9hG4bK3b5724ce3b22f8b169bca6eb57707d24
Route: <sip:localhost:5060;transport=udp;lr>
Max-Forwards: 69
Test-Result: OK
CSeq: 1 INVITE
Content-Length: 0


SIPUNIT TRACE:  1366053001036  SipSession: notifying block object
SIPUNIT TRACE:  1366053001036  SS.waitRequest() - we've come out of the block
SIPUNIT TRACE:  1366053001036  SS.waitRequest() - either we got the request, or timed out
SIPUNIT TRACE:  1366053001036  INVITE after received by stack..........
SIPUNIT TRACE:  1366053001036  INVITE sip:bob@192.168.1.65:5072 SIP/2.0
Servlet-Name: Proxy
To: <sip:bob@192.168.1.65:5072>
Contact: <sip:alice@192.168.1.65:5071;lr;transport=udp>
Method-Name: testCreateProxyBranches101
From: <sip:alice@192.168.1.65>;tag=2045963548
Call-ID: 5c3dca3df3eee7d1a29c6fdf3ca408d2@192.168.1.65
Via: SIP/2.0/UDP 192.168.1.65:5060;branch=z9hG4bK70dwml8q5ggj-1kn7h.n97zk-ldeed;maddr=192.168.1.65,SIP/2.0/UDP 192.168.1.65:5071;branch=z9hG4bK3b5724ce3b22f8b169bca6eb57707d24
Route: <sip:localhost:5060;transport=udp;lr>
Max-Forwards: 69
Test-Result: OK
CSeq: 1 INVITE
Content-Length: 0


SIPUNIT TRACE:  1366053001036  RouteHeader address: <sip:localhost:5060;transport=udp;lr>
SIPUNIT TRACE:  1366053001038  Response before sending out through stack..........
SIPUNIT TRACE:  1366053001038  SIP/2.0 200 OK
To: <sip:bob@192.168.1.65:5072>;tag=1317775911
From: <sip:alice@192.168.1.65>;tag=2045963548
Call-ID: 5c3dca3df3eee7d1a29c6fdf3ca408d2@192.168.1.65
Via: SIP/2.0/UDP 192.168.1.65:5060;branch=z9hG4bK70dwml8q5ggj-1kn7h.n97zk-ldeed;maddr=192.168.1.65,SIP/2.0/UDP 192.168.1.65:5071;branch=z9hG4bK3b5724ce3b22f8b169bca6eb57707d24
CSeq: 1 INVITE
Contact: <sip:bob@192.168.1.65:5072;transport=udp;lr>
Expires: 0
Servlet-Name: Proxy
Method-Name: testCreateProxyBranches101
Content-Length: 0


SIPUNIT TRACE:  1366053001041  Outgoing call response received: SIP/2.0 100 Trying
To: <sip:bob@192.168.1.65:5072>
From: <sip:alice@192.168.1.65>;tag=2045963548
Via: SIP/2.0/UDP 192.168.1.65:5071;branch=z9hG4bK3b5724ce3b22f8b169bca6eb57707d24
Call-ID: 5c3dca3df3eee7d1a29c6fdf3ca408d2@192.168.1.65
Server: Elaina
CSeq: 1 INVITE
Content-Length: 0


SIPUNIT TRACE:  1366053001049  Outgoing call response received: SIP/2.0 200 OK
Servlet-Name: Proxy
Expires: 0
Contact: <sip:bob@192.168.1.65:5072;lr;transport=udp>
To: <sip:bob@192.168.1.65:5072>;tag=1317775911
Method-Name: testCreateProxyBranches101
From: <sip:alice@192.168.1.65>;tag=2045963548
Via: SIP/2.0/UDP 192.168.1.65:5071;branch=z9hG4bK3b5724ce3b22f8b169bca6eb57707d24
Call-ID: 5c3dca3df3eee7d1a29c6fdf3ca408d2@192.168.1.65
CSeq: 1 INVITE
Content-Length: 0


SIPUNIT TRACE:  1366053001153  SS.waitRequest() - about to block, waiting
SIPUNIT TRACE:  1366053001158  SipStack: request received !
SIPUNIT TRACE:  1366053001158  SipStack: calling listener
SIPUNIT TRACE:  1366053001158  SipSession: request received !
SIPUNIT TRACE:  1366053001158       me ('To' check) = sip:bob@192.168.1.65
SIPUNIT TRACE:  1366053001158       my local contact info ('Request URI' check) = sip:bob@192.168.1.65:5072;transport=udp;lr
SIPUNIT TRACE:  1366053001158       ACK sip:bob@192.168.1.65:5072;lr;transport=udp SIP/2.0
Via: SIP/2.0/UDP 192.168.1.65:5071;branch=z9hG4bKbf245af4d7eac4b5e226bb3887c4c537
CSeq: 1 ACK
Servlet-Name: Proxy
Expires: 0
To: <sip:bob@192.168.1.65:5072>;tag=1317775911
Method-Name: testCreateProxyBranches101
From: <sip:alice@192.168.1.65>;tag=2045963548
Call-ID: 5c3dca3df3eee7d1a29c6fdf3ca408d2@192.168.1.65
Max-Forwards: 70
Route: "Bob" <sip:bob@192.168.1.65:5072;lr>
Content-Length: 0


SIPUNIT TRACE:  1366053001158  SipSession: notifying block object
SIPUNIT TRACE:  1366053001158  SS.waitRequest() - we've come out of the block
SIPUNIT TRACE:  1366053001158  SS.waitRequest() - either we got the request, or timed out
SIPUNIT TRACE:  1366053001162  SS.waitRequest() - about to block, waiting
SIPUNIT TRACE:  1366053001165  SipStack: request received !
SIPUNIT TRACE:  1366053001165  SipStack: calling listener
SIPUNIT TRACE:  1366053001165  SipSession: request received !
SIPUNIT TRACE:  1366053001165       me ('To' check) = sip:bob@192.168.1.65
SIPUNIT TRACE:  1366053001165       my local contact info ('Request URI' check) = sip:bob@192.168.1.65:5072;transport=udp;lr
SIPUNIT TRACE:  1366053001165       BYE sip:bob@192.168.1.65:5072;lr;transport=udp SIP/2.0
Via: SIP/2.0/UDP 192.168.1.65:5071;branch=z9hG4bK673faffe6a377612d22cd8937e2b64e7
CSeq: 2 BYE
Servlet-Name: Proxy
Expires: 0
To: <sip:bob@192.168.1.65:5072>;tag=1317775911
Method-Name: testCreateProxyBranches101
From: <sip:alice@192.168.1.65>;tag=2045963548
Call-ID: 5c3dca3df3eee7d1a29c6fdf3ca408d2@192.168.1.65
Max-Forwards: 70
Content-Length: 0


SIPUNIT TRACE:  1366053001165  SipSession: notifying block object
SIPUNIT TRACE:  1366053001165  SS.waitRequest() - we've come out of the block
SIPUNIT TRACE:  1366053001165  SS.waitRequest() - either we got the request, or timed out
SIPUNIT TRACE:  1366053001165  Response before sending out through stack..........
SIPUNIT TRACE:  1366053001165  SIP/2.0 200 OK
Via: SIP/2.0/UDP 192.168.1.65:5071;branch=z9hG4bK673faffe6a377612d22cd8937e2b64e7
CSeq: 2 BYE
To: <sip:bob@192.168.1.65:5072>;tag=1317775911
From: <sip:alice@192.168.1.65>;tag=2045963548
Call-ID: 5c3dca3df3eee7d1a29c6fdf3ca408d2@192.168.1.65
Contact: <sip:bob@192.168.1.65:5072;transport=udp;lr>
Expires: 0
Content-Length: 0


SIPUNIT TRACE:  1366053001170  Asynchronous response received: SIP/2.0 200 OK
Via: SIP/2.0/UDP 192.168.1.65:5071;branch=z9hG4bK673faffe6a377612d22cd8937e2b64e7
CSeq: 2 BYE
To: <sip:bob@192.168.1.65:5072>;tag=1317775911
From: <sip:alice@192.168.1.65>;tag=2045963548
Call-ID: 5c3dca3df3eee7d1a29c6fdf3ca408d2@192.168.1.65
Contact: <sip:bob@192.168.1.65:5072;lr;transport=udp>
Expires: 0
Content-Length: 0


SIPUNIT TRACE:  1366053001174  SipStack: request received !
[2013-04-15 20:10:04,179] ProxyTest:1008 INFO  - === testCancel002() ===
[2013-04-15 20:10:04,179] TestBase:351 DEBUG - === created message:INVITE sip:bob@192.168.1.65:5072 SIP/2.0
Call-ID: 6fdf5b0e89455e29a34b4293028c0cdc@192.168.1.65
CSeq: 1 INVITE
From: "Alice" <sip:alice@192.168.1.65:5071>;tag=1645930946
To: "Bob" <sip:bob@192.168.1.65:5072>
Via: SIP/2.0/UDP 192.168.1.65:5071;branch=somebranchvalue
Max-Forwards: 5
Content-Length: 0

 ===
SIPUNIT TRACE:  1366053004190  SS.waitRequest() - about to block, waiting
SIPUNIT TRACE:  1366053004200  SipStack: request received !
SIPUNIT TRACE:  1366053004200  SipStack: calling listener
SIPUNIT TRACE:  1366053004201  SipSession: request received !
SIPUNIT TRACE:  1366053004201       me ('To' check) = sip:bob@192.168.1.65
SIPUNIT TRACE:  1366053004201       my local contact info ('Request URI' check) = sip:bob@192.168.1.65:5072;transport=udp;lr
SIPUNIT TRACE:  1366053004201       INVITE sip:bob@192.168.1.65:5072 SIP/2.0
Servlet-Name: Proxy
To: "Bob" <sip:bob@192.168.1.65:5072>
Contact: <sip:alice@192.168.1.65:5071;transport=udp;lr>
Method-Name: testCancel002
From: "Alice" <sip:alice@192.168.1.65:5071>;tag=1645930946
Call-ID: 6fdf5b0e89455e29a34b4293028c0cdc@192.168.1.65
Via: SIP/2.0/UDP 192.168.1.65:5060;branch=z9hG4bKxerk2xba4mjanowg6sjvr+uxf52v0i;maddr=192.168.1.65,SIP/2.0/UDP 192.168.1.65:5071;branch=z9hG4bKd18b01031e9267343527fb19f7163ec9
Route: "JSR289_TCK" <sip:JSR289_TCK@localhost:5060;lr>,"Bob" <sip:bob@192.168.1.65:5072;lr>
Max-Forwards: 4
CSeq: 1 INVITE
Content-Length: 0


SIPUNIT TRACE:  1366053004201  SipSession: notifying block object
SIPUNIT TRACE:  1366053004201  SS.waitRequest() - we've come out of the block
SIPUNIT TRACE:  1366053004201  SS.waitRequest() - either we got the request, or timed out
SIPUNIT TRACE:  1366053004205  SS.waitRequest() - about to block, waiting
SIPUNIT TRACE:  1366053014206  SS.waitRequest() - we've come out of the block
SIPUNIT TRACE:  1366053014206  SS.waitRequest() - either we got the request, or timed out
[2013-04-15 20:10:17,219] ProxyTest:1008 INFO  - === testGetCreateProxyBranches001() ===
[2013-04-15 20:10:17,220] TestBase:351 DEBUG - === created message:MESSAGE sip:bob@192.168.1.65:5072 SIP/2.0
Call-ID: 0e1443c3fc44e248ac911bcb65d2d393@192.168.1.65
CSeq: 1 MESSAGE
From: "Alice" <sip:alice@192.168.1.65:5071>;tag=1239855573
To: "Bob" <sip:bob@192.168.1.65:5072>
Via: SIP/2.0/UDP 192.168.1.65:5071;branch=somebranchvalue
Max-Forwards: 5
Content-Length: 0

 ===
SIPUNIT TRACE:  1366053017226  SS.waitRequest() - about to block, waiting
SIPUNIT TRACE:  1366053027227  SS.waitRequest() - we've come out of the block
SIPUNIT TRACE:  1366053027227  SS.waitRequest() - either we got the request, or timed out
[2013-04-15 20:10:30,240] ProxyTest:1008 INFO  - === testSetProxyTimeout101() ===
SIPUNIT TRACE:  1366053030244  INVITE after sending out through stack..........
SIPUNIT TRACE:  1366053030245  INVITE sip:bob@192.168.1.65:5072 SIP/2.0
Call-ID: 9f5bbbc36d8d9ced7307ad4b1c296585@192.168.1.65
CSeq: 1 INVITE
From: <sip:alice@192.168.1.65>;tag=1240477221
To: <sip:bob@192.168.1.65:5072>
Via: SIP/2.0/UDP 192.168.1.65:5071;branch=z9hG4bK3b4b5ff3629e264d19167a1f587e1145
Max-Forwards: 70
Contact: <sip:alice@192.168.1.65:5071;transport=udp;lr>
Route: <sip:localhost:5060;lr;transport=udp>,"Bob" <sip:bob@192.168.1.65:5072;lr>
Servlet-Name: Proxy
Method-Name: testSetProxyTimeout101
Application-Name: com.bea.sipservlet.tck.apps.apitestapp
Content-Length: 0


SIPUNIT TRACE:  1366053030245  RouteHeader address: <sip:localhost:5060;lr;transport=udp>
SIPUNIT TRACE:  1366053030245  RouteHeader address: "Bob" <sip:bob@192.168.1.65:5072;lr>
SIPUNIT TRACE:  1366053030245  SS.waitRequest() - about to block, waiting
SIPUNIT TRACE:  1366053030255  SipStack: request received !
SIPUNIT TRACE:  1366053030255  SipStack: calling listener
SIPUNIT TRACE:  1366053030255  SipSession: request received !
SIPUNIT TRACE:  1366053030255       me ('To' check) = sip:bob@192.168.1.65
SIPUNIT TRACE:  1366053030255       my local contact info ('Request URI' check) = sip:bob@192.168.1.65:5072;transport=udp;lr
SIPUNIT TRACE:  1366053030255       INVITE sip:bob@192.168.1.65:5072 SIP/2.0
Servlet-Name: Proxy
To: <sip:bob@192.168.1.65:5072>
Contact: <sip:alice@192.168.1.65:5071;lr;transport=udp>
Method-Name: testSetProxyTimeout101
From: <sip:alice@192.168.1.65>;tag=1240477221
Call-ID: 9f5bbbc36d8d9ced7307ad4b1c296585@192.168.1.65
Via: SIP/2.0/UDP 192.168.1.65:5060;branch=z9hG4bKkj9qfnswqd9u_cms9iei-piiqx3s3l;maddr=192.168.1.65,SIP/2.0/UDP 192.168.1.65:5071;branch=z9hG4bK3b4b5ff3629e264d19167a1f587e1145
Route: <sip:localhost:5060;transport=udp;lr>,"Bob" <sip:bob@192.168.1.65:5072;lr>
Max-Forwards: 69
Test-Result: OK
CSeq: 1 INVITE
Content-Length: 0


SIPUNIT TRACE:  1366053030256  SipSession: notifying block object
SIPUNIT TRACE:  1366053030256  SS.waitRequest() - we've come out of the block
SIPUNIT TRACE:  1366053030256  SS.waitRequest() - either we got the request, or timed out
SIPUNIT TRACE:  1366053030256  INVITE after received by stack..........
SIPUNIT TRACE:  1366053030256  INVITE sip:bob@192.168.1.65:5072 SIP/2.0
Servlet-Name: Proxy
To: <sip:bob@192.168.1.65:5072>
Contact: <sip:alice@192.168.1.65:5071;lr;transport=udp>
Method-Name: testSetProxyTimeout101
From: <sip:alice@192.168.1.65>;tag=1240477221
Call-ID: 9f5bbbc36d8d9ced7307ad4b1c296585@192.168.1.65
Via: SIP/2.0/UDP 192.168.1.65:5060;branch=z9hG4bKkj9qfnswqd9u_cms9iei-piiqx3s3l;maddr=192.168.1.65,SIP/2.0/UDP 192.168.1.65:5071;branch=z9hG4bK3b4b5ff3629e264d19167a1f587e1145
Route: <sip:localhost:5060;transport=udp;lr>,"Bob" <sip:bob@192.168.1.65:5072;lr>
Max-Forwards: 69
Test-Result: OK
CSeq: 1 INVITE
Content-Length: 0


SIPUNIT TRACE:  1366053030256  RouteHeader address: <sip:localhost:5060;transport=udp;lr>
SIPUNIT TRACE:  1366053030256  RouteHeader address: "Bob" <sip:bob@192.168.1.65:5072;lr>
SIPUNIT TRACE:  1366053030257  Response before sending out through stack..........
SIPUNIT TRACE:  1366053030258  SIP/2.0 200 OK
To: <sip:bob@192.168.1.65:5072>;tag=1166318693
From: <sip:alice@192.168.1.65>;tag=1240477221
Call-ID: 9f5bbbc36d8d9ced7307ad4b1c296585@192.168.1.65
Via: SIP/2.0/UDP 192.168.1.65:5060;branch=z9hG4bKkj9qfnswqd9u_cms9iei-piiqx3s3l;maddr=192.168.1.65,SIP/2.0/UDP 192.168.1.65:5071;branch=z9hG4bK3b4b5ff3629e264d19167a1f587e1145
CSeq: 1 INVITE
Contact: <sip:bob@192.168.1.65:5072;transport=udp;lr>
Expires: 0
Servlet-Name: Proxy
Method-Name: testSetProxyTimeout101
Content-Length: 0


SIPUNIT TRACE:  1366053030260  Outgoing call response received: SIP/2.0 100 Trying
To: <sip:bob@192.168.1.65:5072>
From: <sip:alice@192.168.1.65>;tag=1240477221
Via: SIP/2.0/UDP 192.168.1.65:5071;branch=z9hG4bK3b4b5ff3629e264d19167a1f587e1145
Call-ID: 9f5bbbc36d8d9ced7307ad4b1c296585@192.168.1.65
Server: Elaina
CSeq: 1 INVITE
Content-Length: 0


SIPUNIT TRACE:  1366053030268  Outgoing call response received: SIP/2.0 200 OK
Servlet-Name: Proxy
Expires: 0
Contact: <sip:bob@192.168.1.65:5072;lr;transport=udp>
To: <sip:bob@192.168.1.65:5072>;tag=1166318693
Method-Name: testSetProxyTimeout101
From: <sip:alice@192.168.1.65>;tag=1240477221
Via: SIP/2.0/UDP 192.168.1.65:5071;branch=z9hG4bK3b4b5ff3629e264d19167a1f587e1145
Call-ID: 9f5bbbc36d8d9ced7307ad4b1c296585@192.168.1.65
CSeq: 1 INVITE
Content-Length: 0


SIPUNIT TRACE:  1366053030371  SS.waitRequest() - about to block, waiting
SIPUNIT TRACE:  1366053030374  SipStack: request received !
SIPUNIT TRACE:  1366053030374  SipStack: calling listener
SIPUNIT TRACE:  1366053030374  SipSession: request received !
SIPUNIT TRACE:  1366053030374       me ('To' check) = sip:bob@192.168.1.65
SIPUNIT TRACE:  1366053030374       my local contact info ('Request URI' check) = sip:bob@192.168.1.65:5072;transport=udp;lr
SIPUNIT TRACE:  1366053030374       ACK sip:bob@192.168.1.65:5072;lr;transport=udp SIP/2.0
Via: SIP/2.0/UDP 192.168.1.65:5071;branch=z9hG4bK0bbec1fddce783451af805a5763c62a4
CSeq: 1 ACK
Servlet-Name: Proxy
Expires: 0
To: <sip:bob@192.168.1.65:5072>;tag=1166318693
Method-Name: testSetProxyTimeout101
From: <sip:alice@192.168.1.65>;tag=1240477221
Call-ID: 9f5bbbc36d8d9ced7307ad4b1c296585@192.168.1.65
Max-Forwards: 70
Route: "Bob" <sip:bob@192.168.1.65:5072;lr>
Content-Length: 0


SIPUNIT TRACE:  1366053030374  SipSession: notifying block object
SIPUNIT TRACE:  1366053030374  SS.waitRequest() - we've come out of the block
SIPUNIT TRACE:  1366053030374  SS.waitRequest() - either we got the request, or timed out
SIPUNIT TRACE:  1366053030377  SS.waitRequest() - about to block, waiting
SIPUNIT TRACE:  1366053030380  SipStack: request received !
SIPUNIT TRACE:  1366053030380  SipStack: calling listener
SIPUNIT TRACE:  1366053030380  SipSession: request received !
SIPUNIT TRACE:  1366053030380       me ('To' check) = sip:bob@192.168.1.65
SIPUNIT TRACE:  1366053030380       my local contact info ('Request URI' check) = sip:bob@192.168.1.65:5072;transport=udp;lr
SIPUNIT TRACE:  1366053030380       BYE sip:bob@192.168.1.65:5072;lr;transport=udp SIP/2.0
Via: SIP/2.0/UDP 192.168.1.65:5071;branch=z9hG4bK1ba5e88d2c09dbb83695c54ddb92cfea
CSeq: 2 BYE
Servlet-Name: Proxy
Expires: 0
To: <sip:bob@192.168.1.65:5072>;tag=1166318693
Method-Name: testSetProxyTimeout101
From: <sip:alice@192.168.1.65>;tag=1240477221
Call-ID: 9f5bbbc36d8d9ced7307ad4b1c296585@192.168.1.65
Max-Forwards: 70
Content-Length: 0


SIPUNIT TRACE:  1366053030380  SipSession: notifying block object
SIPUNIT TRACE:  1366053030380  SS.waitRequest() - we've come out of the block
SIPUNIT TRACE:  1366053030380  SS.waitRequest() - either we got the request, or timed out
SIPUNIT TRACE:  1366053030380  Response before sending out through stack..........
SIPUNIT TRACE:  1366053030380  SIP/2.0 200 OK
Via: SIP/2.0/UDP 192.168.1.65:5071;branch=z9hG4bK1ba5e88d2c09dbb83695c54ddb92cfea
CSeq: 2 BYE
To: <sip:bob@192.168.1.65:5072>;tag=1166318693
From: <sip:alice@192.168.1.65>;tag=1240477221
Call-ID: 9f5bbbc36d8d9ced7307ad4b1c296585@192.168.1.65
Contact: <sip:bob@192.168.1.65:5072;transport=udp;lr>
Expires: 0
Content-Length: 0


SIPUNIT TRACE:  1366053030385  Asynchronous response received: SIP/2.0 200 OK
Via: SIP/2.0/UDP 192.168.1.65:5071;branch=z9hG4bK1ba5e88d2c09dbb83695c54ddb92cfea
CSeq: 2 BYE
To: <sip:bob@192.168.1.65:5072>;tag=1166318693
From: <sip:alice@192.168.1.65>;tag=1240477221
Call-ID: 9f5bbbc36d8d9ced7307ad4b1c296585@192.168.1.65
Contact: <sip:bob@192.168.1.65:5072;lr;transport=udp>
Expires: 0
Content-Length: 0


SIPUNIT TRACE:  1366053030389  SipStack: request received !
[2013-04-15 20:10:33,394] ProxyTest:1008 INFO  - === testSetRecordRoute101() ===
SIPUNIT TRACE:  1366053033399  INVITE after sending out through stack..........
SIPUNIT TRACE:  1366053033399  INVITE sip:bob@192.168.1.65:5072 SIP/2.0
Call-ID: 6745c707198f9604d379a12565f10ae8@192.168.1.65
CSeq: 1 INVITE
From: <sip:alice@192.168.1.65>;tag=1552637650
To: <sip:bob@192.168.1.65:5072>
Via: SIP/2.0/UDP 192.168.1.65:5071;branch=z9hG4bKfa2a6ea8cf74092c883694e4cf9d6409
Max-Forwards: 70
Contact: <sip:alice@192.168.1.65:5071;transport=udp;lr>
Route: <sip:localhost:5060;lr;transport=udp>,"Bob" <sip:bob@192.168.1.65:5072;lr>
Servlet-Name: Proxy
Method-Name: testSetRecordRoute101
Application-Name: com.bea.sipservlet.tck.apps.apitestapp
Content-Length: 0


SIPUNIT TRACE:  1366053033399  RouteHeader address: <sip:localhost:5060;lr;transport=udp>
SIPUNIT TRACE:  1366053033399  RouteHeader address: "Bob" <sip:bob@192.168.1.65:5072;lr>
SIPUNIT TRACE:  1366053033399  SS.waitRequest() - about to block, waiting
SIPUNIT TRACE:  1366053033410  SipStack: request received !
SIPUNIT TRACE:  1366053033410  SipStack: calling listener
SIPUNIT TRACE:  1366053033410  SipSession: request received !
SIPUNIT TRACE:  1366053033410       me ('To' check) = sip:bob@192.168.1.65
SIPUNIT TRACE:  1366053033410       my local contact info ('Request URI' check) = sip:bob@192.168.1.65:5072;transport=udp;lr
SIPUNIT TRACE:  1366053033410       INVITE sip:bob@192.168.1.65:5072 SIP/2.0
Servlet-Name: Proxy
To: <sip:bob@192.168.1.65:5072>
Contact: <sip:alice@192.168.1.65:5071;lr;transport=udp>
Method-Name: testSetRecordRoute101
From: <sip:alice@192.168.1.65>;tag=1552637650
Call-ID: 6745c707198f9604d379a12565f10ae8@192.168.1.65
Via: SIP/2.0/UDP 192.168.1.65:5060;branch=z9hG4bKv-2b1qp74moxybfkrv5l75p0.sm6z+;maddr=192.168.1.65,SIP/2.0/UDP 192.168.1.65:5071;branch=z9hG4bKfa2a6ea8cf74092c883694e4cf9d6409
Route: <sip:localhost:5060;transport=udp;lr>,"Bob" <sip:bob@192.168.1.65:5072;lr>
Max-Forwards: 69
CSeq: 1 INVITE
Content-Length: 0


SIPUNIT TRACE:  1366053033410  SipSession: notifying block object
SIPUNIT TRACE:  1366053033410  SS.waitRequest() - we've come out of the block
SIPUNIT TRACE:  1366053033410  SS.waitRequest() - either we got the request, or timed out
SIPUNIT TRACE:  1366053033410  INVITE after received by stack..........
SIPUNIT TRACE:  1366053033410  INVITE sip:bob@192.168.1.65:5072 SIP/2.0
Servlet-Name: Proxy
To: <sip:bob@192.168.1.65:5072>
Contact: <sip:alice@192.168.1.65:5071;lr;transport=udp>
Method-Name: testSetRecordRoute101
From: <sip:alice@192.168.1.65>;tag=1552637650
Call-ID: 6745c707198f9604d379a12565f10ae8@192.168.1.65
Via: SIP/2.0/UDP 192.168.1.65:5060;branch=z9hG4bKv-2b1qp74moxybfkrv5l75p0.sm6z+;maddr=192.168.1.65,SIP/2.0/UDP 192.168.1.65:5071;branch=z9hG4bKfa2a6ea8cf74092c883694e4cf9d6409
Route: <sip:localhost:5060;transport=udp;lr>,"Bob" <sip:bob@192.168.1.65:5072;lr>
Max-Forwards: 69
CSeq: 1 INVITE
Content-Length: 0


SIPUNIT TRACE:  1366053033411  RouteHeader address: <sip:localhost:5060;transport=udp;lr>
SIPUNIT TRACE:  1366053033411  RouteHeader address: "Bob" <sip:bob@192.168.1.65:5072;lr>
SIPUNIT TRACE:  1366053033412  Response before sending out through stack..........
SIPUNIT TRACE:  1366053033412  SIP/2.0 180 Ringing
To: <sip:bob@192.168.1.65:5072>;tag=928559372
From: <sip:alice@192.168.1.65>;tag=1552637650
Call-ID: 6745c707198f9604d379a12565f10ae8@192.168.1.65
Via: SIP/2.0/UDP 192.168.1.65:5060;branch=z9hG4bKv-2b1qp74moxybfkrv5l75p0.sm6z+;maddr=192.168.1.65,SIP/2.0/UDP 192.168.1.65:5071;branch=z9hG4bKfa2a6ea8cf74092c883694e4cf9d6409
CSeq: 1 INVITE
Contact: <sip:bob@192.168.1.65:5072;transport=udp;lr>
Expires: 0
Servlet-Name: Proxy
Method-Name: testSetRecordRoute101
Content-Length: 0


SIPUNIT TRACE:  1366053033415  Outgoing call response received: SIP/2.0 100 Trying
To: <sip:bob@192.168.1.65:5072>
From: <sip:alice@192.168.1.65>;tag=1552637650
Via: SIP/2.0/UDP 192.168.1.65:5071;branch=z9hG4bKfa2a6ea8cf74092c883694e4cf9d6409
Call-ID: 6745c707198f9604d379a12565f10ae8@192.168.1.65
Server: Elaina
CSeq: 1 INVITE
Content-Length: 0


SIPUNIT TRACE:  1366053033423  Outgoing call response received: SIP/2.0 180 Ringing
Servlet-Name: Proxy
Expires: 0
Contact: <sip:bob@192.168.1.65:5072;lr;transport=udp>
To: <sip:bob@192.168.1.65:5072>;tag=928559372
Method-Name: testSetRecordRoute101
From: <sip:alice@192.168.1.65>;tag=1552637650
Via: SIP/2.0/UDP 192.168.1.65:5071;branch=z9hG4bKfa2a6ea8cf74092c883694e4cf9d6409
Call-ID: 6745c707198f9604d379a12565f10ae8@192.168.1.65
CSeq: 1 INVITE
Content-Length: 0


[2013-04-15 20:10:36,432] ProxyTest:1008 INFO  - === testGetOriginalRequest001() ===
[2013-04-15 20:10:36,433] TestBase:351 DEBUG - === created message:MESSAGE sip:bob@192.168.1.65:5072 SIP/2.0
Call-ID: 76652bb4b71e078da6a82e5ed05b6862@192.168.1.65
CSeq: 1 MESSAGE
From: "Alice" <sip:alice@192.168.1.65:5071>;tag=628332208
To: "Bob" <sip:bob@192.168.1.65:5072>
Via: SIP/2.0/UDP 192.168.1.65:5071;branch=somebranchvalue
Max-Forwards: 5
Content-Length: 0

 ===
SIPUNIT TRACE:  1366053036437  SS.waitRequest() - about to block, waiting
SIPUNIT TRACE:  1366053036445  SipStack: request received !
SIPUNIT TRACE:  1366053036445  SipStack: calling listener
SIPUNIT TRACE:  1366053036445  SipSession: request received !
SIPUNIT TRACE:  1366053036445       me ('To' check) = sip:bob@192.168.1.65
SIPUNIT TRACE:  1366053036445       my local contact info ('Request URI' check) = sip:bob@192.168.1.65:5072;transport=udp;lr
SIPUNIT TRACE:  1366053036446       MESSAGE sip:bob@192.168.1.65:5072 SIP/2.0
Servlet-Name: Proxy
To: "Bob" <sip:bob@192.168.1.65:5072>
Method-Name: testGetOriginalRequest001
From: "Alice" <sip:alice@192.168.1.65:5071>;tag=628332208
Call-ID: 76652bb4b71e078da6a82e5ed05b6862@192.168.1.65
Via: SIP/2.0/UDP 192.168.1.65:5060;branch=z9hG4bK4nnwo01z7r+.tm31-d.064bvsda8il;maddr=192.168.1.65,SIP/2.0/UDP 192.168.1.65:5071;branch=z9hG4bK53c758eccbb584919af0d6eebad4da0e
Route: "JSR289_TCK" <sip:JSR289_TCK@localhost:5060;lr>,"Bob" <sip:bob@192.168.1.65:5072;lr>
Max-Forwards: 4
CSeq: 1 MESSAGE
Content-Length: 0


SIPUNIT TRACE:  1366053036446  SipSession: notifying block object
SIPUNIT TRACE:  1366053036446  SS.waitRequest() - we've come out of the block
SIPUNIT TRACE:  1366053036446  SS.waitRequest() - either we got the request, or timed out
[2013-04-15 20:10:39,466] ProxyTest:1008 INFO  - === testGetSetParallel001() ===
[2013-04-15 20:10:39,466] TestBase:351 DEBUG - === created message:MESSAGE sip:bob@192.168.1.65:5072 SIP/2.0
Call-ID: b27d3d460758a03ae45201c456cf12d2@192.168.1.65
CSeq: 1 MESSAGE
From: "Alice" <sip:alice@192.168.1.65:5071>;tag=2049798813
To: "Bob" <sip:bob@192.168.1.65:5072>
Via: SIP/2.0/UDP 192.168.1.65:5071;branch=somebranchvalue
Max-Forwards: 5
Content-Length: 0

 ===
SIPUNIT TRACE:  1366053039470  SS.waitRequest() - about to block, waiting
SIPUNIT TRACE:  1366053039478  SipStack: request received !
SIPUNIT TRACE:  1366053039478  SipStack: calling listener
SIPUNIT TRACE:  1366053039478  SipSession: request received !
SIPUNIT TRACE:  1366053039478       me ('To' check) = sip:bob@192.168.1.65
SIPUNIT TRACE:  1366053039478       my local contact info ('Request URI' check) = sip:bob@192.168.1.65:5072;transport=udp;lr
SIPUNIT TRACE:  1366053039478       MESSAGE sip:bob@192.168.1.65:5072 SIP/2.0
Servlet-Name: Proxy
To: "Bob" <sip:bob@192.168.1.65:5072>
Method-Name: testGetSetParallel001
From: "Alice" <sip:alice@192.168.1.65:5071>;tag=2049798813
Call-ID: b27d3d460758a03ae45201c456cf12d2@192.168.1.65
Via: SIP/2.0/UDP 192.168.1.65:5060;branch=z9hG4bKu5qacn7jxqyk-uxgo!cu_dr__n6w11;maddr=192.168.1.65,SIP/2.0/UDP 192.168.1.65:5071;branch=z9hG4bKe63f5dda1e55dd44286f2f3eee415696
Route: "JSR289_TCK" <sip:JSR289_TCK@localhost:5060;lr>,"Bob" <sip:bob@192.168.1.65:5072;lr>
Max-Forwards: 4
CSeq: 1 MESSAGE
Content-Length: 0


SIPUNIT TRACE:  1366053039478  SipSession: notifying block object
SIPUNIT TRACE:  1366053039478  SS.waitRequest() - we've come out of the block
SIPUNIT TRACE:  1366053039478  SS.waitRequest() - either we got the request, or timed out
[2013-04-15 20:10:42,496] ProxyTest:1008 INFO  - === testGetSetProxyTimeout001() ===
[2013-04-15 20:10:42,497] TestBase:351 DEBUG - === created message:MESSAGE sip:bob@192.168.1.65:5072 SIP/2.0
Call-ID: c0d4b3a853d9bbdb197b8fb59d3fe2a8@192.168.1.65
CSeq: 1 MESSAGE
From: "Alice" <sip:alice@192.168.1.65:5071>;tag=1772415565
To: "Bob" <sip:bob@192.168.1.65:5072>
Via: SIP/2.0/UDP 192.168.1.65:5071;branch=somebranchvalue
Max-Forwards: 5
Content-Length: 0

 ===
SIPUNIT TRACE:  1366053042500  SS.waitRequest() - about to block, waiting
SIPUNIT TRACE:  1366053042508  SipStack: request received !
SIPUNIT TRACE:  1366053042508  SipStack: calling listener
SIPUNIT TRACE:  1366053042508  SipSession: request received !
SIPUNIT TRACE:  1366053042508       me ('To' check) = sip:bob@192.168.1.65
SIPUNIT TRACE:  1366053042508       my local contact info ('Request URI' check) = sip:bob@192.168.1.65:5072;transport=udp;lr
SIPUNIT TRACE:  1366053042508       MESSAGE sip:bob@192.168.1.65:5072 SIP/2.0
Servlet-Name: Proxy
To: "Bob" <sip:bob@192.168.1.65:5072>
Method-Name: testGetSetProxyTimeout001
From: "Alice" <sip:alice@192.168.1.65:5071>;tag=1772415565
Call-ID: c0d4b3a853d9bbdb197b8fb59d3fe2a8@192.168.1.65
Via: SIP/2.0/UDP 192.168.1.65:5060;branch=z9hG4bK0+-pnae!!1j_dggtcz919lwxeak0cq;maddr=192.168.1.65,SIP/2.0/UDP 192.168.1.65:5071;branch=z9hG4bKc50955f6f9dab57e9dcfe2be6602341e
Route: "JSR289_TCK" <sip:JSR289_TCK@localhost:5060;lr>,"Bob" <sip:bob@192.168.1.65:5072;lr>
Max-Forwards: 4
Fail-Reason: Fail to set and get "ProxyTimeout" parameter of Proxy.
CSeq: 1 MESSAGE
Content-Length: 0


SIPUNIT TRACE:  1366053042508  SipSession: notifying block object
SIPUNIT TRACE:  1366053042508  SS.waitRequest() - we've come out of the block
SIPUNIT TRACE:  1366053042508  SS.waitRequest() - either we got the request, or timed out
[2013-04-15 20:10:45,520] ProxyTest:1008 INFO  - === testGetSetRecordRoute001() ===
[2013-04-15 20:10:45,520] TestBase:351 DEBUG - === created message:MESSAGE sip:bob@192.168.1.65:5072 SIP/2.0
Call-ID: d200933baeb042e3931c7533a7af8f44@192.168.1.65
CSeq: 1 MESSAGE
From: "Alice" <sip:alice@192.168.1.65:5071>;tag=982782330
To: "Bob" <sip:bob@192.168.1.65:5072>
Via: SIP/2.0/UDP 192.168.1.65:5071;branch=somebranchvalue
Max-Forwards: 5
Content-Length: 0

 ===
SIPUNIT TRACE:  1366053045524  SS.waitRequest() - about to block, waiting
SIPUNIT TRACE:  1366053055525  SS.waitRequest() - we've come out of the block
SIPUNIT TRACE:  1366053055525  SS.waitRequest() - either we got the request, or timed out
[2013-04-15 20:10:58,538] ProxyTest:1008 INFO  - === testGetSetRecurse001() ===
[2013-04-15 20:10:58,538] TestBase:351 DEBUG - === created message:MESSAGE sip:bob@192.168.1.65:5072 SIP/2.0
Call-ID: 639b02ee24204e8aecae60237720a5a6@192.168.1.65
CSeq: 1 MESSAGE
From: "Alice" <sip:alice@192.168.1.65:5071>;tag=1909774305
To: "Bob" <sip:bob@192.168.1.65:5072>
Via: SIP/2.0/UDP 192.168.1.65:5071;branch=somebranchvalue
Max-Forwards: 5
Content-Length: 0

 ===
SIPUNIT TRACE:  1366053058543  SS.waitRequest() - about to block, waiting
SIPUNIT TRACE:  1366053058550  SipStack: request received !
SIPUNIT TRACE:  1366053058550  SipStack: calling listener
SIPUNIT TRACE:  1366053058551  SipSession: request received !
SIPUNIT TRACE:  1366053058551       me ('To' check) = sip:bob@192.168.1.65
SIPUNIT TRACE:  1366053058551       my local contact info ('Request URI' check) = sip:bob@192.168.1.65:5072;transport=udp;lr
SIPUNIT TRACE:  1366053058551       MESSAGE sip:bob@192.168.1.65:5072 SIP/2.0
Servlet-Name: Proxy
To: "Bob" <sip:bob@192.168.1.65:5072>
Method-Name: testGetSetRecurse001
From: "Alice" <sip:alice@192.168.1.65:5071>;tag=1909774305
Call-ID: 639b02ee24204e8aecae60237720a5a6@192.168.1.65
Via: SIP/2.0/UDP 192.168.1.65:5060;branch=z9hG4bK_g+ln3swokf5c5sdww4xafh06w__us;maddr=192.168.1.65,SIP/2.0/UDP 192.168.1.65:5071;branch=z9hG4bKa3a0458b3f37d5fdeaf6d13b69e6e8d0
Route: "JSR289_TCK" <sip:JSR289_TCK@localhost:5060;lr>,"Bob" <sip:bob@192.168.1.65:5072;lr>
Max-Forwards: 4
CSeq: 1 MESSAGE
Content-Length: 0


SIPUNIT TRACE:  1366053058551  SipSession: notifying block object
SIPUNIT TRACE:  1366053058551  SS.waitRequest() - we've come out of the block
SIPUNIT TRACE:  1366053058551  SS.waitRequest() - either we got the request, or timed out
[2013-04-15 20:11:01,568] ProxyTest:1008 INFO  - === testGetSetSequentialSearchTimeout001() ===
[2013-04-15 20:11:04,578] ProxyTest:1008 INFO  - === testGetSetStateful001() ===
[2013-04-15 20:11:07,588] ProxyTest:1008 INFO  - === testGetSetSupervised001() ===
[2013-04-15 20:11:07,588] TestBase:351 DEBUG - === created message:MESSAGE sip:bob@192.168.1.65:5072 SIP/2.0
Call-ID: fb5536a4603dfc5b7d848b719374547b@192.168.1.65
CSeq: 1 MESSAGE
From: "Alice" <sip:alice@192.168.1.65:5071>;tag=948068578
To: "Bob" <sip:bob@192.168.1.65:5072>
Via: SIP/2.0/UDP 192.168.1.65:5071;branch=somebranchvalue
Max-Forwards: 5
Content-Length: 0

 ===
SIPUNIT TRACE:  1366053067592  SS.waitRequest() - about to block, waiting
SIPUNIT TRACE:  1366053067600  SipStack: request received !
SIPUNIT TRACE:  1366053067600  SipStack: calling listener
SIPUNIT TRACE:  1366053067600  SipSession: request received !
SIPUNIT TRACE:  1366053067600       me ('To' check) = sip:bob@192.168.1.65
SIPUNIT TRACE:  1366053067600       my local contact info ('Request URI' check) = sip:bob@192.168.1.65:5072;transport=udp;lr
SIPUNIT TRACE:  1366053067600       MESSAGE sip:bob@192.168.1.65:5072 SIP/2.0
Servlet-Name: Proxy
To: "Bob" <sip:bob@192.168.1.65:5072>
Method-Name: testGetSetSupervised001
From: "Alice" <sip:alice@192.168.1.65:5071>;tag=948068578
Call-ID: fb5536a4603dfc5b7d848b719374547b@192.168.1.65
Via: SIP/2.0/UDP 192.168.1.65:5060;branch=z9hG4bK926y2digux9l2h3y8ng8yi9pths066;maddr=192.168.1.65,SIP/2.0/UDP 192.168.1.65:5071;branch=z9hG4bK02317ef0a65a35bf09726bcbd248ea02
Route: "JSR289_TCK" <sip:JSR289_TCK@localhost:5060;lr>,"Bob" <sip:bob@192.168.1.65:5072;lr>
Max-Forwards: 4
CSeq: 1 MESSAGE
Content-Length: 0


SIPUNIT TRACE:  1366053067600  SipSession: notifying block object
SIPUNIT TRACE:  1366053067600  SS.waitRequest() - we've come out of the block
SIPUNIT TRACE:  1366053067600  SS.waitRequest() - either we got the request, or timed out
[2013-04-15 20:11:10,618] ProxyTest:1008 INFO  - === testProxyTo001() ===
[2013-04-15 20:11:10,619] TestBase:351 DEBUG - === created message:MESSAGE sip:bob@192.168.1.65:5072 SIP/2.0
Call-ID: 6c0484962f5704e72999953d60fc7f56@192.168.1.65
CSeq: 1 MESSAGE
From: "Alice" <sip:alice@192.168.1.65:5071>;tag=851276815
To: "Bob" <sip:bob@192.168.1.65:5072>
Via: SIP/2.0/UDP 192.168.1.65:5071;branch=somebranchvalue
Max-Forwards: 5
Content-Length: 0

 ===
SIPUNIT TRACE:  1366053070623  SS.waitRequest() - about to block, waiting
SIPUNIT TRACE:  1366053070630  SipStack: request received !
SIPUNIT TRACE:  1366053070630  SipStack: calling listener
SIPUNIT TRACE:  1366053070630  SipSession: request received !
SIPUNIT TRACE:  1366053070630       me ('To' check) = sip:bob@192.168.1.65
SIPUNIT TRACE:  1366053070630       my local contact info ('Request URI' check) = sip:bob@192.168.1.65:5072;transport=udp;lr
SIPUNIT TRACE:  1366053070630       MESSAGE sip:bob@192.168.1.65:5072 SIP/2.0
Servlet-Name: Proxy
To: "Bob" <sip:bob@192.168.1.65:5072>
Method-Name: testProxyTo001
From: "Alice" <sip:alice@192.168.1.65:5071>;tag=851276815
Call-ID: 6c0484962f5704e72999953d60fc7f56@192.168.1.65
Via: SIP/2.0/UDP 192.168.1.65:5060;branch=z9hG4bKnla64pmqgeaf2-r77ljwrjxig89xb!;maddr=192.168.1.65,SIP/2.0/UDP 192.168.1.65:5071;branch=z9hG4bKe1a0ce46ff1f983b0783ef0cca2ea0eb
Route: "JSR289_TCK" <sip:JSR289_TCK@localhost:5060;lr>,"Bob" <sip:bob@192.168.1.65:5072;lr>
Max-Forwards: 4
CSeq: 1 MESSAGE
Content-Length: 0


SIPUNIT TRACE:  1366053070630  SipSession: notifying block object
SIPUNIT TRACE:  1366053070631  SS.waitRequest() - we've come out of the block
SIPUNIT TRACE:  1366053070631  SS.waitRequest() - either we got the request, or timed out
[2013-04-15 20:11:13,649] ProxyTest:1008 INFO  - === testProxyTo002() ===
[2013-04-15 20:11:13,650] TestBase:351 DEBUG - === created message:MESSAGE sip:bob@192.168.1.65:5072 SIP/2.0
Call-ID: 64460243b74fb0f6a7bea121cda5ae09@192.168.1.65
CSeq: 1 MESSAGE
From: "Alice" <sip:alice@192.168.1.65:5071>;tag=2074497303
To: "Bob" <sip:bob@192.168.1.65:5072>
Via: SIP/2.0/UDP 192.168.1.65:5071;branch=somebranchvalue
Max-Forwards: 5
Content-Length: 0

 ===
SIPUNIT TRACE:  1366053073653  SS.waitRequest() - about to block, waiting
SIPUNIT TRACE:  1366053073661  SipStack: request received !
SIPUNIT TRACE:  1366053073661  SipStack: calling listener
SIPUNIT TRACE:  1366053073661  SipSession: request received !
SIPUNIT TRACE:  1366053073661       me ('To' check) = sip:bob@192.168.1.65
SIPUNIT TRACE:  1366053073661       my local contact info ('Request URI' check) = sip:bob@192.168.1.65:5072;transport=udp;lr
SIPUNIT TRACE:  1366053073661       MESSAGE sip:bob@192.168.1.65:5072 SIP/2.0
Servlet-Name: Proxy
To: "Bob" <sip:bob@192.168.1.65:5072>
Method-Name: testProxyTo002
From: "Alice" <sip:alice@192.168.1.65:5071>;tag=2074497303
Call-ID: 64460243b74fb0f6a7bea121cda5ae09@192.168.1.65
Via: SIP/2.0/UDP 192.168.1.65:5060;branch=z9hG4bKj_jjul--ytd+0lprudq!9yp9z84lg5;maddr=192.168.1.65,SIP/2.0/UDP 192.168.1.65:5071;branch=z9hG4bK979ba7e292e28bb31ae7f6c3524189fb
Route: "JSR289_TCK" <sip:JSR289_TCK@localhost:5060;lr>,"Bob" <sip:bob@192.168.1.65:5072;lr>
Max-Forwards: 4
CSeq: 1 MESSAGE
Content-Length: 0


SIPUNIT TRACE:  1366053073661  SipSession: notifying block object
SIPUNIT TRACE:  1366053073661  SS.waitRequest() - we've come out of the block
SIPUNIT TRACE:  1366053073661  SS.waitRequest() - either we got the request, or timed out
[2013-04-15 20:11:16,677] ProxyTest:1008 INFO  - === testSetOutboundInterface001() ===
[2013-04-15 20:11:16,677] TestBase:351 DEBUG - === created message:MESSAGE sip:bob@192.168.1.65:5072 SIP/2.0
Call-ID: 09b0cb167ee27c15187dba805a5023ef@192.168.1.65
CSeq: 1 MESSAGE
From: "Alice" <sip:alice@192.168.1.65:5071>;tag=1661625653
To: "Bob" <sip:bob@192.168.1.65:5072>
Via: SIP/2.0/UDP 192.168.1.65:5071;branch=somebranchvalue
Max-Forwards: 5
Content-Length: 0

 ===
SIPUNIT TRACE:  1366053076681  SS.waitRequest() - about to block, waiting
SIPUNIT TRACE:  1366053086682  SS.waitRequest() - we've come out of the block
SIPUNIT TRACE:  1366053086682  SS.waitRequest() - either we got the request, or timed out
[2013-04-15 20:11:29,694] ProxyTest:1008 INFO  - === testSetOutboundInterface002() ===
[2013-04-15 20:11:29,694] TestBase:351 DEBUG - === created message:MESSAGE sip:bob@192.168.1.65:5072 SIP/2.0
Call-ID: c83d4ca7a24ea94b0d3958bbd1d06799@192.168.1.65
CSeq: 1 MESSAGE
From: "Alice" <sip:alice@192.168.1.65:5071>;tag=1954793195
To: "Bob" <sip:bob@192.168.1.65:5072>
Via: SIP/2.0/UDP 192.168.1.65:5071;branch=somebranchvalue
Max-Forwards: 5
Content-Length: 0

 ===
SIPUNIT TRACE:  1366053089698  SS.waitRequest() - about to block, waiting
SIPUNIT TRACE:  1366053099699  SS.waitRequest() - we've come out of the block
SIPUNIT TRACE:  1366053099699  SS.waitRequest() - either we got the request, or timed out
]]></system-out>
  <system-err><![CDATA[]]></system-err>
</testsuite>
