<?xml version="1.0" encoding="UTF-8" ?>
<testsuite errors="0" failures="3" name="com.bea.sipservlet.tck.agents.api.javax_servlet_sip.SipServletResponseTest" tests="15" time="75.981">
  <properties>
    <property name="java.vendor" value="Oracle Corporation" />
    <property name="env.SIPUNIT_LIB" value="/Users/andrew/Documents/reference/sip/sipservlet-1_1-tck/tck/../sipunit/lib" />
    <property name="env.SIGNATURE_FILE_NAME" value="/Users/andrew/Documents/reference/sip/sipservlet-1_1-tck/tck/bin/jsr289_api.sig" />
    <property name="sun.java.launcher" value="SUN_STANDARD" />
    <property name="env.TCK_LIB" value="/Users/andrew/Documents/reference/sip/sipservlet-1_1-tck/tck/../tck/lib" />
    <property name="sun.management.compiler" value="HotSpot 64-Bit Tiered Compilers" />
    <property name="spec.report" value="/Users/andrew/Documents/reference/sip/sipservlet-1_1-tck/tck/report/spec_report" />
    <property name="lib" value="/Users/andrew/Documents/reference/sip/sipservlet-1_1-tck/tck/lib" />
    <property name="env.TCK_DIRECTORY" value="/Users/andrew/Documents/reference/sip/sipservlet-1_1-tck/tck" />
    <property name="os.name" value="Mac OS X" />
    <property name="sun.boot.class.path" value="/Library/Java/JavaVirtualMachines/jdk1.7.0_10.jdk/Contents/Home/jre/lib/resources.jar:/Library/Java/JavaVirtualMachines/jdk1.7.0_10.jdk/Contents/Home/jre/lib/rt.jar:/Library/Java/JavaVirtualMachines/jdk1.7.0_10.jdk/Contents/Home/jre/lib/sunrsasign.jar:/Library/Java/JavaVirtualMachines/jdk1.7.0_10.jdk/Contents/Home/jre/lib/jsse.jar:/Library/Java/JavaVirtualMachines/jdk1.7.0_10.jdk/Contents/Home/jre/lib/jce.jar:/Library/Java/JavaVirtualMachines/jdk1.7.0_10.jdk/Contents/Home/jre/lib/charsets.jar:/Library/Java/JavaVirtualMachines/jdk1.7.0_10.jdk/Contents/Home/jre/lib/jfr.jar:/Library/Java/JavaVirtualMachines/jdk1.7.0_10.jdk/Contents/Home/jre/lib/JObjC.jar:/Library/Java/JavaVirtualMachines/jdk1.7.0_10.jdk/Contents/Home/jre/classes" />
    <property name="env.TMPDIR" value="/var/folders/qt/j9kz_nw12bqfytwz9kfyjvq00000gn/T/" />
    <property name="env.Apple_Ubiquity_Message" value="/tmp/launch-s2GBEw/Apple_Ubiquity_Message" />
    <property name="env.SIPUNIT_DIRECTORY" value="/Users/andrew/Documents/reference/sip/sipservlet-1_1-tck/sipunit" />
    <property name="env.PWD" value="/Users/andrew/Documents/reference/sip/sipservlet-1_1-tck/tck" />
    <property name="user.country.format" value="GB" />
    <property name="report" value="/Users/andrew/Documents/reference/sip/sipservlet-1_1-tck/tck/report" />
    <property name="env.LANG" value="en_GB.UTF-8" />
    <property name="signature.report" value="/Users/andrew/Documents/reference/sip/sipservlet-1_1-tck/tck/report/sig_report" />
    <property name="java.vm.specification.vendor" value="Oracle Corporation" />
    <property name="ant.home" value="/usr/share/ant" />
    <property name="java.runtime.version" value="1.7.0_10-ea-b09" />
    <property name="env.TCK_HOME" value="/Users/andrew/Documents/reference/sip/sipservlet-1_1-tck/tck/../tck" />
    <property name="env.Apple_PubSub_Socket_Render" value="/tmp/launch-w5MTVj/Render" />
    <property name="approuter.src" value="com/bea/sipservlet/tck/ar" />
    <property name="user.name" value="andrew" />
    <property name="env.USER" value="andrew" />
    <property name="env.SHELL" value="/bin/bash" />
    <property name="env.__CF_USER_TEXT_ENCODING" value="0x1F5:0:0" />
    <property name="env.XMLLINT_INDENT" value="    " />
    <property name="env.PATH" value="/Library/Java/JavaVirtualMachines/jdk1.7.0_10.jdk/Contents/Home/jre/bin:/usr/share/ant/bin:/usr/bin:/bin:/usr/sbin:/sbin:/usr/local/bin" />
    <property name="user.language" value="en" />
    <property name="build" value="/Users/andrew/Documents/reference/sip/sipservlet-1_1-tck/tck/build" />
    <property name="sun.boot.library.path" value="/Library/Java/JavaVirtualMachines/jdk1.7.0_10.jdk/Contents/Home/jre/lib" />
    <property name="ant.project.default-target" value="usage" />
    <property name="ant.project.name" value="SIP Servlet 1.1 API Technology Compatibility Kit (TCK)" />
    <property name="env.REPORT_HOME" value="/Users/andrew/Documents/reference/sip/sipservlet-1_1-tck/tck/../tck/report" />
    <property name="java.version" value="1.7.0_10-ea" />
    <property name="classes" value="/Users/andrew/Documents/reference/sip/sipservlet-1_1-tck/tck/build/classes" />
    <property name="user.timezone" value="" />
    <property name="apiapp.dir" value="/Users/andrew/Documents/reference/sip/sipservlet-1_1-tck/tck/applications/apitestapp" />
    <property name="tck.zip" value="../sipservlet-1_1-tck.zip" />
    <property name="sun.arch.data.model" value="64" />
    <property name="log4j" value="/Users/andrew/Documents/reference/sip/sipservlet-1_1-tck/tck/conf/log4j.properties" />
    <property name="http.nonProxyHosts" value="local|*.local|169.254/16|*.169.254/16" />
    <property name="java.endorsed.dirs" value="/Library/Java/JavaVirtualMachines/jdk1.7.0_10.jdk/Contents/Home/jre/lib/endorsed" />
    <property name="signaturefile" value="jsr289_api.sig" />
    <property name="sun.cpu.isalist" value="" />
    <property name="sun.jnu.encoding" value="UTF-8" />
    <property name="file.encoding.pkg" value="sun.io" />
    <property name="env.SHLVL" value="2" />
    <property name="file.separator" value="/" />
    <property name="java.specification.name" value="Java Platform API Specification" />
    <property name="java.class.version" value="51.0" />
    <property name="src" value="/Users/andrew/Documents/reference/sip/sipservlet-1_1-tck/tck/src" />
    <property name="sipunit.dir" value="../sipunit" />
    <property name="ar.build" value="/Users/andrew/Documents/reference/sip/sipservlet-1_1-tck/tck/build/ar-build" />
    <property name="user.country" value="US" />
    <property name="java.home" value="/Library/Java/JavaVirtualMachines/jdk1.7.0_10.jdk/Contents/Home/jre" />
    <property name="dist.dir" value="/Users/andrew/Documents/reference/sip/sipservlet-1_1-tck/tck/dist" />
    <property name="java.vm.info" value="mixed mode" />
    <property name="env.LOGNAME" value="andrew" />
    <property name="ant.file" value="/Users/andrew/Documents/reference/sip/sipservlet-1_1-tck/tck/build.xml" />
    <property name="os.version" value="10.8.3" />
    <property name="env.TERM_PROGRAM_VERSION" value="309" />
    <property name="path.separator" value=":" />
    <property name="java.vm.version" value="23.6-b03" />
    <property name="ant.library.dir" value="/usr/share/ant/lib" />
    <property name="env.SIPUNIT_HOME" value="/Users/andrew/Documents/reference/sip/sipservlet-1_1-tck/tck/../sipunit" />
    <property name="env.JAVA_HOME" value="/Library/Java/JavaVirtualMachines/jdk1.7.0_10.jdk/Contents/Home" />
    <property name="env.SIGCONFIG" value="/Users/andrew/Documents/reference/sip/sipservlet-1_1-tck/tck/conf/signature.properties" />
    <property name="env.TERM" value="xterm-256color" />
    <property name="java.awt.printerjob" value="sun.lwawt.macosx.CPrinterJob" />
    <property name="env.SIGTEST_LIB" value="/Users/andrew/Documents/reference/sip/sipservlet-1_1-tck/tck/../tck/lib/sigtest.jar" />
    <property name="sun.io.unicode.encoding" value="UnicodeBig" />
    <property name="ant.file.SIP Servlet 1.1 API Technology Compatibility Kit (TCK)" value="/Users/andrew/Documents/reference/sip/sipservlet-1_1-tck/tck/build.xml" />
    <property name="awt.toolkit" value="sun.lwawt.macosx.LWCToolkit" />
    <property name="socksNonProxyHosts" value="local|*.local|169.254/16|*.169.254/16" />
    <property name="ftp.nonProxyHosts" value="local|*.local|169.254/16|*.169.254/16" />
    <property name="env.APIJAR" value="/Users/andrew/Documents/reference/sip/sipservlet-1_1-tck/tck/../tck/lib/servlet-2_5-api.jar:/Users/andrew/Documents/reference/sip/sipservlet-1_1-tck/tck/../tck/lib/sipservlet-1_1-api.jar" />
    <property name="user.home" value="/Users/andrew" />
    <property name="env.CLASSPATH" value="/Library/Java/JavaVirtualMachines/jdk1.7.0_10.jdk/Contents/Home/lib/tools.jar:/Users/andrew/Documents/reference/sip/sipservlet-1_1-tck/tck/../tck/lib/tck-junit.jar:/Users/andrew/Documents/reference/sip/sipservlet-1_1-tck/tck/../sipunit/lib/junit.jar:/Users/andrew/Documents/reference/sip/sipservlet-1_1-tck/tck/../tck/lib/sigtest.jar:/Users/andrew/Documents/reference/sip/sipservlet-1_1-tck/tck/../tck/conf" />
    <property name="java.specification.vendor" value="Oracle Corporation" />
    <property name="env.TERM_PROGRAM" value="Apple_Terminal" />
    <property name="env.TCKJUNIT_LIB" value="/Users/andrew/Documents/reference/sip/sipservlet-1_1-tck/tck/../tck/lib/tck-junit.jar" />
    <property name="java.library.path" value="/Users/andrew/Library/Java/Extensions:/Library/Java/Extensions:/Network/Library/Java/Extensions:/System/Library/Java/Extensions:/usr/lib/java:." />
    <property name="java.vendor.url" value="http://java.oracle.com/" />
    <property name="gopherProxySet" value="false" />
    <property name="java.vm.vendor" value="Oracle Corporation" />
    <property name="java.runtime.name" value="Java(TM) SE Runtime Environment" />
    <property name="java.class.path" value="/Users/andrew/Documents/reference/sip/sipservlet-1_1-tck/tck/lib/ant-contrib-1.0b3.jar:/Users/andrew/Documents/reference/sip/sipservlet-1_1-tck/tck/lib/javax.annotation_1.0.jar:/Users/andrew/Documents/reference/sip/sipservlet-1_1-tck/tck/lib/servlet-2_5-api.jar:/Users/andrew/Documents/reference/sip/sipservlet-1_1-tck/tck/lib/sigtest.jar:/Users/andrew/Documents/reference/sip/sipservlet-1_1-tck/tck/lib/sipservlet-1_1-api.jar:/Users/andrew/Documents/reference/sip/sipservlet-1_1-tck/tck/lib/sipunit.jar:/Users/andrew/Documents/reference/sip/sipservlet-1_1-tck/tck/lib/tck-junit.jar:/Users/andrew/Documents/reference/sip/sipservlet-1_1-tck/sipunit/lib/JainSipApi1.2.jar:/Users/andrew/Documents/reference/sip/sipservlet-1_1-tck/sipunit/lib/JainSipRi1.2.jar:/Users/andrew/Documents/reference/sip/sipservlet-1_1-tck/sipunit/lib/concurrent.jar:/Users/andrew/Documents/reference/sip/sipservlet-1_1-tck/sipunit/lib/dom.jar:/Users/andrew/Documents/reference/sip/sipservlet-1_1-tck/sipunit/lib/jax-qname.jar:/Users/andrew/Documents/reference/sip/sipservlet-1_1-tck/sipunit/lib/jaxb-api.jar:/Users/andrew/Documents/reference/sip/sipservlet-1_1-tck/sipunit/lib/jaxb-impl.jar:/Users/andrew/Documents/reference/sip/sipservlet-1_1-tck/sipunit/lib/jaxb-libs.jar:/Users/andrew/Documents/reference/sip/sipservlet-1_1-tck/sipunit/lib/junit.jar:/Users/andrew/Documents/reference/sip/sipservlet-1_1-tck/sipunit/lib/log4j-1.2.8.jar:/Users/andrew/Documents/reference/sip/sipservlet-1_1-tck/sipunit/lib/namespace.jar:/Users/andrew/Documents/reference/sip/sipservlet-1_1-tck/sipunit/lib/nist-sdp-1.0.jar:/Users/andrew/Documents/reference/sip/sipservlet-1_1-tck/sipunit/lib/relaxngDatatype.jar:/Users/andrew/Documents/reference/sip/sipservlet-1_1-tck/sipunit/lib/tracesviewer.jar:/Users/andrew/Documents/reference/sip/sipservlet-1_1-tck/sipunit/lib/xalan.jar:/Users/andrew/Documents/reference/sip/sipservlet-1_1-tck/sipunit/lib/xercesImpl.jar:/Users/andrew/Documents/reference/sip/sipservlet-1_1-tck/sipunit/lib/xsdlib.jar:/Users/andrew/Documents/reference/sip/sipservlet-1_1-tck/tck/build/classes:/Library/Java/JavaVirtualMachines/jdk1.7.0_10.jdk/Contents/Home/lib/tools.jar:/Users/andrew/Documents/reference/sip/sipservlet-1_1-tck/tck/conf:/usr/share/java/ant-1.8.2/lib/ant-launcher.jar:/usr/share/ant/lib/ant.jar:/usr/share/ant/lib/ant-junit.jar" />
    <property name="sun.java.command" value="com.bea.wcp.ant.ext.junit.TckJUnitTestRunner com.bea.sipservlet.tck.agents.api.javax_servlet_sip.SipServletResponseTest filtertrace=true haltOnError=false haltOnFailure=false formatter=org.apache.tools.ant.taskdefs.optional.junit.SummaryJUnitResultFormatter showoutput=false formatter=com.bea.wcp.ant.ext.junit.TckXMLFormatter,/Users/andrew/Documents/reference/sip/sipservlet-1_1-tck/tck/report/api_report/TEST-com.bea.sipservlet.tck.agents.api.javax_servlet_sip.SipServletResponseTest.xml propsfile=/Users/andrew/Documents/reference/sip/sipservlet-1_1-tck/tck/junit1242329565.properties" />
    <property name="ant.version" value="Apache Ant(TM) version 1.8.2 compiled on June 20 2012" />
    <property name="env.TERM_SESSION_ID" value="992028FA-2937-460F-90A8-E989AB5B64C8" />
    <property name="env.JSR289TCK_HOME" value="/Users/andrew/Documents/reference/sip/sipservlet-1_1-tck/tck/.." />
    <property name="env.JBOSS_HOME" value="/opt/jboss-eap-6.1" />
    <property name="signature.property" value="/Users/andrew/Documents/reference/sip/sipservlet-1_1-tck/tck/conf/signature.properties" />
    <property name="jsr289.dir" value=".." />
    <property name="api.report" value="/Users/andrew/Documents/reference/sip/sipservlet-1_1-tck/tck/report/api_report" />
    <property name="java.vm.specification.name" value="Java Virtual Machine Specification" />
    <property name="env.JAVA_MAIN_CLASS_54325" value="org.apache.tools.ant.launch.Launcher" />
    <property name="ant.file.type" value="file" />
    <property name="java.vm.specification.version" value="1.7" />
    <property name="conf" value="/Users/andrew/Documents/reference/sip/sipservlet-1_1-tck/tck/conf" />
    <property name="sun.cpu.endian" value="little" />
    <property name="sun.os.patch.level" value="unknown" />
    <property name="env.HOME" value="/Users/andrew" />
    <property name="env.ANT_HOME" value="/usr/share/ant" />
    <property name="java.io.tmpdir" value="/var/folders/qt/j9kz_nw12bqfytwz9kfyjvq00000gn/T/" />
    <property name="java.vendor.url.bug" value="http://bugreport.sun.com/bugreport/" />
    <property name="env.SSH_AUTH_SOCK" value="/tmp/launch-JxY2DM/Listeners" />
    <property name="env.MAVEN_OPTS" value="-Xmx512M -XX:MaxPermSize=512M" />
    <property name="signature.report.filename" value="jsr289SignatureReport.txt" />
    <property name="env.COMMAND_MODE" value="unix2003" />
    <property name="applications.src.dir" value="/Users/andrew/Documents/reference/sip/sipservlet-1_1-tck/tck/applications/spectestapps/ar-continue,/Users/andrew/Documents/reference/sip/sipservlet-1_1-tck/tck/applications/spectestapps/ar-internalroutemodifier,/Users/andrew/Documents/reference/sip/sipservlet-1_1-tck/tck/applications/spectestapps/ar-reverse,/Users/andrew/Documents/reference/sip/sipservlet-1_1-tck/tck/applications/spectestapps/ar-suburiregion,/Users/andrew/Documents/reference/sip/sipservlet-1_1-tck/tck/applications/spectestapps/ar-success,/Users/andrew/Documents/reference/sip/sipservlet-1_1-tck/tck/applications/spectestapps/uas,/Users/andrew/Documents/reference/sip/sipservlet-1_1-tck/tck/applications/spectestapps/uac,/Users/andrew/Documents/reference/sip/sipservlet-1_1-tck/tck/applications/spectestapps/b2bua,/Users/andrew/Documents/reference/sip/sipservlet-1_1-tck/tck/applications/spectestapps/proxy" />
    <property name="os.arch" value="x86_64" />
    <property name="java.awt.graphicsenv" value="sun.awt.CGraphicsEnvironment" />
    <property name="java.ext.dirs" value="/Users/andrew/Library/Java/Extensions:/Library/Java/JavaVirtualMachines/jdk1.7.0_10.jdk/Contents/Home/jre/lib/ext:/Library/Java/Extensions:/Network/Library/Java/Extensions:/System/Library/Java/Extensions:/usr/lib/java" />
    <property name="ar.appname" value="/Users/andrew/Documents/reference/sip/sipservlet-1_1-tck/tck/dist/tck-approuter.jar" />
    <property name="user.dir" value="/Users/andrew/Documents/reference/sip/sipservlet-1_1-tck/tck" />
    <property name="applications.dir" value="/Users/andrew/Documents/reference/sip/sipservlet-1_1-tck/tck/applications" />
    <property name="line.separator" value="&#xa;" />
    <property name="java.vm.name" value="Java HotSpot(TM) 64-Bit Server VM" />
    <property name="ant.file.type.SIP Servlet 1.1 API Technology Compatibility Kit (TCK)" value="file" />
    <property name="env.RJAR_HOME" value="/Users/andrew/Dev/rjar/" />
    <property name="basedir" value="/Users/andrew/Documents/reference/sip/sipservlet-1_1-tck/tck" />
    <property name="ant.java.version" value="1.7" />
    <property name="ant.core.lib" value="/usr/share/ant/lib/ant.jar" />
    <property name="env.SIGNATURE_REPORT_NAME" value="jsr289SignatureReport.txt" />
    <property name="file.encoding" value="UTF-8" />
    <property name="env.SIGREPORT_HOME" value="/Users/andrew/Documents/reference/sip/sipservlet-1_1-tck/tck/../tck/report/sig_report" />
    <property name="env.JUNIT_LIB" value="/Users/andrew/Documents/reference/sip/sipservlet-1_1-tck/tck/../sipunit/lib/junit.jar" />
    <property name="java.specification.version" value="1.7" />
    <property name="env.REFERENCE_JAR" value="/Users/andrew/Documents/reference/sip/sipservlet-1_1-tck/tck/lib/sigtest.jar" />
    <property name="ant.project.invoked-targets" value="run-api-tests" />
    <property name="tck.earname" value="/Users/andrew/Documents/reference/sip/sipservlet-1_1-tck/tck/dist/tck-apps.ear" />
  </properties>
  <testcase assertions="[SipServlet:JAVADOC:SipServletResponse4] - Get OutputStream,return null" classname="com.bea.sipservlet.tck.agents.api.javax_servlet_sip.SipServletResponseTest" name="testGetOutputStream001" time="3.43" />
  <testcase assertions="[SipServlet:JAVADOC:SipServletResponse6] - Get response reason" classname="com.bea.sipservlet.tck.agents.api.javax_servlet_sip.SipServletResponseTest" name="testGetReasonPhrase001" time="3.02" />
  <testcase assertions="[SipServlet:JAVADOC:SipServletResponse7] - Get Request" classname="com.bea.sipservlet.tck.agents.api.javax_servlet_sip.SipServletResponseTest" name="testGetRequest001" time="3.021" />
  <testcase assertions="[SipServlet:JAVADOC:SipServletResponse8] - Get response status" classname="com.bea.sipservlet.tck.agents.api.javax_servlet_sip.SipServletResponseTest" name="testGetStatus001" time="3.02" />
  <testcase assertions="[SipServlet:JAVADOC:SipServletResponse9] - Get response Writer,return null" classname="com.bea.sipservlet.tck.agents.api.javax_servlet_sip.SipServletResponseTest" name="testGetWriter001" time="3.022" />
  <testcase assertions="[SipServlet:JAVADOC:SipServletResponse10][SipServlet:JAVADOC:SipServletResponse15] - judge response is or not  Branch Response and get proxyBranch Object" classname="com.bea.sipservlet.tck.agents.api.javax_servlet_sip.SipServletResponseTest" name="testIsBranchResponse001" time="13.049">
    <failure type="junit.framework.AssertionFailedError">junit.framework.AssertionFailedError
	at com.bea.sipservlet.tck.agents.api.javax_servlet_sip.SipServletResponseTest.testIsBranchResponse001(SipServletResponseTest.java:359)
	at com.bea.wcp.ant.ext.junit.TestHandler.runTest(TestHandler.java:73)
	at com.bea.wcp.ant.ext.junit.TestHandler.run(TestHandler.java:58)
	at com.bea.wcp.ant.ext.junit.TestHandler.invoke(TestHandler.java:34)
	at $Proxy0.run(Unknown Source)
	at com.bea.wcp.ant.ext.junit.TestProxy.run(TestProxy.java:24)
	at com.bea.wcp.ant.ext.junit.TckJUnitTestRunner.run(TckJUnitTestRunner.java:272)
	at com.bea.wcp.ant.ext.junit.TckJUnitTestRunner.launch(TckJUnitTestRunner.java:647)
	at com.bea.wcp.ant.ext.junit.TckJUnitTestRunner.main(TckJUnitTestRunner.java:542)
</failure>
  </testcase>
  <testcase assertions="[SipServlet:JAVADOC:SipServletResponse11] - send response" classname="com.bea.sipservlet.tck.agents.api.javax_servlet_sip.SipServletResponseTest" name="testSend001" time="3.02" />
  <testcase assertions="[SipServlet:JAVADOC:SipServletResponse11] - test send response throw IllegalStateException" classname="com.bea.sipservlet.tck.agents.api.javax_servlet_sip.SipServletResponseTest" name="testSend101" time="13.026">
    <failure type="junit.framework.AssertionFailedError">junit.framework.AssertionFailedError
	at com.bea.sipservlet.tck.agents.api.javax_servlet_sip.SipServletResponseTest.sendResponseByMessage(SipServletResponseTest.java:549)
	at com.bea.sipservlet.tck.agents.api.javax_servlet_sip.SipServletResponseTest.testSend101(SipServletResponseTest.java:393)
	at com.bea.wcp.ant.ext.junit.TestHandler.runTest(TestHandler.java:73)
	at com.bea.wcp.ant.ext.junit.TestHandler.run(TestHandler.java:58)
	at com.bea.wcp.ant.ext.junit.TestHandler.invoke(TestHandler.java:34)
	at $Proxy0.run(Unknown Source)
	at com.bea.wcp.ant.ext.junit.TestProxy.run(TestProxy.java:24)
	at com.bea.wcp.ant.ext.junit.TckJUnitTestRunner.run(TckJUnitTestRunner.java:272)
	at com.bea.wcp.ant.ext.junit.TckJUnitTestRunner.launch(TckJUnitTestRunner.java:647)
	at com.bea.wcp.ant.ext.junit.TckJUnitTestRunner.main(TckJUnitTestRunner.java:542)
</failure>
  </testcase>
  <testcase assertions="[SipServlet:JAVADOC:SipServletResponse1] - test Create Ack throw IllegalStateException" classname="com.bea.sipservlet.tck.agents.api.javax_servlet_sip.SipServletResponseTest" name="testCreateAck101" time="3.02" />
  <testcase assertions="[SipServlet:JAVADOC:SipServletResponse3] - Returns an Iterator over all the realms associated in challenge response" classname="com.bea.sipservlet.tck.agents.api.javax_servlet_sip.SipServletResponseTest" name="testGetChallengeRealms001" time="3.02" />
  <testcase assertions="[SipServlet:JAVADOC:SipServletResponse5] - Get Proxy" classname="com.bea.sipservlet.tck.agents.api.javax_servlet_sip.SipServletResponseTest" name="testGetProxy001" time="13.039">
    <failure type="junit.framework.AssertionFailedError">junit.framework.AssertionFailedError
	at com.bea.sipservlet.tck.agents.TestBase.assertSipInviteProxyCancel(TestBase.java:1086)
	at com.bea.sipservlet.tck.agents.api.javax_servlet_sip.SipServletResponseTest.testGetProxy001(SipServletResponseTest.java:262)
	at com.bea.wcp.ant.ext.junit.TestHandler.runTest(TestHandler.java:73)
	at com.bea.wcp.ant.ext.junit.TestHandler.run(TestHandler.java:58)
	at com.bea.wcp.ant.ext.junit.TestHandler.invoke(TestHandler.java:34)
	at $Proxy0.run(Unknown Source)
	at com.bea.wcp.ant.ext.junit.TestProxy.run(TestProxy.java:24)
	at com.bea.wcp.ant.ext.junit.TckJUnitTestRunner.run(TckJUnitTestRunner.java:272)
	at com.bea.wcp.ant.ext.junit.TckJUnitTestRunner.launch(TckJUnitTestRunner.java:647)
	at com.bea.wcp.ant.ext.junit.TckJUnitTestRunner.main(TckJUnitTestRunner.java:542)
</failure>
  </testcase>
  <testcase assertions="[SipServlet:JAVADOC:SipServletResponse1] - Create Ack" classname="com.bea.sipservlet.tck.agents.api.javax_servlet_sip.SipServletResponseTest" name="testCreateAck001" time="3.061" />
  <testcase assertions="[SipServlet:JAVADOC:SipServletResponse13] - set response status" classname="com.bea.sipservlet.tck.agents.api.javax_servlet_sip.SipServletResponseTest" name="testSetStatus001" time="3.021" />
  <testcase assertions="[SipServlet:JAVADOC:SipServletResponse14] - set response status and reason" classname="com.bea.sipservlet.tck.agents.api.javax_servlet_sip.SipServletResponseTest" name="testSetStatus002" time="3.021" />
  <testcase assertions="[SipServlet:JAVADOC:SipServletResponse14] - test set response status throw IllegalArgumentException" classname="com.bea.sipservlet.tck.agents.api.javax_servlet_sip.SipServletResponseTest" name="testSetStatus101" time="3.022" />
  <system-out><![CDATA[[2013-04-15 20:24:59,051] SipServletResponseTest:1008 INFO  - === testGetOutputStream001() ===
[2013-04-15 20:24:59,168] TestBase:351 DEBUG - === created message:MESSAGE sip:JSR289_TCK@localhost:5060 SIP/2.0
Call-ID: a88f8b0226f57dd9e04a079bfd914c5e@192.168.1.65
CSeq: 1 MESSAGE
From: "Alice" <sip:alice@192.168.1.65:5071>;tag=1932560974
To: "JSR289_TCK" <sip:JSR289_TCK@localhost:5060>
Via: SIP/2.0/UDP 192.168.1.65:5071;branch=somebranchvalue
Max-Forwards: 5
Content-Length: 0

 ===
[2013-04-15 20:24:59,222] TestBase:979 DEBUG - ---The Sip request is:MESSAGE sip:JSR289_TCK@localhost:5060 SIP/2.0
Call-ID: a88f8b0226f57dd9e04a079bfd914c5e@192.168.1.65
CSeq: 1 MESSAGE
From: "Alice" <sip:alice@192.168.1.65:5071>;tag=1932560974
To: "JSR289_TCK" <sip:JSR289_TCK@localhost:5060>
Via: SIP/2.0/UDP 192.168.1.65:5071;branch=z9hG4bK954275a1d9b5e9b99e8ee9a27f6f27b3
Max-Forwards: 5
Route: "JSR289_TCK" <sip:JSR289_TCK@localhost:5060;lr>,<sip:localhost:5060;transport=udp;lr>
Application-Name: com.bea.sipservlet.tck.apps.apitestapp
Servlet-Name: SipServletResponse
Method-Name: testGetOutputStream001
Content-Length: 0

 ---
[2013-04-15 20:25:02,267] SipServletResponseTest:1008 INFO  - === testGetReasonPhrase001() ===
[2013-04-15 20:25:02,268] TestBase:351 DEBUG - === created message:MESSAGE sip:JSR289_TCK@localhost:5060 SIP/2.0
Call-ID: 2a940810a3df80f346ca0ee48c8b49a5@192.168.1.65
CSeq: 1 MESSAGE
From: "Alice" <sip:alice@192.168.1.65:5071>;tag=436170713
To: "JSR289_TCK" <sip:JSR289_TCK@localhost:5060>
Via: SIP/2.0/UDP 192.168.1.65:5071;branch=somebranchvalue
Max-Forwards: 5
Content-Length: 0

 ===
[2013-04-15 20:25:02,273] TestBase:979 DEBUG - ---The Sip request is:MESSAGE sip:JSR289_TCK@localhost:5060 SIP/2.0
Call-ID: 2a940810a3df80f346ca0ee48c8b49a5@192.168.1.65
CSeq: 1 MESSAGE
From: "Alice" <sip:alice@192.168.1.65:5071>;tag=436170713
To: "JSR289_TCK" <sip:JSR289_TCK@localhost:5060>
Via: SIP/2.0/UDP 192.168.1.65:5071;branch=z9hG4bKbefa0ee0e29ac101c6a50fe5c1db1681
Max-Forwards: 5
Route: "JSR289_TCK" <sip:JSR289_TCK@localhost:5060;lr>,<sip:localhost:5060;transport=udp;lr>
Application-Name: com.bea.sipservlet.tck.apps.apitestapp
Servlet-Name: SipServletResponse
Method-Name: testGetReasonPhrase001
Content-Length: 0

 ---
[2013-04-15 20:25:05,289] SipServletResponseTest:1008 INFO  - === testGetRequest001() ===
[2013-04-15 20:25:05,290] TestBase:351 DEBUG - === created message:MESSAGE sip:JSR289_TCK@localhost:5060 SIP/2.0
Call-ID: bb639136a945874dfc19665455ab03c8@192.168.1.65
CSeq: 1 MESSAGE
From: "Alice" <sip:alice@192.168.1.65:5071>;tag=1970297569
To: "JSR289_TCK" <sip:JSR289_TCK@localhost:5060>
Via: SIP/2.0/UDP 192.168.1.65:5071;branch=somebranchvalue
Max-Forwards: 5
Content-Length: 0

 ===
[2013-04-15 20:25:05,294] TestBase:979 DEBUG - ---The Sip request is:MESSAGE sip:JSR289_TCK@localhost:5060 SIP/2.0
Call-ID: bb639136a945874dfc19665455ab03c8@192.168.1.65
CSeq: 1 MESSAGE
From: "Alice" <sip:alice@192.168.1.65:5071>;tag=1970297569
To: "JSR289_TCK" <sip:JSR289_TCK@localhost:5060>
Via: SIP/2.0/UDP 192.168.1.65:5071;branch=z9hG4bK824d94d4e17be4ba1ed8dce524cafee7
Max-Forwards: 5
Route: "JSR289_TCK" <sip:JSR289_TCK@localhost:5060;lr>,<sip:localhost:5060;transport=udp;lr>
Application-Name: com.bea.sipservlet.tck.apps.apitestapp
Servlet-Name: SipServletResponse
Method-Name: testGetRequest001
Content-Length: 0

 ---
[2013-04-15 20:25:08,308] SipServletResponseTest:1008 INFO  - === testGetStatus001() ===
[2013-04-15 20:25:08,309] TestBase:351 DEBUG - === created message:MESSAGE sip:JSR289_TCK@localhost:5060 SIP/2.0
Call-ID: 7f62e7e163551fbcfa76a20f3bd35ef1@192.168.1.65
CSeq: 1 MESSAGE
From: "Alice" <sip:alice@192.168.1.65:5071>;tag=757908909
To: "JSR289_TCK" <sip:JSR289_TCK@localhost:5060>
Via: SIP/2.0/UDP 192.168.1.65:5071;branch=somebranchvalue
Max-Forwards: 5
Content-Length: 0

 ===
[2013-04-15 20:25:08,314] TestBase:979 DEBUG - ---The Sip request is:MESSAGE sip:JSR289_TCK@localhost:5060 SIP/2.0
Call-ID: 7f62e7e163551fbcfa76a20f3bd35ef1@192.168.1.65
CSeq: 1 MESSAGE
From: "Alice" <sip:alice@192.168.1.65:5071>;tag=757908909
To: "JSR289_TCK" <sip:JSR289_TCK@localhost:5060>
Via: SIP/2.0/UDP 192.168.1.65:5071;branch=z9hG4bKef2baf505a16b69f304b021a7f3fb651
Max-Forwards: 5
Route: "JSR289_TCK" <sip:JSR289_TCK@localhost:5060;lr>,<sip:localhost:5060;transport=udp;lr>
Application-Name: com.bea.sipservlet.tck.apps.apitestapp
Servlet-Name: SipServletResponse
Method-Name: testGetStatus001
Content-Length: 0

 ---
[2013-04-15 20:25:11,330] SipServletResponseTest:1008 INFO  - === testGetWriter001() ===
[2013-04-15 20:25:11,331] TestBase:351 DEBUG - === created message:MESSAGE sip:JSR289_TCK@localhost:5060 SIP/2.0
Call-ID: 0fa6100783c145fd376da781738b4447@192.168.1.65
CSeq: 1 MESSAGE
From: "Alice" <sip:alice@192.168.1.65:5071>;tag=1257767739
To: "JSR289_TCK" <sip:JSR289_TCK@localhost:5060>
Via: SIP/2.0/UDP 192.168.1.65:5071;branch=somebranchvalue
Max-Forwards: 5
Content-Length: 0

 ===
[2013-04-15 20:25:11,335] TestBase:979 DEBUG - ---The Sip request is:MESSAGE sip:JSR289_TCK@localhost:5060 SIP/2.0
Call-ID: 0fa6100783c145fd376da781738b4447@192.168.1.65
CSeq: 1 MESSAGE
From: "Alice" <sip:alice@192.168.1.65:5071>;tag=1257767739
To: "JSR289_TCK" <sip:JSR289_TCK@localhost:5060>
Via: SIP/2.0/UDP 192.168.1.65:5071;branch=z9hG4bK667ebf72cc5f8c0ff97439d87c01c55f
Max-Forwards: 5
Route: "JSR289_TCK" <sip:JSR289_TCK@localhost:5060;lr>,<sip:localhost:5060;transport=udp;lr>
Application-Name: com.bea.sipservlet.tck.apps.apitestapp
Servlet-Name: SipServletResponse
Method-Name: testGetWriter001
Content-Length: 0

 ---
[2013-04-15 20:25:14,351] SipServletResponseTest:1008 INFO  - === testIsBranchResponse001() ===
[2013-04-15 20:25:14,352] TestBase:351 DEBUG - === created message:MESSAGE sip:bob@192.168.1.65:5072 SIP/2.0
Call-ID: f18085b03a881ccba54074c7396f1bf6@192.168.1.65
CSeq: 1 MESSAGE
From: "Alice" <sip:alice@192.168.1.65:5071>;tag=722252105
To: "Bob" <sip:bob@192.168.1.65:5072>
Via: SIP/2.0/UDP 192.168.1.65:5071;branch=somebranchvalue
Max-Forwards: 5
Content-Length: 0

 ===
SIPUNIT TRACE:  1366053914359  SS.waitRequest() - about to block, waiting
SIPUNIT TRACE:  1366053914375  SipStack: request received !
SIPUNIT TRACE:  1366053914375  SipStack: request received !
SIPUNIT TRACE:  1366053914375  SipStack: calling listener
SIPUNIT TRACE:  1366053914375  SipStack: calling listener
SIPUNIT TRACE:  1366053914375  SipSession: request received !
SIPUNIT TRACE:  1366053914375  SipSession: request received !
SIPUNIT TRACE:  1366053914375       me ('To' check) = sip:jim@192.168.1.65
SIPUNIT TRACE:  1366053914375       me ('To' check) = sip:bob@192.168.1.65
SIPUNIT TRACE:  1366053914375       my local contact info ('Request URI' check) = sip:jim@192.168.1.65:5073;transport=udp;lr
SIPUNIT TRACE:  1366053914375       my local contact info ('Request URI' check) = sip:bob@192.168.1.65:5072;transport=udp;lr
SIPUNIT TRACE:  1366053914375       MESSAGE sip:jim@192.168.1.65:5073 SIP/2.0
Servlet-Name: SipServletResponse
To: "Bob" <sip:bob@192.168.1.65:5072>
Method-Name: testIsBranchResponse001
From: "Alice" <sip:alice@192.168.1.65:5071>;tag=722252105
Call-ID: f18085b03a881ccba54074c7396f1bf6@192.168.1.65
Via: SIP/2.0/UDP 192.168.1.65:5060;branch=z9hG4bK7x5oho!k.a6d_j!b.ipn9y+-1x008k;maddr=192.168.1.65,SIP/2.0/UDP 192.168.1.65:5071;branch=z9hG4bK62e2d4b145f3d2d60eff96969784562f
ua3-uri: sip:jim@192.168.1.65:5073
Route: "JSR289_TCK" <sip:JSR289_TCK@localhost:5060;lr>
Max-Forwards: 4
ua2-uri: sip:bob@192.168.1.65:5072
CSeq: 1 MESSAGE
Content-Length: 0


SIPUNIT TRACE:  1366053914375       MESSAGE sip:bob@192.168.1.65:5072 SIP/2.0
Servlet-Name: SipServletResponse
To: "Bob" <sip:bob@192.168.1.65:5072>
Method-Name: testIsBranchResponse001
From: "Alice" <sip:alice@192.168.1.65:5071>;tag=722252105
Call-ID: f18085b03a881ccba54074c7396f1bf6@192.168.1.65
Via: SIP/2.0/UDP 192.168.1.65:5060;branch=z9hG4bKq102vkalk4q.298fpb3fyaxlbnn9px;maddr=192.168.1.65,SIP/2.0/UDP 192.168.1.65:5071;branch=z9hG4bK62e2d4b145f3d2d60eff96969784562f
ua3-uri: sip:jim@192.168.1.65:5073
Route: "JSR289_TCK" <sip:JSR289_TCK@localhost:5060;lr>
Max-Forwards: 4
ua2-uri: sip:bob@192.168.1.65:5072
CSeq: 1 MESSAGE
Content-Length: 0


SIPUNIT TRACE:  1366053914376  SipSession: notifying block object
SIPUNIT TRACE:  1366053914376  SipSession: notifying block object
SIPUNIT TRACE:  1366053914376  SS.waitRequest() - we've come out of the block
SIPUNIT TRACE:  1366053914376  SS.waitRequest() - either we got the request, or timed out
SIPUNIT TRACE:  1366053914379  SS.waitRequest() - either we got the request, or timed out
[2013-04-15 20:25:27,400] SipServletResponseTest:1008 INFO  - === testSend001() ===
[2013-04-15 20:25:27,401] TestBase:351 DEBUG - === created message:MESSAGE sip:JSR289_TCK@localhost:5060 SIP/2.0
Call-ID: 44c7030efe70d8c56612ca323fcf0ef8@192.168.1.65
CSeq: 1 MESSAGE
From: "Alice" <sip:alice@192.168.1.65:5071>;tag=270130596
To: "JSR289_TCK" <sip:JSR289_TCK@localhost:5060>
Via: SIP/2.0/UDP 192.168.1.65:5071;branch=somebranchvalue
Max-Forwards: 5
Content-Length: 0

 ===
[2013-04-15 20:25:27,406] TestBase:979 DEBUG - ---The Sip request is:MESSAGE sip:JSR289_TCK@localhost:5060 SIP/2.0
Call-ID: 44c7030efe70d8c56612ca323fcf0ef8@192.168.1.65
CSeq: 1 MESSAGE
From: "Alice" <sip:alice@192.168.1.65:5071>;tag=270130596
To: "JSR289_TCK" <sip:JSR289_TCK@localhost:5060>
Via: SIP/2.0/UDP 192.168.1.65:5071;branch=z9hG4bK7f3737eb84e5d498f5a00a899988add5
Max-Forwards: 5
Route: "JSR289_TCK" <sip:JSR289_TCK@localhost:5060;lr>,<sip:localhost:5060;transport=udp;lr>
Application-Name: com.bea.sipservlet.tck.apps.apitestapp
Servlet-Name: SipServletResponse
Method-Name: testSend001
Content-Length: 0

 ---
[2013-04-15 20:25:30,419] SipServletResponseTest:1008 INFO  - === testSend101() ===
[2013-04-15 20:25:30,421] TestBase:351 DEBUG - === created message:MESSAGE sip:JSR289_TCK@localhost:5060 SIP/2.0
Call-ID: bab41266363d220f8c0a76a4c88f0750@192.168.1.65
CSeq: 1 MESSAGE
From: "Alice" <sip:alice@192.168.1.65:5071>;tag=99180306
To: "JSR289_TCK" <sip:JSR289_TCK@localhost:5060>
Via: SIP/2.0/UDP 192.168.1.65:5071;branch=somebranchvalue
Max-Forwards: 5
Content-Length: 0

 ===
[2013-04-15 20:25:30,426] TestBase:979 DEBUG - ---The Sip request is:MESSAGE sip:JSR289_TCK@localhost:5060 SIP/2.0
Call-ID: bab41266363d220f8c0a76a4c88f0750@192.168.1.65
CSeq: 1 MESSAGE
From: "Alice" <sip:alice@192.168.1.65:5071>;tag=99180306
To: "JSR289_TCK" <sip:JSR289_TCK@localhost:5060>
Via: SIP/2.0/UDP 192.168.1.65:5071;branch=z9hG4bK3e0c443fa04c47f676be3190ab6e46b1
Max-Forwards: 5
Route: "JSR289_TCK" <sip:JSR289_TCK@localhost:5060;lr>,<sip:localhost:5060;transport=udp;lr>
Application-Name: com.bea.sipservlet.tck.apps.apitestapp
Servlet-Name: SipServletResponse
Method-Name: testSend101
Content-Length: 0

 ---
SIPUNIT TRACE:  1366053930432  SS.waitRequest() - about to block, waiting
SIPUNIT TRACE:  1366053940433  SS.waitRequest() - we've come out of the block
SIPUNIT TRACE:  1366053940433  SS.waitRequest() - either we got the request, or timed out
[2013-04-15 20:25:43,447] SipServletResponseTest:1008 INFO  - === testCreateAck101() ===
[2013-04-15 20:25:43,447] TestBase:351 DEBUG - === created message:MESSAGE sip:JSR289_TCK@localhost:5060 SIP/2.0
Call-ID: a7ed0e5284d52d8f19ea446420cff0ae@192.168.1.65
CSeq: 1 MESSAGE
From: "Alice" <sip:alice@192.168.1.65:5071>;tag=1182876841
To: "JSR289_TCK" <sip:JSR289_TCK@localhost:5060>
Via: SIP/2.0/UDP 192.168.1.65:5071;branch=somebranchvalue
Max-Forwards: 5
Content-Length: 0

 ===
[2013-04-15 20:25:43,452] TestBase:979 DEBUG - ---The Sip request is:MESSAGE sip:JSR289_TCK@localhost:5060 SIP/2.0
Call-ID: a7ed0e5284d52d8f19ea446420cff0ae@192.168.1.65
CSeq: 1 MESSAGE
From: "Alice" <sip:alice@192.168.1.65:5071>;tag=1182876841
To: "JSR289_TCK" <sip:JSR289_TCK@localhost:5060>
Via: SIP/2.0/UDP 192.168.1.65:5071;branch=z9hG4bK1d65efa383928e20ca18beff7e0675c3
Max-Forwards: 5
Route: "JSR289_TCK" <sip:JSR289_TCK@localhost:5060;lr>,<sip:localhost:5060;transport=udp;lr>
Application-Name: com.bea.sipservlet.tck.apps.apitestapp
Servlet-Name: SipServletResponse
Method-Name: testCreateAck101
Content-Length: 0

 ---
[2013-04-15 20:25:46,466] SipServletResponseTest:1008 INFO  - === testGetChallengeRealms001() ===
[2013-04-15 20:25:46,467] TestBase:351 DEBUG - === created message:MESSAGE sip:JSR289_TCK@localhost:5060 SIP/2.0
Call-ID: 919c319a2a7e517ab303a83076002ab7@192.168.1.65
CSeq: 1 MESSAGE
From: "Alice" <sip:alice@192.168.1.65:5071>;tag=1241979303
To: "JSR289_TCK" <sip:JSR289_TCK@localhost:5060>
Via: SIP/2.0/UDP 192.168.1.65:5071;branch=somebranchvalue
Max-Forwards: 5
Content-Length: 0

 ===
[2013-04-15 20:25:46,471] TestBase:979 DEBUG - ---The Sip request is:MESSAGE sip:JSR289_TCK@localhost:5060 SIP/2.0
Call-ID: 919c319a2a7e517ab303a83076002ab7@192.168.1.65
CSeq: 1 MESSAGE
From: "Alice" <sip:alice@192.168.1.65:5071>;tag=1241979303
To: "JSR289_TCK" <sip:JSR289_TCK@localhost:5060>
Via: SIP/2.0/UDP 192.168.1.65:5071;branch=z9hG4bK83da55506dd4fdf5e0abc72af046c61c
Max-Forwards: 5
Route: "JSR289_TCK" <sip:JSR289_TCK@localhost:5060;lr>,<sip:localhost:5060;transport=udp;lr>
Application-Name: com.bea.sipservlet.tck.apps.apitestapp
Servlet-Name: SipServletResponse
Method-Name: testGetChallengeRealms001
Content-Length: 0

 ---
[2013-04-15 20:25:49,488] SipServletResponseTest:1008 INFO  - === testGetProxy001() ===
[2013-04-15 20:25:49,488] SipServletResponseTest:1008 INFO  - === testGetProxy001() ===
[2013-04-15 20:25:49,490] TestBase:351 DEBUG - === created message:INVITE sip:bob@192.168.1.65:5072 SIP/2.0
Call-ID: a520423444e473fe8ee05800f7011ed7@192.168.1.65
CSeq: 1 INVITE
From: "Alice" <sip:alice@192.168.1.65:5071>;tag=1085047439
To: "Bob" <sip:bob@192.168.1.65:5072>
Via: SIP/2.0/UDP 192.168.1.65:5071;branch=somebranchvalue
Max-Forwards: 5
Content-Length: 0

 ===
SIPUNIT TRACE:  1366053949500  SS.waitRequest() - about to block, waiting
SIPUNIT TRACE:  1366053949510  SipStack: request received !
SIPUNIT TRACE:  1366053949510  SipStack: calling listener
SIPUNIT TRACE:  1366053949510  SipSession: request received !
SIPUNIT TRACE:  1366053949510       me ('To' check) = sip:bob@192.168.1.65
SIPUNIT TRACE:  1366053949510       my local contact info ('Request URI' check) = sip:bob@192.168.1.65:5072;transport=udp;lr
SIPUNIT TRACE:  1366053949510       INVITE sip:bob@192.168.1.65:5072 SIP/2.0
Servlet-Name: SipServletResponse
To: "Bob" <sip:bob@192.168.1.65:5072>
Contact: <sip:alice@192.168.1.65:5071;transport=udp;lr>
Method-Name: testGetProxy001
From: "Alice" <sip:alice@192.168.1.65:5071>;tag=1085047439
Call-ID: a520423444e473fe8ee05800f7011ed7@192.168.1.65
Via: SIP/2.0/UDP 192.168.1.65:5060;branch=z9hG4bKis+04p8d0nggfhjtx+copoif.e6hir;maddr=192.168.1.65,SIP/2.0/UDP 192.168.1.65:5071;branch=z9hG4bKc5b5947cee90da81d826f38e562d4b53
Route: "JSR289_TCK" <sip:JSR289_TCK@localhost:5060;lr>,"Bob" <sip:bob@192.168.1.65:5072;lr>
Max-Forwards: 4
CSeq: 1 INVITE
Content-Length: 0


SIPUNIT TRACE:  1366053949511  SipSession: notifying block object
SIPUNIT TRACE:  1366053949511  SS.waitRequest() - we've come out of the block
SIPUNIT TRACE:  1366053949511  SS.waitRequest() - either we got the request, or timed out
SIPUNIT TRACE:  1366053949516  SS.waitRequest() - about to block, waiting
SIPUNIT TRACE:  1366053959517  SS.waitRequest() - we've come out of the block
SIPUNIT TRACE:  1366053959517  SS.waitRequest() - either we got the request, or timed out
[2013-04-15 20:26:02,526] SipServletResponseTest:1008 INFO  - === testCreateAck001() ===
[2013-04-15 20:26:02,527] TestBase:351 DEBUG - === created message:MESSAGE sip:JSR289_TCK@localhost:5060 SIP/2.0
Call-ID: 61f13f63a745358cc9928e0a2468e338@192.168.1.65
CSeq: 1 MESSAGE
From: "Alice" <sip:alice@192.168.1.65:5071>;tag=1642575519
To: "JSR289_TCK" <sip:JSR289_TCK@localhost:5060>
Via: SIP/2.0/UDP 192.168.1.65:5071;branch=somebranchvalue
Max-Forwards: 5
Content-Length: 0

 ===
[2013-04-15 20:26:02,533] TestBase:979 DEBUG - ---The Sip request is:MESSAGE sip:JSR289_TCK@localhost:5060 SIP/2.0
Call-ID: 61f13f63a745358cc9928e0a2468e338@192.168.1.65
CSeq: 1 MESSAGE
From: "Alice" <sip:alice@192.168.1.65:5071>;tag=1642575519
To: "JSR289_TCK" <sip:JSR289_TCK@localhost:5060>
Via: SIP/2.0/UDP 192.168.1.65:5071;branch=z9hG4bKc268560f419f91067d652d3aaef5dd1c
Max-Forwards: 5
Route: "JSR289_TCK" <sip:JSR289_TCK@localhost:5060;lr>,<sip:localhost:5060;transport=udp;lr>
Application-Name: com.bea.sipservlet.tck.apps.apitestapp
Servlet-Name: SipServletResponse
Method-Name: testCreateAck001
Content-Length: 0

 ---
SIPUNIT TRACE:  1366053962545  SS.waitRequest() - about to block, waiting
SIPUNIT TRACE:  1366053962552  SipStack: request received !
SIPUNIT TRACE:  1366053962552  SipStack: calling listener
SIPUNIT TRACE:  1366053962552  SipSession: request received !
SIPUNIT TRACE:  1366053962552       me ('To' check) = sip:alice@192.168.1.65
SIPUNIT TRACE:  1366053962552       my local contact info ('Request URI' check) = sip:alice@192.168.1.65:5071;transport=udp;lr
SIPUNIT TRACE:  1366053962552       INVITE sip:alice@192.168.1.65:5071 SIP/2.0
To: "Alice" <sip:alice@192.168.1.65:5071>;tag=1642575519
Contact: <sip:192.168.1.65>
From: "JSR289_TCK" <sip:JSR289_TCK@localhost:5060>;tag=89ta_87fcm
Via: SIP/2.0/UDP 192.168.1.65:5060;branch=z9hG4bK5m6xt3.s31ssmj860!a218ed2l9mhe;maddr=192.168.1.65
Call-ID: 5mqlfr9oo68p-u66qitq
Max-Forwards: 70
CSeq: 17202 INVITE
Content-Length: 0


SIPUNIT TRACE:  1366053962552  SipSession: notifying block object
SIPUNIT TRACE:  1366053962552  SS.waitRequest() - we've come out of the block
SIPUNIT TRACE:  1366053962552  SS.waitRequest() - either we got the request, or timed out
SIPUNIT TRACE:  1366053962553  INVITE after received by stack..........
SIPUNIT TRACE:  1366053962553  INVITE sip:alice@192.168.1.65:5071 SIP/2.0
To: "Alice" <sip:alice@192.168.1.65:5071>;tag=1642575519
Contact: <sip:192.168.1.65>
From: "JSR289_TCK" <sip:JSR289_TCK@localhost:5060>;tag=89ta_87fcm
Via: SIP/2.0/UDP 192.168.1.65:5060;branch=z9hG4bK5m6xt3.s31ssmj860!a218ed2l9mhe;maddr=192.168.1.65
Call-ID: 5mqlfr9oo68p-u66qitq
Max-Forwards: 70
CSeq: 17202 INVITE
Content-Length: 0


SIPUNIT TRACE:  1366053962555  Response before sending out through stack..........
SIPUNIT TRACE:  1366053962555  SIP/2.0 200 OK
To: "Alice" <sip:alice@192.168.1.65:5071>;tag=2060878913
From: "JSR289_TCK" <sip:JSR289_TCK@localhost:5060>;tag=89ta_87fcm
Via: SIP/2.0/UDP 192.168.1.65:5060;branch=z9hG4bK5m6xt3.s31ssmj860!a218ed2l9mhe;maddr=192.168.1.65
Call-ID: 5mqlfr9oo68p-u66qitq
CSeq: 17202 INVITE
Contact: <sip:alice@192.168.1.65:5071;transport=udp;lr>
Expires: 3600
Content-Length: 0


SIPUNIT TRACE:  1366053962558  SS.waitRequest() - about to block, waiting
SIPUNIT TRACE:  1366053962565  SipStack: request received !
SIPUNIT TRACE:  1366053962565  SipStack: calling listener
SIPUNIT TRACE:  1366053962565  SipSession: request received !
SIPUNIT TRACE:  1366053962565       me ('To' check) = sip:alice@192.168.1.65
SIPUNIT TRACE:  1366053962565       my local contact info ('Request URI' check) = sip:alice@192.168.1.65:5071;transport=udp;lr
SIPUNIT TRACE:  1366053962565       ACK sip:alice@192.168.1.65:5071 SIP/2.0
To: <sip:alice@192.168.1.65:5071>;tag=2060878913
From: <sip:JSR289_TCK@localhost:5060>;tag=89ta_87fcm
Via: SIP/2.0/UDP 192.168.1.65:5060;branch=z9hG4bK5m6xt3.s31ssmj860!a218ed2l9mhe;maddr=192.168.1.65
Call-ID: 5mqlfr9oo68p-u66qitq
CSeq: 17202 ACK
Content-Length: 0


SIPUNIT TRACE:  1366053962565  SipSession: notifying block object
SIPUNIT TRACE:  1366053962565  SS.waitRequest() - we've come out of the block
SIPUNIT TRACE:  1366053962565  SS.waitRequest() - either we got the request, or timed out
[2013-04-15 20:26:05,588] SipServletResponseTest:1008 INFO  - === testSetStatus001() ===
[2013-04-15 20:26:05,589] TestBase:351 DEBUG - === created message:MESSAGE sip:JSR289_TCK@localhost:5060 SIP/2.0
Call-ID: f23e897a04368b71ba2a39e14c91631e@192.168.1.65
CSeq: 1 MESSAGE
From: "Alice" <sip:alice@192.168.1.65:5071>;tag=1870335342
To: "JSR289_TCK" <sip:JSR289_TCK@localhost:5060>
Via: SIP/2.0/UDP 192.168.1.65:5071;branch=somebranchvalue
Max-Forwards: 5
Content-Length: 0

 ===
[2013-04-15 20:26:05,593] TestBase:979 DEBUG - ---The Sip request is:MESSAGE sip:JSR289_TCK@localhost:5060 SIP/2.0
Call-ID: f23e897a04368b71ba2a39e14c91631e@192.168.1.65
CSeq: 1 MESSAGE
From: "Alice" <sip:alice@192.168.1.65:5071>;tag=1870335342
To: "JSR289_TCK" <sip:JSR289_TCK@localhost:5060>
Via: SIP/2.0/UDP 192.168.1.65:5071;branch=z9hG4bK13004b203fb123789e026b6fadb403eb
Max-Forwards: 5
Route: "JSR289_TCK" <sip:JSR289_TCK@localhost:5060;lr>,<sip:localhost:5060;transport=udp;lr>
Application-Name: com.bea.sipservlet.tck.apps.apitestapp
Servlet-Name: SipServletResponse
Method-Name: testSetStatus001
Content-Length: 0

 ---
[2013-04-15 20:26:08,608] SipServletResponseTest:1008 INFO  - === testSetStatus002() ===
[2013-04-15 20:26:08,609] TestBase:351 DEBUG - === created message:MESSAGE sip:JSR289_TCK@localhost:5060 SIP/2.0
Call-ID: 5f32765fb7c0aa78762dfd4f8092a712@192.168.1.65
CSeq: 1 MESSAGE
From: "Alice" <sip:alice@192.168.1.65:5071>;tag=2119232130
To: "JSR289_TCK" <sip:JSR289_TCK@localhost:5060>
Via: SIP/2.0/UDP 192.168.1.65:5071;branch=somebranchvalue
Max-Forwards: 5
Content-Length: 0

 ===
[2013-04-15 20:26:08,613] TestBase:979 DEBUG - ---The Sip request is:MESSAGE sip:JSR289_TCK@localhost:5060 SIP/2.0
Call-ID: 5f32765fb7c0aa78762dfd4f8092a712@192.168.1.65
CSeq: 1 MESSAGE
From: "Alice" <sip:alice@192.168.1.65:5071>;tag=2119232130
To: "JSR289_TCK" <sip:JSR289_TCK@localhost:5060>
Via: SIP/2.0/UDP 192.168.1.65:5071;branch=z9hG4bKea7a8ecd87c4ede9125f397809d91e45
Max-Forwards: 5
Route: "JSR289_TCK" <sip:JSR289_TCK@localhost:5060;lr>,<sip:localhost:5060;transport=udp;lr>
Application-Name: com.bea.sipservlet.tck.apps.apitestapp
Servlet-Name: SipServletResponse
Method-Name: testSetStatus002
Content-Length: 0

 ---
[2013-04-15 20:26:11,630] SipServletResponseTest:1008 INFO  - === testSetStatus101() ===
[2013-04-15 20:26:11,631] TestBase:351 DEBUG - === created message:MESSAGE sip:JSR289_TCK@localhost:5060 SIP/2.0
Call-ID: e60da67c4d17926c085eceb5be55a85d@192.168.1.65
CSeq: 1 MESSAGE
From: "Alice" <sip:alice@192.168.1.65:5071>;tag=2092341040
To: "JSR289_TCK" <sip:JSR289_TCK@localhost:5060>
Via: SIP/2.0/UDP 192.168.1.65:5071;branch=somebranchvalue
Max-Forwards: 5
Content-Length: 0

 ===
[2013-04-15 20:26:11,635] TestBase:979 DEBUG - ---The Sip request is:MESSAGE sip:JSR289_TCK@localhost:5060 SIP/2.0
Call-ID: e60da67c4d17926c085eceb5be55a85d@192.168.1.65
CSeq: 1 MESSAGE
From: "Alice" <sip:alice@192.168.1.65:5071>;tag=2092341040
To: "JSR289_TCK" <sip:JSR289_TCK@localhost:5060>
Via: SIP/2.0/UDP 192.168.1.65:5071;branch=z9hG4bKf72f70b9193a82c80953ef7474c61a49
Max-Forwards: 5
Route: "JSR289_TCK" <sip:JSR289_TCK@localhost:5060;lr>,<sip:localhost:5060;transport=udp;lr>
Application-Name: com.bea.sipservlet.tck.apps.apitestapp
Servlet-Name: SipServletResponse
Method-Name: testSetStatus101
Content-Length: 0

 ---
]]></system-out>
  <system-err><![CDATA[]]></system-err>
</testsuite>
