<?xml version="1.0" encoding="UTF-8" ?>
<testsuite errors="0" failures="11" name="com.bea.sipservlet.tck.agents.api.javax_servlet_sip.ProxyBranchTest" tests="19" time="138.741">
  <properties>
    <property name="java.vendor" value="Oracle Corporation" />
    <property name="env.SIPUNIT_LIB" value="/Users/andrew/Documents/reference/sip/sipservlet-1_1-tck/tck/../sipunit/lib" />
    <property name="env.SIGNATURE_FILE_NAME" value="/Users/andrew/Documents/reference/sip/sipservlet-1_1-tck/tck/bin/jsr289_api.sig" />
    <property name="sun.java.launcher" value="SUN_STANDARD" />
    <property name="env.TCK_LIB" value="/Users/andrew/Documents/reference/sip/sipservlet-1_1-tck/tck/../tck/lib" />
    <property name="sun.management.compiler" value="HotSpot 64-Bit Tiered Compilers" />
    <property name="spec.report" value="/Users/andrew/Documents/reference/sip/sipservlet-1_1-tck/tck/report/spec_report" />
    <property name="lib" value="/Users/andrew/Documents/reference/sip/sipservlet-1_1-tck/tck/lib" />
    <property name="env.TCK_DIRECTORY" value="/Users/andrew/Documents/reference/sip/sipservlet-1_1-tck/tck" />
    <property name="os.name" value="Mac OS X" />
    <property name="sun.boot.class.path" value="/Library/Java/JavaVirtualMachines/jdk1.7.0_10.jdk/Contents/Home/jre/lib/resources.jar:/Library/Java/JavaVirtualMachines/jdk1.7.0_10.jdk/Contents/Home/jre/lib/rt.jar:/Library/Java/JavaVirtualMachines/jdk1.7.0_10.jdk/Contents/Home/jre/lib/sunrsasign.jar:/Library/Java/JavaVirtualMachines/jdk1.7.0_10.jdk/Contents/Home/jre/lib/jsse.jar:/Library/Java/JavaVirtualMachines/jdk1.7.0_10.jdk/Contents/Home/jre/lib/jce.jar:/Library/Java/JavaVirtualMachines/jdk1.7.0_10.jdk/Contents/Home/jre/lib/charsets.jar:/Library/Java/JavaVirtualMachines/jdk1.7.0_10.jdk/Contents/Home/jre/lib/jfr.jar:/Library/Java/JavaVirtualMachines/jdk1.7.0_10.jdk/Contents/Home/jre/lib/JObjC.jar:/Library/Java/JavaVirtualMachines/jdk1.7.0_10.jdk/Contents/Home/jre/classes" />
    <property name="env.TMPDIR" value="/var/folders/qt/j9kz_nw12bqfytwz9kfyjvq00000gn/T/" />
    <property name="env.Apple_Ubiquity_Message" value="/tmp/launch-s2GBEw/Apple_Ubiquity_Message" />
    <property name="env.SIPUNIT_DIRECTORY" value="/Users/andrew/Documents/reference/sip/sipservlet-1_1-tck/sipunit" />
    <property name="env.PWD" value="/Users/andrew/Documents/reference/sip/sipservlet-1_1-tck/tck" />
    <property name="user.country.format" value="GB" />
    <property name="report" value="/Users/andrew/Documents/reference/sip/sipservlet-1_1-tck/tck/report" />
    <property name="env.LANG" value="en_GB.UTF-8" />
    <property name="signature.report" value="/Users/andrew/Documents/reference/sip/sipservlet-1_1-tck/tck/report/sig_report" />
    <property name="java.vm.specification.vendor" value="Oracle Corporation" />
    <property name="ant.home" value="/usr/share/ant" />
    <property name="java.runtime.version" value="1.7.0_10-ea-b09" />
    <property name="env.TCK_HOME" value="/Users/andrew/Documents/reference/sip/sipservlet-1_1-tck/tck/../tck" />
    <property name="env.Apple_PubSub_Socket_Render" value="/tmp/launch-w5MTVj/Render" />
    <property name="approuter.src" value="com/bea/sipservlet/tck/ar" />
    <property name="user.name" value="andrew" />
    <property name="env.USER" value="andrew" />
    <property name="env.SHELL" value="/bin/bash" />
    <property name="env.__CF_USER_TEXT_ENCODING" value="0x1F5:0:0" />
    <property name="env.XMLLINT_INDENT" value="    " />
    <property name="env.PATH" value="/Library/Java/JavaVirtualMachines/jdk1.7.0_10.jdk/Contents/Home/jre/bin:/usr/share/ant/bin:/usr/bin:/bin:/usr/sbin:/sbin:/usr/local/bin" />
    <property name="user.language" value="en" />
    <property name="build" value="/Users/andrew/Documents/reference/sip/sipservlet-1_1-tck/tck/build" />
    <property name="sun.boot.library.path" value="/Library/Java/JavaVirtualMachines/jdk1.7.0_10.jdk/Contents/Home/jre/lib" />
    <property name="ant.project.default-target" value="usage" />
    <property name="ant.project.name" value="SIP Servlet 1.1 API Technology Compatibility Kit (TCK)" />
    <property name="env.REPORT_HOME" value="/Users/andrew/Documents/reference/sip/sipservlet-1_1-tck/tck/../tck/report" />
    <property name="java.version" value="1.7.0_10-ea" />
    <property name="classes" value="/Users/andrew/Documents/reference/sip/sipservlet-1_1-tck/tck/build/classes" />
    <property name="user.timezone" value="" />
    <property name="apiapp.dir" value="/Users/andrew/Documents/reference/sip/sipservlet-1_1-tck/tck/applications/apitestapp" />
    <property name="tck.zip" value="../sipservlet-1_1-tck.zip" />
    <property name="sun.arch.data.model" value="64" />
    <property name="log4j" value="/Users/andrew/Documents/reference/sip/sipservlet-1_1-tck/tck/conf/log4j.properties" />
    <property name="http.nonProxyHosts" value="local|*.local|169.254/16|*.169.254/16" />
    <property name="java.endorsed.dirs" value="/Library/Java/JavaVirtualMachines/jdk1.7.0_10.jdk/Contents/Home/jre/lib/endorsed" />
    <property name="signaturefile" value="jsr289_api.sig" />
    <property name="sun.cpu.isalist" value="" />
    <property name="sun.jnu.encoding" value="UTF-8" />
    <property name="file.encoding.pkg" value="sun.io" />
    <property name="env.SHLVL" value="2" />
    <property name="file.separator" value="/" />
    <property name="java.specification.name" value="Java Platform API Specification" />
    <property name="java.class.version" value="51.0" />
    <property name="src" value="/Users/andrew/Documents/reference/sip/sipservlet-1_1-tck/tck/src" />
    <property name="sipunit.dir" value="../sipunit" />
    <property name="ar.build" value="/Users/andrew/Documents/reference/sip/sipservlet-1_1-tck/tck/build/ar-build" />
    <property name="user.country" value="US" />
    <property name="java.home" value="/Library/Java/JavaVirtualMachines/jdk1.7.0_10.jdk/Contents/Home/jre" />
    <property name="dist.dir" value="/Users/andrew/Documents/reference/sip/sipservlet-1_1-tck/tck/dist" />
    <property name="java.vm.info" value="mixed mode" />
    <property name="env.LOGNAME" value="andrew" />
    <property name="ant.file" value="/Users/andrew/Documents/reference/sip/sipservlet-1_1-tck/tck/build.xml" />
    <property name="os.version" value="10.8.3" />
    <property name="env.TERM_PROGRAM_VERSION" value="309" />
    <property name="path.separator" value=":" />
    <property name="java.vm.version" value="23.6-b03" />
    <property name="ant.library.dir" value="/usr/share/ant/lib" />
    <property name="env.SIPUNIT_HOME" value="/Users/andrew/Documents/reference/sip/sipservlet-1_1-tck/tck/../sipunit" />
    <property name="env.JAVA_HOME" value="/Library/Java/JavaVirtualMachines/jdk1.7.0_10.jdk/Contents/Home" />
    <property name="env.SIGCONFIG" value="/Users/andrew/Documents/reference/sip/sipservlet-1_1-tck/tck/conf/signature.properties" />
    <property name="env.TERM" value="xterm-256color" />
    <property name="java.awt.printerjob" value="sun.lwawt.macosx.CPrinterJob" />
    <property name="env.SIGTEST_LIB" value="/Users/andrew/Documents/reference/sip/sipservlet-1_1-tck/tck/../tck/lib/sigtest.jar" />
    <property name="sun.io.unicode.encoding" value="UnicodeBig" />
    <property name="ant.file.SIP Servlet 1.1 API Technology Compatibility Kit (TCK)" value="/Users/andrew/Documents/reference/sip/sipservlet-1_1-tck/tck/build.xml" />
    <property name="awt.toolkit" value="sun.lwawt.macosx.LWCToolkit" />
    <property name="socksNonProxyHosts" value="local|*.local|169.254/16|*.169.254/16" />
    <property name="ftp.nonProxyHosts" value="local|*.local|169.254/16|*.169.254/16" />
    <property name="env.APIJAR" value="/Users/andrew/Documents/reference/sip/sipservlet-1_1-tck/tck/../tck/lib/servlet-2_5-api.jar:/Users/andrew/Documents/reference/sip/sipservlet-1_1-tck/tck/../tck/lib/sipservlet-1_1-api.jar" />
    <property name="user.home" value="/Users/andrew" />
    <property name="env.CLASSPATH" value="/Library/Java/JavaVirtualMachines/jdk1.7.0_10.jdk/Contents/Home/lib/tools.jar:/Users/andrew/Documents/reference/sip/sipservlet-1_1-tck/tck/../tck/lib/tck-junit.jar:/Users/andrew/Documents/reference/sip/sipservlet-1_1-tck/tck/../sipunit/lib/junit.jar:/Users/andrew/Documents/reference/sip/sipservlet-1_1-tck/tck/../tck/lib/sigtest.jar:/Users/andrew/Documents/reference/sip/sipservlet-1_1-tck/tck/../tck/conf" />
    <property name="java.specification.vendor" value="Oracle Corporation" />
    <property name="env.TERM_PROGRAM" value="Apple_Terminal" />
    <property name="env.TCKJUNIT_LIB" value="/Users/andrew/Documents/reference/sip/sipservlet-1_1-tck/tck/../tck/lib/tck-junit.jar" />
    <property name="java.library.path" value="/Users/andrew/Library/Java/Extensions:/Library/Java/Extensions:/Network/Library/Java/Extensions:/System/Library/Java/Extensions:/usr/lib/java:." />
    <property name="java.vendor.url" value="http://java.oracle.com/" />
    <property name="gopherProxySet" value="false" />
    <property name="java.vm.vendor" value="Oracle Corporation" />
    <property name="java.runtime.name" value="Java(TM) SE Runtime Environment" />
    <property name="java.class.path" value="/Users/andrew/Documents/reference/sip/sipservlet-1_1-tck/tck/lib/ant-contrib-1.0b3.jar:/Users/andrew/Documents/reference/sip/sipservlet-1_1-tck/tck/lib/javax.annotation_1.0.jar:/Users/andrew/Documents/reference/sip/sipservlet-1_1-tck/tck/lib/servlet-2_5-api.jar:/Users/andrew/Documents/reference/sip/sipservlet-1_1-tck/tck/lib/sigtest.jar:/Users/andrew/Documents/reference/sip/sipservlet-1_1-tck/tck/lib/sipservlet-1_1-api.jar:/Users/andrew/Documents/reference/sip/sipservlet-1_1-tck/tck/lib/sipunit.jar:/Users/andrew/Documents/reference/sip/sipservlet-1_1-tck/tck/lib/tck-junit.jar:/Users/andrew/Documents/reference/sip/sipservlet-1_1-tck/sipunit/lib/JainSipApi1.2.jar:/Users/andrew/Documents/reference/sip/sipservlet-1_1-tck/sipunit/lib/JainSipRi1.2.jar:/Users/andrew/Documents/reference/sip/sipservlet-1_1-tck/sipunit/lib/concurrent.jar:/Users/andrew/Documents/reference/sip/sipservlet-1_1-tck/sipunit/lib/dom.jar:/Users/andrew/Documents/reference/sip/sipservlet-1_1-tck/sipunit/lib/jax-qname.jar:/Users/andrew/Documents/reference/sip/sipservlet-1_1-tck/sipunit/lib/jaxb-api.jar:/Users/andrew/Documents/reference/sip/sipservlet-1_1-tck/sipunit/lib/jaxb-impl.jar:/Users/andrew/Documents/reference/sip/sipservlet-1_1-tck/sipunit/lib/jaxb-libs.jar:/Users/andrew/Documents/reference/sip/sipservlet-1_1-tck/sipunit/lib/junit.jar:/Users/andrew/Documents/reference/sip/sipservlet-1_1-tck/sipunit/lib/log4j-1.2.8.jar:/Users/andrew/Documents/reference/sip/sipservlet-1_1-tck/sipunit/lib/namespace.jar:/Users/andrew/Documents/reference/sip/sipservlet-1_1-tck/sipunit/lib/nist-sdp-1.0.jar:/Users/andrew/Documents/reference/sip/sipservlet-1_1-tck/sipunit/lib/relaxngDatatype.jar:/Users/andrew/Documents/reference/sip/sipservlet-1_1-tck/sipunit/lib/tracesviewer.jar:/Users/andrew/Documents/reference/sip/sipservlet-1_1-tck/sipunit/lib/xalan.jar:/Users/andrew/Documents/reference/sip/sipservlet-1_1-tck/sipunit/lib/xercesImpl.jar:/Users/andrew/Documents/reference/sip/sipservlet-1_1-tck/sipunit/lib/xsdlib.jar:/Users/andrew/Documents/reference/sip/sipservlet-1_1-tck/tck/build/classes:/Library/Java/JavaVirtualMachines/jdk1.7.0_10.jdk/Contents/Home/lib/tools.jar:/Users/andrew/Documents/reference/sip/sipservlet-1_1-tck/tck/conf:/usr/share/java/ant-1.8.2/lib/ant-launcher.jar:/usr/share/ant/lib/ant.jar:/usr/share/ant/lib/ant-junit.jar" />
    <property name="sun.java.command" value="com.bea.wcp.ant.ext.junit.TckJUnitTestRunner com.bea.sipservlet.tck.agents.api.javax_servlet_sip.ProxyBranchTest filtertrace=true haltOnError=false haltOnFailure=false formatter=org.apache.tools.ant.taskdefs.optional.junit.SummaryJUnitResultFormatter showoutput=false formatter=com.bea.wcp.ant.ext.junit.TckXMLFormatter,/Users/andrew/Documents/reference/sip/sipservlet-1_1-tck/tck/report/api_report/TEST-com.bea.sipservlet.tck.agents.api.javax_servlet_sip.ProxyBranchTest.xml propsfile=/Users/andrew/Documents/reference/sip/sipservlet-1_1-tck/tck/junit411074259.properties" />
    <property name="ant.version" value="Apache Ant(TM) version 1.8.2 compiled on June 20 2012" />
    <property name="env.TERM_SESSION_ID" value="992028FA-2937-460F-90A8-E989AB5B64C8" />
    <property name="env.JSR289TCK_HOME" value="/Users/andrew/Documents/reference/sip/sipservlet-1_1-tck/tck/.." />
    <property name="env.JBOSS_HOME" value="/opt/jboss-eap-6.1" />
    <property name="signature.property" value="/Users/andrew/Documents/reference/sip/sipservlet-1_1-tck/tck/conf/signature.properties" />
    <property name="jsr289.dir" value=".." />
    <property name="api.report" value="/Users/andrew/Documents/reference/sip/sipservlet-1_1-tck/tck/report/api_report" />
    <property name="java.vm.specification.name" value="Java Virtual Machine Specification" />
    <property name="env.JAVA_MAIN_CLASS_54325" value="org.apache.tools.ant.launch.Launcher" />
    <property name="ant.file.type" value="file" />
    <property name="java.vm.specification.version" value="1.7" />
    <property name="conf" value="/Users/andrew/Documents/reference/sip/sipservlet-1_1-tck/tck/conf" />
    <property name="sun.cpu.endian" value="little" />
    <property name="sun.os.patch.level" value="unknown" />
    <property name="env.HOME" value="/Users/andrew" />
    <property name="env.ANT_HOME" value="/usr/share/ant" />
    <property name="java.io.tmpdir" value="/var/folders/qt/j9kz_nw12bqfytwz9kfyjvq00000gn/T/" />
    <property name="java.vendor.url.bug" value="http://bugreport.sun.com/bugreport/" />
    <property name="env.SSH_AUTH_SOCK" value="/tmp/launch-JxY2DM/Listeners" />
    <property name="env.MAVEN_OPTS" value="-Xmx512M -XX:MaxPermSize=512M" />
    <property name="signature.report.filename" value="jsr289SignatureReport.txt" />
    <property name="env.COMMAND_MODE" value="unix2003" />
    <property name="applications.src.dir" value="/Users/andrew/Documents/reference/sip/sipservlet-1_1-tck/tck/applications/spectestapps/ar-continue,/Users/andrew/Documents/reference/sip/sipservlet-1_1-tck/tck/applications/spectestapps/ar-internalroutemodifier,/Users/andrew/Documents/reference/sip/sipservlet-1_1-tck/tck/applications/spectestapps/ar-reverse,/Users/andrew/Documents/reference/sip/sipservlet-1_1-tck/tck/applications/spectestapps/ar-suburiregion,/Users/andrew/Documents/reference/sip/sipservlet-1_1-tck/tck/applications/spectestapps/ar-success,/Users/andrew/Documents/reference/sip/sipservlet-1_1-tck/tck/applications/spectestapps/uas,/Users/andrew/Documents/reference/sip/sipservlet-1_1-tck/tck/applications/spectestapps/uac,/Users/andrew/Documents/reference/sip/sipservlet-1_1-tck/tck/applications/spectestapps/b2bua,/Users/andrew/Documents/reference/sip/sipservlet-1_1-tck/tck/applications/spectestapps/proxy" />
    <property name="os.arch" value="x86_64" />
    <property name="java.awt.graphicsenv" value="sun.awt.CGraphicsEnvironment" />
    <property name="java.ext.dirs" value="/Users/andrew/Library/Java/Extensions:/Library/Java/JavaVirtualMachines/jdk1.7.0_10.jdk/Contents/Home/jre/lib/ext:/Library/Java/Extensions:/Network/Library/Java/Extensions:/System/Library/Java/Extensions:/usr/lib/java" />
    <property name="ar.appname" value="/Users/andrew/Documents/reference/sip/sipservlet-1_1-tck/tck/dist/tck-approuter.jar" />
    <property name="user.dir" value="/Users/andrew/Documents/reference/sip/sipservlet-1_1-tck/tck" />
    <property name="applications.dir" value="/Users/andrew/Documents/reference/sip/sipservlet-1_1-tck/tck/applications" />
    <property name="line.separator" value="&#xa;" />
    <property name="java.vm.name" value="Java HotSpot(TM) 64-Bit Server VM" />
    <property name="ant.file.type.SIP Servlet 1.1 API Technology Compatibility Kit (TCK)" value="file" />
    <property name="env.RJAR_HOME" value="/Users/andrew/Dev/rjar/" />
    <property name="basedir" value="/Users/andrew/Documents/reference/sip/sipservlet-1_1-tck/tck" />
    <property name="ant.java.version" value="1.7" />
    <property name="ant.core.lib" value="/usr/share/ant/lib/ant.jar" />
    <property name="env.SIGNATURE_REPORT_NAME" value="jsr289SignatureReport.txt" />
    <property name="file.encoding" value="UTF-8" />
    <property name="env.SIGREPORT_HOME" value="/Users/andrew/Documents/reference/sip/sipservlet-1_1-tck/tck/../tck/report/sig_report" />
    <property name="env.JUNIT_LIB" value="/Users/andrew/Documents/reference/sip/sipservlet-1_1-tck/tck/../sipunit/lib/junit.jar" />
    <property name="java.specification.version" value="1.7" />
    <property name="env.REFERENCE_JAR" value="/Users/andrew/Documents/reference/sip/sipservlet-1_1-tck/tck/lib/sigtest.jar" />
    <property name="ant.project.invoked-targets" value="run-api-tests" />
    <property name="tck.earname" value="/Users/andrew/Documents/reference/sip/sipservlet-1_1-tck/tck/dist/tck-apps.ear" />
  </properties>
  <testcase assertions="[SipServlet:JAVADOC:ProxyBranch5] - Returns the associated proxy with this branch." classname="com.bea.sipservlet.tck.agents.api.javax_servlet_sip.ProxyBranchTest" name="testGetProxy001" time="3.547" />
  <testcase assertions="[SipServlet:JAVADOC:ProxyBranch6] - Returns the current value of the search timeout associated with this ProxyBranch object." classname="com.bea.sipservlet.tck.agents.api.javax_servlet_sip.ProxyBranchTest" name="testGetProxyBranchTimeout001" time="13.026">
    <failure message="b wait incoming call - Timeout Occurred: The maximum amount of time to wait for a request message has elapsed." type="junit.framework.AssertionFailedError">junit.framework.AssertionFailedError: b wait incoming call - Timeout Occurred: The maximum amount of time to wait for a request message has elapsed.
	at org.cafesip.sipunit.SipTestCase.assertLastOperationSuccess(SipTestCase.java:241)
	at com.bea.sipservlet.tck.agents.api.javax_servlet_sip.ProxyBranchTest.assertProxyBranchSimpleCase(ProxyBranchTest.java:705)
	at com.bea.sipservlet.tck.agents.api.javax_servlet_sip.ProxyBranchTest.testGetProxyBranchTimeout001(ProxyBranchTest.java:182)
	at com.bea.wcp.ant.ext.junit.TestHandler.runTest(TestHandler.java:73)
	at com.bea.wcp.ant.ext.junit.TestHandler.run(TestHandler.java:58)
	at com.bea.wcp.ant.ext.junit.TestHandler.invoke(TestHandler.java:34)
	at $Proxy0.run(Unknown Source)
	at com.bea.wcp.ant.ext.junit.TestProxy.run(TestProxy.java:24)
	at com.bea.wcp.ant.ext.junit.TckJUnitTestRunner.run(TckJUnitTestRunner.java:272)
	at com.bea.wcp.ant.ext.junit.TckJUnitTestRunner.launch(TckJUnitTestRunner.java:647)
	at com.bea.wcp.ant.ext.junit.TckJUnitTestRunner.main(TckJUnitTestRunner.java:542)
</failure>
  </testcase>
  <testcase assertions="[SipServlet:JAVADOC:ProxyBranch7] - Returns true if subsequent invocations of proxyTo(URI) will add a Record-Route header to the proxied request, false otherwise." classname="com.bea.sipservlet.tck.agents.api.javax_servlet_sip.ProxyBranchTest" name="testGetRecordRoute001" time="3.037">
    <failure message="Fail to get &quot;Record-Route&quot; header from INVITE." type="junit.framework.AssertionFailedError">junit.framework.AssertionFailedError: Fail to get &quot;Record-Route&quot; header from INVITE.
	at com.bea.sipservlet.tck.agents.api.javax_servlet_sip.ProxyBranchTest.assertProxyBranchSimpleCase(ProxyBranchTest.java:714)
	at com.bea.sipservlet.tck.agents.api.javax_servlet_sip.ProxyBranchTest.testGetRecordRoute001(ProxyBranchTest.java:190)
	at com.bea.wcp.ant.ext.junit.TestHandler.runTest(TestHandler.java:73)
	at com.bea.wcp.ant.ext.junit.TestHandler.run(TestHandler.java:58)
	at com.bea.wcp.ant.ext.junit.TestHandler.invoke(TestHandler.java:34)
	at $Proxy0.run(Unknown Source)
	at com.bea.wcp.ant.ext.junit.TestProxy.run(TestProxy.java:24)
	at com.bea.wcp.ant.ext.junit.TckJUnitTestRunner.run(TckJUnitTestRunner.java:272)
	at com.bea.wcp.ant.ext.junit.TckJUnitTestRunner.launch(TckJUnitTestRunner.java:647)
	at com.bea.wcp.ant.ext.junit.TckJUnitTestRunner.main(TckJUnitTestRunner.java:542)
</failure>
  </testcase>
  <testcase assertions="[SipServlet:JAVADOC:ProxyBranch8] - if record-routing flag is set to true, a Record-Route header will be added to the proxied request." classname="com.bea.sipservlet.tck.agents.api.javax_servlet_sip.ProxyBranchTest" name="testGetRecordRouteURI001" time="13.017">
    <failure message="b wait incoming call - Timeout Occurred: The maximum amount of time to wait for a request message has elapsed." type="junit.framework.AssertionFailedError">junit.framework.AssertionFailedError: b wait incoming call - Timeout Occurred: The maximum amount of time to wait for a request message has elapsed.
	at org.cafesip.sipunit.SipTestCase.assertLastOperationSuccess(SipTestCase.java:241)
	at com.bea.sipservlet.tck.agents.api.javax_servlet_sip.ProxyBranchTest.assertProxyBranchSimpleCase(ProxyBranchTest.java:705)
	at com.bea.sipservlet.tck.agents.api.javax_servlet_sip.ProxyBranchTest.testGetRecordRouteURI001(ProxyBranchTest.java:198)
	at com.bea.wcp.ant.ext.junit.TestHandler.runTest(TestHandler.java:73)
	at com.bea.wcp.ant.ext.junit.TestHandler.run(TestHandler.java:58)
	at com.bea.wcp.ant.ext.junit.TestHandler.invoke(TestHandler.java:34)
	at $Proxy0.run(Unknown Source)
	at com.bea.wcp.ant.ext.junit.TestProxy.run(TestProxy.java:24)
	at com.bea.wcp.ant.ext.junit.TckJUnitTestRunner.run(TckJUnitTestRunner.java:272)
	at com.bea.wcp.ant.ext.junit.TckJUnitTestRunner.launch(TckJUnitTestRunner.java:647)
	at com.bea.wcp.ant.ext.junit.TckJUnitTestRunner.main(TckJUnitTestRunner.java:542)
</failure>
  </testcase>
  <testcase assertions="[SipServlet:JAVADOC:ProxyBranch8] - Throws IllegalStateException - if record-routing is not enabled." classname="com.bea.sipservlet.tck.agents.api.javax_servlet_sip.ProxyBranchTest" name="testGetRecordRouteURI101" time="3.172" />
  <testcase assertions="[SipServlet:JAVADOC:ProxyBranch9][SipServlet:JAVADOC:ProxyBranch19] - Returns true if this proxy branch object is set to recurse, or false otherwise." classname="com.bea.sipservlet.tck.agents.api.javax_servlet_sip.ProxyBranchTest" name="testGetSetRecurse001" time="3.168" />
  <testcase assertions="[SipServlet:JAVADOC:ProxyBranch10] - Receipt of a 3xx class redirect response on a branch can result in recursed branches if the proxy or the branch has recursion enabled. This can result in several levels of recursed branches in a tree like fashion. This method returns the top level branches directly.below this ProxyBranch . " classname="com.bea.sipservlet.tck.agents.api.javax_servlet_sip.ProxyBranchTest" name="testgetRecursedProxyBranches001" time="13.036">
    <failure message="c wait incoming call - Timeout Occurred: The maximum amount of time to wait for a request message has elapsed." type="junit.framework.AssertionFailedError">junit.framework.AssertionFailedError: c wait incoming call - Timeout Occurred: The maximum amount of time to wait for a request message has elapsed.
	at org.cafesip.sipunit.SipTestCase.assertLastOperationSuccess(SipTestCase.java:241)
	at com.bea.sipservlet.tck.agents.api.javax_servlet_sip.ProxyBranchTest.testgetRecursedProxyBranches001(ProxyBranchTest.java:301)
	at com.bea.wcp.ant.ext.junit.TestHandler.runTest(TestHandler.java:73)
	at com.bea.wcp.ant.ext.junit.TestHandler.run(TestHandler.java:58)
	at com.bea.wcp.ant.ext.junit.TestHandler.invoke(TestHandler.java:34)
	at $Proxy0.run(Unknown Source)
	at com.bea.wcp.ant.ext.junit.TestProxy.run(TestProxy.java:24)
	at com.bea.wcp.ant.ext.junit.TckJUnitTestRunner.run(TckJUnitTestRunner.java:272)
	at com.bea.wcp.ant.ext.junit.TckJUnitTestRunner.launch(TckJUnitTestRunner.java:647)
	at com.bea.wcp.ant.ext.junit.TckJUnitTestRunner.main(TckJUnitTestRunner.java:542)
</failure>
  </testcase>
  <testcase assertions="[SipServlet:JAVADOC:ProxyBranch11] - Return the request associated with this branch." classname="com.bea.sipservlet.tck.agents.api.javax_servlet_sip.ProxyBranchTest" name="testGetRequest001" time="13.016">
    <failure message="b wait incoming call - Timeout Occurred: The maximum amount of time to wait for a request message has elapsed." type="junit.framework.AssertionFailedError">junit.framework.AssertionFailedError: b wait incoming call - Timeout Occurred: The maximum amount of time to wait for a request message has elapsed.
	at org.cafesip.sipunit.SipTestCase.assertLastOperationSuccess(SipTestCase.java:241)
	at com.bea.sipservlet.tck.agents.api.javax_servlet_sip.ProxyBranchTest.assertProxyBranchSimpleCase(ProxyBranchTest.java:705)
	at com.bea.sipservlet.tck.agents.api.javax_servlet_sip.ProxyBranchTest.testGetRequest001(ProxyBranchTest.java:339)
	at com.bea.wcp.ant.ext.junit.TestHandler.runTest(TestHandler.java:73)
	at com.bea.wcp.ant.ext.junit.TestHandler.run(TestHandler.java:58)
	at com.bea.wcp.ant.ext.junit.TestHandler.invoke(TestHandler.java:34)
	at $Proxy0.run(Unknown Source)
	at com.bea.wcp.ant.ext.junit.TestProxy.run(TestProxy.java:24)
	at com.bea.wcp.ant.ext.junit.TckJUnitTestRunner.run(TckJUnitTestRunner.java:272)
	at com.bea.wcp.ant.ext.junit.TckJUnitTestRunner.launch(TckJUnitTestRunner.java:647)
	at com.bea.wcp.ant.ext.junit.TckJUnitTestRunner.main(TckJUnitTestRunner.java:542)
</failure>
  </testcase>
  <testcase assertions="[SipServlet:JAVADOC:ProxyBranch12] - Return the last SipServletResponse received, or null if no response has been received so far." classname="com.bea.sipservlet.tck.agents.api.javax_servlet_sip.ProxyBranchTest" name="testGetResponse001" time="3.059">
    <failure message="Fail to get &quot;ResponseHeader&quot; header from 200/INVITE." type="junit.framework.AssertionFailedError">junit.framework.AssertionFailedError: Fail to get &quot;ResponseHeader&quot; header from 200/INVITE.
	at com.bea.sipservlet.tck.agents.api.javax_servlet_sip.ProxyBranchTest.assertProxyBranchSimpleCase(ProxyBranchTest.java:739)
	at com.bea.sipservlet.tck.agents.api.javax_servlet_sip.ProxyBranchTest.testGetResponse001(ProxyBranchTest.java:347)
	at com.bea.wcp.ant.ext.junit.TestHandler.runTest(TestHandler.java:73)
	at com.bea.wcp.ant.ext.junit.TestHandler.run(TestHandler.java:58)
	at com.bea.wcp.ant.ext.junit.TestHandler.invoke(TestHandler.java:34)
	at $Proxy0.run(Unknown Source)
	at com.bea.wcp.ant.ext.junit.TestProxy.run(TestProxy.java:24)
	at com.bea.wcp.ant.ext.junit.TckJUnitTestRunner.run(TckJUnitTestRunner.java:272)
	at com.bea.wcp.ant.ext.junit.TckJUnitTestRunner.launch(TckJUnitTestRunner.java:647)
	at com.bea.wcp.ant.ext.junit.TckJUnitTestRunner.main(TckJUnitTestRunner.java:542)
</failure>
  </testcase>
  <testcase assertions="[SipServlet:JAVADOC:ProxyBranch13] - This method tells if the given branch has been started yet or not. The branches created as a result of proxyTo are always started on creation." classname="com.bea.sipservlet.tck.agents.api.javax_servlet_sip.ProxyBranchTest" name="testIsStarted001" time="13.014">
    <failure message="b wait incoming call - Timeout Occurred: The maximum amount of time to wait for a request message has elapsed." type="junit.framework.AssertionFailedError">junit.framework.AssertionFailedError: b wait incoming call - Timeout Occurred: The maximum amount of time to wait for a request message has elapsed.
	at org.cafesip.sipunit.SipTestCase.assertLastOperationSuccess(SipTestCase.java:241)
	at com.bea.sipservlet.tck.agents.api.javax_servlet_sip.ProxyBranchTest.assertProxyBranchSimpleCase(ProxyBranchTest.java:705)
	at com.bea.sipservlet.tck.agents.api.javax_servlet_sip.ProxyBranchTest.testIsStarted001(ProxyBranchTest.java:356)
	at com.bea.wcp.ant.ext.junit.TestHandler.runTest(TestHandler.java:73)
	at com.bea.wcp.ant.ext.junit.TestHandler.run(TestHandler.java:58)
	at com.bea.wcp.ant.ext.junit.TestHandler.invoke(TestHandler.java:34)
	at $Proxy0.run(Unknown Source)
	at com.bea.wcp.ant.ext.junit.TestProxy.run(TestProxy.java:24)
	at com.bea.wcp.ant.ext.junit.TckJUnitTestRunner.run(TckJUnitTestRunner.java:272)
	at com.bea.wcp.ant.ext.junit.TckJUnitTestRunner.launch(TckJUnitTestRunner.java:647)
	at com.bea.wcp.ant.ext.junit.TckJUnitTestRunner.main(TckJUnitTestRunner.java:542)
</failure>
  </testcase>
  <testcase assertions="[SipServlet:JAVADOC:ProxyBranch15] - If multihoming is supported, then this method can be used to select the outbound interface and source port number when forwarding requests for this proxy branch. The specified address must be the address of one of the configured outbound interfaces. The set of SipURI objects which represent the supported outbound interfaces can be obtained from the servlet context attribute named javax.servlet.sip.outboundInterfaces." classname="com.bea.sipservlet.tck.agents.api.javax_servlet_sip.ProxyBranchTest" name="testSetOutboundInterface001" time="3.158" />
  <testcase assertions="[SipServlet:JAVADOC:ProxyBranch15] - Throw IllegalStateException if this method is called on an invalidated session." classname="com.bea.sipservlet.tck.agents.api.javax_servlet_sip.ProxyBranchTest" name="testSetOutboundInterface101" time="13.016">
    <failure type="junit.framework.AssertionFailedError">junit.framework.AssertionFailedError
	at com.bea.sipservlet.tck.agents.api.javax_servlet_sip.ProxyBranchTest.testSetOutboundInterface101(ProxyBranchTest.java:418)
	at com.bea.wcp.ant.ext.junit.TestHandler.runTest(TestHandler.java:73)
	at com.bea.wcp.ant.ext.junit.TestHandler.run(TestHandler.java:58)
	at com.bea.wcp.ant.ext.junit.TestHandler.invoke(TestHandler.java:34)
	at $Proxy0.run(Unknown Source)
	at com.bea.wcp.ant.ext.junit.TestProxy.run(TestProxy.java:24)
	at com.bea.wcp.ant.ext.junit.TckJUnitTestRunner.run(TckJUnitTestRunner.java:272)
	at com.bea.wcp.ant.ext.junit.TckJUnitTestRunner.launch(TckJUnitTestRunner.java:647)
	at com.bea.wcp.ant.ext.junit.TckJUnitTestRunner.main(TckJUnitTestRunner.java:542)
</failure>
  </testcase>
  <testcase assertions="[SipServlet:JAVADOC:ProxyBranch15] - Throw NullPointerException. if null address." classname="com.bea.sipservlet.tck.agents.api.javax_servlet_sip.ProxyBranchTest" name="testSetOutboundInterface102" time="3.023" />
  <testcase assertions="[SipServlet:JAVADOC:ProxyBranch16] - If multihoming is supported, then this method can be used to select the outbound interface to use when sending requests for this proxy branch. The specified address must be the address of one of the configured outbound interfaces. The set of SipURI objects which represent the supported outbound interfaces can be obtained from the servlet context attribute named javax.servlet.sip.outboundInterfaces." classname="com.bea.sipservlet.tck.agents.api.javax_servlet_sip.ProxyBranchTest" name="testSetOutboundInterface002" time="3.166" />
  <testcase assertions="[SipServlet:JAVADOC:ProxyBranch16] - Throw NullPointerException, if address is null." classname="com.bea.sipservlet.tck.agents.api.javax_servlet_sip.ProxyBranchTest" name="testSetOutboundInterface103" time="3.021" />
  <testcase assertions="[SipServlet:JAVADOC:ProxyBranch17] - Sets the search timeout value for this ProxyBranch object." classname="com.bea.sipservlet.tck.agents.api.javax_servlet_sip.ProxyBranchTest" name="testSetProxyBranchTimeout001" time="13.017">
    <failure message="b wait incoming call - Timeout Occurred: The maximum amount of time to wait for a request message has elapsed." type="junit.framework.AssertionFailedError">junit.framework.AssertionFailedError: b wait incoming call - Timeout Occurred: The maximum amount of time to wait for a request message has elapsed.
	at org.cafesip.sipunit.SipTestCase.assertLastOperationSuccess(SipTestCase.java:241)
	at com.bea.sipservlet.tck.agents.api.javax_servlet_sip.ProxyBranchTest.assertProxyBranchSimpleCase(ProxyBranchTest.java:705)
	at com.bea.sipservlet.tck.agents.api.javax_servlet_sip.ProxyBranchTest.testSetProxyBranchTimeout001(ProxyBranchTest.java:462)
	at com.bea.wcp.ant.ext.junit.TestHandler.runTest(TestHandler.java:73)
	at com.bea.wcp.ant.ext.junit.TestHandler.run(TestHandler.java:58)
	at com.bea.wcp.ant.ext.junit.TestHandler.invoke(TestHandler.java:34)
	at $Proxy0.run(Unknown Source)
	at com.bea.wcp.ant.ext.junit.TestProxy.run(TestProxy.java:24)
	at com.bea.wcp.ant.ext.junit.TckJUnitTestRunner.run(TckJUnitTestRunner.java:272)
	at com.bea.wcp.ant.ext.junit.TckJUnitTestRunner.launch(TckJUnitTestRunner.java:647)
	at com.bea.wcp.ant.ext.junit.TckJUnitTestRunner.main(TckJUnitTestRunner.java:542)
</failure>
  </testcase>
  <testcase assertions="[SipServlet:JAVADOC:ProxyBranch17] - Throws IllegalArgumentException if this value is negative." classname="com.bea.sipservlet.tck.agents.api.javax_servlet_sip.ProxyBranchTest" name="testSetProxyBranchTimeout101" time="3.02" />
  <testcase assertions="[SipServlet:JAVADOC:ProxyBranch18] - Specifies whether this branch should include a Record-Route header for this servlet engine or not. if true the engine will record-route, otherwise it won&apos;t." classname="com.bea.sipservlet.tck.agents.api.javax_servlet_sip.ProxyBranchTest" name="testSetRecordRoute001" time="3.031">
    <failure message="Fail to get &quot;Record-Route&quot; header from INVITE." type="junit.framework.AssertionFailedError">junit.framework.AssertionFailedError: Fail to get &quot;Record-Route&quot; header from INVITE.
	at com.bea.sipservlet.tck.agents.api.javax_servlet_sip.ProxyBranchTest.assertProxyBranchSimpleCase(ProxyBranchTest.java:714)
	at com.bea.sipservlet.tck.agents.api.javax_servlet_sip.ProxyBranchTest.testSetRecordRoute001(ProxyBranchTest.java:479)
	at com.bea.wcp.ant.ext.junit.TestHandler.runTest(TestHandler.java:73)
	at com.bea.wcp.ant.ext.junit.TestHandler.run(TestHandler.java:58)
	at com.bea.wcp.ant.ext.junit.TestHandler.invoke(TestHandler.java:34)
	at $Proxy0.run(Unknown Source)
	at com.bea.wcp.ant.ext.junit.TestProxy.run(TestProxy.java:24)
	at com.bea.wcp.ant.ext.junit.TckJUnitTestRunner.run(TckJUnitTestRunner.java:272)
	at com.bea.wcp.ant.ext.junit.TckJUnitTestRunner.launch(TckJUnitTestRunner.java:647)
	at com.bea.wcp.ant.ext.junit.TckJUnitTestRunner.main(TckJUnitTestRunner.java:542)
</failure>
  </testcase>
  <testcase assertions="[SipServlet:JAVADOC:ProxyBranch18] - Throws IllegalStateException - if the proxy has already been started." classname="com.bea.sipservlet.tck.agents.api.javax_servlet_sip.ProxyBranchTest" name="testSetRecordRoute101" time="13.032">
    <failure type="junit.framework.AssertionFailedError">junit.framework.AssertionFailedError
	at com.bea.sipservlet.tck.agents.api.javax_servlet_sip.ProxyBranchTest.testSetRecordRoute101(ProxyBranchTest.java:541)
	at com.bea.wcp.ant.ext.junit.TestHandler.runTest(TestHandler.java:73)
	at com.bea.wcp.ant.ext.junit.TestHandler.run(TestHandler.java:58)
	at com.bea.wcp.ant.ext.junit.TestHandler.invoke(TestHandler.java:34)
	at $Proxy0.run(Unknown Source)
	at com.bea.wcp.ant.ext.junit.TestProxy.run(TestProxy.java:24)
	at com.bea.wcp.ant.ext.junit.TckJUnitTestRunner.run(TckJUnitTestRunner.java:272)
	at com.bea.wcp.ant.ext.junit.TckJUnitTestRunner.launch(TckJUnitTestRunner.java:647)
	at com.bea.wcp.ant.ext.junit.TckJUnitTestRunner.main(TckJUnitTestRunner.java:542)
</failure>
  </testcase>
  <system-out><![CDATA[[2013-04-15 20:06:50,491] ProxyBranchTest:1008 INFO  - === testGetProxy001() ===
SIPUNIT TRACE:  1366052810639  INVITE after sending out through stack..........
SIPUNIT TRACE:  1366052810639  INVITE sip:JSR289_TCK@localhost:5060 SIP/2.0
Call-ID: 3019393e6c55bb80a03e28149767a6d4@192.168.1.65
CSeq: 1 INVITE
From: <sip:alice@192.168.1.65>;tag=1423982793
To: <sip:JSR289_TCK@localhost:5060>
Via: SIP/2.0/UDP 192.168.1.65:5071;branch=z9hG4bK1455f4c61fc6863273aea979e6856d44
Max-Forwards: 70
Contact: <sip:alice@192.168.1.65:5071;transport=udp;lr>
Route: <sip:localhost:5060;transport=udp;lr>
Servlet-Name: ProxyBranch
Method-Name: testGetProxy001
Application-Name: com.bea.sipservlet.tck.apps.apitestapp
ua2-uri: sip:bob@192.168.1.65:5072
Content-Length: 0


SIPUNIT TRACE:  1366052810640  RouteHeader address: <sip:localhost:5060;transport=udp;lr>
SIPUNIT TRACE:  1366052810640  SS.waitRequest() - about to block, waiting
SIPUNIT TRACE:  1366052810675  SipStack: request received !
SIPUNIT TRACE:  1366052810675  SipStack: calling listener
SIPUNIT TRACE:  1366052810675  SipSession: request received !
SIPUNIT TRACE:  1366052810675       me ('To' check) = sip:bob@192.168.1.65
SIPUNIT TRACE:  1366052810675       my local contact info ('Request URI' check) = sip:bob@192.168.1.65:5072;transport=udp;lr
SIPUNIT TRACE:  1366052810675       INVITE sip:bob@192.168.1.65:5072 SIP/2.0
Servlet-Name: ProxyBranch
To: <sip:JSR289_TCK@localhost:5060>
Contact: <sip:alice@192.168.1.65:5071;lr;transport=udp>
Method-Name: testGetProxy001
From: <sip:alice@192.168.1.65>;tag=1423982793
Call-ID: 3019393e6c55bb80a03e28149767a6d4@192.168.1.65
Via: SIP/2.0/UDP 192.168.1.65:5060;branch=z9hG4bK!770y.e6+3ap+-wrfdp7fp8dxiys.9;maddr=192.168.1.65,SIP/2.0/UDP 192.168.1.65:5071;branch=z9hG4bK1455f4c61fc6863273aea979e6856d44
Route: <sip:localhost:5060;lr;transport=udp>
Max-Forwards: 69
ua2-uri: sip:bob@192.168.1.65:5072
CSeq: 1 INVITE
Content-Length: 0


SIPUNIT TRACE:  1366052810675  SipSession: notifying block object
SIPUNIT TRACE:  1366052810675  SS.waitRequest() - we've come out of the block
SIPUNIT TRACE:  1366052810675  SS.waitRequest() - either we got the request, or timed out
SIPUNIT TRACE:  1366052810676  INVITE after received by stack..........
SIPUNIT TRACE:  1366052810676  INVITE sip:bob@192.168.1.65:5072 SIP/2.0
Servlet-Name: ProxyBranch
To: <sip:JSR289_TCK@localhost:5060>
Contact: <sip:alice@192.168.1.65:5071;lr;transport=udp>
Method-Name: testGetProxy001
From: <sip:alice@192.168.1.65>;tag=1423982793
Call-ID: 3019393e6c55bb80a03e28149767a6d4@192.168.1.65
Via: SIP/2.0/UDP 192.168.1.65:5060;branch=z9hG4bK!770y.e6+3ap+-wrfdp7fp8dxiys.9;maddr=192.168.1.65,SIP/2.0/UDP 192.168.1.65:5071;branch=z9hG4bK1455f4c61fc6863273aea979e6856d44
Route: <sip:localhost:5060;lr;transport=udp>
Max-Forwards: 69
ua2-uri: sip:bob@192.168.1.65:5072
CSeq: 1 INVITE
Content-Length: 0


SIPUNIT TRACE:  1366052810677  RouteHeader address: <sip:localhost:5060;lr;transport=udp>
SIPUNIT TRACE:  1366052810680  Response before sending out through stack..........
SIPUNIT TRACE:  1366052810680  SIP/2.0 200 200 for INVITE
To: <sip:JSR289_TCK@localhost:5060>;tag=1441404502
From: <sip:alice@192.168.1.65>;tag=1423982793
Call-ID: 3019393e6c55bb80a03e28149767a6d4@192.168.1.65
Via: SIP/2.0/UDP 192.168.1.65:5060;branch=z9hG4bK!770y.e6+3ap+-wrfdp7fp8dxiys.9;maddr=192.168.1.65,SIP/2.0/UDP 192.168.1.65:5071;branch=z9hG4bK1455f4c61fc6863273aea979e6856d44
CSeq: 1 INVITE
Contact: <sip:bob@192.168.1.65:5072;transport=udp;lr>
Expires: 10000
Content-Length: 0


SIPUNIT TRACE:  1366052810687  Outgoing call response received: SIP/2.0 100 Trying
To: <sip:JSR289_TCK@localhost:5060>
From: <sip:alice@192.168.1.65>;tag=1423982793
Via: SIP/2.0/UDP 192.168.1.65:5071;branch=z9hG4bK1455f4c61fc6863273aea979e6856d44
Call-ID: 3019393e6c55bb80a03e28149767a6d4@192.168.1.65
Server: Elaina
CSeq: 1 INVITE
Content-Length: 0


SIPUNIT TRACE:  1366052810696  Outgoing call response received: SIP/2.0 200 200 for INVITE
Expires: 10000
Contact: <sip:bob@192.168.1.65:5072;lr;transport=udp>
To: <sip:JSR289_TCK@localhost:5060>;tag=1441404502
From: <sip:alice@192.168.1.65>;tag=1423982793
Via: SIP/2.0/UDP 192.168.1.65:5071;branch=z9hG4bK1455f4c61fc6863273aea979e6856d44
Call-ID: 3019393e6c55bb80a03e28149767a6d4@192.168.1.65
CSeq: 1 INVITE
Content-Length: 0


SIPUNIT TRACE:  1366052810807  SipStack: request received !
SIPUNIT TRACE:  1366052810807  SipStack: calling listener
SIPUNIT TRACE:  1366052810807  SipSession: request received !
SIPUNIT TRACE:  1366052810807       me ('To' check) = sip:bob@192.168.1.65
SIPUNIT TRACE:  1366052810807       my local contact info ('Request URI' check) = sip:bob@192.168.1.65:5072;transport=udp;lr
SIPUNIT TRACE:  1366052810807       ACK sip:bob@192.168.1.65:5072;lr;transport=udp SIP/2.0
Via: SIP/2.0/UDP 192.168.1.65:5071;branch=z9hG4bK2ff5df5ea5d8ab1a3d6cd09d7025aed1
CSeq: 1 ACK
Expires: 10000
To: <sip:JSR289_TCK@localhost:5060>;tag=1441404502
From: <sip:alice@192.168.1.65>;tag=1423982793
Call-ID: 3019393e6c55bb80a03e28149767a6d4@192.168.1.65
Max-Forwards: 70
Content-Length: 0


SIPUNIT TRACE:  1366052810807  SipSession: notifying block object
SIPUNIT TRACE:  1366052810811  SipStack: request received !
SIPUNIT TRACE:  1366052810812  SipStack: calling listener
SIPUNIT TRACE:  1366052810812  SipSession: request received !
SIPUNIT TRACE:  1366052810812       me ('To' check) = sip:bob@192.168.1.65
SIPUNIT TRACE:  1366052810812       my local contact info ('Request URI' check) = sip:bob@192.168.1.65:5072;transport=udp;lr
SIPUNIT TRACE:  1366052810812       BYE sip:bob@192.168.1.65:5072;lr;transport=udp SIP/2.0
Via: SIP/2.0/UDP 192.168.1.65:5071;branch=z9hG4bK3dbd133779fbb6de63b8625772bbefe7
CSeq: 2 BYE
Expires: 10000
To: <sip:JSR289_TCK@localhost:5060>;tag=1441404502
From: <sip:alice@192.168.1.65>;tag=1423982793
Call-ID: 3019393e6c55bb80a03e28149767a6d4@192.168.1.65
Max-Forwards: 70
Content-Length: 0


SIPUNIT TRACE:  1366052810812  SipSession: notifying block object
SIPUNIT TRACE:  1366052810819  SipStack: request received !
SIPUNIT TRACE:  1366052810819  SipStack: calling listener
SIPUNIT TRACE:  1366052810819  SipSession: request received !
SIPUNIT TRACE:  1366052810819       me ('To' check) = sip:bob@192.168.1.65
SIPUNIT TRACE:  1366052810819       my local contact info ('Request URI' check) = sip:bob@192.168.1.65:5072;transport=udp;lr
SIPUNIT TRACE:  1366052810819       BYE sip:bob@192.168.1.65:5072;lr;transport=udp SIP/2.0
Via: SIP/2.0/UDP 192.168.1.65:5071;branch=z9hG4bK45b7e830f1066be93b542bc4a4d4d4ba
CSeq: 3 BYE
Expires: 10000
To: <sip:JSR289_TCK@localhost:5060>;tag=1441404502
From: <sip:alice@192.168.1.65>;tag=1423982793
Call-ID: 3019393e6c55bb80a03e28149767a6d4@192.168.1.65
Max-Forwards: 70
Content-Length: 0


SIPUNIT TRACE:  1366052810819  SipSession: not interested in blocking requests
[2013-04-15 20:06:53,834] ProxyBranchTest:1008 INFO  - === testGetProxyBranchTimeout001() ===
SIPUNIT TRACE:  1366052813840  INVITE after sending out through stack..........
SIPUNIT TRACE:  1366052813840  INVITE sip:JSR289_TCK@localhost:5060 SIP/2.0
Call-ID: ab8922471647427b6b9366aa4a1609c1@192.168.1.65
CSeq: 1 INVITE
From: <sip:alice@192.168.1.65>;tag=942488723
To: <sip:JSR289_TCK@localhost:5060>
Via: SIP/2.0/UDP 192.168.1.65:5071;branch=z9hG4bKc66194ba2494603f5f00e7edefed6090
Max-Forwards: 70
Contact: <sip:alice@192.168.1.65:5071;transport=udp;lr>
Route: <sip:localhost:5060;transport=udp;lr>
Servlet-Name: ProxyBranch
Method-Name: testGetProxyBranchTimeout001
Application-Name: com.bea.sipservlet.tck.apps.apitestapp
ua2-uri: sip:bob@192.168.1.65:5072
Content-Length: 0


SIPUNIT TRACE:  1366052813840  RouteHeader address: <sip:localhost:5060;transport=udp;lr>
SIPUNIT TRACE:  1366052813841  SS.waitRequest() - about to block, waiting
SIPUNIT TRACE:  1366052823841  SS.waitRequest() - we've come out of the block
SIPUNIT TRACE:  1366052823842  SS.waitRequest() - either we got the request, or timed out
[2013-04-15 20:07:06,860] ProxyBranchTest:1008 INFO  - === testGetRecordRoute001() ===
SIPUNIT TRACE:  1366052826864  INVITE after sending out through stack..........
SIPUNIT TRACE:  1366052826865  INVITE sip:JSR289_TCK@localhost:5060 SIP/2.0
Call-ID: 35834a0d50eab0ba853a24b717ff7dfe@192.168.1.65
CSeq: 1 INVITE
From: <sip:alice@192.168.1.65>;tag=1925743491
To: <sip:JSR289_TCK@localhost:5060>
Via: SIP/2.0/UDP 192.168.1.65:5071;branch=z9hG4bK87253f7aa53b1cced8f3dc6eb3a344f3
Max-Forwards: 70
Contact: <sip:alice@192.168.1.65:5071;transport=udp;lr>
Route: <sip:localhost:5060;transport=udp;lr>
Servlet-Name: ProxyBranch
Method-Name: testGetRecordRoute001
Application-Name: com.bea.sipservlet.tck.apps.apitestapp
ua2-uri: sip:bob@192.168.1.65:5072
Content-Length: 0


SIPUNIT TRACE:  1366052826865  RouteHeader address: <sip:localhost:5060;transport=udp;lr>
SIPUNIT TRACE:  1366052826865  SS.waitRequest() - about to block, waiting
SIPUNIT TRACE:  1366052826882  SipStack: request received !
SIPUNIT TRACE:  1366052826882  SipStack: calling listener
SIPUNIT TRACE:  1366052826882  SipSession: request received !
SIPUNIT TRACE:  1366052826882       me ('To' check) = sip:bob@192.168.1.65
SIPUNIT TRACE:  1366052826882       my local contact info ('Request URI' check) = sip:bob@192.168.1.65:5072;transport=udp;lr
SIPUNIT TRACE:  1366052826882       INVITE sip:bob@192.168.1.65:5072 SIP/2.0
Servlet-Name: ProxyBranch
To: <sip:JSR289_TCK@localhost:5060>
Contact: <sip:alice@192.168.1.65:5071;lr;transport=udp>
Method-Name: testGetRecordRoute001
From: <sip:alice@192.168.1.65>;tag=1925743491
Call-ID: 35834a0d50eab0ba853a24b717ff7dfe@192.168.1.65
Via: SIP/2.0/UDP 192.168.1.65:5060;branch=z9hG4bK381cs4yp.mzo+hpc3p83ch_o07n3v+;maddr=192.168.1.65,SIP/2.0/UDP 192.168.1.65:5071;branch=z9hG4bK87253f7aa53b1cced8f3dc6eb3a344f3
Route: <sip:localhost:5060;lr;transport=udp>
Max-Forwards: 69
ua2-uri: sip:bob@192.168.1.65:5072
CSeq: 1 INVITE
Content-Length: 0


SIPUNIT TRACE:  1366052826882  SipSession: notifying block object
SIPUNIT TRACE:  1366052826882  SS.waitRequest() - we've come out of the block
SIPUNIT TRACE:  1366052826882  SS.waitRequest() - either we got the request, or timed out
SIPUNIT TRACE:  1366052826882  INVITE after received by stack..........
SIPUNIT TRACE:  1366052826884  INVITE sip:bob@192.168.1.65:5072 SIP/2.0
Servlet-Name: ProxyBranch
To: <sip:JSR289_TCK@localhost:5060>
Contact: <sip:alice@192.168.1.65:5071;lr;transport=udp>
Method-Name: testGetRecordRoute001
From: <sip:alice@192.168.1.65>;tag=1925743491
Call-ID: 35834a0d50eab0ba853a24b717ff7dfe@192.168.1.65
Via: SIP/2.0/UDP 192.168.1.65:5060;branch=z9hG4bK381cs4yp.mzo+hpc3p83ch_o07n3v+;maddr=192.168.1.65,SIP/2.0/UDP 192.168.1.65:5071;branch=z9hG4bK87253f7aa53b1cced8f3dc6eb3a344f3
Route: <sip:localhost:5060;lr;transport=udp>
Max-Forwards: 69
ua2-uri: sip:bob@192.168.1.65:5072
CSeq: 1 INVITE
Content-Length: 0


SIPUNIT TRACE:  1366052826884  RouteHeader address: <sip:localhost:5060;lr;transport=udp>
[2013-04-15 20:07:09,896] ProxyBranchTest:1008 INFO  - === testGetRecordRouteURI001() ===
SIPUNIT TRACE:  1366052829902  INVITE after sending out through stack..........
SIPUNIT TRACE:  1366052829902  INVITE sip:JSR289_TCK@localhost:5060 SIP/2.0
Call-ID: b4df9f543c1d4074737ea755d9cb6bab@192.168.1.65
CSeq: 1 INVITE
From: <sip:alice@192.168.1.65>;tag=1919890266
To: <sip:JSR289_TCK@localhost:5060>
Via: SIP/2.0/UDP 192.168.1.65:5071;branch=z9hG4bKa98160cb097c84bde34fa823621df84a
Max-Forwards: 70
Contact: <sip:alice@192.168.1.65:5071;transport=udp;lr>
Route: <sip:localhost:5060;transport=udp;lr>
Servlet-Name: ProxyBranch
Method-Name: testGetRecordRouteURI001
Application-Name: com.bea.sipservlet.tck.apps.apitestapp
ua2-uri: sip:bob@192.168.1.65:5072
Content-Length: 0


SIPUNIT TRACE:  1366052829902  RouteHeader address: <sip:localhost:5060;transport=udp;lr>
SIPUNIT TRACE:  1366052829902  SS.waitRequest() - about to block, waiting
SIPUNIT TRACE:  1366052839903  SS.waitRequest() - we've come out of the block
SIPUNIT TRACE:  1366052839903  SS.waitRequest() - either we got the request, or timed out
[2013-04-15 20:07:22,916] ProxyBranchTest:1008 INFO  - === testGetRecordRouteURI101() ===
SIPUNIT TRACE:  1366052842921  INVITE after sending out through stack..........
SIPUNIT TRACE:  1366052842922  INVITE sip:JSR289_TCK@localhost:5060 SIP/2.0
Call-ID: a4098d1b25626a21ffeb3de1d56a5861@192.168.1.65
CSeq: 1 INVITE
From: <sip:alice@192.168.1.65>;tag=115502842
To: <sip:JSR289_TCK@localhost:5060>
Via: SIP/2.0/UDP 192.168.1.65:5071;branch=z9hG4bKde9ff70c7460358b5d5b707808c9ba33
Max-Forwards: 70
Contact: <sip:alice@192.168.1.65:5071;transport=udp;lr>
Route: <sip:localhost:5060;transport=udp;lr>
Servlet-Name: ProxyBranch
Method-Name: testGetRecordRouteURI101
Application-Name: com.bea.sipservlet.tck.apps.apitestapp
ua2-uri: sip:bob@192.168.1.65:5072
Content-Length: 0


SIPUNIT TRACE:  1366052842922  RouteHeader address: <sip:localhost:5060;transport=udp;lr>
SIPUNIT TRACE:  1366052842922  SS.waitRequest() - about to block, waiting
SIPUNIT TRACE:  1366052842936  SipStack: request received !
SIPUNIT TRACE:  1366052842936  SipStack: calling listener
SIPUNIT TRACE:  1366052842936  SipSession: request received !
SIPUNIT TRACE:  1366052842936       me ('To' check) = sip:bob@192.168.1.65
SIPUNIT TRACE:  1366052842936       my local contact info ('Request URI' check) = sip:bob@192.168.1.65:5072;transport=udp;lr
SIPUNIT TRACE:  1366052842937       INVITE sip:bob@192.168.1.65:5072 SIP/2.0
Servlet-Name: ProxyBranch
To: <sip:JSR289_TCK@localhost:5060>
Contact: <sip:alice@192.168.1.65:5071;lr;transport=udp>
Method-Name: testGetRecordRouteURI101
From: <sip:alice@192.168.1.65>;tag=115502842
Call-ID: a4098d1b25626a21ffeb3de1d56a5861@192.168.1.65
Via: SIP/2.0/UDP 192.168.1.65:5060;branch=z9hG4bKhfgbf4+hxz.1javu47xs2yiev-9+7n;maddr=192.168.1.65,SIP/2.0/UDP 192.168.1.65:5071;branch=z9hG4bKde9ff70c7460358b5d5b707808c9ba33
Route: <sip:localhost:5060;lr;transport=udp>
Max-Forwards: 69
ua2-uri: sip:bob@192.168.1.65:5072
CSeq: 1 INVITE
Content-Length: 0


SIPUNIT TRACE:  1366052842937  SipSession: notifying block object
SIPUNIT TRACE:  1366052842937  SS.waitRequest() - we've come out of the block
SIPUNIT TRACE:  1366052842937  SS.waitRequest() - either we got the request, or timed out
SIPUNIT TRACE:  1366052842937  INVITE after received by stack..........
SIPUNIT TRACE:  1366052842937  INVITE sip:bob@192.168.1.65:5072 SIP/2.0
Servlet-Name: ProxyBranch
To: <sip:JSR289_TCK@localhost:5060>
Contact: <sip:alice@192.168.1.65:5071;lr;transport=udp>
Method-Name: testGetRecordRouteURI101
From: <sip:alice@192.168.1.65>;tag=115502842
Call-ID: a4098d1b25626a21ffeb3de1d56a5861@192.168.1.65
Via: SIP/2.0/UDP 192.168.1.65:5060;branch=z9hG4bKhfgbf4+hxz.1javu47xs2yiev-9+7n;maddr=192.168.1.65,SIP/2.0/UDP 192.168.1.65:5071;branch=z9hG4bKde9ff70c7460358b5d5b707808c9ba33
Route: <sip:localhost:5060;lr;transport=udp>
Max-Forwards: 69
ua2-uri: sip:bob@192.168.1.65:5072
CSeq: 1 INVITE
Content-Length: 0


SIPUNIT TRACE:  1366052842937  RouteHeader address: <sip:localhost:5060;lr;transport=udp>
SIPUNIT TRACE:  1366052842939  Response before sending out through stack..........
SIPUNIT TRACE:  1366052842939  SIP/2.0 200 200 for INVITE
To: <sip:JSR289_TCK@localhost:5060>;tag=1780956062
From: <sip:alice@192.168.1.65>;tag=115502842
Call-ID: a4098d1b25626a21ffeb3de1d56a5861@192.168.1.65
Via: SIP/2.0/UDP 192.168.1.65:5060;branch=z9hG4bKhfgbf4+hxz.1javu47xs2yiev-9+7n;maddr=192.168.1.65,SIP/2.0/UDP 192.168.1.65:5071;branch=z9hG4bKde9ff70c7460358b5d5b707808c9ba33
CSeq: 1 INVITE
Contact: <sip:bob@192.168.1.65:5072;transport=udp;lr>
Expires: 10000
Content-Length: 0


SIPUNIT TRACE:  1366052842942  Outgoing call response received: SIP/2.0 100 Trying
To: <sip:JSR289_TCK@localhost:5060>
From: <sip:alice@192.168.1.65>;tag=115502842
Via: SIP/2.0/UDP 192.168.1.65:5071;branch=z9hG4bKde9ff70c7460358b5d5b707808c9ba33
Call-ID: a4098d1b25626a21ffeb3de1d56a5861@192.168.1.65
Server: Elaina
CSeq: 1 INVITE
Content-Length: 0


SIPUNIT TRACE:  1366052842956  Outgoing call response received: SIP/2.0 200 200 for INVITE
Expires: 10000
Contact: <sip:bob@192.168.1.65:5072;lr;transport=udp>
To: <sip:JSR289_TCK@localhost:5060>;tag=1780956062
From: <sip:alice@192.168.1.65>;tag=115502842
Via: SIP/2.0/UDP 192.168.1.65:5071;branch=z9hG4bKde9ff70c7460358b5d5b707808c9ba33
Call-ID: a4098d1b25626a21ffeb3de1d56a5861@192.168.1.65
CSeq: 1 INVITE
Content-Length: 0


SIPUNIT TRACE:  1366052843067  SipStack: request received !
SIPUNIT TRACE:  1366052843067  SipStack: calling listener
SIPUNIT TRACE:  1366052843067  SipSession: request received !
SIPUNIT TRACE:  1366052843067       me ('To' check) = sip:bob@192.168.1.65
SIPUNIT TRACE:  1366052843067       my local contact info ('Request URI' check) = sip:bob@192.168.1.65:5072;transport=udp;lr
SIPUNIT TRACE:  1366052843068       ACK sip:bob@192.168.1.65:5072;lr;transport=udp SIP/2.0
Via: SIP/2.0/UDP 192.168.1.65:5071;branch=z9hG4bK25e282c598884b7fa0571b3132f84417
CSeq: 1 ACK
Expires: 10000
To: <sip:JSR289_TCK@localhost:5060>;tag=1780956062
From: <sip:alice@192.168.1.65>;tag=115502842
Call-ID: a4098d1b25626a21ffeb3de1d56a5861@192.168.1.65
Max-Forwards: 70
Content-Length: 0


SIPUNIT TRACE:  1366052843068  SipSession: notifying block object
SIPUNIT TRACE:  1366052843072  SipStack: request received !
SIPUNIT TRACE:  1366052843072  SipStack: calling listener
SIPUNIT TRACE:  1366052843072  SipSession: request received !
SIPUNIT TRACE:  1366052843072       me ('To' check) = sip:bob@192.168.1.65
SIPUNIT TRACE:  1366052843072       my local contact info ('Request URI' check) = sip:bob@192.168.1.65:5072;transport=udp;lr
SIPUNIT TRACE:  1366052843072       BYE sip:bob@192.168.1.65:5072;lr;transport=udp SIP/2.0
Via: SIP/2.0/UDP 192.168.1.65:5071;branch=z9hG4bK01985d69a681b60f417c9ab27d81c695
CSeq: 2 BYE
Expires: 10000
To: <sip:JSR289_TCK@localhost:5060>;tag=1780956062
From: <sip:alice@192.168.1.65>;tag=115502842
Call-ID: a4098d1b25626a21ffeb3de1d56a5861@192.168.1.65
Max-Forwards: 70
Content-Length: 0


SIPUNIT TRACE:  1366052843072  SipSession: not interested in blocking requests
SIPUNIT TRACE:  1366052843076  SipStack: request received !
SIPUNIT TRACE:  1366052843076  SipStack: calling listener
SIPUNIT TRACE:  1366052843076  SipSession: request received !
SIPUNIT TRACE:  1366052843076       me ('To' check) = sip:bob@192.168.1.65
SIPUNIT TRACE:  1366052843076       my local contact info ('Request URI' check) = sip:bob@192.168.1.65:5072;transport=udp;lr
SIPUNIT TRACE:  1366052843076       BYE sip:bob@192.168.1.65:5072;lr;transport=udp SIP/2.0
Via: SIP/2.0/UDP 192.168.1.65:5071;branch=z9hG4bK81712ca1ed6f6fdc406ab00d7354919c
CSeq: 3 BYE
Expires: 10000
To: <sip:JSR289_TCK@localhost:5060>;tag=1780956062
From: <sip:alice@192.168.1.65>;tag=115502842
Call-ID: a4098d1b25626a21ffeb3de1d56a5861@192.168.1.65
Max-Forwards: 70
Content-Length: 0


SIPUNIT TRACE:  1366052843076  SipSession: not interested in blocking requests
[2013-04-15 20:07:26,087] ProxyBranchTest:1008 INFO  - === testGetSetRecurse001() ===
SIPUNIT TRACE:  1366052846092  INVITE after sending out through stack..........
SIPUNIT TRACE:  1366052846092  INVITE sip:JSR289_TCK@localhost:5060 SIP/2.0
Call-ID: d9287a9809bc175b7e5e7c03f2ee9815@192.168.1.65
CSeq: 1 INVITE
From: <sip:alice@192.168.1.65>;tag=2129251977
To: <sip:JSR289_TCK@localhost:5060>
Via: SIP/2.0/UDP 192.168.1.65:5071;branch=z9hG4bK3ff7ddb225acdc8159ac38e94c1c8ee6
Max-Forwards: 70
Contact: <sip:alice@192.168.1.65:5071;transport=udp;lr>
Route: <sip:localhost:5060;transport=udp;lr>
Servlet-Name: ProxyBranch
Method-Name: testGetSetRecurse001
Application-Name: com.bea.sipservlet.tck.apps.apitestapp
ua2-uri: sip:bob@192.168.1.65:5072
Content-Length: 0


SIPUNIT TRACE:  1366052846092  RouteHeader address: <sip:localhost:5060;transport=udp;lr>
SIPUNIT TRACE:  1366052846092  SS.waitRequest() - about to block, waiting
SIPUNIT TRACE:  1366052846106  SipStack: request received !
SIPUNIT TRACE:  1366052846106  SipStack: calling listener
SIPUNIT TRACE:  1366052846106  SipSession: request received !
SIPUNIT TRACE:  1366052846106       me ('To' check) = sip:bob@192.168.1.65
SIPUNIT TRACE:  1366052846106       my local contact info ('Request URI' check) = sip:bob@192.168.1.65:5072;transport=udp;lr
SIPUNIT TRACE:  1366052846106       INVITE sip:bob@192.168.1.65:5072 SIP/2.0
Servlet-Name: ProxyBranch
To: <sip:JSR289_TCK@localhost:5060>
Contact: <sip:alice@192.168.1.65:5071;lr;transport=udp>
Method-Name: testGetSetRecurse001
From: <sip:alice@192.168.1.65>;tag=2129251977
Call-ID: d9287a9809bc175b7e5e7c03f2ee9815@192.168.1.65
Via: SIP/2.0/UDP 192.168.1.65:5060;branch=z9hG4bKfuo!vf_2tctc8fymhrml.5d9xn5ho5;maddr=192.168.1.65,SIP/2.0/UDP 192.168.1.65:5071;branch=z9hG4bK3ff7ddb225acdc8159ac38e94c1c8ee6
Route: <sip:localhost:5060;lr;transport=udp>
Max-Forwards: 69
ua2-uri: sip:bob@192.168.1.65:5072
CSeq: 1 INVITE
Content-Length: 0


SIPUNIT TRACE:  1366052846107  SipSession: notifying block object
SIPUNIT TRACE:  1366052846107  SS.waitRequest() - we've come out of the block
SIPUNIT TRACE:  1366052846107  SS.waitRequest() - either we got the request, or timed out
SIPUNIT TRACE:  1366052846107  INVITE after received by stack..........
SIPUNIT TRACE:  1366052846107  INVITE sip:bob@192.168.1.65:5072 SIP/2.0
Servlet-Name: ProxyBranch
To: <sip:JSR289_TCK@localhost:5060>
Contact: <sip:alice@192.168.1.65:5071;lr;transport=udp>
Method-Name: testGetSetRecurse001
From: <sip:alice@192.168.1.65>;tag=2129251977
Call-ID: d9287a9809bc175b7e5e7c03f2ee9815@192.168.1.65
Via: SIP/2.0/UDP 192.168.1.65:5060;branch=z9hG4bKfuo!vf_2tctc8fymhrml.5d9xn5ho5;maddr=192.168.1.65,SIP/2.0/UDP 192.168.1.65:5071;branch=z9hG4bK3ff7ddb225acdc8159ac38e94c1c8ee6
Route: <sip:localhost:5060;lr;transport=udp>
Max-Forwards: 69
ua2-uri: sip:bob@192.168.1.65:5072
CSeq: 1 INVITE
Content-Length: 0


SIPUNIT TRACE:  1366052846107  RouteHeader address: <sip:localhost:5060;lr;transport=udp>
SIPUNIT TRACE:  1366052846109  Response before sending out through stack..........
SIPUNIT TRACE:  1366052846109  SIP/2.0 200 200 for INVITE
To: <sip:JSR289_TCK@localhost:5060>;tag=2091556792
From: <sip:alice@192.168.1.65>;tag=2129251977
Call-ID: d9287a9809bc175b7e5e7c03f2ee9815@192.168.1.65
Via: SIP/2.0/UDP 192.168.1.65:5060;branch=z9hG4bKfuo!vf_2tctc8fymhrml.5d9xn5ho5;maddr=192.168.1.65,SIP/2.0/UDP 192.168.1.65:5071;branch=z9hG4bK3ff7ddb225acdc8159ac38e94c1c8ee6
CSeq: 1 INVITE
Contact: <sip:bob@192.168.1.65:5072;transport=udp;lr>
Expires: 10000
Content-Length: 0


SIPUNIT TRACE:  1366052846112  Outgoing call response received: SIP/2.0 100 Trying
To: <sip:JSR289_TCK@localhost:5060>
From: <sip:alice@192.168.1.65>;tag=2129251977
Via: SIP/2.0/UDP 192.168.1.65:5071;branch=z9hG4bK3ff7ddb225acdc8159ac38e94c1c8ee6
Call-ID: d9287a9809bc175b7e5e7c03f2ee9815@192.168.1.65
Server: Elaina
CSeq: 1 INVITE
Content-Length: 0


SIPUNIT TRACE:  1366052846121  Outgoing call response received: SIP/2.0 200 200 for INVITE
Expires: 10000
Contact: <sip:bob@192.168.1.65:5072;lr;transport=udp>
To: <sip:JSR289_TCK@localhost:5060>;tag=2091556792
From: <sip:alice@192.168.1.65>;tag=2129251977
Via: SIP/2.0/UDP 192.168.1.65:5071;branch=z9hG4bK3ff7ddb225acdc8159ac38e94c1c8ee6
Call-ID: d9287a9809bc175b7e5e7c03f2ee9815@192.168.1.65
CSeq: 1 INVITE
Content-Length: 0


SIPUNIT TRACE:  1366052846233  SipStack: request received !
SIPUNIT TRACE:  1366052846233  SipStack: calling listener
SIPUNIT TRACE:  1366052846233  SipSession: request received !
SIPUNIT TRACE:  1366052846233       me ('To' check) = sip:bob@192.168.1.65
SIPUNIT TRACE:  1366052846233       my local contact info ('Request URI' check) = sip:bob@192.168.1.65:5072;transport=udp;lr
SIPUNIT TRACE:  1366052846233       ACK sip:bob@192.168.1.65:5072;lr;transport=udp SIP/2.0
Via: SIP/2.0/UDP 192.168.1.65:5071;branch=z9hG4bK2736a5f8266b7d77aae2030698357afe
CSeq: 1 ACK
Expires: 10000
To: <sip:JSR289_TCK@localhost:5060>;tag=2091556792
From: <sip:alice@192.168.1.65>;tag=2129251977
Call-ID: d9287a9809bc175b7e5e7c03f2ee9815@192.168.1.65
Max-Forwards: 70
Content-Length: 0


SIPUNIT TRACE:  1366052846233  SipSession: notifying block object
SIPUNIT TRACE:  1366052846237  SipStack: request received !
SIPUNIT TRACE:  1366052846237  SipStack: calling listener
SIPUNIT TRACE:  1366052846237  SipSession: request received !
SIPUNIT TRACE:  1366052846237       me ('To' check) = sip:bob@192.168.1.65
SIPUNIT TRACE:  1366052846237       my local contact info ('Request URI' check) = sip:bob@192.168.1.65:5072;transport=udp;lr
SIPUNIT TRACE:  1366052846237       BYE sip:bob@192.168.1.65:5072;lr;transport=udp SIP/2.0
Via: SIP/2.0/UDP 192.168.1.65:5071;branch=z9hG4bKd7170e7eb4d6a5f486de7a9108f38b92
CSeq: 2 BYE
Expires: 10000
To: <sip:JSR289_TCK@localhost:5060>;tag=2091556792
From: <sip:alice@192.168.1.65>;tag=2129251977
Call-ID: d9287a9809bc175b7e5e7c03f2ee9815@192.168.1.65
Max-Forwards: 70
Content-Length: 0


SIPUNIT TRACE:  1366052846237  SipSession: not interested in blocking requests
SIPUNIT TRACE:  1366052846242  SipStack: request received !
SIPUNIT TRACE:  1366052846242  SipStack: calling listener
SIPUNIT TRACE:  1366052846242  SipSession: request received !
SIPUNIT TRACE:  1366052846242       me ('To' check) = sip:bob@192.168.1.65
SIPUNIT TRACE:  1366052846242       my local contact info ('Request URI' check) = sip:bob@192.168.1.65:5072;transport=udp;lr
SIPUNIT TRACE:  1366052846242       BYE sip:bob@192.168.1.65:5072;lr;transport=udp SIP/2.0
Via: SIP/2.0/UDP 192.168.1.65:5071;branch=z9hG4bK0b38694ed4de81c424708f44d034e4cc
CSeq: 3 BYE
Expires: 10000
To: <sip:JSR289_TCK@localhost:5060>;tag=2091556792
From: <sip:alice@192.168.1.65>;tag=2129251977
Call-ID: d9287a9809bc175b7e5e7c03f2ee9815@192.168.1.65
Max-Forwards: 70
Content-Length: 0


SIPUNIT TRACE:  1366052846243  SipSession: not interested in blocking requests
[2013-04-15 20:07:29,255] ProxyBranchTest:1008 INFO  - === testgetRecursedProxyBranches001() ===
SIPUNIT TRACE:  1366052849260  INVITE after sending out through stack..........
SIPUNIT TRACE:  1366052849261  INVITE sip:JSR289_TCK@localhost:5060 SIP/2.0
Call-ID: 82ed97445656242d7e102fdbf77e2f25@192.168.1.65
CSeq: 1 INVITE
From: <sip:alice@192.168.1.65>;tag=111909788
To: <sip:JSR289_TCK@localhost:5060>
Via: SIP/2.0/UDP 192.168.1.65:5071;branch=z9hG4bK4c711cb4a54b046d70606af442f06bcf
Max-Forwards: 70
Contact: <sip:alice@192.168.1.65:5071;transport=udp;lr>
Route: <sip:localhost:5060;transport=udp;lr>
Servlet-Name: ProxyBranch
Method-Name: testgetRecursedProxyBranches001
Application-Name: com.bea.sipservlet.tck.apps.apitestapp
ua2-uri: sip:bob@192.168.1.65:5072
Content-Length: 0


SIPUNIT TRACE:  1366052849261  RouteHeader address: <sip:localhost:5060;transport=udp;lr>
SIPUNIT TRACE:  1366052849261  SS.waitRequest() - about to block, waiting
SIPUNIT TRACE:  1366052849274  SipStack: request received !
SIPUNIT TRACE:  1366052849274  SipStack: calling listener
SIPUNIT TRACE:  1366052849274  SipSession: request received !
SIPUNIT TRACE:  1366052849274       me ('To' check) = sip:bob@192.168.1.65
SIPUNIT TRACE:  1366052849274       my local contact info ('Request URI' check) = sip:bob@192.168.1.65:5072;transport=udp;lr
SIPUNIT TRACE:  1366052849274       INVITE sip:bob@192.168.1.65:5072 SIP/2.0
Servlet-Name: ProxyBranch
To: <sip:JSR289_TCK@localhost:5060>
Contact: <sip:alice@192.168.1.65:5071;lr;transport=udp>
Method-Name: testgetRecursedProxyBranches001
From: <sip:alice@192.168.1.65>;tag=111909788
Call-ID: 82ed97445656242d7e102fdbf77e2f25@192.168.1.65
Via: SIP/2.0/UDP 192.168.1.65:5060;branch=z9hG4bK7ks8xj44myh1jb-p3c4+cwk797jc22;maddr=192.168.1.65,SIP/2.0/UDP 192.168.1.65:5071;branch=z9hG4bK4c711cb4a54b046d70606af442f06bcf
Route: <sip:localhost:5060;lr;transport=udp>
Max-Forwards: 69
ua2-uri: sip:bob@192.168.1.65:5072
CSeq: 1 INVITE
Content-Length: 0


SIPUNIT TRACE:  1366052849274  SipSession: notifying block object
SIPUNIT TRACE:  1366052849274  SS.waitRequest() - we've come out of the block
SIPUNIT TRACE:  1366052849274  SS.waitRequest() - either we got the request, or timed out
SIPUNIT TRACE:  1366052849274  INVITE after received by stack..........
SIPUNIT TRACE:  1366052849275  INVITE sip:bob@192.168.1.65:5072 SIP/2.0
Servlet-Name: ProxyBranch
To: <sip:JSR289_TCK@localhost:5060>
Contact: <sip:alice@192.168.1.65:5071;lr;transport=udp>
Method-Name: testgetRecursedProxyBranches001
From: <sip:alice@192.168.1.65>;tag=111909788
Call-ID: 82ed97445656242d7e102fdbf77e2f25@192.168.1.65
Via: SIP/2.0/UDP 192.168.1.65:5060;branch=z9hG4bK7ks8xj44myh1jb-p3c4+cwk797jc22;maddr=192.168.1.65,SIP/2.0/UDP 192.168.1.65:5071;branch=z9hG4bK4c711cb4a54b046d70606af442f06bcf
Route: <sip:localhost:5060;lr;transport=udp>
Max-Forwards: 69
ua2-uri: sip:bob@192.168.1.65:5072
CSeq: 1 INVITE
Content-Length: 0


SIPUNIT TRACE:  1366052849275  RouteHeader address: <sip:localhost:5060;lr;transport=udp>
SIPUNIT TRACE:  1366052849277  Response before sending out through stack..........
SIPUNIT TRACE:  1366052849277  SIP/2.0 301 301 for INVITE
To: <sip:JSR289_TCK@localhost:5060>;tag=690436377
From: <sip:alice@192.168.1.65>;tag=111909788
Call-ID: 82ed97445656242d7e102fdbf77e2f25@192.168.1.65
Via: SIP/2.0/UDP 192.168.1.65:5060;branch=z9hG4bK7ks8xj44myh1jb-p3c4+cwk797jc22;maddr=192.168.1.65,SIP/2.0/UDP 192.168.1.65:5071;branch=z9hG4bK4c711cb4a54b046d70606af442f06bcf
CSeq: 1 INVITE
Expires: 10000
Contact: <sip:jim@192.168.1.65:5073>
Content-Length: 0


SIPUNIT TRACE:  1366052849280  SS.waitRequest() - about to block, waiting
SIPUNIT TRACE:  1366052859280  SS.waitRequest() - we've come out of the block
SIPUNIT TRACE:  1366052859280  SS.waitRequest() - either we got the request, or timed out
[2013-04-15 20:07:42,290] ProxyBranchTest:1008 INFO  - === testGetRequest001() ===
SIPUNIT TRACE:  1366052862295  INVITE after sending out through stack..........
SIPUNIT TRACE:  1366052862295  INVITE sip:JSR289_TCK@localhost:5060 SIP/2.0
Call-ID: deb50f9f3e00cdcab3ddff237c1b6bbb@192.168.1.65
CSeq: 1 INVITE
From: <sip:alice@192.168.1.65>;tag=58319241
To: <sip:JSR289_TCK@localhost:5060>
Via: SIP/2.0/UDP 192.168.1.65:5071;branch=z9hG4bK95ee2a77d22d6b0f2c22a3c33e85c408
Max-Forwards: 70
Contact: <sip:alice@192.168.1.65:5071;transport=udp;lr>
Route: <sip:localhost:5060;transport=udp;lr>
Servlet-Name: ProxyBranch
Method-Name: testGetRequest001
Application-Name: com.bea.sipservlet.tck.apps.apitestapp
ua2-uri: sip:bob@192.168.1.65:5072
Content-Length: 0


SIPUNIT TRACE:  1366052862295  RouteHeader address: <sip:localhost:5060;transport=udp;lr>
SIPUNIT TRACE:  1366052862295  SS.waitRequest() - about to block, waiting
SIPUNIT TRACE:  1366052872295  SS.waitRequest() - we've come out of the block
SIPUNIT TRACE:  1366052872296  SS.waitRequest() - either we got the request, or timed out
[2013-04-15 20:07:55,313] ProxyBranchTest:1008 INFO  - === testGetResponse001() ===
SIPUNIT TRACE:  1366052875319  INVITE after sending out through stack..........
SIPUNIT TRACE:  1366052875319  INVITE sip:JSR289_TCK@localhost:5060 SIP/2.0
Call-ID: 9e4b136865478d83deeb49006a87736f@192.168.1.65
CSeq: 1 INVITE
From: <sip:alice@192.168.1.65>;tag=2107577558
To: <sip:JSR289_TCK@localhost:5060>
Via: SIP/2.0/UDP 192.168.1.65:5071;branch=z9hG4bKb189cfad54b7fc9aebfbdef53b6f38a6
Max-Forwards: 70
Contact: <sip:alice@192.168.1.65:5071;transport=udp;lr>
Route: <sip:localhost:5060;transport=udp;lr>
Servlet-Name: ProxyBranch
Method-Name: testGetResponse001
Application-Name: com.bea.sipservlet.tck.apps.apitestapp
ua2-uri: sip:bob@192.168.1.65:5072
Content-Length: 0


SIPUNIT TRACE:  1366052875319  RouteHeader address: <sip:localhost:5060;transport=udp;lr>
SIPUNIT TRACE:  1366052875319  SS.waitRequest() - about to block, waiting
SIPUNIT TRACE:  1366052875332  SipStack: request received !
SIPUNIT TRACE:  1366052875332  SipStack: calling listener
SIPUNIT TRACE:  1366052875332  SipSession: request received !
SIPUNIT TRACE:  1366052875332       me ('To' check) = sip:bob@192.168.1.65
SIPUNIT TRACE:  1366052875332       my local contact info ('Request URI' check) = sip:bob@192.168.1.65:5072;transport=udp;lr
SIPUNIT TRACE:  1366052875332       INVITE sip:bob@192.168.1.65:5072 SIP/2.0
Servlet-Name: ProxyBranch
To: <sip:JSR289_TCK@localhost:5060>
Contact: <sip:alice@192.168.1.65:5071;lr;transport=udp>
Method-Name: testGetResponse001
From: <sip:alice@192.168.1.65>;tag=2107577558
Call-ID: 9e4b136865478d83deeb49006a87736f@192.168.1.65
Via: SIP/2.0/UDP 192.168.1.65:5060;branch=z9hG4bKx9zhvvfers3aj.z!tg!b10z37r9dh+;maddr=192.168.1.65,SIP/2.0/UDP 192.168.1.65:5071;branch=z9hG4bKb189cfad54b7fc9aebfbdef53b6f38a6
Route: <sip:localhost:5060;lr;transport=udp>
Max-Forwards: 69
ua2-uri: sip:bob@192.168.1.65:5072
CSeq: 1 INVITE
Content-Length: 0


SIPUNIT TRACE:  1366052875332  SipSession: notifying block object
SIPUNIT TRACE:  1366052875332  SS.waitRequest() - we've come out of the block
SIPUNIT TRACE:  1366052875332  SS.waitRequest() - either we got the request, or timed out
SIPUNIT TRACE:  1366052875332  INVITE after received by stack..........
SIPUNIT TRACE:  1366052875332  INVITE sip:bob@192.168.1.65:5072 SIP/2.0
Servlet-Name: ProxyBranch
To: <sip:JSR289_TCK@localhost:5060>
Contact: <sip:alice@192.168.1.65:5071;lr;transport=udp>
Method-Name: testGetResponse001
From: <sip:alice@192.168.1.65>;tag=2107577558
Call-ID: 9e4b136865478d83deeb49006a87736f@192.168.1.65
Via: SIP/2.0/UDP 192.168.1.65:5060;branch=z9hG4bKx9zhvvfers3aj.z!tg!b10z37r9dh+;maddr=192.168.1.65,SIP/2.0/UDP 192.168.1.65:5071;branch=z9hG4bKb189cfad54b7fc9aebfbdef53b6f38a6
Route: <sip:localhost:5060;lr;transport=udp>
Max-Forwards: 69
ua2-uri: sip:bob@192.168.1.65:5072
CSeq: 1 INVITE
Content-Length: 0


SIPUNIT TRACE:  1366052875332  RouteHeader address: <sip:localhost:5060;lr;transport=udp>
SIPUNIT TRACE:  1366052875334  Response before sending out through stack..........
SIPUNIT TRACE:  1366052875334  SIP/2.0 200 200 for INVITE
To: <sip:JSR289_TCK@localhost:5060>;tag=2113231211
From: <sip:alice@192.168.1.65>;tag=2107577558
Call-ID: 9e4b136865478d83deeb49006a87736f@192.168.1.65
Via: SIP/2.0/UDP 192.168.1.65:5060;branch=z9hG4bKx9zhvvfers3aj.z!tg!b10z37r9dh+;maddr=192.168.1.65,SIP/2.0/UDP 192.168.1.65:5071;branch=z9hG4bKb189cfad54b7fc9aebfbdef53b6f38a6
CSeq: 1 INVITE
Contact: <sip:bob@192.168.1.65:5072;transport=udp;lr>
Expires: 10000
Content-Length: 0


SIPUNIT TRACE:  1366052875337  Outgoing call response received: SIP/2.0 100 Trying
To: <sip:JSR289_TCK@localhost:5060>
From: <sip:alice@192.168.1.65>;tag=2107577558
Via: SIP/2.0/UDP 192.168.1.65:5071;branch=z9hG4bKb189cfad54b7fc9aebfbdef53b6f38a6
Call-ID: 9e4b136865478d83deeb49006a87736f@192.168.1.65
Server: Elaina
CSeq: 1 INVITE
Content-Length: 0


SIPUNIT TRACE:  1366052875346  Outgoing call response received: SIP/2.0 200 200 for INVITE
Expires: 10000
Contact: <sip:bob@192.168.1.65:5072;lr;transport=udp>
To: <sip:JSR289_TCK@localhost:5060>;tag=2113231211
From: <sip:alice@192.168.1.65>;tag=2107577558
Via: SIP/2.0/UDP 192.168.1.65:5071;branch=z9hG4bKb189cfad54b7fc9aebfbdef53b6f38a6
Call-ID: 9e4b136865478d83deeb49006a87736f@192.168.1.65
CSeq: 1 INVITE
Content-Length: 0


SIPUNIT TRACE:  1366052875355  SipStack: request received !
SIPUNIT TRACE:  1366052875355  SipStack: calling listener
SIPUNIT TRACE:  1366052875355  SipSession: request received !
SIPUNIT TRACE:  1366052875355       me ('To' check) = sip:bob@192.168.1.65
SIPUNIT TRACE:  1366052875355       my local contact info ('Request URI' check) = sip:bob@192.168.1.65:5072;transport=udp;lr
SIPUNIT TRACE:  1366052875355       BYE sip:bob@192.168.1.65:5072;lr;transport=udp SIP/2.0
Via: SIP/2.0/UDP 192.168.1.65:5071;branch=z9hG4bKc1183cfee86c4f750b13b7502875fd7c
CSeq: 2 BYE
Expires: 10000
To: <sip:JSR289_TCK@localhost:5060>;tag=2113231211
From: <sip:alice@192.168.1.65>;tag=2107577558
Call-ID: 9e4b136865478d83deeb49006a87736f@192.168.1.65
Max-Forwards: 70
Content-Length: 0


SIPUNIT TRACE:  1366052875355  SipSession: not interested in blocking requests
[2013-04-15 20:07:58,364] ProxyBranchTest:1008 INFO  - === testIsStarted001() ===
SIPUNIT TRACE:  1366052878369  INVITE after sending out through stack..........
SIPUNIT TRACE:  1366052878369  INVITE sip:JSR289_TCK@localhost:5060 SIP/2.0
Call-ID: af9f09e3468689db8f7569c5453383c2@192.168.1.65
CSeq: 1 INVITE
From: <sip:alice@192.168.1.65>;tag=2027565805
To: <sip:JSR289_TCK@localhost:5060>
Via: SIP/2.0/UDP 192.168.1.65:5071;branch=z9hG4bK68000f78a26e197692af1d1598d58905
Max-Forwards: 70
Contact: <sip:alice@192.168.1.65:5071;transport=udp;lr>
Route: <sip:localhost:5060;transport=udp;lr>
Servlet-Name: ProxyBranch
Method-Name: testIsStarted001
Application-Name: com.bea.sipservlet.tck.apps.apitestapp
ua2-uri: sip:bob@192.168.1.65:5072
Content-Length: 0


SIPUNIT TRACE:  1366052878369  RouteHeader address: <sip:localhost:5060;transport=udp;lr>
SIPUNIT TRACE:  1366052878369  SS.waitRequest() - about to block, waiting
SIPUNIT TRACE:  1366052888369  SS.waitRequest() - we've come out of the block
SIPUNIT TRACE:  1366052888370  SS.waitRequest() - either we got the request, or timed out
[2013-04-15 20:08:11,379] ProxyBranchTest:1008 INFO  - === testSetOutboundInterface001() ===
SIPUNIT TRACE:  1366052891383  INVITE after sending out through stack..........
SIPUNIT TRACE:  1366052891384  INVITE sip:JSR289_TCK@localhost:5060 SIP/2.0
Call-ID: c2e8020ad09d7275e8e594fa36c69898@192.168.1.65
CSeq: 1 INVITE
From: <sip:alice@192.168.1.65>;tag=749147778
To: <sip:JSR289_TCK@localhost:5060>
Via: SIP/2.0/UDP 192.168.1.65:5071;branch=z9hG4bK56cbc235c19fd7618eb6ff2f67836871
Max-Forwards: 70
Contact: <sip:alice@192.168.1.65:5071;transport=udp;lr>
Route: <sip:localhost:5060;transport=udp;lr>
Servlet-Name: ProxyBranch
Method-Name: testSetOutboundInterface001
Application-Name: com.bea.sipservlet.tck.apps.apitestapp
ua2-uri: sip:bob@192.168.1.65:5072
Content-Length: 0


SIPUNIT TRACE:  1366052891384  RouteHeader address: <sip:localhost:5060;transport=udp;lr>
SIPUNIT TRACE:  1366052891384  SS.waitRequest() - about to block, waiting
SIPUNIT TRACE:  1366052891396  SipStack: request received !
SIPUNIT TRACE:  1366052891396  SipStack: calling listener
SIPUNIT TRACE:  1366052891396  SipSession: request received !
SIPUNIT TRACE:  1366052891396       me ('To' check) = sip:bob@192.168.1.65
SIPUNIT TRACE:  1366052891396       my local contact info ('Request URI' check) = sip:bob@192.168.1.65:5072;transport=udp;lr
SIPUNIT TRACE:  1366052891396       INVITE sip:bob@192.168.1.65:5072 SIP/2.0
Servlet-Name: ProxyBranch
To: <sip:JSR289_TCK@localhost:5060>
Contact: <sip:alice@192.168.1.65:5071;lr;transport=udp>
Method-Name: testSetOutboundInterface001
From: <sip:alice@192.168.1.65>;tag=749147778
Call-ID: c2e8020ad09d7275e8e594fa36c69898@192.168.1.65
Via: SIP/2.0/UDP 192.168.1.65:5060;branch=z9hG4bK6z+pembumm2s!rop0c+rs98eb4uiyh;maddr=192.168.1.65,SIP/2.0/UDP 192.168.1.65:5071;branch=z9hG4bK56cbc235c19fd7618eb6ff2f67836871
Route: <sip:localhost:5060;lr;transport=udp>
Max-Forwards: 69
ua2-uri: sip:bob@192.168.1.65:5072
CSeq: 1 INVITE
Content-Length: 0


SIPUNIT TRACE:  1366052891397  SipSession: notifying block object
SIPUNIT TRACE:  1366052891397  SS.waitRequest() - we've come out of the block
SIPUNIT TRACE:  1366052891397  SS.waitRequest() - either we got the request, or timed out
SIPUNIT TRACE:  1366052891397  INVITE after received by stack..........
SIPUNIT TRACE:  1366052891397  INVITE sip:bob@192.168.1.65:5072 SIP/2.0
Servlet-Name: ProxyBranch
To: <sip:JSR289_TCK@localhost:5060>
Contact: <sip:alice@192.168.1.65:5071;lr;transport=udp>
Method-Name: testSetOutboundInterface001
From: <sip:alice@192.168.1.65>;tag=749147778
Call-ID: c2e8020ad09d7275e8e594fa36c69898@192.168.1.65
Via: SIP/2.0/UDP 192.168.1.65:5060;branch=z9hG4bK6z+pembumm2s!rop0c+rs98eb4uiyh;maddr=192.168.1.65,SIP/2.0/UDP 192.168.1.65:5071;branch=z9hG4bK56cbc235c19fd7618eb6ff2f67836871
Route: <sip:localhost:5060;lr;transport=udp>
Max-Forwards: 69
ua2-uri: sip:bob@192.168.1.65:5072
CSeq: 1 INVITE
Content-Length: 0


SIPUNIT TRACE:  1366052891397  RouteHeader address: <sip:localhost:5060;lr;transport=udp>
SIPUNIT TRACE:  1366052891398  Response before sending out through stack..........
SIPUNIT TRACE:  1366052891399  SIP/2.0 200 200 for INVITE
To: <sip:JSR289_TCK@localhost:5060>;tag=1003861606
From: <sip:alice@192.168.1.65>;tag=749147778
Call-ID: c2e8020ad09d7275e8e594fa36c69898@192.168.1.65
Via: SIP/2.0/UDP 192.168.1.65:5060;branch=z9hG4bK6z+pembumm2s!rop0c+rs98eb4uiyh;maddr=192.168.1.65,SIP/2.0/UDP 192.168.1.65:5071;branch=z9hG4bK56cbc235c19fd7618eb6ff2f67836871
CSeq: 1 INVITE
Contact: <sip:bob@192.168.1.65:5072;transport=udp;lr>
Expires: 10000
Content-Length: 0


SIPUNIT TRACE:  1366052891402  Outgoing call response received: SIP/2.0 100 Trying
To: <sip:JSR289_TCK@localhost:5060>
From: <sip:alice@192.168.1.65>;tag=749147778
Via: SIP/2.0/UDP 192.168.1.65:5071;branch=z9hG4bK56cbc235c19fd7618eb6ff2f67836871
Call-ID: c2e8020ad09d7275e8e594fa36c69898@192.168.1.65
Server: Elaina
CSeq: 1 INVITE
Content-Length: 0


SIPUNIT TRACE:  1366052891410  Outgoing call response received: SIP/2.0 200 200 for INVITE
Expires: 10000
Contact: <sip:bob@192.168.1.65:5072;lr;transport=udp>
To: <sip:JSR289_TCK@localhost:5060>;tag=1003861606
From: <sip:alice@192.168.1.65>;tag=749147778
Via: SIP/2.0/UDP 192.168.1.65:5071;branch=z9hG4bK56cbc235c19fd7618eb6ff2f67836871
Call-ID: c2e8020ad09d7275e8e594fa36c69898@192.168.1.65
CSeq: 1 INVITE
Content-Length: 0


SIPUNIT TRACE:  1366052891519  SipStack: request received !
SIPUNIT TRACE:  1366052891519  SipStack: calling listener
SIPUNIT TRACE:  1366052891519  SipSession: request received !
SIPUNIT TRACE:  1366052891519       me ('To' check) = sip:bob@192.168.1.65
SIPUNIT TRACE:  1366052891519       my local contact info ('Request URI' check) = sip:bob@192.168.1.65:5072;transport=udp;lr
SIPUNIT TRACE:  1366052891519       ACK sip:bob@192.168.1.65:5072;lr;transport=udp SIP/2.0
Via: SIP/2.0/UDP 192.168.1.65:5071;branch=z9hG4bKeb72b664f04254c5ae9987b50b041f12
CSeq: 1 ACK
Expires: 10000
To: <sip:JSR289_TCK@localhost:5060>;tag=1003861606
From: <sip:alice@192.168.1.65>;tag=749147778
Call-ID: c2e8020ad09d7275e8e594fa36c69898@192.168.1.65
Max-Forwards: 70
Content-Length: 0


SIPUNIT TRACE:  1366052891519  SipSession: notifying block object
SIPUNIT TRACE:  1366052891522  SipStack: request received !
SIPUNIT TRACE:  1366052891522  SipStack: calling listener
SIPUNIT TRACE:  1366052891522  SipSession: request received !
SIPUNIT TRACE:  1366052891522       me ('To' check) = sip:bob@192.168.1.65
SIPUNIT TRACE:  1366052891523       my local contact info ('Request URI' check) = sip:bob@192.168.1.65:5072;transport=udp;lr
SIPUNIT TRACE:  1366052891523       BYE sip:bob@192.168.1.65:5072;lr;transport=udp SIP/2.0
Via: SIP/2.0/UDP 192.168.1.65:5071;branch=z9hG4bK72f54a15628f39426650b625d6ee9558
CSeq: 2 BYE
Expires: 10000
To: <sip:JSR289_TCK@localhost:5060>;tag=1003861606
From: <sip:alice@192.168.1.65>;tag=749147778
Call-ID: c2e8020ad09d7275e8e594fa36c69898@192.168.1.65
Max-Forwards: 70
Content-Length: 0


SIPUNIT TRACE:  1366052891523  SipSession: not interested in blocking requests
SIPUNIT TRACE:  1366052891527  SipStack: request received !
SIPUNIT TRACE:  1366052891527  SipStack: calling listener
SIPUNIT TRACE:  1366052891527  SipSession: request received !
SIPUNIT TRACE:  1366052891527       me ('To' check) = sip:bob@192.168.1.65
SIPUNIT TRACE:  1366052891527       my local contact info ('Request URI' check) = sip:bob@192.168.1.65:5072;transport=udp;lr
SIPUNIT TRACE:  1366052891527       BYE sip:bob@192.168.1.65:5072;lr;transport=udp SIP/2.0
Via: SIP/2.0/UDP 192.168.1.65:5071;branch=z9hG4bKe2565556aee99d40514f3d21f6b0da8a
CSeq: 3 BYE
Expires: 10000
To: <sip:JSR289_TCK@localhost:5060>;tag=1003861606
From: <sip:alice@192.168.1.65>;tag=749147778
Call-ID: c2e8020ad09d7275e8e594fa36c69898@192.168.1.65
Max-Forwards: 70
Content-Length: 0


SIPUNIT TRACE:  1366052891527  SipSession: not interested in blocking requests
[2013-04-15 20:08:14,536] ProxyBranchTest:1008 INFO  - === testSetOutboundInterface101() ===
[2013-04-15 20:08:14,537] TestBase:351 DEBUG - === created message:MESSAGE sip:JSR289_TCK@localhost:5060 SIP/2.0
Call-ID: b4024e2d0e13ebd978d82df72d889137@192.168.1.65
CSeq: 1 MESSAGE
From: "Alice" <sip:alice@192.168.1.65:5071>;tag=1789253265
To: "JSR289_TCK" <sip:JSR289_TCK@localhost:5060>
Via: SIP/2.0/UDP 192.168.1.65:5071;branch=somebranchvalue
Max-Forwards: 5
Content-Length: 0

 ===
[2013-04-15 20:08:14,540] ProxyBranchTest:413 DEBUG - ---UA1 send MESSAGE req is:MESSAGE sip:JSR289_TCK@localhost:5060 SIP/2.0
Call-ID: b4024e2d0e13ebd978d82df72d889137@192.168.1.65
CSeq: 1 MESSAGE
From: "Alice" <sip:alice@192.168.1.65:5071>;tag=1789253265
To: "JSR289_TCK" <sip:JSR289_TCK@localhost:5060>
Via: SIP/2.0/UDP 192.168.1.65:5071;branch=z9hG4bK4431e92356aa20ae3ed96da72f832d12
Max-Forwards: 5
Route: "JSR289_TCK" <sip:JSR289_TCK@localhost:5060;lr>,<sip:localhost:5060;transport=udp;lr>
Application-Name: com.bea.sipservlet.tck.apps.apitestapp
Servlet-Name: ProxyBranch
Method-Name: testSetOutboundInterface101
ua2-uri: sip:bob@192.168.1.65:5072
Content-Length: 0

---
SIPUNIT TRACE:  1366052894541  SS.waitRequest() - about to block, waiting
SIPUNIT TRACE:  1366052904542  SS.waitRequest() - we've come out of the block
SIPUNIT TRACE:  1366052904542  SS.waitRequest() - either we got the request, or timed out
[2013-04-15 20:08:27,554] ProxyBranchTest:1008 INFO  - === testSetOutboundInterface102() ===
[2013-04-15 20:08:27,555] TestBase:351 DEBUG - === created message:MESSAGE sip:JSR289_TCK@localhost:5060 SIP/2.0
Call-ID: e3cac24a7dafcdb13229475a9cefb759@192.168.1.65
CSeq: 1 MESSAGE
From: "Alice" <sip:alice@192.168.1.65:5071>;tag=2068012035
To: "JSR289_TCK" <sip:JSR289_TCK@localhost:5060>
Via: SIP/2.0/UDP 192.168.1.65:5071;branch=somebranchvalue
Max-Forwards: 5
Content-Length: 0

 ===
[2013-04-15 20:08:27,560] TestBase:979 DEBUG - ---The Sip request is:MESSAGE sip:JSR289_TCK@localhost:5060 SIP/2.0
Call-ID: e3cac24a7dafcdb13229475a9cefb759@192.168.1.65
CSeq: 1 MESSAGE
From: "Alice" <sip:alice@192.168.1.65:5071>;tag=2068012035
To: "JSR289_TCK" <sip:JSR289_TCK@localhost:5060>
Via: SIP/2.0/UDP 192.168.1.65:5071;branch=z9hG4bK83281ecab4da1e8422647b86ce693ff3
Max-Forwards: 5
Route: "JSR289_TCK" <sip:JSR289_TCK@localhost:5060;lr>,<sip:localhost:5060;transport=udp;lr>
Application-Name: com.bea.sipservlet.tck.apps.apitestapp
Servlet-Name: ProxyBranch
Method-Name: testSetOutboundInterface102
Content-Length: 0

 ---
[2013-04-15 20:08:30,577] ProxyBranchTest:1008 INFO  - === testSetOutboundInterface002() ===
SIPUNIT TRACE:  1366052910581  INVITE after sending out through stack..........
SIPUNIT TRACE:  1366052910581  INVITE sip:JSR289_TCK@localhost:5060 SIP/2.0
Call-ID: e4c11fc8b90e1dd8e680244652f69e66@192.168.1.65
CSeq: 1 INVITE
From: <sip:alice@192.168.1.65>;tag=804487915
To: <sip:JSR289_TCK@localhost:5060>
Via: SIP/2.0/UDP 192.168.1.65:5071;branch=z9hG4bK4622e6d4feb9bce192d2329f01352d10
Max-Forwards: 70
Contact: <sip:alice@192.168.1.65:5071;transport=udp;lr>
Route: <sip:localhost:5060;transport=udp;lr>
Servlet-Name: ProxyBranch
Method-Name: testSetOutboundInterface002
Application-Name: com.bea.sipservlet.tck.apps.apitestapp
ua2-uri: sip:bob@192.168.1.65:5072
Content-Length: 0


SIPUNIT TRACE:  1366052910582  RouteHeader address: <sip:localhost:5060;transport=udp;lr>
SIPUNIT TRACE:  1366052910582  SS.waitRequest() - about to block, waiting
SIPUNIT TRACE:  1366052910594  SipStack: request received !
SIPUNIT TRACE:  1366052910594  SipStack: calling listener
SIPUNIT TRACE:  1366052910594  SipSession: request received !
SIPUNIT TRACE:  1366052910594       me ('To' check) = sip:bob@192.168.1.65
SIPUNIT TRACE:  1366052910594       my local contact info ('Request URI' check) = sip:bob@192.168.1.65:5072;transport=udp;lr
SIPUNIT TRACE:  1366052910594       INVITE sip:bob@192.168.1.65:5072 SIP/2.0
Servlet-Name: ProxyBranch
To: <sip:JSR289_TCK@localhost:5060>
Contact: <sip:alice@192.168.1.65:5071;lr;transport=udp>
Method-Name: testSetOutboundInterface002
From: <sip:alice@192.168.1.65>;tag=804487915
Call-ID: e4c11fc8b90e1dd8e680244652f69e66@192.168.1.65
Via: SIP/2.0/UDP 192.168.1.65:5060;branch=z9hG4bKgesvvxy33m+.+aggeq8ap-t.8qss33;maddr=192.168.1.65,SIP/2.0/UDP 192.168.1.65:5071;branch=z9hG4bK4622e6d4feb9bce192d2329f01352d10
Route: <sip:localhost:5060;lr;transport=udp>
Max-Forwards: 69
ua2-uri: sip:bob@192.168.1.65:5072
CSeq: 1 INVITE
Content-Length: 0


SIPUNIT TRACE:  1366052910594  SipSession: notifying block object
SIPUNIT TRACE:  1366052910594  SS.waitRequest() - we've come out of the block
SIPUNIT TRACE:  1366052910594  SS.waitRequest() - either we got the request, or timed out
SIPUNIT TRACE:  1366052910594  INVITE after received by stack..........
SIPUNIT TRACE:  1366052910594  INVITE sip:bob@192.168.1.65:5072 SIP/2.0
Servlet-Name: ProxyBranch
To: <sip:JSR289_TCK@localhost:5060>
Contact: <sip:alice@192.168.1.65:5071;lr;transport=udp>
Method-Name: testSetOutboundInterface002
From: <sip:alice@192.168.1.65>;tag=804487915
Call-ID: e4c11fc8b90e1dd8e680244652f69e66@192.168.1.65
Via: SIP/2.0/UDP 192.168.1.65:5060;branch=z9hG4bKgesvvxy33m+.+aggeq8ap-t.8qss33;maddr=192.168.1.65,SIP/2.0/UDP 192.168.1.65:5071;branch=z9hG4bK4622e6d4feb9bce192d2329f01352d10
Route: <sip:localhost:5060;lr;transport=udp>
Max-Forwards: 69
ua2-uri: sip:bob@192.168.1.65:5072
CSeq: 1 INVITE
Content-Length: 0


SIPUNIT TRACE:  1366052910594  RouteHeader address: <sip:localhost:5060;lr;transport=udp>
SIPUNIT TRACE:  1366052910596  Response before sending out through stack..........
SIPUNIT TRACE:  1366052910596  SIP/2.0 200 200 for INVITE
To: <sip:JSR289_TCK@localhost:5060>;tag=2034104107
From: <sip:alice@192.168.1.65>;tag=804487915
Call-ID: e4c11fc8b90e1dd8e680244652f69e66@192.168.1.65
Via: SIP/2.0/UDP 192.168.1.65:5060;branch=z9hG4bKgesvvxy33m+.+aggeq8ap-t.8qss33;maddr=192.168.1.65,SIP/2.0/UDP 192.168.1.65:5071;branch=z9hG4bK4622e6d4feb9bce192d2329f01352d10
CSeq: 1 INVITE
Contact: <sip:bob@192.168.1.65:5072;transport=udp;lr>
Expires: 10000
Content-Length: 0


SIPUNIT TRACE:  1366052910599  Outgoing call response received: SIP/2.0 100 Trying
To: <sip:JSR289_TCK@localhost:5060>
From: <sip:alice@192.168.1.65>;tag=804487915
Via: SIP/2.0/UDP 192.168.1.65:5071;branch=z9hG4bK4622e6d4feb9bce192d2329f01352d10
Call-ID: e4c11fc8b90e1dd8e680244652f69e66@192.168.1.65
Server: Elaina
CSeq: 1 INVITE
Content-Length: 0


SIPUNIT TRACE:  1366052910607  Outgoing call response received: SIP/2.0 200 200 for INVITE
Expires: 10000
Contact: <sip:bob@192.168.1.65:5072;lr;transport=udp>
To: <sip:JSR289_TCK@localhost:5060>;tag=2034104107
From: <sip:alice@192.168.1.65>;tag=804487915
Via: SIP/2.0/UDP 192.168.1.65:5071;branch=z9hG4bK4622e6d4feb9bce192d2329f01352d10
Call-ID: e4c11fc8b90e1dd8e680244652f69e66@192.168.1.65
CSeq: 1 INVITE
Content-Length: 0


SIPUNIT TRACE:  1366052910725  SipStack: request received !
SIPUNIT TRACE:  1366052910725  SipStack: calling listener
SIPUNIT TRACE:  1366052910725  SipSession: request received !
SIPUNIT TRACE:  1366052910725       me ('To' check) = sip:bob@192.168.1.65
SIPUNIT TRACE:  1366052910725       my local contact info ('Request URI' check) = sip:bob@192.168.1.65:5072;transport=udp;lr
SIPUNIT TRACE:  1366052910725       ACK sip:bob@192.168.1.65:5072;lr;transport=udp SIP/2.0
Via: SIP/2.0/UDP 192.168.1.65:5071;branch=z9hG4bKc8e9713616e53118569f4266dc2ae2fa
CSeq: 1 ACK
Expires: 10000
To: <sip:JSR289_TCK@localhost:5060>;tag=2034104107
From: <sip:alice@192.168.1.65>;tag=804487915
Call-ID: e4c11fc8b90e1dd8e680244652f69e66@192.168.1.65
Max-Forwards: 70
Content-Length: 0


SIPUNIT TRACE:  1366052910725  SipSession: notifying block object
SIPUNIT TRACE:  1366052910728  SipStack: request received !
SIPUNIT TRACE:  1366052910728  SipStack: calling listener
SIPUNIT TRACE:  1366052910728  SipSession: request received !
SIPUNIT TRACE:  1366052910728       me ('To' check) = sip:bob@192.168.1.65
SIPUNIT TRACE:  1366052910728       my local contact info ('Request URI' check) = sip:bob@192.168.1.65:5072;transport=udp;lr
SIPUNIT TRACE:  1366052910728       BYE sip:bob@192.168.1.65:5072;lr;transport=udp SIP/2.0
Via: SIP/2.0/UDP 192.168.1.65:5071;branch=z9hG4bK89c4d894b8266cb819ecf00cbacf4ccd
CSeq: 2 BYE
Expires: 10000
To: <sip:JSR289_TCK@localhost:5060>;tag=2034104107
From: <sip:alice@192.168.1.65>;tag=804487915
Call-ID: e4c11fc8b90e1dd8e680244652f69e66@192.168.1.65
Max-Forwards: 70
Content-Length: 0


SIPUNIT TRACE:  1366052910729  SipSession: notifying block object
SIPUNIT TRACE:  1366052910732  SipStack: request received !
SIPUNIT TRACE:  1366052910732  SipStack: calling listener
SIPUNIT TRACE:  1366052910732  SipSession: request received !
SIPUNIT TRACE:  1366052910732       me ('To' check) = sip:bob@192.168.1.65
SIPUNIT TRACE:  1366052910732       my local contact info ('Request URI' check) = sip:bob@192.168.1.65:5072;transport=udp;lr
SIPUNIT TRACE:  1366052910732       BYE sip:bob@192.168.1.65:5072;lr;transport=udp SIP/2.0
Via: SIP/2.0/UDP 192.168.1.65:5071;branch=z9hG4bK1886901dc92b4b04bc07b26f60c679f6
CSeq: 3 BYE
Expires: 10000
To: <sip:JSR289_TCK@localhost:5060>;tag=2034104107
From: <sip:alice@192.168.1.65>;tag=804487915
Call-ID: e4c11fc8b90e1dd8e680244652f69e66@192.168.1.65
Max-Forwards: 70
Content-Length: 0


SIPUNIT TRACE:  1366052910732  SipSession: not interested in blocking requests
[2013-04-15 20:08:33,743] ProxyBranchTest:1008 INFO  - === testSetOutboundInterface103() ===
[2013-04-15 20:08:33,744] TestBase:351 DEBUG - === created message:MESSAGE sip:JSR289_TCK@localhost:5060 SIP/2.0
Call-ID: a3db6e61538a6be9b2cee9e4a7c8923a@192.168.1.65
CSeq: 1 MESSAGE
From: "Alice" <sip:alice@192.168.1.65:5071>;tag=856444964
To: "JSR289_TCK" <sip:JSR289_TCK@localhost:5060>
Via: SIP/2.0/UDP 192.168.1.65:5071;branch=somebranchvalue
Max-Forwards: 5
Content-Length: 0

 ===
[2013-04-15 20:08:33,748] TestBase:979 DEBUG - ---The Sip request is:MESSAGE sip:JSR289_TCK@localhost:5060 SIP/2.0
Call-ID: a3db6e61538a6be9b2cee9e4a7c8923a@192.168.1.65
CSeq: 1 MESSAGE
From: "Alice" <sip:alice@192.168.1.65:5071>;tag=856444964
To: "JSR289_TCK" <sip:JSR289_TCK@localhost:5060>
Via: SIP/2.0/UDP 192.168.1.65:5071;branch=z9hG4bKde5d54c02658602a1d7492b6ff315fcc
Max-Forwards: 5
Route: "JSR289_TCK" <sip:JSR289_TCK@localhost:5060;lr>,<sip:localhost:5060;transport=udp;lr>
Application-Name: com.bea.sipservlet.tck.apps.apitestapp
Servlet-Name: ProxyBranch
Method-Name: testSetOutboundInterface103
Content-Length: 0

 ---
[2013-04-15 20:08:36,764] ProxyBranchTest:1008 INFO  - === testSetProxyBranchTimeout001() ===
SIPUNIT TRACE:  1366052916768  INVITE after sending out through stack..........
SIPUNIT TRACE:  1366052916769  INVITE sip:JSR289_TCK@localhost:5060 SIP/2.0
Call-ID: 377bae3d5baad99c2586df915094baa2@192.168.1.65
CSeq: 1 INVITE
From: <sip:alice@192.168.1.65>;tag=824365450
To: <sip:JSR289_TCK@localhost:5060>
Via: SIP/2.0/UDP 192.168.1.65:5071;branch=z9hG4bK0c808aa1ecd995c7ad72bf501558e196
Max-Forwards: 70
Contact: <sip:alice@192.168.1.65:5071;transport=udp;lr>
Route: <sip:localhost:5060;transport=udp;lr>
Servlet-Name: ProxyBranch
Method-Name: testSetProxyBranchTimeout001
Application-Name: com.bea.sipservlet.tck.apps.apitestapp
ua2-uri: sip:bob@192.168.1.65:5072
Content-Length: 0


SIPUNIT TRACE:  1366052916769  RouteHeader address: <sip:localhost:5060;transport=udp;lr>
SIPUNIT TRACE:  1366052916769  SS.waitRequest() - about to block, waiting
SIPUNIT TRACE:  1366052926770  SS.waitRequest() - we've come out of the block
SIPUNIT TRACE:  1366052926770  SS.waitRequest() - either we got the request, or timed out
[2013-04-15 20:08:49,781] ProxyBranchTest:1008 INFO  - === testSetProxyBranchTimeout101() ===
[2013-04-15 20:08:49,782] TestBase:351 DEBUG - === created message:MESSAGE sip:JSR289_TCK@localhost:5060 SIP/2.0
Call-ID: b564e14e85efbb0dad8ea66edcb17b6a@192.168.1.65
CSeq: 1 MESSAGE
From: "Alice" <sip:alice@192.168.1.65:5071>;tag=866834295
To: "JSR289_TCK" <sip:JSR289_TCK@localhost:5060>
Via: SIP/2.0/UDP 192.168.1.65:5071;branch=somebranchvalue
Max-Forwards: 5
Content-Length: 0

 ===
[2013-04-15 20:08:49,786] TestBase:979 DEBUG - ---The Sip request is:MESSAGE sip:JSR289_TCK@localhost:5060 SIP/2.0
Call-ID: b564e14e85efbb0dad8ea66edcb17b6a@192.168.1.65
CSeq: 1 MESSAGE
From: "Alice" <sip:alice@192.168.1.65:5071>;tag=866834295
To: "JSR289_TCK" <sip:JSR289_TCK@localhost:5060>
Via: SIP/2.0/UDP 192.168.1.65:5071;branch=z9hG4bK5aee97effb86786a680c668470193273
Max-Forwards: 5
Route: "JSR289_TCK" <sip:JSR289_TCK@localhost:5060;lr>,<sip:localhost:5060;transport=udp;lr>
Application-Name: com.bea.sipservlet.tck.apps.apitestapp
Servlet-Name: ProxyBranch
Method-Name: testSetProxyBranchTimeout101
Content-Length: 0

 ---
[2013-04-15 20:08:52,800] ProxyBranchTest:1008 INFO  - === testSetRecordRoute001() ===
SIPUNIT TRACE:  1366052932805  INVITE after sending out through stack..........
SIPUNIT TRACE:  1366052932806  INVITE sip:JSR289_TCK@localhost:5060 SIP/2.0
Call-ID: 1aabe9d463f697a2845ff7f68c09711a@192.168.1.65
CSeq: 1 INVITE
From: <sip:alice@192.168.1.65>;tag=979015494
To: <sip:JSR289_TCK@localhost:5060>
Via: SIP/2.0/UDP 192.168.1.65:5071;branch=z9hG4bKfe82eef99c161d1430619812eeb9b90e
Max-Forwards: 70
Contact: <sip:alice@192.168.1.65:5071;transport=udp;lr>
Route: <sip:localhost:5060;transport=udp;lr>
Servlet-Name: ProxyBranch
Method-Name: testSetRecordRoute001
Application-Name: com.bea.sipservlet.tck.apps.apitestapp
ua2-uri: sip:bob@192.168.1.65:5072
Content-Length: 0


SIPUNIT TRACE:  1366052932806  RouteHeader address: <sip:localhost:5060;transport=udp;lr>
SIPUNIT TRACE:  1366052932806  SS.waitRequest() - about to block, waiting
SIPUNIT TRACE:  1366052932820  SipStack: request received !
SIPUNIT TRACE:  1366052932820  SipStack: calling listener
SIPUNIT TRACE:  1366052932820  SipSession: request received !
SIPUNIT TRACE:  1366052932820       me ('To' check) = sip:bob@192.168.1.65
SIPUNIT TRACE:  1366052932820       my local contact info ('Request URI' check) = sip:bob@192.168.1.65:5072;transport=udp;lr
SIPUNIT TRACE:  1366052932820       INVITE sip:bob@192.168.1.65:5072 SIP/2.0
Servlet-Name: ProxyBranch
To: <sip:JSR289_TCK@localhost:5060>
Contact: <sip:alice@192.168.1.65:5071;lr;transport=udp>
Method-Name: testSetRecordRoute001
From: <sip:alice@192.168.1.65>;tag=979015494
Call-ID: 1aabe9d463f697a2845ff7f68c09711a@192.168.1.65
Via: SIP/2.0/UDP 192.168.1.65:5060;branch=z9hG4bK99vk0a5938762qgcba0zcclt!t48dj;maddr=192.168.1.65,SIP/2.0/UDP 192.168.1.65:5071;branch=z9hG4bKfe82eef99c161d1430619812eeb9b90e
Route: <sip:localhost:5060;lr;transport=udp>
Max-Forwards: 69
ua2-uri: sip:bob@192.168.1.65:5072
CSeq: 1 INVITE
Content-Length: 0


SIPUNIT TRACE:  1366052932820  SipSession: notifying block object
SIPUNIT TRACE:  1366052932820  SS.waitRequest() - we've come out of the block
SIPUNIT TRACE:  1366052932820  SS.waitRequest() - either we got the request, or timed out
SIPUNIT TRACE:  1366052932820  INVITE after received by stack..........
SIPUNIT TRACE:  1366052932821  INVITE sip:bob@192.168.1.65:5072 SIP/2.0
Servlet-Name: ProxyBranch
To: <sip:JSR289_TCK@localhost:5060>
Contact: <sip:alice@192.168.1.65:5071;lr;transport=udp>
Method-Name: testSetRecordRoute001
From: <sip:alice@192.168.1.65>;tag=979015494
Call-ID: 1aabe9d463f697a2845ff7f68c09711a@192.168.1.65
Via: SIP/2.0/UDP 192.168.1.65:5060;branch=z9hG4bK99vk0a5938762qgcba0zcclt!t48dj;maddr=192.168.1.65,SIP/2.0/UDP 192.168.1.65:5071;branch=z9hG4bKfe82eef99c161d1430619812eeb9b90e
Route: <sip:localhost:5060;lr;transport=udp>
Max-Forwards: 69
ua2-uri: sip:bob@192.168.1.65:5072
CSeq: 1 INVITE
Content-Length: 0


SIPUNIT TRACE:  1366052932821  RouteHeader address: <sip:localhost:5060;lr;transport=udp>
[2013-04-15 20:08:55,832] ProxyBranchTest:1008 INFO  - === testSetRecordRoute101() ===
SIPUNIT TRACE:  1366052935837  INVITE after sending out through stack..........
SIPUNIT TRACE:  1366052935837  INVITE sip:JSR289_TCK@localhost:5060 SIP/2.0
Call-ID: 8eefb4b1425a6d9f3d83e12e036fde09@192.168.1.65
CSeq: 1 INVITE
From: <sip:alice@192.168.1.65>;tag=1059027247
To: <sip:JSR289_TCK@localhost:5060>
Via: SIP/2.0/UDP 192.168.1.65:5071;branch=z9hG4bKab30cd7e204852d27ee0d0ca277eb0ba
Max-Forwards: 70
Contact: <sip:alice@192.168.1.65:5071;transport=udp;lr>
Route: <sip:localhost:5060;transport=udp;lr>
Servlet-Name: ProxyBranch
Method-Name: testSetRecordRoute101
Application-Name: com.bea.sipservlet.tck.apps.apitestapp
ua2-uri: sip:bob@192.168.1.65:5072
Content-Length: 0


SIPUNIT TRACE:  1366052935837  RouteHeader address: <sip:localhost:5060;transport=udp;lr>
SIPUNIT TRACE:  1366052935837  SS.waitRequest() - about to block, waiting
SIPUNIT TRACE:  1366052935850  SipStack: request received !
SIPUNIT TRACE:  1366052935850  SipStack: calling listener
SIPUNIT TRACE:  1366052935851  SipSession: request received !
SIPUNIT TRACE:  1366052935851       me ('To' check) = sip:bob@192.168.1.65
SIPUNIT TRACE:  1366052935851       my local contact info ('Request URI' check) = sip:bob@192.168.1.65:5072;transport=udp;lr
SIPUNIT TRACE:  1366052935851       INVITE sip:bob@192.168.1.65:5072 SIP/2.0
Servlet-Name: ProxyBranch
To: <sip:JSR289_TCK@localhost:5060>
Contact: <sip:alice@192.168.1.65:5071;lr;transport=udp>
Method-Name: testSetRecordRoute101
From: <sip:alice@192.168.1.65>;tag=1059027247
Call-ID: 8eefb4b1425a6d9f3d83e12e036fde09@192.168.1.65
Via: SIP/2.0/UDP 192.168.1.65:5060;branch=z9hG4bKx0yqs._kcca.xb-.67hp6ma2z3jd_8;maddr=192.168.1.65,SIP/2.0/UDP 192.168.1.65:5071;branch=z9hG4bKab30cd7e204852d27ee0d0ca277eb0ba
Route: <sip:localhost:5060;lr;transport=udp>
Max-Forwards: 69
ua2-uri: sip:bob@192.168.1.65:5072
CSeq: 1 INVITE
Content-Length: 0


SIPUNIT TRACE:  1366052935851  SipSession: notifying block object
SIPUNIT TRACE:  1366052935851  SS.waitRequest() - we've come out of the block
SIPUNIT TRACE:  1366052935851  SS.waitRequest() - either we got the request, or timed out
SIPUNIT TRACE:  1366052935851  INVITE after received by stack..........
SIPUNIT TRACE:  1366052935851  INVITE sip:bob@192.168.1.65:5072 SIP/2.0
Servlet-Name: ProxyBranch
To: <sip:JSR289_TCK@localhost:5060>
Contact: <sip:alice@192.168.1.65:5071;lr;transport=udp>
Method-Name: testSetRecordRoute101
From: <sip:alice@192.168.1.65>;tag=1059027247
Call-ID: 8eefb4b1425a6d9f3d83e12e036fde09@192.168.1.65
Via: SIP/2.0/UDP 192.168.1.65:5060;branch=z9hG4bKx0yqs._kcca.xb-.67hp6ma2z3jd_8;maddr=192.168.1.65,SIP/2.0/UDP 192.168.1.65:5071;branch=z9hG4bKab30cd7e204852d27ee0d0ca277eb0ba
Route: <sip:localhost:5060;lr;transport=udp>
Max-Forwards: 69
ua2-uri: sip:bob@192.168.1.65:5072
CSeq: 1 INVITE
Content-Length: 0


SIPUNIT TRACE:  1366052935851  RouteHeader address: <sip:localhost:5060;lr;transport=udp>
SIPUNIT TRACE:  1366052935852  SS.waitRequest() - about to block, waiting
SIPUNIT TRACE:  1366052945853  SS.waitRequest() - we've come out of the block
SIPUNIT TRACE:  1366052945853  SS.waitRequest() - either we got the request, or timed out
]]></system-out>
  <system-err><![CDATA[]]></system-err>
</testsuite>
