<?xml version="1.0" encoding="UTF-8" ?>
<testsuite errors="0" failures="0" name="com.bea.sipservlet.tck.agents.api.javax_servlet_sip.URITest" tests="9" time="27.84">
  <properties>
    <property name="java.vendor" value="Oracle Corporation" />
    <property name="env.SIPUNIT_LIB" value="/Users/andrew/Documents/reference/sip/sipservlet-1_1-tck/tck/../sipunit/lib" />
    <property name="env.SIGNATURE_FILE_NAME" value="/Users/andrew/Documents/reference/sip/sipservlet-1_1-tck/tck/bin/jsr289_api.sig" />
    <property name="sun.java.launcher" value="SUN_STANDARD" />
    <property name="env.TCK_LIB" value="/Users/andrew/Documents/reference/sip/sipservlet-1_1-tck/tck/../tck/lib" />
    <property name="sun.management.compiler" value="HotSpot 64-Bit Tiered Compilers" />
    <property name="spec.report" value="/Users/andrew/Documents/reference/sip/sipservlet-1_1-tck/tck/report/spec_report" />
    <property name="lib" value="/Users/andrew/Documents/reference/sip/sipservlet-1_1-tck/tck/lib" />
    <property name="env.TCK_DIRECTORY" value="/Users/andrew/Documents/reference/sip/sipservlet-1_1-tck/tck" />
    <property name="os.name" value="Mac OS X" />
    <property name="sun.boot.class.path" value="/Library/Java/JavaVirtualMachines/jdk1.7.0_10.jdk/Contents/Home/jre/lib/resources.jar:/Library/Java/JavaVirtualMachines/jdk1.7.0_10.jdk/Contents/Home/jre/lib/rt.jar:/Library/Java/JavaVirtualMachines/jdk1.7.0_10.jdk/Contents/Home/jre/lib/sunrsasign.jar:/Library/Java/JavaVirtualMachines/jdk1.7.0_10.jdk/Contents/Home/jre/lib/jsse.jar:/Library/Java/JavaVirtualMachines/jdk1.7.0_10.jdk/Contents/Home/jre/lib/jce.jar:/Library/Java/JavaVirtualMachines/jdk1.7.0_10.jdk/Contents/Home/jre/lib/charsets.jar:/Library/Java/JavaVirtualMachines/jdk1.7.0_10.jdk/Contents/Home/jre/lib/jfr.jar:/Library/Java/JavaVirtualMachines/jdk1.7.0_10.jdk/Contents/Home/jre/lib/JObjC.jar:/Library/Java/JavaVirtualMachines/jdk1.7.0_10.jdk/Contents/Home/jre/classes" />
    <property name="env.TMPDIR" value="/var/folders/qt/j9kz_nw12bqfytwz9kfyjvq00000gn/T/" />
    <property name="env.Apple_Ubiquity_Message" value="/tmp/launch-s2GBEw/Apple_Ubiquity_Message" />
    <property name="env.SIPUNIT_DIRECTORY" value="/Users/andrew/Documents/reference/sip/sipservlet-1_1-tck/sipunit" />
    <property name="env.PWD" value="/Users/andrew/Documents/reference/sip/sipservlet-1_1-tck/tck" />
    <property name="user.country.format" value="GB" />
    <property name="report" value="/Users/andrew/Documents/reference/sip/sipservlet-1_1-tck/tck/report" />
    <property name="env.LANG" value="en_GB.UTF-8" />
    <property name="signature.report" value="/Users/andrew/Documents/reference/sip/sipservlet-1_1-tck/tck/report/sig_report" />
    <property name="java.vm.specification.vendor" value="Oracle Corporation" />
    <property name="ant.home" value="/usr/share/ant" />
    <property name="java.runtime.version" value="1.7.0_10-ea-b09" />
    <property name="env.TCK_HOME" value="/Users/andrew/Documents/reference/sip/sipservlet-1_1-tck/tck/../tck" />
    <property name="env.Apple_PubSub_Socket_Render" value="/tmp/launch-w5MTVj/Render" />
    <property name="approuter.src" value="com/bea/sipservlet/tck/ar" />
    <property name="user.name" value="andrew" />
    <property name="env.USER" value="andrew" />
    <property name="env.SHELL" value="/bin/bash" />
    <property name="env.__CF_USER_TEXT_ENCODING" value="0x1F5:0:0" />
    <property name="env.XMLLINT_INDENT" value="    " />
    <property name="env.PATH" value="/Library/Java/JavaVirtualMachines/jdk1.7.0_10.jdk/Contents/Home/jre/bin:/usr/share/ant/bin:/usr/bin:/bin:/usr/sbin:/sbin:/usr/local/bin" />
    <property name="user.language" value="en" />
    <property name="build" value="/Users/andrew/Documents/reference/sip/sipservlet-1_1-tck/tck/build" />
    <property name="sun.boot.library.path" value="/Library/Java/JavaVirtualMachines/jdk1.7.0_10.jdk/Contents/Home/jre/lib" />
    <property name="ant.project.default-target" value="usage" />
    <property name="ant.project.name" value="SIP Servlet 1.1 API Technology Compatibility Kit (TCK)" />
    <property name="env.REPORT_HOME" value="/Users/andrew/Documents/reference/sip/sipservlet-1_1-tck/tck/../tck/report" />
    <property name="java.version" value="1.7.0_10-ea" />
    <property name="classes" value="/Users/andrew/Documents/reference/sip/sipservlet-1_1-tck/tck/build/classes" />
    <property name="user.timezone" value="" />
    <property name="apiapp.dir" value="/Users/andrew/Documents/reference/sip/sipservlet-1_1-tck/tck/applications/apitestapp" />
    <property name="tck.zip" value="../sipservlet-1_1-tck.zip" />
    <property name="sun.arch.data.model" value="64" />
    <property name="log4j" value="/Users/andrew/Documents/reference/sip/sipservlet-1_1-tck/tck/conf/log4j.properties" />
    <property name="http.nonProxyHosts" value="local|*.local|169.254/16|*.169.254/16" />
    <property name="java.endorsed.dirs" value="/Library/Java/JavaVirtualMachines/jdk1.7.0_10.jdk/Contents/Home/jre/lib/endorsed" />
    <property name="signaturefile" value="jsr289_api.sig" />
    <property name="sun.cpu.isalist" value="" />
    <property name="sun.jnu.encoding" value="UTF-8" />
    <property name="file.encoding.pkg" value="sun.io" />
    <property name="env.SHLVL" value="2" />
    <property name="file.separator" value="/" />
    <property name="java.specification.name" value="Java Platform API Specification" />
    <property name="java.class.version" value="51.0" />
    <property name="src" value="/Users/andrew/Documents/reference/sip/sipservlet-1_1-tck/tck/src" />
    <property name="sipunit.dir" value="../sipunit" />
    <property name="ar.build" value="/Users/andrew/Documents/reference/sip/sipservlet-1_1-tck/tck/build/ar-build" />
    <property name="user.country" value="US" />
    <property name="java.home" value="/Library/Java/JavaVirtualMachines/jdk1.7.0_10.jdk/Contents/Home/jre" />
    <property name="dist.dir" value="/Users/andrew/Documents/reference/sip/sipservlet-1_1-tck/tck/dist" />
    <property name="java.vm.info" value="mixed mode" />
    <property name="env.LOGNAME" value="andrew" />
    <property name="ant.file" value="/Users/andrew/Documents/reference/sip/sipservlet-1_1-tck/tck/build.xml" />
    <property name="os.version" value="10.8.3" />
    <property name="env.TERM_PROGRAM_VERSION" value="309" />
    <property name="path.separator" value=":" />
    <property name="java.vm.version" value="23.6-b03" />
    <property name="ant.library.dir" value="/usr/share/ant/lib" />
    <property name="env.SIPUNIT_HOME" value="/Users/andrew/Documents/reference/sip/sipservlet-1_1-tck/tck/../sipunit" />
    <property name="env.JAVA_HOME" value="/Library/Java/JavaVirtualMachines/jdk1.7.0_10.jdk/Contents/Home" />
    <property name="env.SIGCONFIG" value="/Users/andrew/Documents/reference/sip/sipservlet-1_1-tck/tck/conf/signature.properties" />
    <property name="env.TERM" value="xterm-256color" />
    <property name="java.awt.printerjob" value="sun.lwawt.macosx.CPrinterJob" />
    <property name="env.SIGTEST_LIB" value="/Users/andrew/Documents/reference/sip/sipservlet-1_1-tck/tck/../tck/lib/sigtest.jar" />
    <property name="sun.io.unicode.encoding" value="UnicodeBig" />
    <property name="ant.file.SIP Servlet 1.1 API Technology Compatibility Kit (TCK)" value="/Users/andrew/Documents/reference/sip/sipservlet-1_1-tck/tck/build.xml" />
    <property name="awt.toolkit" value="sun.lwawt.macosx.LWCToolkit" />
    <property name="socksNonProxyHosts" value="local|*.local|169.254/16|*.169.254/16" />
    <property name="ftp.nonProxyHosts" value="local|*.local|169.254/16|*.169.254/16" />
    <property name="env.APIJAR" value="/Users/andrew/Documents/reference/sip/sipservlet-1_1-tck/tck/../tck/lib/servlet-2_5-api.jar:/Users/andrew/Documents/reference/sip/sipservlet-1_1-tck/tck/../tck/lib/sipservlet-1_1-api.jar" />
    <property name="user.home" value="/Users/andrew" />
    <property name="env.CLASSPATH" value="/Library/Java/JavaVirtualMachines/jdk1.7.0_10.jdk/Contents/Home/lib/tools.jar:/Users/andrew/Documents/reference/sip/sipservlet-1_1-tck/tck/../tck/lib/tck-junit.jar:/Users/andrew/Documents/reference/sip/sipservlet-1_1-tck/tck/../sipunit/lib/junit.jar:/Users/andrew/Documents/reference/sip/sipservlet-1_1-tck/tck/../tck/lib/sigtest.jar:/Users/andrew/Documents/reference/sip/sipservlet-1_1-tck/tck/../tck/conf" />
    <property name="java.specification.vendor" value="Oracle Corporation" />
    <property name="env.TERM_PROGRAM" value="Apple_Terminal" />
    <property name="env.TCKJUNIT_LIB" value="/Users/andrew/Documents/reference/sip/sipservlet-1_1-tck/tck/../tck/lib/tck-junit.jar" />
    <property name="java.library.path" value="/Users/andrew/Library/Java/Extensions:/Library/Java/Extensions:/Network/Library/Java/Extensions:/System/Library/Java/Extensions:/usr/lib/java:." />
    <property name="java.vendor.url" value="http://java.oracle.com/" />
    <property name="gopherProxySet" value="false" />
    <property name="java.vm.vendor" value="Oracle Corporation" />
    <property name="java.runtime.name" value="Java(TM) SE Runtime Environment" />
    <property name="java.class.path" value="/Users/andrew/Documents/reference/sip/sipservlet-1_1-tck/tck/lib/ant-contrib-1.0b3.jar:/Users/andrew/Documents/reference/sip/sipservlet-1_1-tck/tck/lib/javax.annotation_1.0.jar:/Users/andrew/Documents/reference/sip/sipservlet-1_1-tck/tck/lib/servlet-2_5-api.jar:/Users/andrew/Documents/reference/sip/sipservlet-1_1-tck/tck/lib/sigtest.jar:/Users/andrew/Documents/reference/sip/sipservlet-1_1-tck/tck/lib/sipservlet-1_1-api.jar:/Users/andrew/Documents/reference/sip/sipservlet-1_1-tck/tck/lib/sipunit.jar:/Users/andrew/Documents/reference/sip/sipservlet-1_1-tck/tck/lib/tck-junit.jar:/Users/andrew/Documents/reference/sip/sipservlet-1_1-tck/sipunit/lib/JainSipApi1.2.jar:/Users/andrew/Documents/reference/sip/sipservlet-1_1-tck/sipunit/lib/JainSipRi1.2.jar:/Users/andrew/Documents/reference/sip/sipservlet-1_1-tck/sipunit/lib/concurrent.jar:/Users/andrew/Documents/reference/sip/sipservlet-1_1-tck/sipunit/lib/dom.jar:/Users/andrew/Documents/reference/sip/sipservlet-1_1-tck/sipunit/lib/jax-qname.jar:/Users/andrew/Documents/reference/sip/sipservlet-1_1-tck/sipunit/lib/jaxb-api.jar:/Users/andrew/Documents/reference/sip/sipservlet-1_1-tck/sipunit/lib/jaxb-impl.jar:/Users/andrew/Documents/reference/sip/sipservlet-1_1-tck/sipunit/lib/jaxb-libs.jar:/Users/andrew/Documents/reference/sip/sipservlet-1_1-tck/sipunit/lib/junit.jar:/Users/andrew/Documents/reference/sip/sipservlet-1_1-tck/sipunit/lib/log4j-1.2.8.jar:/Users/andrew/Documents/reference/sip/sipservlet-1_1-tck/sipunit/lib/namespace.jar:/Users/andrew/Documents/reference/sip/sipservlet-1_1-tck/sipunit/lib/nist-sdp-1.0.jar:/Users/andrew/Documents/reference/sip/sipservlet-1_1-tck/sipunit/lib/relaxngDatatype.jar:/Users/andrew/Documents/reference/sip/sipservlet-1_1-tck/sipunit/lib/tracesviewer.jar:/Users/andrew/Documents/reference/sip/sipservlet-1_1-tck/sipunit/lib/xalan.jar:/Users/andrew/Documents/reference/sip/sipservlet-1_1-tck/sipunit/lib/xercesImpl.jar:/Users/andrew/Documents/reference/sip/sipservlet-1_1-tck/sipunit/lib/xsdlib.jar:/Users/andrew/Documents/reference/sip/sipservlet-1_1-tck/tck/build/classes:/Library/Java/JavaVirtualMachines/jdk1.7.0_10.jdk/Contents/Home/lib/tools.jar:/Users/andrew/Documents/reference/sip/sipservlet-1_1-tck/tck/conf:/usr/share/java/ant-1.8.2/lib/ant-launcher.jar:/usr/share/ant/lib/ant.jar:/usr/share/ant/lib/ant-junit.jar" />
    <property name="sun.java.command" value="com.bea.wcp.ant.ext.junit.TckJUnitTestRunner com.bea.sipservlet.tck.agents.api.javax_servlet_sip.URITest filtertrace=true haltOnError=false haltOnFailure=false formatter=org.apache.tools.ant.taskdefs.optional.junit.SummaryJUnitResultFormatter showoutput=false formatter=com.bea.wcp.ant.ext.junit.TckXMLFormatter,/Users/andrew/Documents/reference/sip/sipservlet-1_1-tck/tck/report/api_report/TEST-com.bea.sipservlet.tck.agents.api.javax_servlet_sip.URITest.xml propsfile=/Users/andrew/Documents/reference/sip/sipservlet-1_1-tck/tck/junit1437660361.properties" />
    <property name="ant.version" value="Apache Ant(TM) version 1.8.2 compiled on June 20 2012" />
    <property name="env.TERM_SESSION_ID" value="7818A790-16A8-47B8-9DFE-BD2903CA9C1F" />
    <property name="env.JSR289TCK_HOME" value="/Users/andrew/Documents/reference/sip/sipservlet-1_1-tck/tck/.." />
    <property name="env.JBOSS_HOME" value="/opt/jboss-eap-6.1" />
    <property name="signature.property" value="/Users/andrew/Documents/reference/sip/sipservlet-1_1-tck/tck/conf/signature.properties" />
    <property name="jsr289.dir" value=".." />
    <property name="api.report" value="/Users/andrew/Documents/reference/sip/sipservlet-1_1-tck/tck/report/api_report" />
    <property name="java.vm.specification.name" value="Java Virtual Machine Specification" />
    <property name="ant.file.type" value="file" />
    <property name="java.vm.specification.version" value="1.7" />
    <property name="conf" value="/Users/andrew/Documents/reference/sip/sipservlet-1_1-tck/tck/conf" />
    <property name="sun.cpu.endian" value="little" />
    <property name="sun.os.patch.level" value="unknown" />
    <property name="env.HOME" value="/Users/andrew" />
    <property name="env.ANT_HOME" value="/usr/share/ant" />
    <property name="java.io.tmpdir" value="/var/folders/qt/j9kz_nw12bqfytwz9kfyjvq00000gn/T/" />
    <property name="java.vendor.url.bug" value="http://bugreport.sun.com/bugreport/" />
    <property name="env.SSH_AUTH_SOCK" value="/tmp/launch-JxY2DM/Listeners" />
    <property name="env.MAVEN_OPTS" value="-Xmx512M -XX:MaxPermSize=512M" />
    <property name="signature.report.filename" value="jsr289SignatureReport.txt" />
    <property name="env.COMMAND_MODE" value="unix2003" />
    <property name="applications.src.dir" value="/Users/andrew/Documents/reference/sip/sipservlet-1_1-tck/tck/applications/spectestapps/ar-continue,/Users/andrew/Documents/reference/sip/sipservlet-1_1-tck/tck/applications/spectestapps/ar-internalroutemodifier,/Users/andrew/Documents/reference/sip/sipservlet-1_1-tck/tck/applications/spectestapps/ar-reverse,/Users/andrew/Documents/reference/sip/sipservlet-1_1-tck/tck/applications/spectestapps/ar-suburiregion,/Users/andrew/Documents/reference/sip/sipservlet-1_1-tck/tck/applications/spectestapps/ar-success,/Users/andrew/Documents/reference/sip/sipservlet-1_1-tck/tck/applications/spectestapps/uas,/Users/andrew/Documents/reference/sip/sipservlet-1_1-tck/tck/applications/spectestapps/uac,/Users/andrew/Documents/reference/sip/sipservlet-1_1-tck/tck/applications/spectestapps/b2bua,/Users/andrew/Documents/reference/sip/sipservlet-1_1-tck/tck/applications/spectestapps/proxy" />
    <property name="os.arch" value="x86_64" />
    <property name="java.awt.graphicsenv" value="sun.awt.CGraphicsEnvironment" />
    <property name="java.ext.dirs" value="/Users/andrew/Library/Java/Extensions:/Library/Java/JavaVirtualMachines/jdk1.7.0_10.jdk/Contents/Home/jre/lib/ext:/Library/Java/Extensions:/Network/Library/Java/Extensions:/System/Library/Java/Extensions:/usr/lib/java" />
    <property name="ar.appname" value="/Users/andrew/Documents/reference/sip/sipservlet-1_1-tck/tck/dist/tck-approuter.jar" />
    <property name="env.JAVA_MAIN_CLASS_46883" value="org.apache.tools.ant.launch.Launcher" />
    <property name="user.dir" value="/Users/andrew/Documents/reference/sip/sipservlet-1_1-tck/tck" />
    <property name="applications.dir" value="/Users/andrew/Documents/reference/sip/sipservlet-1_1-tck/tck/applications" />
    <property name="line.separator" value="&#xa;" />
    <property name="java.vm.name" value="Java HotSpot(TM) 64-Bit Server VM" />
    <property name="ant.file.type.SIP Servlet 1.1 API Technology Compatibility Kit (TCK)" value="file" />
    <property name="env.RJAR_HOME" value="/Users/andrew/Dev/rjar/" />
    <property name="basedir" value="/Users/andrew/Documents/reference/sip/sipservlet-1_1-tck/tck" />
    <property name="ant.java.version" value="1.7" />
    <property name="ant.core.lib" value="/usr/share/ant/lib/ant.jar" />
    <property name="env.SIGNATURE_REPORT_NAME" value="jsr289SignatureReport.txt" />
    <property name="file.encoding" value="UTF-8" />
    <property name="env.SIGREPORT_HOME" value="/Users/andrew/Documents/reference/sip/sipservlet-1_1-tck/tck/../tck/report/sig_report" />
    <property name="env.JUNIT_LIB" value="/Users/andrew/Documents/reference/sip/sipservlet-1_1-tck/tck/../sipunit/lib/junit.jar" />
    <property name="java.specification.version" value="1.7" />
    <property name="env.REFERENCE_JAR" value="/Users/andrew/Documents/reference/sip/sipservlet-1_1-tck/tck/lib/sigtest.jar" />
    <property name="ant.project.invoked-targets" value="run-api-tests" />
    <property name="tck.earname" value="/Users/andrew/Documents/reference/sip/sipservlet-1_1-tck/tck/dist/tck-apps.ear" />
  </properties>
  <testcase assertions="[SipServlet:JAVADOC:URI2] - User agents can compare the given URI with this URI." classname="com.bea.sipservlet.tck.agents.api.javax_servlet_sip.URITest" name="testEquals001" time="3.484" />
  <testcase assertions="[SipServlet:JAVADOC:URI5] - User agents can get the scheme of this URI, for example &quot;sip&quot;, &quot;sips&quot; or &quot;tel&quot;." classname="com.bea.sipservlet.tck.agents.api.javax_servlet_sip.URITest" name="testGetScheme001" time="3.02" />
  <testcase assertions="[SipServlet:JAVADOC:URI1] - User agents can get a clone of this URI." classname="com.bea.sipservlet.tck.agents.api.javax_servlet_sip.URITest" name="testClone001" time="3.024" />
  <testcase assertions="[SipServlet:JAVADOC:URI6] - User agents can determine if this URI is a SipURI." classname="com.bea.sipservlet.tck.agents.api.javax_servlet_sip.URITest" name="testIsSipURI001" time="3.022" />
  <testcase assertions="[SipServlet:JAVADOC:URI3][SipServlet:JAVADOC:URI7][SipServlet:JAVADOC:URI8] - User agents can get, set and remove a parameter of this URI." classname="com.bea.sipservlet.tck.agents.api.javax_servlet_sip.URITest" name="testGetSetRemoveParameter001" time="3.023" />
  <testcase assertions="[SipServlet:JAVADOC:URI4] - User agents can get an Iterator over the names of all parameterspresent in this URI." classname="com.bea.sipservlet.tck.agents.api.javax_servlet_sip.URITest" name="testGetParameterNames001" time="3.024" />
  <testcase assertions="[SipServlet:JAVADOC:URI9] - User agents can get the String representation of this URI." classname="com.bea.sipservlet.tck.agents.api.javax_servlet_sip.URITest" name="testToString001" time="3.023" />
  <testcase assertions="[SipServlet:JAVADOC:URI3] - NullPointerException should be thrown if the key is null." classname="com.bea.sipservlet.tck.agents.api.javax_servlet_sip.URITest" name="testGetParameter101" time="3.023" />
  <testcase assertions="[SipServlet:JAVADOC:URI7] - NullPointerException should be thrown on eithet name or value being null." classname="com.bea.sipservlet.tck.agents.api.javax_servlet_sip.URITest" name="testSetParameter101" time="3.025" />
  <system-out><![CDATA[[2013-04-04 21:18:36,333] URITest:1008 INFO  - === testEquals001() ===
[2013-04-04 21:18:36,471] TestBase:351 DEBUG - === created message:MESSAGE sip:JSR289_TCK@localhost:5060 SIP/2.0
Call-ID: 76f5eff300012c336e9f87048942ca64@192.168.1.65
CSeq: 1 MESSAGE
From: "Alice" <sip:alice@192.168.1.65:5071>;tag=296979581
To: "JSR289_TCK" <sip:JSR289_TCK@localhost:5060>
Via: SIP/2.0/UDP 192.168.1.65:5071;branch=somebranchvalue
Max-Forwards: 5
Content-Length: 0

 ===
[2013-04-04 21:18:36,530] TestBase:979 DEBUG - ---The Sip request is:MESSAGE sip:JSR289_TCK@localhost:5060 SIP/2.0
Call-ID: 76f5eff300012c336e9f87048942ca64@192.168.1.65
CSeq: 1 MESSAGE
From: "Alice" <sip:alice@192.168.1.65:5071>;tag=296979581
To: "JSR289_TCK" <sip:JSR289_TCK@localhost:5060>
Via: SIP/2.0/UDP 192.168.1.65:5071;branch=z9hG4bK14043ef7a380642d39d91ec3c1698e42
Max-Forwards: 5
Route: "JSR289_TCK" <sip:JSR289_TCK@localhost:5060;lr>,<sip:localhost:5060;transport=udp;lr>
Application-Name: com.bea.sipservlet.tck.apps.apitestapp
Servlet-Name: URI
Method-Name: testEquals001
Content-Length: 0

 ---
[2013-04-04 21:18:39,571] URITest:1008 INFO  - === testGetScheme001() ===
[2013-04-04 21:18:39,572] TestBase:351 DEBUG - === created message:MESSAGE sip:JSR289_TCK@localhost:5060 SIP/2.0
Call-ID: c61fcd2287e7cb49656c164567ddba02@192.168.1.65
CSeq: 1 MESSAGE
From: "Alice" <sip:alice@192.168.1.65:5071>;tag=1732664915
To: "JSR289_TCK" <sip:JSR289_TCK@localhost:5060>
Via: SIP/2.0/UDP 192.168.1.65:5071;branch=somebranchvalue
Max-Forwards: 5
Content-Length: 0

 ===
[2013-04-04 21:18:39,578] TestBase:979 DEBUG - ---The Sip request is:MESSAGE sip:JSR289_TCK@localhost:5060 SIP/2.0
Call-ID: c61fcd2287e7cb49656c164567ddba02@192.168.1.65
CSeq: 1 MESSAGE
From: "Alice" <sip:alice@192.168.1.65:5071>;tag=1732664915
To: "JSR289_TCK" <sip:JSR289_TCK@localhost:5060>
Via: SIP/2.0/UDP 192.168.1.65:5071;branch=z9hG4bK2801c005b94e305310d2c9e2cdad176a
Max-Forwards: 5
Route: "JSR289_TCK" <sip:JSR289_TCK@localhost:5060;lr>,<sip:localhost:5060;transport=udp;lr>
Application-Name: com.bea.sipservlet.tck.apps.apitestapp
Servlet-Name: URI
Method-Name: testGetScheme001
Content-Length: 0

 ---
[2013-04-04 21:18:42,594] URITest:1008 INFO  - === testClone001() ===
[2013-04-04 21:18:42,595] TestBase:351 DEBUG - === created message:MESSAGE sip:JSR289_TCK@localhost:5060 SIP/2.0
Call-ID: de3e1b76fc9c4f1428408a0f87a1c1f4@192.168.1.65
CSeq: 1 MESSAGE
From: "Alice" <sip:alice@192.168.1.65:5071>;tag=651740343
To: "JSR289_TCK" <sip:JSR289_TCK@localhost:5060>
Via: SIP/2.0/UDP 192.168.1.65:5071;branch=somebranchvalue
Max-Forwards: 5
Content-Length: 0

 ===
[2013-04-04 21:18:42,601] TestBase:979 DEBUG - ---The Sip request is:MESSAGE sip:JSR289_TCK@localhost:5060 SIP/2.0
Call-ID: de3e1b76fc9c4f1428408a0f87a1c1f4@192.168.1.65
CSeq: 1 MESSAGE
From: "Alice" <sip:alice@192.168.1.65:5071>;tag=651740343
To: "JSR289_TCK" <sip:JSR289_TCK@localhost:5060>
Via: SIP/2.0/UDP 192.168.1.65:5071;branch=z9hG4bK98c3642d5e097b95c93530b27a28fb93
Max-Forwards: 5
Route: "JSR289_TCK" <sip:JSR289_TCK@localhost:5060;lr>,<sip:localhost:5060;transport=udp;lr>
Application-Name: com.bea.sipservlet.tck.apps.apitestapp
Servlet-Name: URI
Method-Name: testClone001
Content-Length: 0

 ---
[2013-04-04 21:18:45,617] URITest:1008 INFO  - === testIsSipURI001() ===
[2013-04-04 21:18:45,618] TestBase:351 DEBUG - === created message:MESSAGE sip:JSR289_TCK@localhost:5060 SIP/2.0
Call-ID: 0e9e5494f4000ba00d08dcf831c9e3b9@192.168.1.65
CSeq: 1 MESSAGE
From: "Alice" <sip:alice@192.168.1.65:5071>;tag=965975555
To: "JSR289_TCK" <sip:JSR289_TCK@localhost:5060>
Via: SIP/2.0/UDP 192.168.1.65:5071;branch=somebranchvalue
Max-Forwards: 5
Content-Length: 0

 ===
[2013-04-04 21:18:45,622] TestBase:979 DEBUG - ---The Sip request is:MESSAGE sip:JSR289_TCK@localhost:5060 SIP/2.0
Call-ID: 0e9e5494f4000ba00d08dcf831c9e3b9@192.168.1.65
CSeq: 1 MESSAGE
From: "Alice" <sip:alice@192.168.1.65:5071>;tag=965975555
To: "JSR289_TCK" <sip:JSR289_TCK@localhost:5060>
Via: SIP/2.0/UDP 192.168.1.65:5071;branch=z9hG4bKb68d96d1bf4133c18ee73ca4dfdb84ba
Max-Forwards: 5
Route: "JSR289_TCK" <sip:JSR289_TCK@localhost:5060;lr>,<sip:localhost:5060;transport=udp;lr>
Application-Name: com.bea.sipservlet.tck.apps.apitestapp
Servlet-Name: URI
Method-Name: testIsSipURI001
Content-Length: 0

 ---
[2013-04-04 21:18:48,639] URITest:1008 INFO  - === testGetSetRemoveParameter001() ===
[2013-04-04 21:18:48,640] TestBase:351 DEBUG - === created message:MESSAGE sip:JSR289_TCK@localhost:5060 SIP/2.0
Call-ID: f8bd02700d3e4c99bb0c887b7ac8dd4b@192.168.1.65
CSeq: 1 MESSAGE
From: "Alice" <sip:alice@192.168.1.65:5071>;tag=1800401234
To: "JSR289_TCK" <sip:JSR289_TCK@localhost:5060>
Via: SIP/2.0/UDP 192.168.1.65:5071;branch=somebranchvalue
Max-Forwards: 5
Content-Length: 0

 ===
[2013-04-04 21:18:48,645] TestBase:979 DEBUG - ---The Sip request is:MESSAGE sip:JSR289_TCK@localhost:5060 SIP/2.0
Call-ID: f8bd02700d3e4c99bb0c887b7ac8dd4b@192.168.1.65
CSeq: 1 MESSAGE
From: "Alice" <sip:alice@192.168.1.65:5071>;tag=1800401234
To: "JSR289_TCK" <sip:JSR289_TCK@localhost:5060>
Via: SIP/2.0/UDP 192.168.1.65:5071;branch=z9hG4bK14ff82beab5d0e4d86b5f7363c53778e
Max-Forwards: 5
Route: "JSR289_TCK" <sip:JSR289_TCK@localhost:5060;lr>,<sip:localhost:5060;transport=udp;lr>
Application-Name: com.bea.sipservlet.tck.apps.apitestapp
Servlet-Name: URI
Method-Name: testGetSetRemoveParameter001
Content-Length: 0

 ---
[2013-04-04 21:18:51,663] URITest:1008 INFO  - === testGetParameterNames001() ===
[2013-04-04 21:18:51,664] TestBase:351 DEBUG - === created message:MESSAGE sip:JSR289_TCK@localhost:5060 SIP/2.0
Call-ID: af8a0e312a486ce4f75ab6901806e04f@192.168.1.65
CSeq: 1 MESSAGE
From: "Alice" <sip:alice@192.168.1.65:5071>;tag=1918288534
To: "JSR289_TCK" <sip:JSR289_TCK@localhost:5060>
Via: SIP/2.0/UDP 192.168.1.65:5071;branch=somebranchvalue
Max-Forwards: 5
Content-Length: 0

 ===
[2013-04-04 21:18:51,669] TestBase:979 DEBUG - ---The Sip request is:MESSAGE sip:JSR289_TCK@localhost:5060 SIP/2.0
Call-ID: af8a0e312a486ce4f75ab6901806e04f@192.168.1.65
CSeq: 1 MESSAGE
From: "Alice" <sip:alice@192.168.1.65:5071>;tag=1918288534
To: "JSR289_TCK" <sip:JSR289_TCK@localhost:5060>
Via: SIP/2.0/UDP 192.168.1.65:5071;branch=z9hG4bK14e6f41e53022b7a94a9a325a9b228fc
Max-Forwards: 5
Route: "JSR289_TCK" <sip:JSR289_TCK@localhost:5060;lr>,<sip:localhost:5060;transport=udp;lr>
Application-Name: com.bea.sipservlet.tck.apps.apitestapp
Servlet-Name: URI
Method-Name: testGetParameterNames001
Content-Length: 0

 ---
[2013-04-04 21:18:54,687] URITest:1008 INFO  - === testToString001() ===
[2013-04-04 21:18:54,688] TestBase:351 DEBUG - === created message:MESSAGE sip:JSR289_TCK@localhost:5060 SIP/2.0
Call-ID: 77a6666d8ffda84678a3fdebbfa5672d@192.168.1.65
CSeq: 1 MESSAGE
From: "Alice" <sip:alice@192.168.1.65:5071>;tag=1404504510
To: "JSR289_TCK" <sip:JSR289_TCK@localhost:5060>
Via: SIP/2.0/UDP 192.168.1.65:5071;branch=somebranchvalue
Max-Forwards: 5
Content-Length: 0

 ===
[2013-04-04 21:18:54,692] TestBase:979 DEBUG - ---The Sip request is:MESSAGE sip:JSR289_TCK@localhost:5060 SIP/2.0
Call-ID: 77a6666d8ffda84678a3fdebbfa5672d@192.168.1.65
CSeq: 1 MESSAGE
From: "Alice" <sip:alice@192.168.1.65:5071>;tag=1404504510
To: "JSR289_TCK" <sip:JSR289_TCK@localhost:5060>
Via: SIP/2.0/UDP 192.168.1.65:5071;branch=z9hG4bKd2531063c44799696c323e0ef7689232
Max-Forwards: 5
Route: "JSR289_TCK" <sip:JSR289_TCK@localhost:5060;lr>,<sip:localhost:5060;transport=udp;lr>
Application-Name: com.bea.sipservlet.tck.apps.apitestapp
Servlet-Name: URI
Method-Name: testToString001
Content-Length: 0

 ---
[2013-04-04 21:18:57,709] URITest:1008 INFO  - === testGetParameter101() ===
[2013-04-04 21:18:57,710] TestBase:351 DEBUG - === created message:MESSAGE sip:JSR289_TCK@localhost:5060 SIP/2.0
Call-ID: 777d2912338e24144db8ee4c4927b491@192.168.1.65
CSeq: 1 MESSAGE
From: "Alice" <sip:alice@192.168.1.65:5071>;tag=931968511
To: "JSR289_TCK" <sip:JSR289_TCK@localhost:5060>
Via: SIP/2.0/UDP 192.168.1.65:5071;branch=somebranchvalue
Max-Forwards: 5
Content-Length: 0

 ===
[2013-04-04 21:18:57,715] TestBase:979 DEBUG - ---The Sip request is:MESSAGE sip:JSR289_TCK@localhost:5060 SIP/2.0
Call-ID: 777d2912338e24144db8ee4c4927b491@192.168.1.65
CSeq: 1 MESSAGE
From: "Alice" <sip:alice@192.168.1.65:5071>;tag=931968511
To: "JSR289_TCK" <sip:JSR289_TCK@localhost:5060>
Via: SIP/2.0/UDP 192.168.1.65:5071;branch=z9hG4bK0e82dcbde04a538fc8848e7e9c6837ad
Max-Forwards: 5
Route: "JSR289_TCK" <sip:JSR289_TCK@localhost:5060;lr>,<sip:localhost:5060;transport=udp;lr>
Application-Name: com.bea.sipservlet.tck.apps.apitestapp
Servlet-Name: URI
Method-Name: testGetParameter101
Content-Length: 0

 ---
[2013-04-04 21:19:00,732] URITest:1008 INFO  - === testSetParameter101() ===
[2013-04-04 21:19:00,733] TestBase:351 DEBUG - === created message:MESSAGE sip:JSR289_TCK@localhost:5060 SIP/2.0
Call-ID: 258e6b45f96a2a4b2c06b7c08faeb986@192.168.1.65
CSeq: 1 MESSAGE
From: "Alice" <sip:alice@192.168.1.65:5071>;tag=1458843192
To: "JSR289_TCK" <sip:JSR289_TCK@localhost:5060>
Via: SIP/2.0/UDP 192.168.1.65:5071;branch=somebranchvalue
Max-Forwards: 5
Content-Length: 0

 ===
[2013-04-04 21:19:00,739] TestBase:979 DEBUG - ---The Sip request is:MESSAGE sip:JSR289_TCK@localhost:5060 SIP/2.0
Call-ID: 258e6b45f96a2a4b2c06b7c08faeb986@192.168.1.65
CSeq: 1 MESSAGE
From: "Alice" <sip:alice@192.168.1.65:5071>;tag=1458843192
To: "JSR289_TCK" <sip:JSR289_TCK@localhost:5060>
Via: SIP/2.0/UDP 192.168.1.65:5071;branch=z9hG4bK038976f7546cdc316c26c50489ff9e6f
Max-Forwards: 5
Route: "JSR289_TCK" <sip:JSR289_TCK@localhost:5060;lr>,<sip:localhost:5060;transport=udp;lr>
Application-Name: com.bea.sipservlet.tck.apps.apitestapp
Servlet-Name: URI
Method-Name: testSetParameter101
Content-Length: 0

 ---
]]></system-out>
  <system-err><![CDATA[]]></system-err>
</testsuite>
